SF:/home/openclaw/dev/yinglichina8848/sqlrustgo/crates/planner/src/converter.rs
FN:79,_RNCNvMs0_NtCsk6zXnftdXdR_17sqlrustgo_planner9converterNtB7_18StatementConverter14convert_select0B9_
FN:123,_RNCNvMs0_NtCsk6zXnftdXdR_17sqlrustgo_planner9converterNtB7_18StatementConverter18convert_expression0B9_
FN:178,_RNCNvMs0_NtCsk6zXnftdXdR_17sqlrustgo_planner9converterNtB7_18StatementConverter18convert_expressions_0B9_
FN:44,_RNvMs0_NtCsk6zXnftdXdR_17sqlrustgo_planner9converterNtB5_18StatementConverter14convert_select
FN:194,_RNvMs0_NtCsk6zXnftdXdR_17sqlrustgo_planner9converterNtB5_18StatementConverter16convert_operator
FN:92,_RNvMs0_NtCsk6zXnftdXdR_17sqlrustgo_planner9converterNtB5_18StatementConverter18convert_expression
FN:216,_RNvMs0_NtCsk6zXnftdXdR_17sqlrustgo_planner9converterNtB5_18StatementConverter26convert_aggregate_function
FN:28,_RNvMs0_NtCsk6zXnftdXdR_17sqlrustgo_planner9converterNtB5_18StatementConverter3new
FN:33,_RNvMs0_NtCsk6zXnftdXdR_17sqlrustgo_planner9converterNtB5_18StatementConverter7convert
FN:246,_RNvNtNtCsk6zXnftdXdR_17sqlrustgo_planner9converter5testss_26test_convert_simple_select
FN:288,_RNvNtNtCsk6zXnftdXdR_17sqlrustgo_planner9converter5testss_28test_convert_exists_subquery
FN:297,_RNvNtNtCsk6zXnftdXdR_17sqlrustgo_planner9converter5testss_29test_convert_any_all_subquery
FN:255,_RNvNtNtCsk6zXnftdXdR_17sqlrustgo_planner9converter5testss_30test_convert_select_with_where
FN:264,_RNvNtNtCsk6zXnftdXdR_17sqlrustgo_planner9converter5testss_31test_convert_expression_literal
FN:276,_RNvNtNtCsk6zXnftdXdR_17sqlrustgo_planner9converter5testss_34test_convert_expression_identifier
FN:15,_RNvXNtCsk6zXnftdXdR_17sqlrustgo_planner9converterNtB2_15ConversionErrorNtNtCs8nPosuWgJFh_4core3fmt7Display3fmt
FN:235,_RNvXs1_NtCsk6zXnftdXdR_17sqlrustgo_planner9converterNtB5_18StatementConverterNtNtCs8nPosuWgJFh_4core7default7Default7default
FNDA:6,_RNCNvMs0_NtCsk6zXnftdXdR_17sqlrustgo_planner9converterNtB7_18StatementConverter14convert_select0B9_
FNDA:0,_RNCNvMs0_NtCsk6zXnftdXdR_17sqlrustgo_planner9converterNtB7_18StatementConverter18convert_expression0B9_
FNDA:0,_RNCNvMs0_NtCsk6zXnftdXdR_17sqlrustgo_planner9converterNtB7_18StatementConverter18convert_expressions_0B9_
FNDA:6,_RNvMs0_NtCsk6zXnftdXdR_17sqlrustgo_planner9converterNtB5_18StatementConverter14convert_select
FNDA:3,_RNvMs0_NtCsk6zXnftdXdR_17sqlrustgo_planner9converterNtB5_18StatementConverter16convert_operator
FNDA:11,_RNvMs0_NtCsk6zXnftdXdR_17sqlrustgo_planner9converterNtB5_18StatementConverter18convert_expression
FNDA:0,_RNvMs0_NtCsk6zXnftdXdR_17sqlrustgo_planner9converterNtB5_18StatementConverter26convert_aggregate_function
FNDA:6,_RNvMs0_NtCsk6zXnftdXdR_17sqlrustgo_planner9converterNtB5_18StatementConverter3new
FNDA:6,_RNvMs0_NtCsk6zXnftdXdR_17sqlrustgo_planner9converterNtB5_18StatementConverter7convert
FNDA:1,_RNvNtNtCsk6zXnftdXdR_17sqlrustgo_planner9converter5testss_26test_convert_simple_select
FNDA:1,_RNvNtNtCsk6zXnftdXdR_17sqlrustgo_planner9converter5testss_28test_convert_exists_subquery
FNDA:1,_RNvNtNtCsk6zXnftdXdR_17sqlrustgo_planner9converter5testss_29test_convert_any_all_subquery
FNDA:1,_RNvNtNtCsk6zXnftdXdR_17sqlrustgo_planner9converter5testss_30test_convert_select_with_where
FNDA:1,_RNvNtNtCsk6zXnftdXdR_17sqlrustgo_planner9converter5testss_31test_convert_expression_literal
FNDA:1,_RNvNtNtCsk6zXnftdXdR_17sqlrustgo_planner9converter5testss_34test_convert_expression_identifier
FNDA:0,_RNvXNtCsk6zXnftdXdR_17sqlrustgo_planner9converterNtB2_15ConversionErrorNtNtCs8nPosuWgJFh_4core3fmt7Display3fmt
FNDA:0,_RNvXs1_NtCsk6zXnftdXdR_17sqlrustgo_planner9converterNtB5_18StatementConverterNtNtCs8nPosuWgJFh_4core7default7Default7default
FNF:17
FNH:12
DA:15,0
DA:16,0
DA:17,0
DA:28,6
DA:29,6
DA:30,6
DA:33,6
DA:34,6
DA:35,6
DA:36,0
DA:37,0
DA:38,0
DA:39,0
DA:41,6
DA:44,6
DA:46,6
DA:47,0
DA:49,6
DA:53,6
DA:54,6
DA:55,6
DA:59,6
DA:60,6
DA:61,6
DA:62,6
DA:63,6
DA:66,6
DA:67,4
DA:68,4
DA:69,4
DA:70,4
DA:71,4
DA:72,2
DA:75,6
DA:76,6
DA:77,6
DA:78,6
DA:79,6
DA:80,6
DA:81,6
DA:82,6
DA:83,6
DA:84,6
DA:86,0
DA:88,6
DA:89,6
DA:92,11
DA:93,11
DA:94,2
DA:96,2
DA:97,2
DA:98,0
DA:99,0
DA:100,0
DA:101,0
DA:102,0
DA:103,0
DA:105,0
DA:108,6
DA:109,0
DA:110,0
DA:111,0
DA:112,0
DA:113,2
DA:114,2
DA:115,2
DA:116,2
DA:117,2
DA:119,0
DA:120,0
DA:121,0
DA:122,0
DA:123,0
DA:125,0
DA:126,0
DA:129,0
DA:130,0
DA:131,0
DA:132,0
DA:133,0
DA:134,0
DA:135,0
DA:137,0
DA:138,0
DA:139,0
DA:142,1
DA:143,1
DA:144,1
DA:145,1
DA:147,1
DA:148,1
DA:149,1
DA:151,1
DA:152,1
DA:153,1
DA:154,1
DA:155,0
DA:157,1
DA:161,0
DA:162,0
DA:163,0
DA:165,0
DA:166,0
DA:167,0
DA:168,0
DA:169,0
DA:170,0
DA:171,0
DA:172,0
DA:173,0
DA:175,0
DA:176,0
DA:177,0
DA:178,0
DA:179,0
DA:181,0
DA:182,0
DA:186,0
DA:187,0
DA:188,0
DA:189,0
DA:191,11
DA:194,3
DA:195,3
DA:196,3
DA:197,2
DA:198,2
DA:199,0
DA:200,0
DA:201,0
DA:202,0
DA:203,0
DA:204,0
DA:205,0
DA:206,0
DA:207,0
DA:208,0
DA:209,0
DA:210,0
DA:211,0
DA:213,3
DA:216,0
DA:217,0
DA:218,0
DA:219,0
DA:220,0
DA:221,0
DA:222,0
DA:223,0
DA:224,0
DA:225,0
DA:226,0
DA:227,0
DA:228,0
DA:229,0
DA:231,0
DA:235,0
DA:236,0
DA:237,0
DA:246,1
DA:247,1
DA:248,1
DA:249,1
DA:250,1
DA:251,1
DA:252,1
DA:255,1
DA:256,1
DA:257,1
DA:258,1
DA:259,1
DA:260,1
DA:261,1
DA:264,1
DA:265,1
DA:266,1
DA:267,1
DA:268,1
DA:269,1
DA:270,1
DA:271,0
DA:273,1
DA:276,1
DA:277,1
DA:278,1
DA:279,1
DA:280,1
DA:281,1
DA:282,1
DA:283,0
DA:285,1
DA:288,1
DA:289,1
DA:290,1
DA:291,1
DA:292,1
DA:293,1
DA:294,1
DA:297,1
DA:298,1
DA:299,1
DA:300,1
DA:301,1
DA:302,1
DA:304,1
DA:305,1
DA:306,1
DA:307,1
DA:308,1
BRF:0
BRH:0
LF:212
LH:116
end_of_record
SF:/home/openclaw/dev/yinglichina8848/sqlrustgo/crates/planner/src/lib.rs
FN:478,_RNvCsk6zXnftdXdR_17sqlrustgo_planner17evaluate_unary_op
FN:447,_RNvCsk6zXnftdXdR_17sqlrustgo_planner18evaluate_binary_op
FN:165,_RNvMCsk6zXnftdXdR_17sqlrustgo_plannerNtB2_6Column13new_qualified
FN:158,_RNvMCsk6zXnftdXdR_17sqlrustgo_plannerNtB2_6Column3new
FN:285,_RNvMs0_Csk6zXnftdXdR_17sqlrustgo_plannerNtB5_4Expr11binary_expr
FN:277,_RNvMs0_Csk6zXnftdXdR_17sqlrustgo_plannerNtB5_4Expr6column
FN:281,_RNvMs0_Csk6zXnftdXdR_17sqlrustgo_plannerNtB5_4Expr7literal
FN:363,_RNvMs0_Csk6zXnftdXdR_17sqlrustgo_plannerNtB5_4Expr7matches
FN:293,_RNvMs0_Csk6zXnftdXdR_17sqlrustgo_plannerNtB5_4Expr8evaluate
FN:711,_RNvMs7_Csk6zXnftdXdR_17sqlrustgo_plannerNtB5_6Schema11field_index
FN:699,_RNvMs7_Csk6zXnftdXdR_17sqlrustgo_plannerNtB5_6Schema3new
FN:703,_RNvMs7_Csk6zXnftdXdR_17sqlrustgo_plannerNtB5_6Schema5empty
FN:707,_RNvMs7_Csk6zXnftdXdR_17sqlrustgo_plannerNtB5_6Schema5field
FN:732,_RNvMs8_Csk6zXnftdXdR_17sqlrustgo_plannerNtB5_5Field12new_not_null
FN:724,_RNvMs8_Csk6zXnftdXdR_17sqlrustgo_plannerNtB5_5Field3new
FN:767,_RNvMs9_Csk6zXnftdXdR_17sqlrustgo_plannerNtB5_8DataType13estimate_size
FN:754,_RNvMs9_Csk6zXnftdXdR_17sqlrustgo_plannerNtB5_8DataType13from_sql_type
FN:490,_RNvXs1_Csk6zXnftdXdR_17sqlrustgo_plannerNtB5_4ExprNtNtCs8nPosuWgJFh_4core3fmt7Display3fmt
FN:601,_RNvXs2_Csk6zXnftdXdR_17sqlrustgo_plannerNtB5_8OperatorNtNtCs8nPosuWgJFh_4core3fmt7Display3fmt
FN:624,_RNvXs3_Csk6zXnftdXdR_17sqlrustgo_plannerNtB5_8SortExprNtNtCs8nPosuWgJFh_4core3fmt7Display3fmt
FN:630,_RNvXs4_Csk6zXnftdXdR_17sqlrustgo_plannerNtB5_11WindowFrameNtNtCs8nPosuWgJFh_4core3fmt7Display3fmt
FN:670,_RNvXs5_Csk6zXnftdXdR_17sqlrustgo_plannerNtB5_10FrameBoundNtNtCs8nPosuWgJFh_4core3fmt7Display3fmt
FN:682,_RNvXs6_Csk6zXnftdXdR_17sqlrustgo_plannerNtB5_11ExcludeModeNtNtCs8nPosuWgJFh_4core3fmt7Display3fmt
FN:174,_RNvXs_Csk6zXnftdXdR_17sqlrustgo_plannerNtB4_6ColumnNtNtCs8nPosuWgJFh_4core3fmt7Display3fmt
FN:782,_RNvXsa_Csk6zXnftdXdR_17sqlrustgo_plannerNtB5_8DataTypeNtNtCs8nPosuWgJFh_4core3fmt7Display3fmt
FN:905,_RNvNtCsk6zXnftdXdR_17sqlrustgo_planner5testss_14test_field_new
FN:961,_RNvNtCsk6zXnftdXdR_17sqlrustgo_planner5testss_14test_sort_expr
FN:802,_RNvNtCsk6zXnftdXdR_17sqlrustgo_planner5testss_15test_column_new
FN:872,_RNvNtCsk6zXnftdXdR_17sqlrustgo_planner5testss_15test_schema_new
FN:825,_RNvNtCsk6zXnftdXdR_17sqlrustgo_planner5testss_16test_expr_column
FN:847,_RNvNtCsk6zXnftdXdR_17sqlrustgo_planner5testss_17test_expr_display
FN:831,_RNvNtCsk6zXnftdXdR_17sqlrustgo_planner5testss_17test_expr_literal
FN:1132,_RNvNtCsk6zXnftdXdR_17sqlrustgo_planner5testss_17test_expr_matches
FN:878,_RNvNtCsk6zXnftdXdR_17sqlrustgo_planner5testss_17test_schema_empty
FN:884,_RNvNtCsk6zXnftdXdR_17sqlrustgo_planner5testss_17test_schema_field
FN:816,_RNvNtCsk6zXnftdXdR_17sqlrustgo_planner5testss_19test_column_display
FN:1170,_RNvNtCsk6zXnftdXdR_17sqlrustgo_planner5testss_19test_schema_default
FN:933,_RNvNtCsk6zXnftdXdR_17sqlrustgo_planner5testss_21test_datatype_display
FN:837,_RNvNtCsk6zXnftdXdR_17sqlrustgo_planner5testss_21test_expr_binary_expr
FN:853,_RNvNtCsk6zXnftdXdR_17sqlrustgo_planner5testss_21test_operator_display
FN:1747,_RNvNtCsk6zXnftdXdR_17sqlrustgo_planner5testss_22test_frame_bound_clone
FN:1754,_RNvNtCsk6zXnftdXdR_17sqlrustgo_planner5testss_23test_exclude_mode_clone
FN:998,_RNvNtCsk6zXnftdXdR_17sqlrustgo_planner5testss_23test_expr_display_alias
FN:972,_RNvNtCsk6zXnftdXdR_17sqlrustgo_planner5testss_23test_expr_display_unary
FN:913,_RNvNtCsk6zXnftdXdR_17sqlrustgo_planner5testss_23test_field_new_not_null
FN:943,_RNvNtCsk6zXnftdXdR_17sqlrustgo_planner5testss_23test_join_type_variants
FN:894,_RNvNtCsk6zXnftdXdR_17sqlrustgo_planner5testss_23test_schema_field_index
FN:1736,_RNvNtCsk6zXnftdXdR_17sqlrustgo_planner5testss_23test_window_frame_clone
FN:1514,_RNvNtCsk6zXnftdXdR_17sqlrustgo_planner5testss_24test_expr_display_exists
FN:1120,_RNvNtCsk6zXnftdXdR_17sqlrustgo_planner5testss_24test_expr_evaluate_alias
FN:1712,_RNvNtCsk6zXnftdXdR_17sqlrustgo_planner5testss_24test_frame_bound_display
FN:809,_RNvNtCsk6zXnftdXdR_17sqlrustgo_planner5testss_25test_column_new_qualified
FN:1727,_RNvNtCsk6zXnftdXdR_17sqlrustgo_planner5testss_25test_exclude_mode_display
FN:1526,_RNvNtCsk6zXnftdXdR_17sqlrustgo_planner5testss_25test_expr_display_any_all
FN:1027,_RNvNtCsk6zXnftdXdR_17sqlrustgo_planner5testss_25test_expr_evaluate_column
FN:1642,_RNvNtCsk6zXnftdXdR_17sqlrustgo_planner5testss_25test_frame_bound_variants
FN:1018,_RNvNtCsk6zXnftdXdR_17sqlrustgo_planner5testss_25test_operator_display_all
FN:1220,_RNvNtCsk6zXnftdXdR_17sqlrustgo_planner5testss_26test_datatype_all_variants
FN:1657,_RNvNtCsk6zXnftdXdR_17sqlrustgo_planner5testss_26test_exclude_mode_variants
FN:1007,_RNvNtCsk6zXnftdXdR_17sqlrustgo_planner5testss_26test_expr_display_wildcard
FN:1036,_RNvNtCsk6zXnftdXdR_17sqlrustgo_planner5testss_26test_expr_evaluate_literal
FN:1197,_RNvNtCsk6zXnftdXdR_17sqlrustgo_planner5testss_26test_operator_all_variants
FN:1617,_RNvNtCsk6zXnftdXdR_17sqlrustgo_planner5testss_26test_window_frame_variants
FN:920,_RNvNtCsk6zXnftdXdR_17sqlrustgo_planner5testss_27test_datatype_from_sql_type
FN:981,_RNvNtCsk6zXnftdXdR_17sqlrustgo_planner5testss_27test_expr_display_aggregate
FN:1476,_RNvNtCsk6zXnftdXdR_17sqlrustgo_planner5testss_27test_subquery_type_variants
FN:1498,_RNvNtCsk6zXnftdXdR_17sqlrustgo_planner5testss_29test_expr_display_in_subquery
FN:1045,_RNvNtCsk6zXnftdXdR_17sqlrustgo_planner5testss_30test_expr_evaluate_binary_expr
FN:1666,_RNvNtCsk6zXnftdXdR_17sqlrustgo_planner5testss_30test_window_frame_display_rows
FN:1152,_RNvNtCsk6zXnftdXdR_17sqlrustgo_planner5testss_31test_evaluate_binary_op_integer
FN:1686,_RNvNtCsk6zXnftdXdR_17sqlrustgo_planner5testss_31test_window_frame_display_range
FN:952,_RNvNtCsk6zXnftdXdR_17sqlrustgo_planner5testss_32test_aggregate_function_variants
FN:1233,_RNvNtCsk6zXnftdXdR_17sqlrustgo_planner5testss_32test_field_with_nullable_default
FN:1699,_RNvNtCsk6zXnftdXdR_17sqlrustgo_planner5testss_32test_window_frame_display_groups
FN:1486,_RNvNtCsk6zXnftdXdR_17sqlrustgo_planner5testss_33test_expr_display_scalar_subquery
FN:1096,_RNvNtCsk6zXnftdXdR_17sqlrustgo_planner5testss_33test_expr_evaluate_unary_expr_not
FN:1176,_RNvNtCsk6zXnftdXdR_17sqlrustgo_planner5testss_33test_join_type_variants_left_semi
FN:1448,_RNvNtCsk6zXnftdXdR_17sqlrustgo_planner5testss_34test_evaluate_binary_op_arithmetic
FN:1426,_RNvNtCsk6zXnftdXdR_17sqlrustgo_planner5testss_34test_evaluate_binary_op_text_gt_eq
FN:1404,_RNvNtCsk6zXnftdXdR_17sqlrustgo_planner5testss_34test_evaluate_binary_op_text_lt_eq
FN:1163,_RNvNtCsk6zXnftdXdR_17sqlrustgo_planner5testss_34test_evaluate_unary_op_not_boolean
FN:1598,_RNvNtCsk6zXnftdXdR_17sqlrustgo_planner5testss_34test_scalar_subquery_physical_plan
FN:1108,_RNvNtCsk6zXnftdXdR_17sqlrustgo_planner5testss_35test_expr_evaluate_unary_expr_minus
FN:1184,_RNvNtCsk6zXnftdXdR_17sqlrustgo_planner5testss_36test_aggregate_function_all_variants
FN:1307,_RNvNtCsk6zXnftdXdR_17sqlrustgo_planner5testss_37test_expr_evaluate_aggregate_function
FN:1294,_RNvNtCsk6zXnftdXdR_17sqlrustgo_planner5testss_37test_expr_evaluate_qualified_wildcard
FN:1270,_RNvNtCsk6zXnftdXdR_17sqlrustgo_planner5testss_39test_expr_evaluate_unary_op_unsupported
FN:1466,_RNvNtCsk6zXnftdXdR_17sqlrustgo_planner5testss_40test_evaluate_binary_op_division_by_zero
FN:1365,_RNvNtCsk6zXnftdXdR_17sqlrustgo_planner5testss_40test_evaluate_binary_op_text_comparisons
FN:1554,_RNvNtCsk6zXnftdXdR_17sqlrustgo_planner5testss_40test_expr_evaluate_subquery_returns_none
FN:1322,_RNvNtCsk6zXnftdXdR_17sqlrustgo_planner5testss_40test_expr_matches_returns_false_for_none
FN:1144,_RNvNtCsk6zXnftdXdR_17sqlrustgo_planner5testss_40test_expr_matches_returns_false_for_null
FN:1338,_RNvNtCsk6zXnftdXdR_17sqlrustgo_planner5testss_43test_evaluate_binary_op_integer_comparisons
FN:1084,_RNvNtCsk6zXnftdXdR_17sqlrustgo_planner5testss_45test_expr_evaluate_binary_expr_divide_by_zero
FN:1069,_RNvNtCsk6zXnftdXdR_17sqlrustgo_planner5testss_46test_expr_evaluate_binary_expr_text_comparison
FN:1244,_RNvNtCsk6zXnftdXdR_17sqlrustgo_planner5testss_46test_expr_evaluate_binary_op_unsupported_types
FN:1057,_RNvNtCsk6zXnftdXdR_17sqlrustgo_planner5testss_49test_expr_evaluate_binary_expr_integer_comparison
FN:381,_RNCNvMs0_Csk6zXnftdXdR_17sqlrustgo_plannerNtB7_4Expr17contains_subquery0B7_
FN:389,_RNCNvMs0_Csk6zXnftdXdR_17sqlrustgo_plannerNtB7_4Expr17contains_subquerys0_0B7_
FN:390,_RNCNvMs0_Csk6zXnftdXdR_17sqlrustgo_plannerNtB7_4Expr17contains_subquerys1_0B7_
FN:399,_RNCNvMs0_Csk6zXnftdXdR_17sqlrustgo_plannerNtB7_4Expr17contains_subquerys2_0B7_
FN:402,_RNCNvMs0_Csk6zXnftdXdR_17sqlrustgo_plannerNtB7_4Expr17contains_subquerys3_0B7_
FN:388,_RNCNvMs0_Csk6zXnftdXdR_17sqlrustgo_plannerNtB7_4Expr17contains_subquerys_0B7_
FN:418,_RNCNvMs0_Csk6zXnftdXdR_17sqlrustgo_plannerNtB7_4Expr24contains_outer_reference0B7_
FN:427,_RNCNvMs0_Csk6zXnftdXdR_17sqlrustgo_plannerNtB7_4Expr24contains_outer_references0_0B7_
FN:428,_RNCNvMs0_Csk6zXnftdXdR_17sqlrustgo_plannerNtB7_4Expr24contains_outer_references1_0B7_
FN:437,_RNCNvMs0_Csk6zXnftdXdR_17sqlrustgo_plannerNtB7_4Expr24contains_outer_references2_0B7_
FN:440,_RNCNvMs0_Csk6zXnftdXdR_17sqlrustgo_plannerNtB7_4Expr24contains_outer_references3_0B7_
FN:426,_RNCNvMs0_Csk6zXnftdXdR_17sqlrustgo_plannerNtB7_4Expr24contains_outer_references_0B7_
FN:371,_RNvMs0_Csk6zXnftdXdR_17sqlrustgo_plannerNtB5_4Expr17contains_subquery
FN:408,_RNvMs0_Csk6zXnftdXdR_17sqlrustgo_plannerNtB5_4Expr24contains_outer_reference
FN:712,_RNCNvMs7_Csk6zXnftdXdR_17sqlrustgo_plannerNtB7_6Schema11field_index0B7_
FN:708,_RNCNvMs7_Csk6zXnftdXdR_17sqlrustgo_plannerNtB7_6Schema5field0B7_
FN:511,_RNCNvXs1_Csk6zXnftdXdR_17sqlrustgo_plannerNtB7_4ExprNtNtCs8nPosuWgJFh_4core3fmt7Display3fmt0B7_
FN:542,_RNCNvXs1_Csk6zXnftdXdR_17sqlrustgo_plannerNtB7_4ExprNtNtCs8nPosuWgJFh_4core3fmt7Display3fmts0_0B7_
FN:548,_RNCNvXs1_Csk6zXnftdXdR_17sqlrustgo_plannerNtB7_4ExprNtNtCs8nPosuWgJFh_4core3fmt7Display3fmts1_0B7_
FN:580,_RNCNvXs1_Csk6zXnftdXdR_17sqlrustgo_plannerNtB7_4ExprNtNtCs8nPosuWgJFh_4core3fmt7Display3fmts2_0B7_
FN:536,_RNCNvXs1_Csk6zXnftdXdR_17sqlrustgo_plannerNtB7_4ExprNtNtCs8nPosuWgJFh_4core3fmt7Display3fmts_0B7_
FNDA:5,_RNvCsk6zXnftdXdR_17sqlrustgo_planner17evaluate_unary_op
FNDA:26,_RNvCsk6zXnftdXdR_17sqlrustgo_planner18evaluate_binary_op
FNDA:2,_RNvMCsk6zXnftdXdR_17sqlrustgo_plannerNtB2_6Column13new_qualified
FNDA:241,_RNvMCsk6zXnftdXdR_17sqlrustgo_plannerNtB2_6Column3new
FNDA:26,_RNvMs0_Csk6zXnftdXdR_17sqlrustgo_plannerNtB5_4Expr11binary_expr
FNDA:215,_RNvMs0_Csk6zXnftdXdR_17sqlrustgo_plannerNtB5_4Expr6column
FNDA:21,_RNvMs0_Csk6zXnftdXdR_17sqlrustgo_plannerNtB5_4Expr7literal
FNDA:3,_RNvMs0_Csk6zXnftdXdR_17sqlrustgo_plannerNtB5_4Expr7matches
FNDA:41,_RNvMs0_Csk6zXnftdXdR_17sqlrustgo_plannerNtB5_4Expr8evaluate
FNDA:38,_RNvMs7_Csk6zXnftdXdR_17sqlrustgo_plannerNtB5_6Schema11field_index
FNDA:336,_RNvMs7_Csk6zXnftdXdR_17sqlrustgo_plannerNtB5_6Schema3new
FNDA:12,_RNvMs7_Csk6zXnftdXdR_17sqlrustgo_plannerNtB5_6Schema5empty
FNDA:2,_RNvMs7_Csk6zXnftdXdR_17sqlrustgo_plannerNtB5_6Schema5field
FNDA:2,_RNvMs8_Csk6zXnftdXdR_17sqlrustgo_plannerNtB5_5Field12new_not_null
FNDA:383,_RNvMs8_Csk6zXnftdXdR_17sqlrustgo_plannerNtB5_5Field3new
FNDA:0,_RNvMs9_Csk6zXnftdXdR_17sqlrustgo_plannerNtB5_8DataType13estimate_size
FNDA:9,_RNvMs9_Csk6zXnftdXdR_17sqlrustgo_plannerNtB5_8DataType13from_sql_type
FNDA:20,_RNvXs1_Csk6zXnftdXdR_17sqlrustgo_plannerNtB5_4ExprNtNtCs8nPosuWgJFh_4core3fmt7Display3fmt
FNDA:23,_RNvXs2_Csk6zXnftdXdR_17sqlrustgo_plannerNtB5_8OperatorNtNtCs8nPosuWgJFh_4core3fmt7Display3fmt
FNDA:0,_RNvXs3_Csk6zXnftdXdR_17sqlrustgo_plannerNtB5_8SortExprNtNtCs8nPosuWgJFh_4core3fmt7Display3fmt
FNDA:4,_RNvXs4_Csk6zXnftdXdR_17sqlrustgo_plannerNtB5_11WindowFrameNtNtCs8nPosuWgJFh_4core3fmt7Display3fmt
FNDA:13,_RNvXs5_Csk6zXnftdXdR_17sqlrustgo_plannerNtB5_10FrameBoundNtNtCs8nPosuWgJFh_4core3fmt7Display3fmt
FNDA:7,_RNvXs6_Csk6zXnftdXdR_17sqlrustgo_plannerNtB5_11ExcludeModeNtNtCs8nPosuWgJFh_4core3fmt7Display3fmt
FNDA:10,_RNvXs_Csk6zXnftdXdR_17sqlrustgo_plannerNtB4_6ColumnNtNtCs8nPosuWgJFh_4core3fmt7Display3fmt
FNDA:6,_RNvXsa_Csk6zXnftdXdR_17sqlrustgo_plannerNtB5_8DataTypeNtNtCs8nPosuWgJFh_4core3fmt7Display3fmt
FNDA:1,_RNvNtCsk6zXnftdXdR_17sqlrustgo_planner5testss_14test_field_new
FNDA:1,_RNvNtCsk6zXnftdXdR_17sqlrustgo_planner5testss_14test_sort_expr
FNDA:1,_RNvNtCsk6zXnftdXdR_17sqlrustgo_planner5testss_15test_column_new
FNDA:1,_RNvNtCsk6zXnftdXdR_17sqlrustgo_planner5testss_15test_schema_new
FNDA:1,_RNvNtCsk6zXnftdXdR_17sqlrustgo_planner5testss_16test_expr_column
FNDA:1,_RNvNtCsk6zXnftdXdR_17sqlrustgo_planner5testss_17test_expr_display
FNDA:1,_RNvNtCsk6zXnftdXdR_17sqlrustgo_planner5testss_17test_expr_literal
FNDA:1,_RNvNtCsk6zXnftdXdR_17sqlrustgo_planner5testss_17test_expr_matches
FNDA:1,_RNvNtCsk6zXnftdXdR_17sqlrustgo_planner5testss_17test_schema_empty
FNDA:1,_RNvNtCsk6zXnftdXdR_17sqlrustgo_planner5testss_17test_schema_field
FNDA:1,_RNvNtCsk6zXnftdXdR_17sqlrustgo_planner5testss_19test_column_display
FNDA:1,_RNvNtCsk6zXnftdXdR_17sqlrustgo_planner5testss_19test_schema_default
FNDA:1,_RNvNtCsk6zXnftdXdR_17sqlrustgo_planner5testss_21test_datatype_display
FNDA:1,_RNvNtCsk6zXnftdXdR_17sqlrustgo_planner5testss_21test_expr_binary_expr
FNDA:1,_RNvNtCsk6zXnftdXdR_17sqlrustgo_planner5testss_21test_operator_display
FNDA:1,_RNvNtCsk6zXnftdXdR_17sqlrustgo_planner5testss_22test_frame_bound_clone
FNDA:1,_RNvNtCsk6zXnftdXdR_17sqlrustgo_planner5testss_23test_exclude_mode_clone
FNDA:1,_RNvNtCsk6zXnftdXdR_17sqlrustgo_planner5testss_23test_expr_display_alias
FNDA:1,_RNvNtCsk6zXnftdXdR_17sqlrustgo_planner5testss_23test_expr_display_unary
FNDA:1,_RNvNtCsk6zXnftdXdR_17sqlrustgo_planner5testss_23test_field_new_not_null
FNDA:1,_RNvNtCsk6zXnftdXdR_17sqlrustgo_planner5testss_23test_join_type_variants
FNDA:1,_RNvNtCsk6zXnftdXdR_17sqlrustgo_planner5testss_23test_schema_field_index
FNDA:1,_RNvNtCsk6zXnftdXdR_17sqlrustgo_planner5testss_23test_window_frame_clone
FNDA:1,_RNvNtCsk6zXnftdXdR_17sqlrustgo_planner5testss_24test_expr_display_exists
FNDA:1,_RNvNtCsk6zXnftdXdR_17sqlrustgo_planner5testss_24test_expr_evaluate_alias
FNDA:1,_RNvNtCsk6zXnftdXdR_17sqlrustgo_planner5testss_24test_frame_bound_display
FNDA:1,_RNvNtCsk6zXnftdXdR_17sqlrustgo_planner5testss_25test_column_new_qualified
FNDA:1,_RNvNtCsk6zXnftdXdR_17sqlrustgo_planner5testss_25test_exclude_mode_display
FNDA:1,_RNvNtCsk6zXnftdXdR_17sqlrustgo_planner5testss_25test_expr_display_any_all
FNDA:1,_RNvNtCsk6zXnftdXdR_17sqlrustgo_planner5testss_25test_expr_evaluate_column
FNDA:1,_RNvNtCsk6zXnftdXdR_17sqlrustgo_planner5testss_25test_frame_bound_variants
FNDA:1,_RNvNtCsk6zXnftdXdR_17sqlrustgo_planner5testss_25test_operator_display_all
FNDA:1,_RNvNtCsk6zXnftdXdR_17sqlrustgo_planner5testss_26test_datatype_all_variants
FNDA:1,_RNvNtCsk6zXnftdXdR_17sqlrustgo_planner5testss_26test_exclude_mode_variants
FNDA:1,_RNvNtCsk6zXnftdXdR_17sqlrustgo_planner5testss_26test_expr_display_wildcard
FNDA:1,_RNvNtCsk6zXnftdXdR_17sqlrustgo_planner5testss_26test_expr_evaluate_literal
FNDA:1,_RNvNtCsk6zXnftdXdR_17sqlrustgo_planner5testss_26test_operator_all_variants
FNDA:1,_RNvNtCsk6zXnftdXdR_17sqlrustgo_planner5testss_26test_window_frame_variants
FNDA:1,_RNvNtCsk6zXnftdXdR_17sqlrustgo_planner5testss_27test_datatype_from_sql_type
FNDA:1,_RNvNtCsk6zXnftdXdR_17sqlrustgo_planner5testss_27test_expr_display_aggregate
FNDA:1,_RNvNtCsk6zXnftdXdR_17sqlrustgo_planner5testss_27test_subquery_type_variants
FNDA:1,_RNvNtCsk6zXnftdXdR_17sqlrustgo_planner5testss_29test_expr_display_in_subquery
FNDA:1,_RNvNtCsk6zXnftdXdR_17sqlrustgo_planner5testss_30test_expr_evaluate_binary_expr
FNDA:1,_RNvNtCsk6zXnftdXdR_17sqlrustgo_planner5testss_30test_window_frame_display_rows
FNDA:1,_RNvNtCsk6zXnftdXdR_17sqlrustgo_planner5testss_31test_evaluate_binary_op_integer
FNDA:1,_RNvNtCsk6zXnftdXdR_17sqlrustgo_planner5testss_31test_window_frame_display_range
FNDA:1,_RNvNtCsk6zXnftdXdR_17sqlrustgo_planner5testss_32test_aggregate_function_variants
FNDA:1,_RNvNtCsk6zXnftdXdR_17sqlrustgo_planner5testss_32test_field_with_nullable_default
FNDA:1,_RNvNtCsk6zXnftdXdR_17sqlrustgo_planner5testss_32test_window_frame_display_groups
FNDA:1,_RNvNtCsk6zXnftdXdR_17sqlrustgo_planner5testss_33test_expr_display_scalar_subquery
FNDA:1,_RNvNtCsk6zXnftdXdR_17sqlrustgo_planner5testss_33test_expr_evaluate_unary_expr_not
FNDA:1,_RNvNtCsk6zXnftdXdR_17sqlrustgo_planner5testss_33test_join_type_variants_left_semi
FNDA:1,_RNvNtCsk6zXnftdXdR_17sqlrustgo_planner5testss_34test_evaluate_binary_op_arithmetic
FNDA:1,_RNvNtCsk6zXnftdXdR_17sqlrustgo_planner5testss_34test_evaluate_binary_op_text_gt_eq
FNDA:1,_RNvNtCsk6zXnftdXdR_17sqlrustgo_planner5testss_34test_evaluate_binary_op_text_lt_eq
FNDA:1,_RNvNtCsk6zXnftdXdR_17sqlrustgo_planner5testss_34test_evaluate_unary_op_not_boolean
FNDA:1,_RNvNtCsk6zXnftdXdR_17sqlrustgo_planner5testss_34test_scalar_subquery_physical_plan
FNDA:1,_RNvNtCsk6zXnftdXdR_17sqlrustgo_planner5testss_35test_expr_evaluate_unary_expr_minus
FNDA:1,_RNvNtCsk6zXnftdXdR_17sqlrustgo_planner5testss_36test_aggregate_function_all_variants
FNDA:1,_RNvNtCsk6zXnftdXdR_17sqlrustgo_planner5testss_37test_expr_evaluate_aggregate_function
FNDA:1,_RNvNtCsk6zXnftdXdR_17sqlrustgo_planner5testss_37test_expr_evaluate_qualified_wildcard
FNDA:1,_RNvNtCsk6zXnftdXdR_17sqlrustgo_planner5testss_39test_expr_evaluate_unary_op_unsupported
FNDA:1,_RNvNtCsk6zXnftdXdR_17sqlrustgo_planner5testss_40test_evaluate_binary_op_division_by_zero
FNDA:1,_RNvNtCsk6zXnftdXdR_17sqlrustgo_planner5testss_40test_evaluate_binary_op_text_comparisons
FNDA:1,_RNvNtCsk6zXnftdXdR_17sqlrustgo_planner5testss_40test_expr_evaluate_subquery_returns_none
FNDA:1,_RNvNtCsk6zXnftdXdR_17sqlrustgo_planner5testss_40test_expr_matches_returns_false_for_none
FNDA:1,_RNvNtCsk6zXnftdXdR_17sqlrustgo_planner5testss_40test_expr_matches_returns_false_for_null
FNDA:1,_RNvNtCsk6zXnftdXdR_17sqlrustgo_planner5testss_43test_evaluate_binary_op_integer_comparisons
FNDA:1,_RNvNtCsk6zXnftdXdR_17sqlrustgo_planner5testss_45test_expr_evaluate_binary_expr_divide_by_zero
FNDA:1,_RNvNtCsk6zXnftdXdR_17sqlrustgo_planner5testss_46test_expr_evaluate_binary_expr_text_comparison
FNDA:1,_RNvNtCsk6zXnftdXdR_17sqlrustgo_planner5testss_46test_expr_evaluate_binary_op_unsupported_types
FNDA:1,_RNvNtCsk6zXnftdXdR_17sqlrustgo_planner5testss_49test_expr_evaluate_binary_expr_integer_comparison
FNDA:0,_RNCNvMs0_Csk6zXnftdXdR_17sqlrustgo_plannerNtB7_4Expr17contains_subquery0B7_
FNDA:0,_RNCNvMs0_Csk6zXnftdXdR_17sqlrustgo_plannerNtB7_4Expr17contains_subquerys0_0B7_
FNDA:0,_RNCNvMs0_Csk6zXnftdXdR_17sqlrustgo_plannerNtB7_4Expr17contains_subquerys1_0B7_
FNDA:0,_RNCNvMs0_Csk6zXnftdXdR_17sqlrustgo_plannerNtB7_4Expr17contains_subquerys2_0B7_
FNDA:0,_RNCNvMs0_Csk6zXnftdXdR_17sqlrustgo_plannerNtB7_4Expr17contains_subquerys3_0B7_
FNDA:0,_RNCNvMs0_Csk6zXnftdXdR_17sqlrustgo_plannerNtB7_4Expr17contains_subquerys_0B7_
FNDA:0,_RNCNvMs0_Csk6zXnftdXdR_17sqlrustgo_plannerNtB7_4Expr24contains_outer_reference0B7_
FNDA:0,_RNCNvMs0_Csk6zXnftdXdR_17sqlrustgo_plannerNtB7_4Expr24contains_outer_references0_0B7_
FNDA:0,_RNCNvMs0_Csk6zXnftdXdR_17sqlrustgo_plannerNtB7_4Expr24contains_outer_references1_0B7_
FNDA:0,_RNCNvMs0_Csk6zXnftdXdR_17sqlrustgo_plannerNtB7_4Expr24contains_outer_references2_0B7_
FNDA:0,_RNCNvMs0_Csk6zXnftdXdR_17sqlrustgo_plannerNtB7_4Expr24contains_outer_references3_0B7_
FNDA:0,_RNCNvMs0_Csk6zXnftdXdR_17sqlrustgo_plannerNtB7_4Expr24contains_outer_references_0B7_
FNDA:0,_RNvMs0_Csk6zXnftdXdR_17sqlrustgo_plannerNtB5_4Expr17contains_subquery
FNDA:0,_RNvMs0_Csk6zXnftdXdR_17sqlrustgo_plannerNtB5_4Expr24contains_outer_reference
FNDA:54,_RNCNvMs7_Csk6zXnftdXdR_17sqlrustgo_plannerNtB7_6Schema11field_index0B7_
FNDA:3,_RNCNvMs7_Csk6zXnftdXdR_17sqlrustgo_plannerNtB7_6Schema5field0B7_
FNDA:2,_RNCNvXs1_Csk6zXnftdXdR_17sqlrustgo_plannerNtB7_4ExprNtNtCs8nPosuWgJFh_4core3fmt7Display3fmt0B7_
FNDA:0,_RNCNvXs1_Csk6zXnftdXdR_17sqlrustgo_plannerNtB7_4ExprNtNtCs8nPosuWgJFh_4core3fmt7Display3fmts0_0B7_
FNDA:0,_RNCNvXs1_Csk6zXnftdXdR_17sqlrustgo_plannerNtB7_4ExprNtNtCs8nPosuWgJFh_4core3fmt7Display3fmts1_0B7_
FNDA:0,_RNCNvXs1_Csk6zXnftdXdR_17sqlrustgo_plannerNtB7_4ExprNtNtCs8nPosuWgJFh_4core3fmt7Display3fmts2_0B7_
FNDA:0,_RNCNvXs1_Csk6zXnftdXdR_17sqlrustgo_plannerNtB7_4ExprNtNtCs8nPosuWgJFh_4core3fmt7Display3fmts_0B7_
FNF:118
FNH:98
DA:158,241
DA:159,241
DA:160,241
DA:161,241
DA:162,241
DA:163,241
DA:165,2
DA:166,2
DA:167,2
DA:168,2
DA:169,2
DA:170,2
DA:174,10
DA:175,10
DA:176,1
DA:177,9
DA:179,10
DA:277,215
DA:278,215
DA:279,215
DA:281,21
DA:282,21
DA:283,21
DA:285,26
DA:286,26
DA:287,26
DA:288,26
DA:289,26
DA:290,26
DA:291,26
DA:293,41
DA:294,41
DA:295,19
DA:296,19
DA:297,19
DA:299,2
DA:300,7
DA:301,7
DA:302,7
DA:303,7
DA:305,4
DA:306,4
DA:307,4
DA:309,2
DA:310,0
DA:311,1
DA:312,1
DA:313,1
DA:315,1
DA:316,1
DA:317,1
DA:318,1
DA:320,0
DA:322,0
DA:323,0
DA:324,0
DA:325,0
DA:326,0
DA:327,0
DA:328,0
DA:329,0
DA:330,0
DA:334,0
DA:335,0
DA:336,0
DA:337,0
DA:338,0
DA:339,0
DA:340,0
DA:342,0
DA:346,0
DA:347,0
DA:349,0
DA:350,0
DA:351,0
DA:352,0
DA:354,0
DA:355,0
DA:357,0
DA:361,41
DA:363,3
DA:364,3
DA:365,1
DA:367,2
DA:369,3
DA:371,0
DA:372,0
DA:373,0
DA:374,0
DA:375,0
DA:376,0
DA:377,0
DA:378,0
DA:380,0
DA:381,0
DA:383,0
DA:384,0
DA:385,0
DA:388,0
DA:389,0
DA:390,0
DA:392,0
DA:394,0
DA:395,0
DA:397,0
DA:398,0
DA:399,0
DA:400,0
DA:401,0
DA:402,0
DA:404,0
DA:406,0
DA:408,0
DA:409,0
DA:410,0
DA:411,0
DA:412,0
DA:413,0
DA:414,0
DA:416,0
DA:417,0
DA:418,0
DA:421,0
DA:422,0
DA:423,0
DA:426,0
DA:427,0
DA:428,0
DA:430,0
DA:432,0
DA:433,0
DA:435,0
DA:436,0
DA:437,0
DA:438,0
DA:439,0
DA:440,0
DA:442,0
DA:444,0
DA:447,26
DA:451,26
DA:452,0
DA:453,0
DA:454,2
DA:455,1
DA:456,3
DA:457,1
DA:458,1
DA:459,1
DA:460,2
DA:461,2
DA:462,1
DA:463,2
DA:464,2
DA:465,2
DA:466,2
DA:467,2
DA:468,2
DA:469,0
DA:471,2
DA:474,2
DA:476,26
DA:478,5
DA:481,5
DA:482,1
DA:483,1
DA:484,1
DA:485,2
DA:487,5
DA:490,20
DA:491,20
DA:492,8
DA:493,1
DA:494,0
DA:495,0
DA:497,1
DA:499,2
DA:500,2
DA:501,2
DA:503,2
DA:504,1
DA:505,1
DA:506,0
DA:507,0
DA:508,0
DA:510,2
DA:511,2
DA:512,2
DA:515,0
DA:516,0
DA:517,0
DA:518,0
DA:519,0
DA:521,0
DA:522,0
DA:523,0
DA:524,0
DA:525,0
DA:526,0
DA:527,0
DA:528,0
DA:529,0
DA:530,0
DA:531,0
DA:532,0
DA:533,0
DA:534,0
DA:536,0
DA:537,0
DA:540,0
DA:541,0
DA:542,0
DA:543,0
DA:544,0
DA:547,0
DA:548,0
DA:549,0
DA:550,0
DA:553,0
DA:554,0
DA:555,0
DA:557,0
DA:559,1
DA:560,1
DA:561,1
DA:562,1
DA:563,1
DA:564,1
DA:566,2
DA:568,2
DA:569,1
DA:570,1
DA:571,0
DA:573,2
DA:575,0
DA:576,0
DA:577,0
DA:579,0
DA:580,0
DA:581,0
DA:584,0
DA:585,0
DA:587,0
DA:588,0
DA:589,0
DA:591,0
DA:592,0
DA:593,0
DA:594,0
DA:597,20
DA:601,23
DA:602,23
DA:603,1
DA:604,1
DA:605,1
DA:606,1
DA:607,3
DA:608,1
DA:609,2
DA:610,3
DA:611,1
DA:612,1
DA:613,1
DA:614,2
DA:615,2
DA:616,1
DA:617,2
DA:618,0
DA:620,23
DA:624,0
DA:625,0
DA:626,0
DA:630,4
DA:631,4
DA:633,2
DA:634,2
DA:635,2
DA:637,2
DA:638,2
DA:639,1
DA:640,1
DA:641,2
DA:644,1
DA:645,1
DA:646,1
DA:648,1
DA:649,1
DA:650,0
DA:651,1
DA:652,1
DA:655,1
DA:656,1
DA:657,1
DA:659,1
DA:660,1
DA:661,1
DA:662,0
DA:663,1
DA:666,4
DA:670,13
DA:671,13
DA:672,4
DA:673,2
DA:674,3
DA:675,2
DA:676,2
DA:678,13
DA:682,7
DA:683,7
DA:684,1
DA:685,2
DA:686,1
DA:687,2
DA:688,1
DA:690,7
DA:699,336
DA:700,336
DA:701,336
DA:703,12
DA:704,12
DA:705,12
DA:707,2
DA:708,3
DA:709,2
DA:711,38
DA:712,54
DA:713,38
DA:724,383
DA:725,383
DA:726,383
DA:727,383
DA:728,383
DA:729,383
DA:730,383
DA:732,2
DA:733,2
DA:734,2
DA:735,2
DA:736,2
DA:737,2
DA:738,2
DA:754,9
DA:755,9
DA:756,9
DA:757,7
DA:758,5
DA:759,5
DA:760,3
DA:761,3
DA:762,2
DA:763,1
DA:765,9
DA:767,0
DA:768,0
DA:769,0
DA:770,0
DA:771,0
DA:772,0
DA:773,0
DA:774,0
DA:775,0
DA:776,0
DA:778,0
DA:782,6
DA:783,6
DA:784,1
DA:785,1
DA:786,1
DA:787,0
DA:788,1
DA:789,0
DA:790,1
DA:791,1
DA:793,6
DA:802,1
DA:803,1
DA:804,1
DA:805,1
DA:806,1
DA:809,1
DA:810,1
DA:811,1
DA:812,1
DA:813,1
DA:816,1
DA:817,1
DA:818,1
DA:820,1
DA:821,1
DA:822,1
DA:825,1
DA:826,1
DA:827,1
DA:828,1
DA:831,1
DA:832,1
DA:833,1
DA:834,1
DA:837,1
DA:838,1
DA:839,1
DA:840,1
DA:841,1
DA:843,1
DA:844,1
DA:847,1
DA:848,1
DA:849,1
DA:850,1
DA:853,1
DA:854,1
DA:855,1
DA:856,1
DA:857,1
DA:858,1
DA:859,1
DA:860,1
DA:861,1
DA:862,1
DA:863,1
DA:864,1
DA:865,1
DA:866,1
DA:867,1
DA:868,1
DA:869,1
DA:872,1
DA:873,1
DA:874,1
DA:875,1
DA:878,1
DA:879,1
DA:880,1
DA:881,1
DA:884,1
DA:885,1
DA:886,1
DA:887,1
DA:889,1
DA:890,1
DA:891,1
DA:894,1
DA:895,1
DA:896,1
DA:897,1
DA:899,1
DA:900,1
DA:901,1
DA:902,1
DA:905,1
DA:906,1
DA:907,1
DA:908,1
DA:909,1
DA:910,1
DA:913,1
DA:914,1
DA:915,1
DA:916,1
DA:917,1
DA:920,1
DA:921,1
DA:922,1
DA:923,1
DA:924,1
DA:925,1
DA:926,1
DA:927,1
DA:928,1
DA:929,1
DA:930,1
DA:933,1
DA:934,1
DA:935,1
DA:936,1
DA:937,1
DA:938,1
DA:939,1
DA:940,1
DA:943,1
DA:944,1
DA:945,1
DA:946,1
DA:947,1
DA:948,1
DA:949,1
DA:952,1
DA:953,1
DA:954,1
DA:955,1
DA:956,1
DA:957,1
DA:958,1
DA:961,1
DA:962,1
DA:963,1
DA:964,1
DA:965,1
DA:966,1
DA:967,1
DA:968,1
DA:969,1
DA:972,1
DA:973,1
DA:974,1
DA:975,1
DA:976,1
DA:977,1
DA:978,1
DA:981,1
DA:982,1
DA:983,1
DA:984,1
DA:985,1
DA:986,1
DA:987,1
DA:989,1
DA:990,1
DA:991,1
DA:992,1
DA:993,1
DA:994,1
DA:995,1
DA:998,1
DA:999,1
DA:1000,1
DA:1001,1
DA:1002,1
DA:1003,1
DA:1004,1
DA:1007,1
DA:1008,1
DA:1009,1
DA:1011,1
DA:1012,1
DA:1013,1
DA:1014,1
DA:1015,1
DA:1018,1
DA:1019,1
DA:1020,1
DA:1021,1
DA:1022,1
DA:1023,1
DA:1024,1
DA:1027,1
DA:1028,1
DA:1029,1
DA:1030,1
DA:1031,1
DA:1032,1
DA:1033,1
DA:1036,1
DA:1037,1
DA:1038,1
DA:1039,1
DA:1040,1
DA:1041,1
DA:1042,1
DA:1045,1
DA:1046,1
DA:1047,1
DA:1048,1
DA:1050,1
DA:1051,1
DA:1052,1
DA:1053,1
DA:1054,1
DA:1057,1
DA:1058,1
DA:1059,1
DA:1060,1
DA:1062,1
DA:1063,1
DA:1064,1
DA:1065,1
DA:1066,1
DA:1069,1
DA:1070,1
DA:1071,1
DA:1072,1
DA:1074,1
DA:1075,1
DA:1076,1
DA:1077,1
DA:1079,1
DA:1080,1
DA:1081,1
DA:1084,1
DA:1085,1
DA:1086,1
DA:1087,1
DA:1089,1
DA:1090,1
DA:1091,1
DA:1092,1
DA:1093,1
DA:1096,1
DA:1097,1
DA:1098,1
DA:1099,1
DA:1100,1
DA:1101,1
DA:1102,1
DA:1103,1
DA:1104,1
DA:1105,1
DA:1108,1
DA:1109,1
DA:1110,1
DA:1111,1
DA:1112,1
DA:1113,1
DA:1114,1
DA:1115,1
DA:1116,1
DA:1117,1
DA:1120,1
DA:1121,1
DA:1122,1
DA:1123,1
DA:1124,1
DA:1125,1
DA:1126,1
DA:1127,1
DA:1128,1
DA:1129,1
DA:1132,1
DA:1133,1
DA:1134,1
DA:1135,1
DA:1136,1
DA:1137,1
DA:1139,1
DA:1140,1
DA:1141,1
DA:1144,1
DA:1145,1
DA:1146,1
DA:1147,1
DA:1148,1
DA:1149,1
DA:1152,1
DA:1155,1
DA:1156,1
DA:1158,1
DA:1159,1
DA:1160,1
DA:1163,1
DA:1165,1
DA:1166,1
DA:1167,1
DA:1170,1
DA:1171,1
DA:1172,1
DA:1173,1
DA:1176,1
DA:1177,1
DA:1178,1
DA:1179,1
DA:1180,1
DA:1181,1
DA:1184,1
DA:1186,1
DA:1187,1
DA:1188,1
DA:1189,1
DA:1190,1
DA:1191,1
DA:1193,1
DA:1194,1
DA:1197,1
DA:1199,1
DA:1200,1
DA:1201,1
DA:1202,1
DA:1203,1
DA:1204,1
DA:1205,1
DA:1206,1
DA:1207,1
DA:1208,1
DA:1209,1
DA:1210,1
DA:1211,1
DA:1212,1
DA:1213,1
DA:1214,1
DA:1216,1
DA:1217,1
DA:1220,1
DA:1221,1
DA:1222,1
DA:1223,1
DA:1224,1
DA:1225,1
DA:1226,1
DA:1227,1
DA:1229,1
DA:1230,1
DA:1233,1
DA:1234,1
DA:1235,1
DA:1237,1
DA:1238,1
DA:1239,1
DA:1244,1
DA:1247,1
DA:1248,1
DA:1249,1
DA:1251,1
DA:1254,1
DA:1255,1
DA:1256,1
DA:1259,1
DA:1260,1
DA:1261,1
DA:1263,1
DA:1264,1
DA:1265,1
DA:1266,1
DA:1267,1
DA:1270,1
DA:1273,1
DA:1274,1
DA:1277,1
DA:1278,1
DA:1279,1
DA:1280,1
DA:1281,1
DA:1282,1
DA:1285,1
DA:1286,1
DA:1287,1
DA:1288,1
DA:1289,1
DA:1290,1
DA:1291,1
DA:1294,1
DA:1296,1
DA:1297,1
DA:1299,1
DA:1300,1
DA:1301,1
DA:1302,1
DA:1303,1
DA:1304,1
DA:1307,1
DA:1309,1
DA:1310,1
DA:1312,1
DA:1313,1
DA:1314,1
DA:1315,1
DA:1316,1
DA:1317,1
DA:1318,1
DA:1319,1
DA:1322,1
DA:1324,1
DA:1325,1
DA:1328,1
DA:1329,1
DA:1330,1
DA:1331,1
DA:1332,1
DA:1333,1
DA:1334,1
DA:1335,1
DA:1338,1
DA:1342,1
DA:1343,1
DA:1346,1
DA:1347,1
DA:1350,1
DA:1351,1
DA:1354,1
DA:1355,1
DA:1358,1
DA:1359,1
DA:1362,1
DA:1365,1
DA:1369,1
DA:1370,1
DA:1371,1
DA:1372,1
DA:1373,1
DA:1377,1
DA:1378,1
DA:1379,1
DA:1380,1
DA:1381,1
DA:1385,1
DA:1386,1
DA:1387,1
DA:1388,1
DA:1389,1
DA:1393,1
DA:1394,1
DA:1395,1
DA:1396,1
DA:1397,1
DA:1401,1
DA:1404,1
DA:1407,1
DA:1408,1
DA:1409,1
DA:1410,1
DA:1411,1
DA:1415,1
DA:1416,1
DA:1417,1
DA:1418,1
DA:1419,1
DA:1423,1
DA:1426,1
DA:1429,1
DA:1430,1
DA:1431,1
DA:1432,1
DA:1433,1
DA:1437,1
DA:1438,1
DA:1439,1
DA:1440,1
DA:1441,1
DA:1445,1
DA:1448,1
DA:1451,1
DA:1452,1
DA:1455,1
DA:1456,1
DA:1459,1
DA:1460,1
DA:1463,1
DA:1466,1
DA:1469,1
DA:1470,1
DA:1471,1
DA:1476,1
DA:1478,1
DA:1479,1
DA:1480,1
DA:1481,1
DA:1482,1
DA:1483,1
DA:1486,1
DA:1487,1
DA:1488,1
DA:1489,1
DA:1490,1
DA:1491,1
DA:1492,1
DA:1493,1
DA:1494,1
DA:1495,1
DA:1498,1
DA:1499,1
DA:1500,1
DA:1501,1
DA:1502,1
DA:1503,1
DA:1504,1
DA:1505,1
DA:1506,1
DA:1507,1
DA:1508,1
DA:1509,1
DA:1510,1
DA:1511,1
DA:1514,1
DA:1515,1
DA:1516,1
DA:1517,1
DA:1518,1
DA:1519,1
DA:1520,1
DA:1521,1
DA:1522,1
DA:1523,1
DA:1526,1
DA:1527,1
DA:1528,1
DA:1529,1
DA:1530,1
DA:1531,1
DA:1532,1
DA:1533,1
DA:1534,1
DA:1535,1
DA:1536,1
DA:1537,1
DA:1538,1
DA:1540,1
DA:1541,1
DA:1542,1
DA:1543,1
DA:1544,1
DA:1545,1
DA:1546,1
DA:1547,1
DA:1548,1
DA:1549,1
DA:1550,1
DA:1551,1
DA:1554,1
DA:1556,1
DA:1557,1
DA:1558,1
DA:1560,1
DA:1561,1
DA:1562,1
DA:1563,1
DA:1564,1
DA:1565,1
DA:1567,1
DA:1568,1
DA:1569,1
DA:1570,1
DA:1571,1
DA:1572,1
DA:1573,1
DA:1574,1
DA:1575,1
DA:1577,1
DA:1578,1
DA:1579,1
DA:1580,1
DA:1581,1
DA:1582,1
DA:1584,1
DA:1585,1
DA:1586,1
DA:1587,1
DA:1588,1
DA:1589,1
DA:1590,1
DA:1591,1
DA:1592,1
DA:1593,1
DA:1594,1
DA:1595,1
DA:1598,1
DA:1599,1
DA:1600,1
DA:1601,1
DA:1602,1
DA:1603,1
DA:1604,1
DA:1605,1
DA:1606,1
DA:1607,1
DA:1608,1
DA:1609,1
DA:1610,1
DA:1611,1
DA:1612,1
DA:1617,1
DA:1619,1
DA:1620,1
DA:1621,1
DA:1622,1
DA:1623,1
DA:1624,1
DA:1626,1
DA:1627,1
DA:1628,1
DA:1629,1
DA:1630,1
DA:1631,1
DA:1633,1
DA:1634,1
DA:1635,1
DA:1636,1
DA:1637,1
DA:1638,1
DA:1639,1
DA:1642,1
DA:1643,1
DA:1644,1
DA:1647,1
DA:1648,1
DA:1649,1
DA:1650,1
DA:1651,1
DA:1654,1
DA:1657,1
DA:1658,1
DA:1659,1
DA:1660,1
DA:1661,1
DA:1662,1
DA:1663,1
DA:1666,1
DA:1667,1
DA:1668,1
DA:1669,1
DA:1670,1
DA:1671,1
DA:1672,1
DA:1674,1
DA:1675,1
DA:1676,1
DA:1677,1
DA:1678,1
DA:1679,1
DA:1680,1
DA:1683,1
DA:1686,1
DA:1687,1
DA:1688,1
DA:1689,1
DA:1690,1
DA:1691,1
DA:1692,1
DA:1693,1
DA:1696,1
DA:1699,1
DA:1700,1
DA:1701,1
DA:1702,1
DA:1703,1
DA:1704,1
DA:1705,1
DA:1706,1
DA:1709,1
DA:1712,1
DA:1713,1
DA:1714,1
DA:1717,1
DA:1718,1
DA:1719,1
DA:1720,1
DA:1721,1
DA:1724,1
DA:1727,1
DA:1728,1
DA:1729,1
DA:1730,1
DA:1731,1
DA:1732,1
DA:1733,1
DA:1736,1
DA:1737,1
DA:1738,1
DA:1739,1
DA:1740,1
DA:1741,1
DA:1742,1
DA:1743,1
DA:1744,1
DA:1747,1
DA:1748,1
DA:1749,1
DA:1750,1
DA:1751,1
DA:1754,1
DA:1755,1
DA:1756,1
DA:1757,1
DA:1758,1
BRF:0
BRH:0
LF:1080
LH:905
end_of_record
SF:/home/openclaw/dev/yinglichina8848/sqlrustgo/crates/planner/src/logical_plan.rs
FN:317,_RNvNtNtCsk6zXnftdXdR_17sqlrustgo_planner12logical_plan5testss_23test_logical_plan_debug
FN:218,_RNvNtNtCsk6zXnftdXdR_17sqlrustgo_planner12logical_plan5testss_29test_logical_plan_schema_join
FN:240,_RNvNtNtCsk6zXnftdXdR_17sqlrustgo_planner12logical_plan5testss_29test_logical_plan_schema_sort
FN:255,_RNvNtNtCsk6zXnftdXdR_17sqlrustgo_planner12logical_plan5testss_30test_logical_plan_schema_limit
FN:289,_RNvNtNtCsk6zXnftdXdR_17sqlrustgo_planner12logical_plan5testss_31test_logical_plan_schema_delete
FN:176,_RNvNtNtCsk6zXnftdXdR_17sqlrustgo_planner12logical_plan5testss_31test_logical_plan_schema_filter
FN:298,_RNvNtNtCsk6zXnftdXdR_17sqlrustgo_planner12logical_plan5testss_31test_logical_plan_schema_update
FN:197,_RNvNtNtCsk6zXnftdXdR_17sqlrustgo_planner12logical_plan5testss_31test_logical_plan_schema_values
FN:271,_RNvNtNtCsk6zXnftdXdR_17sqlrustgo_planner12logical_plan5testss_34test_logical_plan_schema_aggregate
FN:308,_RNvNtNtCsk6zXnftdXdR_17sqlrustgo_planner12logical_plan5testss_35test_logical_plan_schema_drop_table
FN:160,_RNvNtNtCsk6zXnftdXdR_17sqlrustgo_planner12logical_plan5testss_35test_logical_plan_schema_projection
FN:149,_RNvNtNtCsk6zXnftdXdR_17sqlrustgo_planner12logical_plan5testss_35test_logical_plan_schema_table_scan
FN:207,_RNvNtNtCsk6zXnftdXdR_17sqlrustgo_planner12logical_plan5testss_37test_logical_plan_schema_create_table
FN:191,_RNvNtNtCsk6zXnftdXdR_17sqlrustgo_planner12logical_plan5testss_39test_logical_plan_schema_empty_relation
FN:120,_RNvMNtCsk6zXnftdXdR_17sqlrustgo_planner12logical_planNtB2_11LogicalPlan6schema
FNDA:1,_RNvNtNtCsk6zXnftdXdR_17sqlrustgo_planner12logical_plan5testss_23test_logical_plan_debug
FNDA:1,_RNvNtNtCsk6zXnftdXdR_17sqlrustgo_planner12logical_plan5testss_29test_logical_plan_schema_join
FNDA:1,_RNvNtNtCsk6zXnftdXdR_17sqlrustgo_planner12logical_plan5testss_29test_logical_plan_schema_sort
FNDA:1,_RNvNtNtCsk6zXnftdXdR_17sqlrustgo_planner12logical_plan5testss_30test_logical_plan_schema_limit
FNDA:1,_RNvNtNtCsk6zXnftdXdR_17sqlrustgo_planner12logical_plan5testss_31test_logical_plan_schema_delete
FNDA:1,_RNvNtNtCsk6zXnftdXdR_17sqlrustgo_planner12logical_plan5testss_31test_logical_plan_schema_filter
FNDA:1,_RNvNtNtCsk6zXnftdXdR_17sqlrustgo_planner12logical_plan5testss_31test_logical_plan_schema_update
FNDA:1,_RNvNtNtCsk6zXnftdXdR_17sqlrustgo_planner12logical_plan5testss_31test_logical_plan_schema_values
FNDA:1,_RNvNtNtCsk6zXnftdXdR_17sqlrustgo_planner12logical_plan5testss_34test_logical_plan_schema_aggregate
FNDA:1,_RNvNtNtCsk6zXnftdXdR_17sqlrustgo_planner12logical_plan5testss_35test_logical_plan_schema_drop_table
FNDA:1,_RNvNtNtCsk6zXnftdXdR_17sqlrustgo_planner12logical_plan5testss_35test_logical_plan_schema_projection
FNDA:1,_RNvNtNtCsk6zXnftdXdR_17sqlrustgo_planner12logical_plan5testss_35test_logical_plan_schema_table_scan
FNDA:1,_RNvNtNtCsk6zXnftdXdR_17sqlrustgo_planner12logical_plan5testss_37test_logical_plan_schema_create_table
FNDA:1,_RNvNtNtCsk6zXnftdXdR_17sqlrustgo_planner12logical_plan5testss_39test_logical_plan_schema_empty_relation
FNDA:16,_RNvMNtCsk6zXnftdXdR_17sqlrustgo_planner12logical_planNtB2_11LogicalPlan6schema
FNF:15
FNH:15
DA:120,16
DA:121,16
DA:122,4
DA:123,1
DA:124,1
DA:125,1
DA:126,0
DA:127,1
DA:128,1
DA:129,1
DA:130,1
DA:131,1
DA:132,1
DA:133,0
DA:134,1
DA:135,1
DA:136,1
DA:137,0
DA:138,0
DA:140,16
DA:149,1
DA:150,1
DA:151,1
DA:152,1
DA:153,1
DA:154,1
DA:155,1
DA:156,1
DA:157,1
DA:160,1
DA:161,1
DA:162,1
DA:163,1
DA:164,1
DA:165,1
DA:166,1
DA:167,1
DA:168,1
DA:169,1
DA:170,1
DA:171,1
DA:172,1
DA:173,1
DA:176,1
DA:177,1
DA:178,1
DA:179,1
DA:180,1
DA:181,1
DA:182,1
DA:183,1
DA:184,1
DA:185,1
DA:186,1
DA:187,1
DA:188,1
DA:191,1
DA:192,1
DA:193,1
DA:194,1
DA:197,1
DA:198,1
DA:199,1
DA:200,1
DA:201,1
DA:202,1
DA:203,1
DA:204,1
DA:207,1
DA:208,1
DA:209,1
DA:210,1
DA:211,1
DA:212,1
DA:213,1
DA:214,1
DA:215,1
DA:218,1
DA:219,1
DA:220,1
DA:221,1
DA:222,1
DA:223,1
DA:224,1
DA:225,1
DA:226,1
DA:227,1
DA:228,1
DA:229,1
DA:230,1
DA:231,1
DA:232,1
DA:233,1
DA:234,1
DA:235,1
DA:236,1
DA:237,1
DA:240,1
DA:241,1
DA:242,1
DA:243,1
DA:244,1
DA:245,1
DA:246,1
DA:247,1
DA:248,1
DA:249,1
DA:250,1
DA:251,1
DA:252,1
DA:255,1
DA:256,1
DA:257,1
DA:258,1
DA:259,1
DA:260,1
DA:261,1
DA:262,1
DA:263,1
DA:264,1
DA:265,1
DA:266,1
DA:267,1
DA:268,1
DA:271,1
DA:272,1
DA:273,1
DA:274,1
DA:275,1
DA:276,1
DA:277,1
DA:278,1
DA:279,1
DA:280,1
DA:281,1
DA:282,1
DA:283,1
DA:284,1
DA:285,1
DA:286,1
DA:289,1
DA:290,1
DA:291,1
DA:292,1
DA:293,1
DA:294,1
DA:295,1
DA:298,1
DA:299,1
DA:300,1
DA:301,1
DA:302,1
DA:303,1
DA:304,1
DA:305,1
DA:308,1
DA:309,1
DA:310,1
DA:311,1
DA:312,1
DA:313,1
DA:314,1
DA:317,1
DA:318,1
DA:319,1
DA:320,1
DA:321,1
DA:322,1
DA:323,1
DA:324,1
DA:325,1
DA:326,1
BRF:0
BRH:0
LF:172
LH:168
end_of_record
SF:/home/openclaw/dev/yinglichina8848/sqlrustgo/crates/planner/src/optimizer.rs
FN:384,_RNvMs9_NtCsk6zXnftdXdR_17sqlrustgo_planner9optimizerNtB5_16DefaultOptimizer17enable_cost_based
FN:389,_RNvMs9_NtCsk6zXnftdXdR_17sqlrustgo_planner9optimizerNtB5_16DefaultOptimizer17enable_index_scan
FN:394,_RNvMs9_NtCsk6zXnftdXdR_17sqlrustgo_planner9optimizerNtB5_16DefaultOptimizer21is_index_scan_enabled
FN:435,_RNvXsd_NtCsk6zXnftdXdR_17sqlrustgo_planner9optimizerNtB5_13NoOpOptimizerNtNtCs8nPosuWgJFh_4core7default7Default7default
FN:95,_RNvMNtCsk6zXnftdXdR_17sqlrustgo_planner9optimizerNtB2_17PredicatePushdown16can_push_to_left
FN:99,_RNvMNtCsk6zXnftdXdR_17sqlrustgo_planner9optimizerNtB2_17PredicatePushdown17can_push_to_right
FN:38,_RNvMNtCsk6zXnftdXdR_17sqlrustgo_planner9optimizerNtB2_17PredicatePushdown3new
FN:43,_RNvMNtCsk6zXnftdXdR_17sqlrustgo_planner9optimizerNtB2_17PredicatePushdown8pushdown
FN:157,_RNvMs1_NtCsk6zXnftdXdR_17sqlrustgo_planner9optimizerNtB5_17ProjectionPruning15collect_columns
FN:165,_RNvMs1_NtCsk6zXnftdXdR_17sqlrustgo_planner9optimizerNtB5_17ProjectionPruning17collect_from_expr
FN:124,_RNvMs1_NtCsk6zXnftdXdR_17sqlrustgo_planner9optimizerNtB5_17ProjectionPruning3new
FN:128,_RNvMs1_NtCsk6zXnftdXdR_17sqlrustgo_planner9optimizerNtB5_17ProjectionPruning5prune
FN:215,_RNvMs4_NtCsk6zXnftdXdR_17sqlrustgo_planner9optimizerNtB5_9ColumnSet3add
FN:208,_RNvMs4_NtCsk6zXnftdXdR_17sqlrustgo_planner9optimizerNtB5_9ColumnSet3new
FN:324,_RNvMs6_NtCsk6zXnftdXdR_17sqlrustgo_planner9optimizerNtB5_15ConstantFolding13eval_unary_op
FN:266,_RNvMs6_NtCsk6zXnftdXdR_17sqlrustgo_planner9optimizerNtB5_15ConstantFolding13simplify_expr
FN:300,_RNvMs6_NtCsk6zXnftdXdR_17sqlrustgo_planner9optimizerNtB5_15ConstantFolding14eval_binary_op
FN:230,_RNvMs6_NtCsk6zXnftdXdR_17sqlrustgo_planner9optimizerNtB5_15ConstantFolding3new
FN:234,_RNvMs6_NtCsk6zXnftdXdR_17sqlrustgo_planner9optimizerNtB5_15ConstantFolding4fold
FN:376,_RNvMs9_NtCsk6zXnftdXdR_17sqlrustgo_planner9optimizerNtB5_16DefaultOptimizer10with_rules
FN:363,_RNvMs9_NtCsk6zXnftdXdR_17sqlrustgo_planner9optimizerNtB5_16DefaultOptimizer3new
FN:429,_RNvMsc_NtCsk6zXnftdXdR_17sqlrustgo_planner9optimizerNtB5_13NoOpOptimizer3new
FN:111,_RNvXs0_NtCsk6zXnftdXdR_17sqlrustgo_planner9optimizerNtB5_17PredicatePushdownNtB5_13OptimizerRule4name
FN:115,_RNvXs0_NtCsk6zXnftdXdR_17sqlrustgo_planner9optimizerNtB5_17PredicatePushdownNtB5_13OptimizerRule5apply
FN:185,_RNvXs2_NtCsk6zXnftdXdR_17sqlrustgo_planner9optimizerNtB5_17ProjectionPruningNtNtCs8nPosuWgJFh_4core7default7Default7default
FN:191,_RNvXs3_NtCsk6zXnftdXdR_17sqlrustgo_planner9optimizerNtB5_17ProjectionPruningNtB5_13OptimizerRule4name
FN:195,_RNvXs3_NtCsk6zXnftdXdR_17sqlrustgo_planner9optimizerNtB5_17ProjectionPruningNtB5_13OptimizerRule5apply
FN:221,_RNvXs5_NtCsk6zXnftdXdR_17sqlrustgo_planner9optimizerNtB5_9ColumnSetNtNtCs8nPosuWgJFh_4core7default7Default7default
FN:340,_RNvXs7_NtCsk6zXnftdXdR_17sqlrustgo_planner9optimizerNtB5_15ConstantFoldingNtNtCs8nPosuWgJFh_4core7default7Default7default
FN:346,_RNvXs8_NtCsk6zXnftdXdR_17sqlrustgo_planner9optimizerNtB5_15ConstantFoldingNtB5_13OptimizerRule4name
FN:350,_RNvXs8_NtCsk6zXnftdXdR_17sqlrustgo_planner9optimizerNtB5_15ConstantFoldingNtB5_13OptimizerRule5apply
FN:105,_RNvXs_NtCsk6zXnftdXdR_17sqlrustgo_planner9optimizerNtB4_17PredicatePushdownNtNtCs8nPosuWgJFh_4core7default7Default7default
FN:400,_RNvXsa_NtCsk6zXnftdXdR_17sqlrustgo_planner9optimizerNtB5_16DefaultOptimizerNtNtCs8nPosuWgJFh_4core7default7Default7default
FN:406,_RNvXsb_NtCsk6zXnftdXdR_17sqlrustgo_planner9optimizerNtB5_16DefaultOptimizerNtB5_9Optimizer8optimize
FN:441,_RNvXse_NtCsk6zXnftdXdR_17sqlrustgo_planner9optimizerNtB5_13NoOpOptimizerNtB5_9Optimizer8optimize
FN:572,_RNvNtNtCsk6zXnftdXdR_17sqlrustgo_planner9optimizer5testss_19test_column_set_add
FN:565,_RNvNtNtCsk6zXnftdXdR_17sqlrustgo_planner9optimizer5testss_19test_column_set_new
FN:523,_RNvNtNtCsk6zXnftdXdR_17sqlrustgo_planner9optimizer5testss_19test_noop_optimizer
FN:549,_RNvNtNtCsk6zXnftdXdR_17sqlrustgo_planner9optimizer5testss_20test_optimizer_error
FN:555,_RNvNtNtCsk6zXnftdXdR_17sqlrustgo_planner9optimizer5testss_21test_optimizer_result
FN:1582,_RNvNtNtCsk6zXnftdXdR_17sqlrustgo_planner9optimizer5testss_24test_eval_binary_op_gteq
FN:1597,_RNvNtNtCsk6zXnftdXdR_17sqlrustgo_planner9optimizer5testss_24test_eval_binary_op_lteq
FN:592,_RNvNtNtCsk6zXnftdXdR_17sqlrustgo_planner9optimizer5testss_25test_constant_folding_new
FN:1415,_RNvNtNtCsk6zXnftdXdR_17sqlrustgo_planner9optimizer5testss_25test_eval_binary_op_float
FN:1324,_RNvNtNtCsk6zXnftdXdR_17sqlrustgo_planner9optimizer5testss_26test_collect_columns_alias
FN:842,_RNvNtNtCsk6zXnftdXdR_17sqlrustgo_planner9optimizer5testss_26test_constant_folding_join
FN:492,_RNvNtNtCsk6zXnftdXdR_17sqlrustgo_planner9optimizer5testss_26test_constant_folding_name
FN:876,_RNvNtNtCsk6zXnftdXdR_17sqlrustgo_planner9optimizer5testss_26test_constant_folding_sort
FN:511,_RNvNtNtCsk6zXnftdXdR_17sqlrustgo_planner9optimizer5testss_26test_default_optimizer_new
FN:498,_RNvNtNtCsk6zXnftdXdR_17sqlrustgo_planner9optimizer5testss_27test_constant_folding_apply
FN:903,_RNvNtNtCsk6zXnftdXdR_17sqlrustgo_planner9optimizer5testss_27test_constant_folding_limit
FN:580,_RNvNtNtCsk6zXnftdXdR_17sqlrustgo_planner9optimizer5testss_27test_predicate_pushdown_new
FN:586,_RNvNtNtCsk6zXnftdXdR_17sqlrustgo_planner9optimizer5testss_27test_projection_pruning_new
FN:793,_RNvNtNtCsk6zXnftdXdR_17sqlrustgo_planner9optimizer5testss_28test_constant_folding_filter
FN:627,_RNvNtNtCsk6zXnftdXdR_17sqlrustgo_planner9optimizer5testss_28test_predicate_pushdown_join
FN:454,_RNvNtNtCsk6zXnftdXdR_17sqlrustgo_planner9optimizer5testss_28test_predicate_pushdown_name
FN:666,_RNvNtNtCsk6zXnftdXdR_17sqlrustgo_planner9optimizer5testss_28test_predicate_pushdown_sort
FN:767,_RNvNtNtCsk6zXnftdXdR_17sqlrustgo_planner9optimizer5testss_28test_projection_pruning_join
FN:473,_RNvNtNtCsk6zXnftdXdR_17sqlrustgo_planner9optimizer5testss_28test_projection_pruning_name
FN:1253,_RNvNtNtCsk6zXnftdXdR_17sqlrustgo_planner9optimizer5testss_28test_projection_pruning_sort
FN:1336,_RNvNtNtCsk6zXnftdXdR_17sqlrustgo_planner9optimizer5testss_29test_column_set_default_trait
FN:460,_RNvNtNtCsk6zXnftdXdR_17sqlrustgo_planner9optimizer5testss_29test_predicate_pushdown_apply
FN:696,_RNvNtNtCsk6zXnftdXdR_17sqlrustgo_planner9optimizer5testss_29test_predicate_pushdown_limit
FN:479,_RNvNtNtCsk6zXnftdXdR_17sqlrustgo_planner9optimizer5testss_29test_projection_pruning_apply
FN:1277,_RNvNtNtCsk6zXnftdXdR_17sqlrustgo_planner9optimizer5testss_29test_projection_pruning_limit
FN:744,_RNvNtNtCsk6zXnftdXdR_17sqlrustgo_planner9optimizer5testss_30test_projection_pruning_filter
FN:1298,_RNvNtNtCsk6zXnftdXdR_17sqlrustgo_planner9optimizer5testss_31test_collect_columns_unary_expr
FN:1343,_RNvNtNtCsk6zXnftdXdR_17sqlrustgo_planner9optimizer5testss_31test_constant_folding_aggregate
FN:536,_RNvNtNtCsk6zXnftdXdR_17sqlrustgo_planner9optimizer5testss_31test_default_optimizer_optimize
FN:1085,_RNvNtNtCsk6zXnftdXdR_17sqlrustgo_planner9optimizer5testss_31test_projection_pruning_default
FN:817,_RNvNtNtCsk6zXnftdXdR_17sqlrustgo_planner9optimizer5testss_32test_constant_folding_projection
FN:1155,_RNvNtNtCsk6zXnftdXdR_17sqlrustgo_planner9optimizer5testss_32test_noop_optimizer_returns_plan
FN:1116,_RNvNtNtCsk6zXnftdXdR_17sqlrustgo_planner9optimizer5testss_33test_constant_folding_unary_minus
FN:930,_RNvNtNtCsk6zXnftdXdR_17sqlrustgo_planner9optimizer5testss_33test_default_optimizer_iterations
FN:517,_RNvNtNtCsk6zXnftdXdR_17sqlrustgo_planner9optimizer5testss_33test_default_optimizer_with_rules
FN:984,_RNvNtNtCsk6zXnftdXdR_17sqlrustgo_planner9optimizer5testss_33test_predicate_pushdown_with_sort
FN:1230,_RNvNtNtCsk6zXnftdXdR_17sqlrustgo_planner9optimizer5testss_33test_projection_pruning_aggregate
FN:1456,_RNvNtNtCsk6zXnftdXdR_17sqlrustgo_planner9optimizer5testss_34test_eval_unary_op_not_implemented
FN:598,_RNvNtNtCsk6zXnftdXdR_17sqlrustgo_planner9optimizer5testss_34test_predicate_pushdown_projection
FN:1007,_RNvNtNtCsk6zXnftdXdR_17sqlrustgo_planner9optimizer5testss_34test_predicate_pushdown_with_limit
FN:1481,_RNvNtNtCsk6zXnftdXdR_17sqlrustgo_planner9optimizer5testss_35test_constant_folding_default_trait
FN:1494,_RNvNtNtCsk6zXnftdXdR_17sqlrustgo_planner9optimizer5testss_36test_default_optimizer_default_trait
FN:1217,_RNvNtNtCsk6zXnftdXdR_17sqlrustgo_planner9optimizer5testss_37test_predicate_pushdown_default_trait
FN:961,_RNvNtNtCsk6zXnftdXdR_17sqlrustgo_planner9optimizer5testss_38test_predicate_pushdown_with_aggregate
FN:1310,_RNvNtNtCsk6zXnftdXdR_17sqlrustgo_planner9optimizer5testss_39test_collect_columns_aggregate_function
FN:1392,_RNvNtNtCsk6zXnftdXdR_17sqlrustgo_planner9optimizer5testss_39test_constant_folding_unary_not_literal
FN:1139,_RNvNtNtCsk6zXnftdXdR_17sqlrustgo_planner9optimizer5testss_39test_default_optimizer_with_empty_rules
FN:1437,_RNvNtNtCsk6zXnftdXdR_17sqlrustgo_planner9optimizer5testss_39test_eval_binary_op_integer_comparisons
FN:1062,_RNvNtNtCsk6zXnftdXdR_17sqlrustgo_planner9optimizer5testss_39test_projection_pruning_with_projection
FN:1027,_RNvNtNtCsk6zXnftdXdR_17sqlrustgo_planner9optimizer5testss_42test_predicate_pushdown_join_can_push_left
FN:1045,_RNvNtNtCsk6zXnftdXdR_17sqlrustgo_planner9optimizer5testss_43test_predicate_pushdown_join_can_push_right
FN:1172,_RNvNtNtCsk6zXnftdXdR_17sqlrustgo_planner9optimizer5testss_43test_predicate_pushdown_with_join_condition
FN:1509,_RNvNtNtCsk6zXnftdXdR_17sqlrustgo_planner9optimizer5testss_44test_predicate_pushdown_filter_on_table_scan
FN:1535,_RNvNtNtCsk6zXnftdXdR_17sqlrustgo_planner9optimizer5testss_44test_predicate_pushdown_join_left_right_push
FN:723,_RNvNtNtCsk6zXnftdXdR_17sqlrustgo_planner9optimizer5testss_45test_projection_pruning_projection_table_scan
FN:1365,_RNvNtNtCsk6zXnftdXdR_17sqlrustgo_planner9optimizer5testss_46test_constant_folding_binary_not_both_literals
FN:1091,_RNvNtNtCsk6zXnftdXdR_17sqlrustgo_planner9optimizer5testss_46test_constant_folding_with_literal_expressions
FNDA:0,_RNvMs9_NtCsk6zXnftdXdR_17sqlrustgo_planner9optimizerNtB5_16DefaultOptimizer17enable_cost_based
FNDA:0,_RNvMs9_NtCsk6zXnftdXdR_17sqlrustgo_planner9optimizerNtB5_16DefaultOptimizer17enable_index_scan
FNDA:0,_RNvMs9_NtCsk6zXnftdXdR_17sqlrustgo_planner9optimizerNtB5_16DefaultOptimizer21is_index_scan_enabled
FNDA:0,_RNvXsd_NtCsk6zXnftdXdR_17sqlrustgo_planner9optimizerNtB5_13NoOpOptimizerNtNtCs8nPosuWgJFh_4core7default7Default7default
FNDA:3,_RNvMNtCsk6zXnftdXdR_17sqlrustgo_planner9optimizerNtB2_17PredicatePushdown16can_push_to_left
FNDA:3,_RNvMNtCsk6zXnftdXdR_17sqlrustgo_planner9optimizerNtB2_17PredicatePushdown17can_push_to_right
FNDA:10,_RNvMNtCsk6zXnftdXdR_17sqlrustgo_planner9optimizerNtB2_17PredicatePushdown3new
FNDA:37,_RNvMNtCsk6zXnftdXdR_17sqlrustgo_planner9optimizerNtB2_17PredicatePushdown8pushdown
FNDA:16,_RNvMs1_NtCsk6zXnftdXdR_17sqlrustgo_planner9optimizerNtB5_17ProjectionPruning15collect_columns
FNDA:39,_RNvMs1_NtCsk6zXnftdXdR_17sqlrustgo_planner9optimizerNtB5_17ProjectionPruning17collect_from_expr
FNDA:9,_RNvMs1_NtCsk6zXnftdXdR_17sqlrustgo_planner9optimizerNtB5_17ProjectionPruning3new
FNDA:47,_RNvMs1_NtCsk6zXnftdXdR_17sqlrustgo_planner9optimizerNtB5_17ProjectionPruning5prune
FNDA:7,_RNvMs4_NtCsk6zXnftdXdR_17sqlrustgo_planner9optimizerNtB5_9ColumnSet3add
FNDA:19,_RNvMs4_NtCsk6zXnftdXdR_17sqlrustgo_planner9optimizerNtB5_9ColumnSet3new
FNDA:5,_RNvMs6_NtCsk6zXnftdXdR_17sqlrustgo_planner9optimizerNtB5_15ConstantFolding13eval_unary_op
FNDA:52,_RNvMs6_NtCsk6zXnftdXdR_17sqlrustgo_planner9optimizerNtB5_15ConstantFolding13simplify_expr
FNDA:25,_RNvMs6_NtCsk6zXnftdXdR_17sqlrustgo_planner9optimizerNtB5_15ConstantFolding14eval_binary_op
FNDA:12,_RNvMs6_NtCsk6zXnftdXdR_17sqlrustgo_planner9optimizerNtB5_15ConstantFolding3new
FNDA:32,_RNvMs6_NtCsk6zXnftdXdR_17sqlrustgo_planner9optimizerNtB5_15ConstantFolding4fold
FNDA:3,_RNvMs9_NtCsk6zXnftdXdR_17sqlrustgo_planner9optimizerNtB5_16DefaultOptimizer10with_rules
FNDA:28,_RNvMs9_NtCsk6zXnftdXdR_17sqlrustgo_planner9optimizerNtB5_16DefaultOptimizer3new
FNDA:23,_RNvMsc_NtCsk6zXnftdXdR_17sqlrustgo_planner9optimizerNtB5_13NoOpOptimizer3new
FNDA:2,_RNvXs0_NtCsk6zXnftdXdR_17sqlrustgo_planner9optimizerNtB5_17PredicatePushdownNtB5_13OptimizerRule4name
FNDA:25,_RNvXs0_NtCsk6zXnftdXdR_17sqlrustgo_planner9optimizerNtB5_17PredicatePushdownNtB5_13OptimizerRule5apply
FNDA:1,_RNvXs2_NtCsk6zXnftdXdR_17sqlrustgo_planner9optimizerNtB5_17ProjectionPruningNtNtCs8nPosuWgJFh_4core7default7Default7default
FNDA:3,_RNvXs3_NtCsk6zXnftdXdR_17sqlrustgo_planner9optimizerNtB5_17ProjectionPruningNtB5_13OptimizerRule4name
FNDA:21,_RNvXs3_NtCsk6zXnftdXdR_17sqlrustgo_planner9optimizerNtB5_17ProjectionPruningNtB5_13OptimizerRule5apply
FNDA:1,_RNvXs5_NtCsk6zXnftdXdR_17sqlrustgo_planner9optimizerNtB5_9ColumnSetNtNtCs8nPosuWgJFh_4core7default7Default7default
FNDA:1,_RNvXs7_NtCsk6zXnftdXdR_17sqlrustgo_planner9optimizerNtB5_15ConstantFoldingNtNtCs8nPosuWgJFh_4core7default7Default7default
FNDA:2,_RNvXs8_NtCsk6zXnftdXdR_17sqlrustgo_planner9optimizerNtB5_15ConstantFoldingNtB5_13OptimizerRule4name
FNDA:25,_RNvXs8_NtCsk6zXnftdXdR_17sqlrustgo_planner9optimizerNtB5_15ConstantFoldingNtB5_13OptimizerRule5apply
FNDA:1,_RNvXs_NtCsk6zXnftdXdR_17sqlrustgo_planner9optimizerNtB4_17PredicatePushdownNtNtCs8nPosuWgJFh_4core7default7Default7default
FNDA:1,_RNvXsa_NtCsk6zXnftdXdR_17sqlrustgo_planner9optimizerNtB5_16DefaultOptimizerNtNtCs8nPosuWgJFh_4core7default7Default7default
FNDA:5,_RNvXsb_NtCsk6zXnftdXdR_17sqlrustgo_planner9optimizerNtB5_16DefaultOptimizerNtB5_9Optimizer8optimize
FNDA:2,_RNvXse_NtCsk6zXnftdXdR_17sqlrustgo_planner9optimizerNtB5_13NoOpOptimizerNtB5_9Optimizer8optimize
FNDA:1,_RNvNtNtCsk6zXnftdXdR_17sqlrustgo_planner9optimizer5testss_19test_column_set_add
FNDA:1,_RNvNtNtCsk6zXnftdXdR_17sqlrustgo_planner9optimizer5testss_19test_column_set_new
FNDA:1,_RNvNtNtCsk6zXnftdXdR_17sqlrustgo_planner9optimizer5testss_19test_noop_optimizer
FNDA:1,_RNvNtNtCsk6zXnftdXdR_17sqlrustgo_planner9optimizer5testss_20test_optimizer_error
FNDA:1,_RNvNtNtCsk6zXnftdXdR_17sqlrustgo_planner9optimizer5testss_21test_optimizer_result
FNDA:1,_RNvNtNtCsk6zXnftdXdR_17sqlrustgo_planner9optimizer5testss_24test_eval_binary_op_gteq
FNDA:1,_RNvNtNtCsk6zXnftdXdR_17sqlrustgo_planner9optimizer5testss_24test_eval_binary_op_lteq
FNDA:1,_RNvNtNtCsk6zXnftdXdR_17sqlrustgo_planner9optimizer5testss_25test_constant_folding_new
FNDA:1,_RNvNtNtCsk6zXnftdXdR_17sqlrustgo_planner9optimizer5testss_25test_eval_binary_op_float
FNDA:1,_RNvNtNtCsk6zXnftdXdR_17sqlrustgo_planner9optimizer5testss_26test_collect_columns_alias
FNDA:1,_RNvNtNtCsk6zXnftdXdR_17sqlrustgo_planner9optimizer5testss_26test_constant_folding_join
FNDA:1,_RNvNtNtCsk6zXnftdXdR_17sqlrustgo_planner9optimizer5testss_26test_constant_folding_name
FNDA:1,_RNvNtNtCsk6zXnftdXdR_17sqlrustgo_planner9optimizer5testss_26test_constant_folding_sort
FNDA:1,_RNvNtNtCsk6zXnftdXdR_17sqlrustgo_planner9optimizer5testss_26test_default_optimizer_new
FNDA:1,_RNvNtNtCsk6zXnftdXdR_17sqlrustgo_planner9optimizer5testss_27test_constant_folding_apply
FNDA:1,_RNvNtNtCsk6zXnftdXdR_17sqlrustgo_planner9optimizer5testss_27test_constant_folding_limit
FNDA:1,_RNvNtNtCsk6zXnftdXdR_17sqlrustgo_planner9optimizer5testss_27test_predicate_pushdown_new
FNDA:1,_RNvNtNtCsk6zXnftdXdR_17sqlrustgo_planner9optimizer5testss_27test_projection_pruning_new
FNDA:1,_RNvNtNtCsk6zXnftdXdR_17sqlrustgo_planner9optimizer5testss_28test_constant_folding_filter
FNDA:1,_RNvNtNtCsk6zXnftdXdR_17sqlrustgo_planner9optimizer5testss_28test_predicate_pushdown_join
FNDA:1,_RNvNtNtCsk6zXnftdXdR_17sqlrustgo_planner9optimizer5testss_28test_predicate_pushdown_name
FNDA:1,_RNvNtNtCsk6zXnftdXdR_17sqlrustgo_planner9optimizer5testss_28test_predicate_pushdown_sort
FNDA:1,_RNvNtNtCsk6zXnftdXdR_17sqlrustgo_planner9optimizer5testss_28test_projection_pruning_join
FNDA:1,_RNvNtNtCsk6zXnftdXdR_17sqlrustgo_planner9optimizer5testss_28test_projection_pruning_name
FNDA:1,_RNvNtNtCsk6zXnftdXdR_17sqlrustgo_planner9optimizer5testss_28test_projection_pruning_sort
FNDA:1,_RNvNtNtCsk6zXnftdXdR_17sqlrustgo_planner9optimizer5testss_29test_column_set_default_trait
FNDA:1,_RNvNtNtCsk6zXnftdXdR_17sqlrustgo_planner9optimizer5testss_29test_predicate_pushdown_apply
FNDA:1,_RNvNtNtCsk6zXnftdXdR_17sqlrustgo_planner9optimizer5testss_29test_predicate_pushdown_limit
FNDA:1,_RNvNtNtCsk6zXnftdXdR_17sqlrustgo_planner9optimizer5testss_29test_projection_pruning_apply
FNDA:1,_RNvNtNtCsk6zXnftdXdR_17sqlrustgo_planner9optimizer5testss_29test_projection_pruning_limit
FNDA:1,_RNvNtNtCsk6zXnftdXdR_17sqlrustgo_planner9optimizer5testss_30test_projection_pruning_filter
FNDA:1,_RNvNtNtCsk6zXnftdXdR_17sqlrustgo_planner9optimizer5testss_31test_collect_columns_unary_expr
FNDA:1,_RNvNtNtCsk6zXnftdXdR_17sqlrustgo_planner9optimizer5testss_31test_constant_folding_aggregate
FNDA:1,_RNvNtNtCsk6zXnftdXdR_17sqlrustgo_planner9optimizer5testss_31test_default_optimizer_optimize
FNDA:1,_RNvNtNtCsk6zXnftdXdR_17sqlrustgo_planner9optimizer5testss_31test_projection_pruning_default
FNDA:1,_RNvNtNtCsk6zXnftdXdR_17sqlrustgo_planner9optimizer5testss_32test_constant_folding_projection
FNDA:1,_RNvNtNtCsk6zXnftdXdR_17sqlrustgo_planner9optimizer5testss_32test_noop_optimizer_returns_plan
FNDA:1,_RNvNtNtCsk6zXnftdXdR_17sqlrustgo_planner9optimizer5testss_33test_constant_folding_unary_minus
FNDA:1,_RNvNtNtCsk6zXnftdXdR_17sqlrustgo_planner9optimizer5testss_33test_default_optimizer_iterations
FNDA:1,_RNvNtNtCsk6zXnftdXdR_17sqlrustgo_planner9optimizer5testss_33test_default_optimizer_with_rules
FNDA:1,_RNvNtNtCsk6zXnftdXdR_17sqlrustgo_planner9optimizer5testss_33test_predicate_pushdown_with_sort
FNDA:1,_RNvNtNtCsk6zXnftdXdR_17sqlrustgo_planner9optimizer5testss_33test_projection_pruning_aggregate
FNDA:1,_RNvNtNtCsk6zXnftdXdR_17sqlrustgo_planner9optimizer5testss_34test_eval_unary_op_not_implemented
FNDA:1,_RNvNtNtCsk6zXnftdXdR_17sqlrustgo_planner9optimizer5testss_34test_predicate_pushdown_projection
FNDA:1,_RNvNtNtCsk6zXnftdXdR_17sqlrustgo_planner9optimizer5testss_34test_predicate_pushdown_with_limit
FNDA:1,_RNvNtNtCsk6zXnftdXdR_17sqlrustgo_planner9optimizer5testss_35test_constant_folding_default_trait
FNDA:1,_RNvNtNtCsk6zXnftdXdR_17sqlrustgo_planner9optimizer5testss_36test_default_optimizer_default_trait
FNDA:1,_RNvNtNtCsk6zXnftdXdR_17sqlrustgo_planner9optimizer5testss_37test_predicate_pushdown_default_trait
FNDA:1,_RNvNtNtCsk6zXnftdXdR_17sqlrustgo_planner9optimizer5testss_38test_predicate_pushdown_with_aggregate
FNDA:1,_RNvNtNtCsk6zXnftdXdR_17sqlrustgo_planner9optimizer5testss_39test_collect_columns_aggregate_function
FNDA:1,_RNvNtNtCsk6zXnftdXdR_17sqlrustgo_planner9optimizer5testss_39test_constant_folding_unary_not_literal
FNDA:1,_RNvNtNtCsk6zXnftdXdR_17sqlrustgo_planner9optimizer5testss_39test_default_optimizer_with_empty_rules
FNDA:1,_RNvNtNtCsk6zXnftdXdR_17sqlrustgo_planner9optimizer5testss_39test_eval_binary_op_integer_comparisons
FNDA:1,_RNvNtNtCsk6zXnftdXdR_17sqlrustgo_planner9optimizer5testss_39test_projection_pruning_with_projection
FNDA:1,_RNvNtNtCsk6zXnftdXdR_17sqlrustgo_planner9optimizer5testss_42test_predicate_pushdown_join_can_push_left
FNDA:1,_RNvNtNtCsk6zXnftdXdR_17sqlrustgo_planner9optimizer5testss_43test_predicate_pushdown_join_can_push_right
FNDA:1,_RNvNtNtCsk6zXnftdXdR_17sqlrustgo_planner9optimizer5testss_43test_predicate_pushdown_with_join_condition
FNDA:1,_RNvNtNtCsk6zXnftdXdR_17sqlrustgo_planner9optimizer5testss_44test_predicate_pushdown_filter_on_table_scan
FNDA:1,_RNvNtNtCsk6zXnftdXdR_17sqlrustgo_planner9optimizer5testss_44test_predicate_pushdown_join_left_right_push
FNDA:1,_RNvNtNtCsk6zXnftdXdR_17sqlrustgo_planner9optimizer5testss_45test_projection_pruning_projection_table_scan
FNDA:1,_RNvNtNtCsk6zXnftdXdR_17sqlrustgo_planner9optimizer5testss_46test_constant_folding_binary_not_both_literals
FNDA:1,_RNvNtNtCsk6zXnftdXdR_17sqlrustgo_planner9optimizer5testss_46test_constant_folding_with_literal_expressions
FNF:97
FNH:93
DA:38,10
DA:39,10
DA:40,10
DA:43,37
DA:44,37
DA:45,17
DA:47,17
DA:49,11
DA:50,6
DA:53,6
DA:55,1
DA:57,1
DA:58,1
DA:59,1
DA:60,1
DA:61,1
DA:62,1
DA:64,0
DA:65,5
DA:68,10
DA:69,1
DA:71,0
DA:72,0
DA:73,0
DA:74,0
DA:76,0
DA:77,0
DA:78,0
DA:79,0
DA:80,0
DA:81,0
DA:82,0
DA:83,0
DA:84,0
DA:85,0
DA:86,0
DA:87,0
DA:89,1
DA:90,1
DA:91,7
DA:93,37
DA:95,3
DA:96,3
DA:97,3
DA:99,3
DA:100,3
DA:101,3
DA:105,1
DA:106,1
DA:107,1
DA:111,2
DA:112,2
DA:113,2
DA:115,25
DA:116,25
DA:117,25
DA:124,9
DA:125,9
DA:126,9
DA:128,47
DA:129,47
DA:131,13
DA:132,13
DA:135,13
DA:136,13
DA:137,2
DA:138,2
DA:139,2
DA:140,0
DA:141,11
DA:142,11
DA:144,11
DA:145,1
DA:146,1
DA:147,1
DA:148,1
DA:149,1
DA:151,1
DA:152,1
DA:153,19
DA:155,47
DA:157,16
DA:158,16
DA:159,16
DA:160,16
DA:161,16
DA:162,16
DA:163,16
DA:165,39
DA:166,39
DA:167,6
DA:168,10
DA:169,10
DA:170,10
DA:171,10
DA:172,1
DA:173,1
DA:174,1
DA:175,1
DA:176,1
DA:178,1
DA:179,20
DA:181,39
DA:185,1
DA:186,1
DA:187,1
DA:191,3
DA:192,3
DA:193,3
DA:195,21
DA:196,21
DA:197,21
DA:208,19
DA:209,19
DA:210,19
DA:211,19
DA:212,19
DA:213,19
DA:215,7
DA:216,7
DA:217,7
DA:221,1
DA:222,1
DA:223,1
DA:230,12
DA:231,12
DA:232,12
DA:234,32
DA:235,32
DA:236,3
DA:237,3
DA:238,3
DA:239,3
DA:240,3
DA:241,0
DA:242,0
DA:244,15
DA:245,15
DA:246,15
DA:247,15
DA:248,15
DA:249,13
DA:250,13
DA:252,15
DA:254,1
DA:255,1
DA:256,1
DA:257,1
DA:258,1
DA:260,1
DA:261,1
DA:262,10
DA:264,32
DA:266,52
DA:267,52
DA:268,16
DA:269,16
DA:270,16
DA:271,16
DA:272,15
DA:273,15
DA:274,15
DA:275,0
DA:276,0
DA:277,1
DA:278,1
DA:279,1
DA:280,1
DA:281,1
DA:282,1
DA:284,2
DA:285,2
DA:286,2
DA:287,1
DA:288,1
DA:289,0
DA:290,1
DA:291,1
DA:292,1
DA:293,1
DA:294,1
DA:296,34
DA:298,52
DA:300,25
DA:301,25
DA:302,25
DA:303,25
DA:304,25
DA:305,25
DA:308,25
DA:309,14
DA:310,0
DA:311,1
DA:312,1
DA:314,0
DA:315,0
DA:316,0
DA:317,0
DA:318,3
DA:319,3
DA:320,4
DA:322,25
DA:324,5
DA:325,5
DA:326,5
DA:327,5
DA:328,5
DA:331,5
DA:332,1
DA:333,1
DA:334,3
DA:336,5
DA:340,1
DA:341,1
DA:342,1
DA:346,2
DA:347,2
DA:348,2
DA:350,25
DA:351,25
DA:352,25
DA:363,28
DA:364,28
DA:365,28
DA:366,28
DA:367,28
DA:369,28
DA:370,28
DA:371,28
DA:372,28
DA:373,28
DA:374,28
DA:376,3
DA:377,3
DA:378,3
DA:379,3
DA:380,3
DA:381,3
DA:382,3
DA:384,0
DA:385,0
DA:386,0
DA:387,0
DA:389,0
DA:390,0
DA:391,0
DA:392,0
DA:394,0
DA:395,0
DA:396,0
DA:400,1
DA:401,1
DA:402,1
DA:406,5
DA:407,5
DA:408,5
DA:409,5
DA:411,19
DA:412,14
DA:413,39
DA:414,39
DA:415,10
DA:416,29
DA:418,14
DA:421,5
DA:422,5
DA:429,23
DA:430,23
DA:431,23
DA:435,0
DA:436,0
DA:437,0
DA:441,2
DA:442,2
DA:443,2
DA:454,1
DA:455,1
DA:456,1
DA:457,1
DA:460,1
DA:461,1
DA:462,1
DA:463,1
DA:464,1
DA:465,1
DA:466,1
DA:467,1
DA:468,1
DA:469,1
DA:470,1
DA:473,1
DA:474,1
DA:475,1
DA:476,1
DA:479,1
DA:480,1
DA:481,1
DA:482,1
DA:483,1
DA:484,1
DA:485,1
DA:486,1
DA:487,1
DA:488,1
DA:489,1
DA:492,1
DA:493,1
DA:494,1
DA:495,1
DA:498,1
DA:499,1
DA:500,1
DA:501,1
DA:502,1
DA:503,1
DA:504,1
DA:505,1
DA:506,1
DA:507,1
DA:508,1
DA:511,1
DA:512,1
DA:513,1
DA:514,1
DA:517,1
DA:518,1
DA:519,1
DA:520,1
DA:523,1
DA:524,1
DA:525,1
DA:526,1
DA:527,1
DA:528,1
DA:529,1
DA:530,1
DA:531,1
DA:532,1
DA:533,1
DA:536,1
DA:537,1
DA:538,1
DA:539,1
DA:540,1
DA:541,1
DA:542,1
DA:543,1
DA:544,1
DA:545,1
DA:546,1
DA:549,1
DA:550,1
DA:551,1
DA:552,1
DA:555,1
DA:556,1
DA:557,1
DA:559,1
DA:560,1
DA:561,1
DA:562,1
DA:565,1
DA:566,1
DA:567,1
DA:568,1
DA:569,1
DA:572,1
DA:573,1
DA:574,1
DA:575,1
DA:576,1
DA:577,1
DA:580,1
DA:581,1
DA:582,1
DA:583,1
DA:586,1
DA:587,1
DA:588,1
DA:589,1
DA:592,1
DA:593,1
DA:594,1
DA:595,1
DA:598,1
DA:600,1
DA:601,1
DA:604,1
DA:605,1
DA:606,1
DA:607,1
DA:608,1
DA:609,1
DA:610,1
DA:611,1
DA:612,1
DA:613,1
DA:614,1
DA:615,1
DA:616,1
DA:617,1
DA:618,1
DA:619,1
DA:621,1
DA:622,1
DA:623,1
DA:624,1
DA:627,1
DA:629,1
DA:632,1
DA:633,1
DA:634,1
DA:635,1
DA:636,1
DA:637,1
DA:638,1
DA:639,1
DA:640,1
DA:641,1
DA:643,1
DA:644,1
DA:645,1
DA:646,1
DA:647,1
DA:648,1
DA:649,1
DA:650,1
DA:651,1
DA:652,1
DA:653,1
DA:654,1
DA:655,1
DA:656,1
DA:657,1
DA:658,1
DA:659,1
DA:661,1
DA:662,1
DA:663,1
DA:666,1
DA:668,1
DA:669,1
DA:671,1
DA:672,1
DA:673,1
DA:674,1
DA:675,1
DA:676,1
DA:677,1
DA:678,1
DA:679,1
DA:680,1
DA:681,1
DA:682,1
DA:683,1
DA:684,1
DA:685,1
DA:686,1
DA:687,1
DA:688,1
DA:689,1
DA:691,1
DA:692,1
DA:693,1
DA:696,1
DA:698,1
DA:699,1
DA:701,1
DA:702,1
DA:703,1
DA:704,1
DA:705,1
DA:706,1
DA:707,1
DA:708,1
DA:709,1
DA:710,1
DA:711,1
DA:712,1
DA:713,1
DA:714,1
DA:715,1
DA:716,1
DA:718,1
DA:719,1
DA:720,1
DA:723,1
DA:724,1
DA:725,1
DA:728,1
DA:729,1
DA:730,1
DA:731,1
DA:732,1
DA:733,1
DA:734,1
DA:735,1
DA:736,1
DA:738,1
DA:739,1
DA:740,1
DA:741,1
DA:744,1
DA:745,1
DA:746,1
DA:749,1
DA:750,1
DA:751,1
DA:752,1
DA:753,1
DA:754,1
DA:755,1
DA:756,1
DA:757,1
DA:758,1
DA:759,1
DA:760,1
DA:762,1
DA:763,1
DA:764,1
DA:767,1
DA:768,1
DA:770,1
DA:771,1
DA:772,1
DA:773,1
DA:774,1
DA:775,1
DA:776,1
DA:777,1
DA:778,1
DA:779,1
DA:781,1
DA:782,1
DA:783,1
DA:784,1
DA:785,1
DA:786,1
DA:788,1
DA:789,1
DA:790,1
DA:793,1
DA:795,1
DA:798,1
DA:799,1
DA:800,1
DA:801,1
DA:802,1
DA:803,1
DA:804,1
DA:805,1
DA:806,1
DA:807,1
DA:808,1
DA:809,1
DA:811,1
DA:812,1
DA:813,1
DA:814,1
DA:817,1
DA:819,1
DA:822,1
DA:823,1
DA:824,1
DA:825,1
DA:826,1
DA:827,1
DA:828,1
DA:829,1
DA:830,1
DA:831,1
DA:832,1
DA:833,1
DA:834,1
DA:836,1
DA:837,1
DA:838,1
DA:839,1
DA:842,1
DA:844,1
DA:846,1
DA:847,1
DA:848,1
DA:849,1
DA:850,1
DA:851,1
DA:852,1
DA:853,1
DA:854,1
DA:855,1
DA:856,1
DA:857,1
DA:858,1
DA:859,1
DA:860,1
DA:861,1
DA:862,1
DA:864,1
DA:865,1
DA:866,1
DA:867,1
DA:868,1
DA:869,1
DA:871,1
DA:872,1
DA:873,1
DA:876,1
DA:878,1
DA:879,1
DA:881,1
DA:882,1
DA:883,1
DA:884,1
DA:885,1
DA:886,1
DA:887,1
DA:888,1
DA:889,1
DA:890,1
DA:891,1
DA:892,1
DA:893,1
DA:894,1
DA:895,1
DA:896,1
DA:898,1
DA:899,1
DA:900,1
DA:903,1
DA:905,1
DA:906,1
DA:908,1
DA:909,1
DA:910,1
DA:911,1
DA:912,1
DA:913,1
DA:914,1
DA:915,1
DA:916,1
DA:917,1
DA:918,1
DA:919,1
DA:920,1
DA:921,1
DA:922,1
DA:923,1
DA:925,1
DA:926,1
DA:927,1
DA:930,1
DA:931,1
DA:932,1
DA:935,1
DA:936,1
DA:937,1
DA:938,1
DA:939,1
DA:940,1
DA:941,1
DA:942,1
DA:943,1
DA:944,1
DA:945,1
DA:946,1
DA:947,1
DA:948,1
DA:949,1
DA:950,1
DA:951,1
DA:952,1
DA:953,1
DA:954,1
DA:956,1
DA:957,1
DA:958,1
DA:961,1
DA:962,1
DA:963,1
DA:966,1
DA:967,1
DA:968,1
DA:969,1
DA:970,1
DA:971,1
DA:972,1
DA:973,1
DA:974,1
DA:975,1
DA:976,1
DA:978,1
DA:979,1
DA:980,1
DA:981,1
DA:984,1
DA:985,1
DA:986,1
DA:988,1
DA:989,1
DA:990,1
DA:991,1
DA:992,1
DA:993,1
DA:994,1
DA:995,1
DA:996,1
DA:997,1
DA:998,1
DA:999,1
DA:1001,1
DA:1002,1
DA:1003,1
DA:1004,1
DA:1007,1
DA:1008,1
DA:1009,1
DA:1011,1
DA:1012,1
DA:1013,1
DA:1014,1
DA:1015,1
DA:1016,1
DA:1017,1
DA:1018,1
DA:1019,1
DA:1021,1
DA:1022,1
DA:1023,1
DA:1024,1
DA:1027,1
DA:1028,1
DA:1029,1
DA:1032,1
DA:1033,1
DA:1036,1
DA:1037,1
DA:1040,1
DA:1041,1
DA:1042,1
DA:1045,1
DA:1046,1
DA:1049,1
DA:1050,1
DA:1053,1
DA:1054,1
DA:1057,1
DA:1058,1
DA:1059,1
DA:1062,1
DA:1063,1
DA:1064,1
DA:1065,1
DA:1066,1
DA:1069,1
DA:1070,1
DA:1071,1
DA:1072,1
DA:1073,1
DA:1074,1
DA:1075,1
DA:1076,1
DA:1077,1
DA:1079,1
DA:1080,1
DA:1081,1
DA:1082,1
DA:1085,1
DA:1086,1
DA:1087,1
DA:1088,1
DA:1091,1
DA:1092,1
DA:1093,1
DA:1096,1
DA:1097,1
DA:1098,1
DA:1099,1
DA:1100,1
DA:1101,1
DA:1102,1
DA:1103,1
DA:1104,1
DA:1105,1
DA:1106,1
DA:1107,1
DA:1108,1
DA:1110,1
DA:1111,1
DA:1112,1
DA:1113,1
DA:1116,1
DA:1117,1
DA:1118,1
DA:1120,1
DA:1121,1
DA:1122,1
DA:1123,1
DA:1124,1
DA:1125,1
DA:1126,1
DA:1127,1
DA:1128,1
DA:1129,1
DA:1130,1
DA:1131,1
DA:1133,1
DA:1134,1
DA:1135,1
DA:1136,1
DA:1139,1
DA:1140,1
DA:1141,1
DA:1143,1
DA:1144,1
DA:1145,1
DA:1146,1
DA:1147,1
DA:1149,1
DA:1150,1
DA:1151,1
DA:1152,1
DA:1155,1
DA:1156,1
DA:1157,1
DA:1159,1
DA:1160,1
DA:1161,1
DA:1162,1
DA:1163,1
DA:1165,1
DA:1166,1
DA:1167,1
DA:1172,1
DA:1174,1
DA:1175,1
DA:1176,1
DA:1179,1
DA:1180,1
DA:1181,1
DA:1182,1
DA:1183,1
DA:1185,1
DA:1186,1
DA:1187,1
DA:1188,1
DA:1189,1
DA:1191,1
DA:1192,1
DA:1193,1
DA:1194,1
DA:1195,1
DA:1196,1
DA:1197,1
DA:1198,1
DA:1199,1
DA:1200,1
DA:1202,1
DA:1203,1
DA:1204,1
DA:1205,1
DA:1206,1
DA:1207,1
DA:1208,1
DA:1209,1
DA:1211,1
DA:1212,1
DA:1213,1
DA:1214,1
DA:1217,1
DA:1219,1
DA:1220,1
DA:1221,1
DA:1222,1
DA:1223,1
DA:1224,1
DA:1225,1
DA:1226,1
DA:1227,1
DA:1230,1
DA:1232,1
DA:1233,1
DA:1235,1
DA:1236,1
DA:1237,1
DA:1238,1
DA:1239,1
DA:1240,1
DA:1241,1
DA:1242,1
DA:1243,1
DA:1244,1
DA:1245,1
DA:1247,1
DA:1248,1
DA:1249,1
DA:1250,1
DA:1253,1
DA:1255,1
DA:1256,1
DA:1257,1
DA:1259,1
DA:1260,1
DA:1261,1
DA:1262,1
DA:1263,1
DA:1264,1
DA:1265,1
DA:1266,1
DA:1267,1
DA:1268,1
DA:1269,1
DA:1270,1
DA:1272,1
DA:1273,1
DA:1274,1
DA:1277,1
DA:1279,1
DA:1280,1
DA:1281,1
DA:1283,1
DA:1284,1
DA:1285,1
DA:1286,1
DA:1287,1
DA:1288,1
DA:1289,1
DA:1290,1
DA:1291,1
DA:1293,1
DA:1294,1
DA:1295,1
DA:1298,1
DA:1300,1
DA:1301,1
DA:1302,1
DA:1303,1
DA:1304,1
DA:1305,1
DA:1306,1
DA:1307,1
DA:1310,1
DA:1313,1
DA:1314,1
DA:1315,1
DA:1316,1
DA:1317,1
DA:1318,1
DA:1319,1
DA:1320,1
DA:1321,1
DA:1324,1
DA:1326,1
DA:1327,1
DA:1328,1
DA:1329,1
DA:1330,1
DA:1331,1
DA:1332,1
DA:1333,1
DA:1336,1
DA:1338,1
DA:1339,1
DA:1340,1
DA:1343,1
DA:1345,1
DA:1346,1
DA:1348,1
DA:1349,1
DA:1350,1
DA:1351,1
DA:1352,1
DA:1353,1
DA:1354,1
DA:1355,1
DA:1356,1
DA:1357,1
DA:1358,1
DA:1360,1
DA:1361,1
DA:1362,1
DA:1365,1
DA:1367,1
DA:1368,1
DA:1369,1
DA:1370,1
DA:1373,1
DA:1374,1
DA:1375,1
DA:1376,1
DA:1377,1
DA:1378,1
DA:1379,1
DA:1380,1
DA:1381,1
DA:1382,1
DA:1383,1
DA:1384,1
DA:1385,1
DA:1387,1
DA:1388,1
DA:1389,1
DA:1392,1
DA:1394,1
DA:1395,1
DA:1397,1
DA:1398,1
DA:1399,1
DA:1400,1
DA:1401,1
DA:1402,1
DA:1403,1
DA:1404,1
DA:1405,1
DA:1406,1
DA:1407,1
DA:1408,1
DA:1410,1
DA:1411,1
DA:1412,1
DA:1415,1
DA:1420,1
DA:1423,1
DA:1424,1
DA:1427,1
DA:1428,1
DA:1431,1
DA:1432,1
DA:1433,1
DA:1434,1
DA:1437,1
DA:1442,1
DA:1444,1
DA:1445,1
DA:1447,1
DA:1448,1
DA:1451,1
DA:1452,1
DA:1453,1
DA:1456,1
DA:1461,1
DA:1464,1
DA:1465,1
DA:1468,1
DA:1469,1
DA:1472,1
DA:1473,1
DA:1476,1
DA:1477,1
DA:1478,1
DA:1481,1
DA:1483,1
DA:1484,1
DA:1485,1
DA:1486,1
DA:1487,1
DA:1488,1
DA:1489,1
DA:1490,1
DA:1491,1
DA:1494,1
DA:1496,1
DA:1497,1
DA:1498,1
DA:1499,1
DA:1500,1
DA:1501,1
DA:1502,1
DA:1503,1
DA:1504,1
DA:1505,1
DA:1506,1
DA:1509,1
DA:1512,1
DA:1515,1
DA:1516,1
DA:1517,1
DA:1518,1
DA:1519,1
DA:1520,1
DA:1521,1
DA:1522,1
DA:1523,1
DA:1524,1
DA:1525,1
DA:1526,1
DA:1528,1
DA:1529,1
DA:1531,1
DA:1532,1
DA:1535,1
DA:1537,1
DA:1538,1
DA:1539,1
DA:1542,1
DA:1543,1
DA:1544,1
DA:1545,1
DA:1546,1
DA:1548,1
DA:1549,1
DA:1550,1
DA:1551,1
DA:1552,1
DA:1555,1
DA:1556,1
DA:1557,1
DA:1558,1
DA:1559,1
DA:1560,1
DA:1561,1
DA:1562,1
DA:1563,1
DA:1564,1
DA:1567,1
DA:1568,1
DA:1569,1
DA:1570,1
DA:1571,1
DA:1572,1
DA:1573,1
DA:1574,1
DA:1576,1
DA:1577,1
DA:1578,1
DA:1579,1
DA:1582,1
DA:1587,1
DA:1589,1
DA:1590,1
DA:1592,1
DA:1593,1
DA:1594,1
DA:1597,1
DA:1602,1
DA:1604,1
DA:1605,1
DA:1607,1
DA:1608,1
DA:1609,1
BRF:0
BRH:0
LF:1139
LH:1097
end_of_record
SF:/home/openclaw/dev/yinglichina8848/sqlrustgo/crates/planner/src/physical_plan.rs
FN:1480,_RNvNtNtCsk6zXnftdXdR_17sqlrustgo_planner13physical_plan5testss_14test_sort_exec
FN:1496,_RNvNtNtCsk6zXnftdXdR_17sqlrustgo_planner13physical_plan5testss_15test_limit_exec
FN:3921,_RNvNtNtCsk6zXnftdXdR_17sqlrustgo_planner13physical_plan5testss_16test_exists_exec
FN:1424,_RNvNtNtCsk6zXnftdXdR_17sqlrustgo_planner13physical_plan5testss_16test_filter_exec
FN:1392,_RNvNtNtCsk6zXnftdXdR_17sqlrustgo_planner13physical_plan5testss_18test_seq_scan_exec
FN:1582,_RNvNtNtCsk6zXnftdXdR_17sqlrustgo_planner13physical_plan5testss_18test_sort_exec_new
FN:1439,_RNvNtNtCsk6zXnftdXdR_17sqlrustgo_planner13physical_plan5testss_19test_aggregate_exec
FN:1456,_RNvNtNtCsk6zXnftdXdR_17sqlrustgo_planner13physical_plan5testss_19test_hash_join_exec
FN:2175,_RNvNtNtCsk6zXnftdXdR_17sqlrustgo_planner13physical_plan5testss_19test_limit_exec_new
FN:1413,_RNvNtNtCsk6zXnftdXdR_17sqlrustgo_planner13physical_plan5testss_20test_projection_exec
FN:3908,_RNvNtNtCsk6zXnftdXdR_17sqlrustgo_planner13physical_plan5testss_21test_in_subquery_exec
FN:2334,_RNvNtNtCsk6zXnftdXdR_17sqlrustgo_planner13physical_plan5testss_21test_sort_exec_as_any
FN:1590,_RNvNtNtCsk6zXnftdXdR_17sqlrustgo_planner13physical_plan5testss_21test_sort_exec_schema
FN:2361,_RNvNtNtCsk6zXnftdXdR_17sqlrustgo_planner13physical_plan5testss_22test_limit_exec_as_any
FN:1869,_RNvNtNtCsk6zXnftdXdR_17sqlrustgo_planner13physical_plan5testss_22test_sort_exec_execute
FN:2317,_RNvNtNtCsk6zXnftdXdR_17sqlrustgo_planner13physical_plan5testss_22test_sort_exec_getters
FN:3793,_RNvNtNtCsk6zXnftdXdR_17sqlrustgo_planner13physical_plan5testss_22test_sort_exec_methods
FN:1980,_RNvNtNtCsk6zXnftdXdR_17sqlrustgo_planner13physical_plan5testss_23test_aggregate_exec_avg
FN:1961,_RNvNtNtCsk6zXnftdXdR_17sqlrustgo_planner13physical_plan5testss_23test_aggregate_exec_max
FN:1942,_RNvNtNtCsk6zXnftdXdR_17sqlrustgo_planner13physical_plan5testss_23test_aggregate_exec_min
FN:1551,_RNvNtNtCsk6zXnftdXdR_17sqlrustgo_planner13physical_plan5testss_23test_aggregate_exec_new
FN:1663,_RNvNtNtCsk6zXnftdXdR_17sqlrustgo_planner13physical_plan5testss_23test_aggregate_exec_sum
FN:1533,_RNvNtNtCsk6zXnftdXdR_17sqlrustgo_planner13physical_plan5testss_23test_filter_exec_schema
FN:1884,_RNvNtNtCsk6zXnftdXdR_17sqlrustgo_planner13physical_plan5testss_23test_limit_exec_execute
FN:2348,_RNvNtNtCsk6zXnftdXdR_17sqlrustgo_planner13physical_plan5testss_23test_limit_exec_getters
FN:3807,_RNvNtNtCsk6zXnftdXdR_17sqlrustgo_planner13physical_plan5testss_23test_limit_exec_methods
FN:3952,_RNvNtNtCsk6zXnftdXdR_17sqlrustgo_planner13physical_plan5testss_23test_set_operation_exec
FN:2145,_RNvNtNtCsk6zXnftdXdR_17sqlrustgo_planner13physical_plan5testss_23test_sort_exec_children
FN:1768,_RNvNtNtCsk6zXnftdXdR_17sqlrustgo_planner13physical_plan5testss_24test_filter_exec_execute
FN:2229,_RNvNtNtCsk6zXnftdXdR_17sqlrustgo_planner13physical_plan5testss_24test_filter_exec_getters
FN:3846,_RNvNtNtCsk6zXnftdXdR_17sqlrustgo_planner13physical_plan5testss_24test_index_scan_exec_new
FN:2195,_RNvNtNtCsk6zXnftdXdR_17sqlrustgo_planner13physical_plan5testss_24test_limit_exec_children
FN:2159,_RNvNtNtCsk6zXnftdXdR_17sqlrustgo_planner13physical_plan5testss_24test_sort_exec_execute_2
FN:1542,_RNvNtNtCsk6zXnftdXdR_17sqlrustgo_planner13physical_plan5testss_25test_filter_exec_children
FN:2204,_RNvNtNtCsk6zXnftdXdR_17sqlrustgo_planner13physical_plan5testss_25test_limit_exec_execute_2
FN:2186,_RNvNtNtCsk6zXnftdXdR_17sqlrustgo_planner13physical_plan5testss_25test_limit_exec_no_offset
FN:3735,_RNvNtNtCsk6zXnftdXdR_17sqlrustgo_planner13physical_plan5testss_25test_projection_exec_expr
FN:3896,_RNvNtNtCsk6zXnftdXdR_17sqlrustgo_planner13physical_plan5testss_25test_scalar_subquery_exec
FN:2370,_RNvNtNtCsk6zXnftdXdR_17sqlrustgo_planner13physical_plan5testss_26test_aggregate_exec_as_any
FN:1559,_RNvNtNtCsk6zXnftdXdR_17sqlrustgo_planner13physical_plan5testss_26test_aggregate_exec_schema
FN:3933,_RNvNtNtCsk6zXnftdXdR_17sqlrustgo_planner13physical_plan5testss_26test_any_all_subquery_exec
FN:3745,_RNvNtNtCsk6zXnftdXdR_17sqlrustgo_planner13physical_plan5testss_26test_filter_exec_predicate
FN:3025,_RNvNtNtCsk6zXnftdXdR_17sqlrustgo_planner13physical_plan5testss_26test_filter_exec_with_less
FN:2610,_RNvNtNtCsk6zXnftdXdR_17sqlrustgo_planner13physical_plan5testss_26test_hash_join_exec_as_any
FN:2301,_RNvNtNtCsk6zXnftdXdR_17sqlrustgo_planner13physical_plan5testss_26test_hash_join_exec_schema
FN:1612,_RNvNtNtCsk6zXnftdXdR_17sqlrustgo_planner13physical_plan5testss_26test_projection_exec_alias
FN:1807,_RNvNtNtCsk6zXnftdXdR_17sqlrustgo_planner13physical_plan5testss_27test_aggregate_exec_execute
FN:2244,_RNvNtNtCsk6zXnftdXdR_17sqlrustgo_planner13physical_plan5testss_27test_aggregate_exec_getters
FN:3759,_RNvNtNtCsk6zXnftdXdR_17sqlrustgo_planner13physical_plan5testss_27test_aggregate_exec_methods
FN:1823,_RNvNtNtCsk6zXnftdXdR_17sqlrustgo_planner13physical_plan5testss_27test_hash_join_exec_execute
FN:2263,_RNvNtNtCsk6zXnftdXdR_17sqlrustgo_planner13physical_plan5testss_27test_hash_join_exec_getters
FN:3770,_RNvNtNtCsk6zXnftdXdR_17sqlrustgo_planner13physical_plan5testss_27test_hash_join_exec_methods
FN:1507,_RNvNtNtCsk6zXnftdXdR_17sqlrustgo_planner13physical_plan5testss_27test_limit_exec_with_offset
FN:1598,_RNvNtNtCsk6zXnftdXdR_17sqlrustgo_planner13physical_plan5testss_27test_projection_exec_column
FN:1517,_RNvNtNtCsk6zXnftdXdR_17sqlrustgo_planner13physical_plan5testss_27test_projection_exec_schema
FN:1682,_RNvNtNtCsk6zXnftdXdR_17sqlrustgo_planner13physical_plan5testss_28test_aggregate_exec_group_by
FN:2086,_RNvNtNtCsk6zXnftdXdR_17sqlrustgo_planner13physical_plan5testss_28test_filter_exec_evaluate_lt
FN:1567,_RNvNtNtCsk6zXnftdXdR_17sqlrustgo_planner13physical_plan5testss_28test_hash_join_exec_children
FN:3880,_RNvNtNtCsk6zXnftdXdR_17sqlrustgo_planner13physical_plan5testss_28test_index_scan_exec_execute
FN:1736,_RNvNtNtCsk6zXnftdXdR_17sqlrustgo_planner13physical_plan5testss_28test_projection_exec_execute
FN:2216,_RNvNtNtCsk6zXnftdXdR_17sqlrustgo_planner13physical_plan5testss_28test_projection_exec_getters
FN:3113,_RNvNtNtCsk6zXnftdXdR_17sqlrustgo_planner13physical_plan5testss_29test_aggregate_exec_avg_float
FN:3153,_RNvNtNtCsk6zXnftdXdR_17sqlrustgo_planner13physical_plan5testss_29test_aggregate_exec_max_float
FN:3133,_RNvNtNtCsk6zXnftdXdR_17sqlrustgo_planner13physical_plan5testss_29test_aggregate_exec_min_float
FN:3093,_RNvNtNtCsk6zXnftdXdR_17sqlrustgo_planner13physical_plan5testss_29test_aggregate_exec_sum_float
FN:2071,_RNvNtNtCsk6zXnftdXdR_17sqlrustgo_planner13physical_plan5testss_29test_filter_exec_evaluate_gte
FN:2101,_RNvNtNtCsk6zXnftdXdR_17sqlrustgo_planner13physical_plan5testss_29test_filter_exec_evaluate_neq
FN:1999,_RNvNtNtCsk6zXnftdXdR_17sqlrustgo_planner13physical_plan5testss_29test_hash_join_exec_left_join
FN:1525,_RNvNtNtCsk6zXnftdXdR_17sqlrustgo_planner13physical_plan5testss_29test_projection_exec_children
FN:1721,_RNvNtNtCsk6zXnftdXdR_17sqlrustgo_planner13physical_plan5testss_29test_seq_scan_exec_projection
FN:3727,_RNvNtNtCsk6zXnftdXdR_17sqlrustgo_planner13physical_plan5testss_29test_seq_scan_exec_table_name
FN:2131,_RNvNtNtCsk6zXnftdXdR_17sqlrustgo_planner13physical_plan5testss_29test_sort_exec_with_sort_expr
FN:3621,_RNvNtNtCsk6zXnftdXdR_17sqlrustgo_planner13physical_plan5testss_30test_aggregate_count_with_args
FN:1625,_RNvNtNtCsk6zXnftdXdR_17sqlrustgo_planner13physical_plan5testss_30test_aggregate_exec_count_star
FN:2029,_RNvNtNtCsk6zXnftdXdR_17sqlrustgo_planner13physical_plan5testss_30test_hash_join_exec_cross_join
FN:2117,_RNvNtNtCsk6zXnftdXdR_17sqlrustgo_planner13physical_plan5testss_30test_hash_join_exec_left_outer
FN:2014,_RNvNtNtCsk6zXnftdXdR_17sqlrustgo_planner13physical_plan5testss_30test_hash_join_exec_right_join
FN:3009,_RNvNtNtCsk6zXnftdXdR_17sqlrustgo_planner13physical_plan5testss_31test_filter_exec_with_not_equal
FN:2592,_RNvNtNtCsk6zXnftdXdR_17sqlrustgo_planner13physical_plan5testss_31test_projection_exec_with_alias
FN:1644,_RNvNtNtCsk6zXnftdXdR_17sqlrustgo_planner13physical_plan5testss_32test_aggregate_exec_count_column
FN:3041,_RNvNtNtCsk6zXnftdXdR_17sqlrustgo_planner13physical_plan5testss_32test_filter_exec_with_less_equal
FN:3689,_RNvNtNtCsk6zXnftdXdR_17sqlrustgo_planner13physical_plan5testss_33test_filter_evaluate_expr_literal
FN:1783,_RNvNtNtCsk6zXnftdXdR_17sqlrustgo_planner13physical_plan5testss_33test_filter_exec_execute_with_and
FN:3705,_RNvNtNtCsk6zXnftdXdR_17sqlrustgo_planner13physical_plan5testss_33test_hash_join_execute_inner_join
[...]
FN:94,_RNCNvMNtCsk6zXnftdXdR_17sqlrustgo_planner7plannerNtB4_14DefaultPlanner29create_physical_plan_internals_0B6_
FN:43,_RNCNvNtCsk6zXnftdXdR_17sqlrustgo_planner7planner16is_teaching_mode0B5_
FN:315,_RNCNvXs0_NtCsk6zXnftdXdR_17sqlrustgo_planner7plannerNtB7_14DefaultPlannerNtB7_7Planner8optimize0B9_
FN:319,_RNCNvXs0_NtCsk6zXnftdXdR_17sqlrustgo_planner7plannerNtB7_14DefaultPlannerNtB7_7Planner8optimizes_0B9_
FNDA:1,_RNvNtNtCsk6zXnftdXdR_17sqlrustgo_planner7planner5testss_17test_noop_planner
FNDA:1,_RNvNtNtCsk6zXnftdXdR_17sqlrustgo_planner7planner5testss_22test_default_optimizer
FNDA:1,_RNvNtNtCsk6zXnftdXdR_17sqlrustgo_planner7planner5testss_22test_planner_result_ok
FNDA:1,_RNvNtNtCsk6zXnftdXdR_17sqlrustgo_planner7planner5testss_23test_join_physical_plan
FNDA:1,_RNvNtNtCsk6zXnftdXdR_17sqlrustgo_planner7planner5testss_23test_planner_result_err
FNDA:1,_RNvNtNtCsk6zXnftdXdR_17sqlrustgo_planner7planner5testss_23test_sort_physical_plan
FNDA:1,_RNvNtNtCsk6zXnftdXdR_17sqlrustgo_planner7planner5testss_24test_limit_physical_plan
FNDA:1,_RNvNtNtCsk6zXnftdXdR_17sqlrustgo_planner7planner5testss_25test_delete_physical_plan
FNDA:1,_RNvNtNtCsk6zXnftdXdR_17sqlrustgo_planner7planner5testss_25test_filter_physical_plan
FNDA:1,_RNvNtNtCsk6zXnftdXdR_17sqlrustgo_planner7planner5testss_25test_noop_planner_default
FNDA:1,_RNvNtNtCsk6zXnftdXdR_17sqlrustgo_planner7planner5testss_25test_update_physical_plan
FNDA:1,_RNvNtNtCsk6zXnftdXdR_17sqlrustgo_planner7planner5testss_25test_values_physical_plan
FNDA:1,_RNvNtNtCsk6zXnftdXdR_17sqlrustgo_planner7planner5testss_26test_planner_error_display
FNDA:1,_RNvNtNtCsk6zXnftdXdR_17sqlrustgo_planner7planner5testss_27test_subquery_physical_plan
FNDA:1,_RNvNtNtCsk6zXnftdXdR_17sqlrustgo_planner7planner5testss_28test_aggregate_physical_plan
FNDA:1,_RNvNtNtCsk6zXnftdXdR_17sqlrustgo_planner7planner5testss_29test_default_planner_creation
FNDA:1,_RNvNtNtCsk6zXnftdXdR_17sqlrustgo_planner7planner5testss_29test_drop_table_physical_plan
FNDA:1,_RNvNtNtCsk6zXnftdXdR_17sqlrustgo_planner7planner5testss_29test_projection_physical_plan
FNDA:1,_RNvNtNtCsk6zXnftdXdR_17sqlrustgo_planner7planner5testss_29test_table_scan_physical_plan
FNDA:1,_RNvNtNtCsk6zXnftdXdR_17sqlrustgo_planner7planner5testss_31test_create_table_physical_plan
FNDA:1,_RNvNtNtCsk6zXnftdXdR_17sqlrustgo_planner7planner5testss_31test_table_scan_with_projection
FNDA:1,_RNvNtNtCsk6zXnftdXdR_17sqlrustgo_planner7planner5testss_32test_set_operation_physical_plan
FNDA:1,_RNvNtNtCsk6zXnftdXdR_17sqlrustgo_planner7planner5testss_33test_empty_relation_physical_plan
FNDA:1,_RNvNtNtCsk6zXnftdXdR_17sqlrustgo_planner7planner5testss_36test_limit_physical_plan_with_offset
FNDA:1,_RNvNtNtCsk6zXnftdXdR_17sqlrustgo_planner7planner5testss_38test_noop_planner_create_physical_plan
FNDA:1,_RNvNtNtCsk6zXnftdXdR_17sqlrustgo_planner7planner5testss_42test_aggregate_physical_plan_with_group_by
FNDA:1,_RNvNtNtCsk6zXnftdXdR_17sqlrustgo_planner7planner16additional_testss_21test_should_use_index
FNDA:1,_RNvNtNtCsk6zXnftdXdR_17sqlrustgo_planner7planner16additional_testss_27test_extract_join_keys_left
FNDA:1,_RNvNtNtCsk6zXnftdXdR_17sqlrustgo_planner7planner16additional_testss_27test_extract_join_keys_none
FNDA:1,_RNvNtNtCsk6zXnftdXdR_17sqlrustgo_planner7planner16additional_testss_28test_extract_join_keys_right
FNDA:1,_RNvNtNtCsk6zXnftdXdR_17sqlrustgo_planner7planner16additional_testss_39test_default_planner_with_teaching_mode
FNDA:0,_RNvXs_NtCsk6zXnftdXdR_17sqlrustgo_planner7plannerNtB4_14DefaultPlannerNtNtCs8nPosuWgJFh_4core7default7Default7default
FNDA:1,_RNvMNtCsk6zXnftdXdR_17sqlrustgo_planner7plannerNtB2_14DefaultPlanner18with_teaching_mode
FNDA:32,_RNvMNtCsk6zXnftdXdR_17sqlrustgo_planner7plannerNtB2_14DefaultPlanner29create_physical_plan_internal
FNDA:22,_RNvMNtCsk6zXnftdXdR_17sqlrustgo_planner7plannerNtB2_14DefaultPlanner3new
FNDA:3,_RNvMs1_NtCsk6zXnftdXdR_17sqlrustgo_planner7plannerNtB5_11NoOpPlanner3new
FNDA:22,_RNvNtCsk6zXnftdXdR_17sqlrustgo_planner7planner16is_teaching_mode
FNDA:16,_RNvNtCsk6zXnftdXdR_17sqlrustgo_planner7planner16should_use_index
FNDA:3,_RNvNtCsk6zXnftdXdR_17sqlrustgo_planner7planner17extract_join_keys
FNDA:2,_RNvNtCsk6zXnftdXdR_17sqlrustgo_planner7planner20estimate_output_rows
FNDA:1,_RNvNtCsk6zXnftdXdR_17sqlrustgo_planner7planner21select_join_algorithm
FNDA:20,_RNvXs0_NtCsk6zXnftdXdR_17sqlrustgo_planner7plannerNtB5_14DefaultPlannerNtB5_7Planner20create_physical_plan
FNDA:1,_RNvXs0_NtCsk6zXnftdXdR_17sqlrustgo_planner7plannerNtB5_14DefaultPlannerNtB5_7Planner8optimize
FNDA:1,_RNvXs2_NtCsk6zXnftdXdR_17sqlrustgo_planner7plannerNtB5_11NoOpPlannerNtNtCs8nPosuWgJFh_4core7default7Default7default
FNDA:1,_RNvXs3_NtCsk6zXnftdXdR_17sqlrustgo_planner7plannerNtB5_11NoOpPlannerNtB5_7Planner20create_physical_plan
FNDA:1,_RNvXs3_NtCsk6zXnftdXdR_17sqlrustgo_planner7plannerNtB5_11NoOpPlannerNtB5_7Planner8optimize
FNDA:0,_RNCNvMNtCsk6zXnftdXdR_17sqlrustgo_planner7plannerNtB4_14DefaultPlanner29create_physical_plan_internal0B6_
FNDA:0,_RNCNvMNtCsk6zXnftdXdR_17sqlrustgo_planner7plannerNtB4_14DefaultPlanner29create_physical_plan_internals_0B6_
FNDA:0,_RNCNvNtCsk6zXnftdXdR_17sqlrustgo_planner7planner16is_teaching_mode0B5_
FNDA:0,_RNCNvXs0_NtCsk6zXnftdXdR_17sqlrustgo_planner7plannerNtB7_14DefaultPlannerNtB7_7Planner8optimize0B9_
FNDA:0,_RNCNvXs0_NtCsk6zXnftdXdR_17sqlrustgo_planner7plannerNtB7_14DefaultPlannerNtB7_7Planner8optimizes_0B9_
FNF:51
FNH:45
DA:41,22
DA:42,22
DA:43,22
DA:44,22
DA:45,22
DA:55,22
DA:56,22
DA:57,22
DA:58,22
DA:59,22
DA:60,22
DA:61,22
DA:62,22
DA:65,1
DA:66,1
DA:67,1
DA:68,1
DA:69,1
DA:70,1
DA:71,1
DA:73,32
DA:74,32
DA:75,32
DA:76,32
DA:77,32
DA:79,15
DA:80,15
DA:81,15
DA:86,15
DA:88,15
DA:90,0
DA:91,0
DA:92,0
DA:93,0
DA:94,0
DA:95,0
DA:96,0
DA:97,0
DA:98,0
DA:99,0
DA:100,0
DA:101,0
DA:103,15
DA:104,15
DA:105,1
DA:106,14
DA:107,15
DA:111,1
DA:112,1
DA:113,1
DA:115,1
DA:116,1
DA:117,1
DA:118,1
DA:119,1
DA:120,1
DA:122,1
DA:124,1
DA:125,1
DA:126,1
DA:127,1
DA:129,1
DA:130,1
DA:131,1
DA:132,0
DA:133,1
DA:134,1
DA:135,0
DA:136,0
DA:137,0
DA:140,2
DA:141,2
DA:142,2
DA:143,2
DA:144,2
DA:146,2
DA:147,2
DA:148,2
DA:149,2
DA:150,2
DA:151,2
DA:152,2
DA:153,2
DA:156,1
DA:157,1
DA:158,1
DA:159,1
DA:161,1
DA:162,1
DA:165,1
DA:166,1
DA:169,1
DA:171,1
DA:173,1
DA:174,1
DA:175,0
DA:176,0
DA:177,0
DA:178,0
DA:179,0
DA:180,0
DA:181,0
DA:182,0
DA:183,0
DA:184,0
DA:185,0
DA:187,1
DA:188,1
DA:189,1
DA:190,1
DA:191,1
DA:192,1
DA:193,1
DA:196,1
DA:197,1
DA:198,1
DA:201,2
DA:202,2
DA:203,2
DA:205,2
DA:206,1
DA:208,0
DA:209,0
DA:210,0
DA:211,0
DA:213,0
DA:214,0
DA:215,0
DA:216,0
DA:217,0
DA:218,0
DA:219,0
DA:220,0
DA:221,1
DA:223,1
DA:224,1
DA:225,1
DA:226,1
DA:228,1
DA:229,1
DA:230,1
DA:231,0
DA:232,1
DA:233,1
DA:234,0
DA:235,1
DA:236,1
DA:237,1
DA:241,1
DA:243,1
DA:245,1
DA:251,2
DA:255,2
DA:257,2
DA:259,0
DA:260,0
DA:261,0
DA:262,0
DA:263,0
DA:265,0
DA:266,0
DA:268,0
DA:269,0
DA:270,0
DA:271,0
DA:272,0
DA:273,0
DA:274,0
DA:275,0
DA:278,1
DA:279,1
DA:280,1
DA:281,1
DA:283,1
DA:284,1
DA:285,1
DA:286,1
DA:287,1
DA:288,1
DA:289,1
DA:290,1
DA:293,32
DA:297,0
DA:298,0
DA:299,0
DA:303,20
DA:304,20
DA:305,20
DA:306,20
DA:307,20
DA:308,20
DA:310,1
DA:312,1
DA:313,0
DA:314,0
DA:315,0
DA:317,1
DA:318,1
DA:319,1
DA:323,1
DA:324,1
DA:331,3
DA:332,3
DA:333,3
DA:337,1
DA:338,1
DA:339,1
DA:343,1
DA:344,1
DA:345,1
DA:346,1
DA:347,1
DA:348,1
DA:349,1
DA:351,1
DA:352,1
DA:353,1
DA:354,1
DA:366,1
DA:367,1
DA:368,1
DA:369,1
DA:372,1
DA:373,1
DA:374,1
DA:375,1
DA:376,1
DA:377,1
DA:378,1
DA:380,1
DA:381,1
DA:383,1
DA:384,1
DA:385,1
DA:389,1
DA:390,1
DA:393,1
DA:394,1
DA:395,1
DA:396,1
DA:397,1
DA:398,1
DA:399,1
DA:401,1
DA:402,1
DA:403,1
DA:404,1
DA:405,1
DA:407,1
DA:408,1
DA:410,1
DA:411,1
DA:414,1
DA:415,1
DA:416,1
DA:417,1
DA:418,1
DA:419,1
DA:420,1
DA:422,1
DA:423,1
DA:424,1
DA:425,1
DA:426,1
DA:427,1
DA:428,1
DA:429,1
DA:431,1
DA:432,1
DA:434,1
DA:435,1
DA:438,1
DA:439,1
DA:440,1
DA:441,1
DA:442,1
DA:443,1
DA:444,1
DA:446,1
DA:447,1
DA:449,1
DA:450,1
DA:453,1
DA:454,1
DA:456,1
DA:457,1
DA:458,1
DA:459,1
DA:460,1
DA:462,1
DA:463,1
DA:464,1
DA:465,1
DA:466,1
DA:468,1
DA:469,1
DA:470,1
DA:471,1
DA:472,1
DA:473,1
DA:475,1
DA:476,1
DA:477,1
DA:478,1
DA:479,1
DA:480,1
DA:481,1
DA:485,1
DA:488,1
DA:489,1
DA:491,1
DA:492,1
DA:493,1
DA:494,1
DA:495,1
DA:497,1
DA:498,1
DA:499,1
DA:500,1
DA:501,1
DA:502,1
DA:503,1
DA:505,1
DA:506,1
DA:507,1
DA:508,1
DA:511,1
DA:512,1
DA:514,1
DA:515,1
DA:516,1
DA:517,1
DA:518,1
DA:520,1
DA:521,1
DA:522,1
DA:523,1
DA:524,1
DA:525,1
DA:526,1
DA:527,1
DA:529,1
DA:530,1
DA:531,1
DA:532,1
DA:535,1
DA:536,1
DA:537,1
DA:538,1
DA:539,1
DA:542,1
DA:543,1
DA:544,1
DA:545,1
DA:548,1
DA:549,1
DA:550,1
DA:551,1
DA:554,1
DA:555,1
DA:556,1
DA:557,1
DA:560,1
DA:561,1
DA:562,1
DA:563,1
DA:566,1
DA:567,1
DA:568,1
DA:569,1
DA:570,1
DA:572,1
DA:573,1
DA:574,1
DA:575,1
DA:576,1
DA:577,1
DA:578,1
DA:580,1
DA:581,1
DA:582,1
DA:583,1
DA:584,1
DA:587,1
DA:588,1
DA:590,1
DA:591,1
DA:592,1
DA:593,1
DA:594,1
DA:596,1
DA:597,1
DA:598,1
DA:599,1
DA:600,1
DA:602,1
DA:603,1
DA:604,1
DA:605,1
DA:606,1
DA:609,1
DA:610,1
DA:612,1
DA:613,1
DA:614,1
DA:615,1
DA:616,1
DA:618,1
DA:619,1
DA:620,1
DA:621,1
DA:622,1
DA:624,1
DA:625,1
DA:626,1
DA:627,1
DA:630,1
DA:631,1
DA:632,1
DA:633,1
DA:636,1
DA:637,1
DA:638,1
DA:639,1
DA:640,1
DA:642,1
DA:643,1
DA:644,1
DA:645,1
DA:648,1
DA:649,1
DA:650,1
DA:651,1
DA:654,1
DA:655,1
DA:656,1
DA:657,1
DA:658,1
DA:659,1
DA:662,1
DA:663,1
DA:664,1
DA:665,1
DA:666,1
DA:667,1
DA:668,1
DA:669,1
DA:670,1
DA:671,1
DA:674,1
DA:675,1
DA:676,1
DA:677,1
DA:678,1
DA:679,1
DA:680,1
DA:681,1
DA:682,1
DA:683,1
DA:686,1
DA:687,1
DA:688,1
DA:689,1
DA:690,1
DA:691,1
DA:692,1
DA:693,1
DA:694,1
DA:697,1
DA:698,1
DA:699,1
DA:700,1
DA:701,1
DA:702,1
DA:703,1
DA:704,1
DA:705,1
DA:706,1
DA:709,1
DA:710,1
DA:711,1
DA:712,1
DA:713,1
DA:714,1
DA:715,1
DA:716,1
DA:717,1
DA:720,1
DA:721,1
DA:722,1
DA:723,1
DA:724,1
DA:725,1
DA:726,1
DA:727,1
DA:728,1
DA:729,1
DA:730,1
DA:731,1
DA:732,1
DA:733,1
DA:734,1
DA:737,1
DA:738,1
DA:739,1
DA:740,1
DA:741,1
DA:742,1
DA:743,1
DA:744,1
DA:745,1
DA:746,1
DA:747,1
DA:748,1
DA:749,1
DA:750,1
DA:751,1
DA:752,1
DA:753,1
DA:754,1
DA:755,1
DA:756,1
DA:757,1
DA:758,1
DA:761,1
DA:762,1
DA:763,1
DA:764,1
DA:765,1
DA:766,1
DA:767,1
DA:768,1
DA:769,1
DA:770,1
DA:771,1
DA:774,1
DA:775,1
DA:776,1
DA:777,1
DA:778,1
DA:779,1
DA:782,1
DA:783,1
DA:785,2
DA:788,2
DA:789,2
DA:791,16
DA:794,16
DA:795,16
DA:797,3
DA:798,2
DA:799,2
DA:800,2
DA:801,1
DA:803,1
DA:806,1
DA:808,3
DA:816,1
DA:817,1
DA:818,1
DA:819,1
DA:822,1
DA:823,1
DA:824,1
DA:825,1
DA:826,1
DA:828,1
DA:829,1
DA:830,1
DA:833,1
DA:834,1
DA:835,1
DA:836,1
DA:837,1
DA:839,1
DA:840,1
DA:841,1
DA:844,1
DA:845,1
DA:846,1
DA:847,1
DA:850,1
DA:851,1
DA:852,1
DA:853,1
BRF:0
BRH:0
LF:590
LH:523
end_of_record
SF:/home/openclaw/dev/yinglichina8848/sqlrustgo/crates/planner/src/prepared.rs
FN:224,_RNvMNtNtCsk6zXnftdXdR_17sqlrustgo_planner8prepared5testsNtB2_16MockPhysicalPlan3new
FN:298,_RNvNtNtCsk6zXnftdXdR_17sqlrustgo_planner8prepared5testss_16test_manager_get
FN:281,_RNvNtNtCsk6zXnftdXdR_17sqlrustgo_planner8prepared5testss_20test_manager_prepare
FN:332,_RNvNtNtCsk6zXnftdXdR_17sqlrustgo_planner8prepared5testss_21test_manager_eviction
FN:315,_RNvNtNtCsk6zXnftdXdR_17sqlrustgo_planner8prepared5testss_23test_manager_deallocate
FN:250,_RNvNtNtCsk6zXnftdXdR_17sqlrustgo_planner8prepared5testss_32test_prepared_statement_creation
FN:266,_RNvNtNtCsk6zXnftdXdR_17sqlrustgo_planner8prepared5testss_34test_prepared_statement_record_use
FN:240,_RNvXs_NtNtCsk6zXnftdXdR_17sqlrustgo_planner8prepared5testsNtB4_16MockPhysicalPlanNtNtB8_13physical_plan12PhysicalPlan4name
FN:244,_RNvXs_NtNtCsk6zXnftdXdR_17sqlrustgo_planner8prepared5testsNtB4_16MockPhysicalPlanNtNtB8_13physical_plan12PhysicalPlan6as_any
FN:232,_RNvXs_NtNtCsk6zXnftdXdR_17sqlrustgo_planner8prepared5testsNtB4_16MockPhysicalPlanNtNtB8_13physical_plan12PhysicalPlan6schema
FN:236,_RNvXs_NtNtCsk6zXnftdXdR_17sqlrustgo_planner8prepared5testsNtB4_16MockPhysicalPlanNtNtB8_13physical_plan12PhysicalPlan8children
FN:173,_RNCNvMs1_NtCsk6zXnftdXdR_17sqlrustgo_planner8preparedNtB7_24PreparedStatementManager9evict_lrus_0B9_
FN:185,_RNCNvMs1_NtCsk6zXnftdXdR_17sqlrustgo_planner8preparedNtB7_24PreparedStatementManager12cleanup_idle0B9_
FN:192,_RNCNvMs1_NtCsk6zXnftdXdR_17sqlrustgo_planner8preparedNtB7_24PreparedStatementManager12cleanup_idles0_0B9_
FN:191,_RNCNvMs1_NtCsk6zXnftdXdR_17sqlrustgo_planner8preparedNtB7_24PreparedStatementManager12cleanup_idles_0B9_
FN:137,_RNCNvMs1_NtCsk6zXnftdXdR_17sqlrustgo_planner8preparedNtB7_24PreparedStatementManager7execute0B9_
FN:141,_RNvMs1_NtCsk6zXnftdXdR_17sqlrustgo_planner8preparedNtB5_24PreparedStatementManager10record_use
FN:182,_RNvMs1_NtCsk6zXnftdXdR_17sqlrustgo_planner8preparedNtB5_24PreparedStatementManager12cleanup_idle
FN:208,_RNvMs1_NtCsk6zXnftdXdR_17sqlrustgo_planner8preparedNtB5_24PreparedStatementManager13statement_ids
FN:203,_RNvMs1_NtCsk6zXnftdXdR_17sqlrustgo_planner8preparedNtB5_24PreparedStatementManager5clear
FN:134,_RNvMs1_NtCsk6zXnftdXdR_17sqlrustgo_planner8preparedNtB5_24PreparedStatementManager7execute
FN:126,_RNvMs1_NtCsk6zXnftdXdR_17sqlrustgo_planner8preparedNtB5_24PreparedStatementManager7get_mut
FN:163,_RNvMs1_NtCsk6zXnftdXdR_17sqlrustgo_planner8preparedNtB5_24PreparedStatementManager8is_empty
FN:86,_RNvXs0_NtCsk6zXnftdXdR_17sqlrustgo_planner8preparedNtB5_24PreparedStatementManagerNtNtCs8nPosuWgJFh_4core7default7Default7default
FN:63,_RNvXs_NtCsk6zXnftdXdR_17sqlrustgo_planner8preparedNtB4_17PreparedStatementNtNtCs8nPosuWgJFh_4core3fmt5Debug3fmt
FN:56,_RNvMNtCsk6zXnftdXdR_17sqlrustgo_planner8preparedNtB2_17PreparedStatement10record_use
FN:37,_RNvMNtCsk6zXnftdXdR_17sqlrustgo_planner8preparedNtB2_17PreparedStatement3new
FN:148,_RNvMs1_NtCsk6zXnftdXdR_17sqlrustgo_planner8preparedNtB5_24PreparedStatementManager10deallocate
FN:121,_RNvMs1_NtCsk6zXnftdXdR_17sqlrustgo_planner8preparedNtB5_24PreparedStatementManager3get
FN:158,_RNvMs1_NtCsk6zXnftdXdR_17sqlrustgo_planner8preparedNtB5_24PreparedStatementManager3len
FN:93,_RNvMs1_NtCsk6zXnftdXdR_17sqlrustgo_planner8preparedNtB5_24PreparedStatementManager3new
FN:153,_RNvMs1_NtCsk6zXnftdXdR_17sqlrustgo_planner8preparedNtB5_24PreparedStatementManager6exists
FN:103,_RNvMs1_NtCsk6zXnftdXdR_17sqlrustgo_planner8preparedNtB5_24PreparedStatementManager7prepare
FN:168,_RNvMs1_NtCsk6zXnftdXdR_17sqlrustgo_planner8preparedNtB5_24PreparedStatementManager9evict_lru
FN:347,_RNCNvNtNtCsk6zXnftdXdR_17sqlrustgo_planner8prepared5testss_21test_manager_eviction0B7_
FNDA:8,_RNvMNtNtCsk6zXnftdXdR_17sqlrustgo_planner8prepared5testsNtB2_16MockPhysicalPlan3new
FNDA:1,_RNvNtNtCsk6zXnftdXdR_17sqlrustgo_planner8prepared5testss_16test_manager_get
FNDA:1,_RNvNtNtCsk6zXnftdXdR_17sqlrustgo_planner8prepared5testss_20test_manager_prepare
FNDA:1,_RNvNtNtCsk6zXnftdXdR_17sqlrustgo_planner8prepared5testss_21test_manager_eviction
FNDA:1,_RNvNtNtCsk6zXnftdXdR_17sqlrustgo_planner8prepared5testss_23test_manager_deallocate
FNDA:1,_RNvNtNtCsk6zXnftdXdR_17sqlrustgo_planner8prepared5testss_32test_prepared_statement_creation
FNDA:1,_RNvNtNtCsk6zXnftdXdR_17sqlrustgo_planner8prepared5testss_34test_prepared_statement_record_use
FNDA:0,_RNvXs_NtNtCsk6zXnftdXdR_17sqlrustgo_planner8prepared5testsNtB4_16MockPhysicalPlanNtNtB8_13physical_plan12PhysicalPlan4name
FNDA:0,_RNvXs_NtNtCsk6zXnftdXdR_17sqlrustgo_planner8prepared5testsNtB4_16MockPhysicalPlanNtNtB8_13physical_plan12PhysicalPlan6as_any
FNDA:0,_RNvXs_NtNtCsk6zXnftdXdR_17sqlrustgo_planner8prepared5testsNtB4_16MockPhysicalPlanNtNtB8_13physical_plan12PhysicalPlan6schema
FNDA:0,_RNvXs_NtNtCsk6zXnftdXdR_17sqlrustgo_planner8prepared5testsNtB4_16MockPhysicalPlanNtNtB8_13physical_plan12PhysicalPlan8children
FNDA:1,_RNCNvMs1_NtCsk6zXnftdXdR_17sqlrustgo_planner8preparedNtB7_24PreparedStatementManager9evict_lrus_0B9_
FNDA:0,_RNCNvMs1_NtCsk6zXnftdXdR_17sqlrustgo_planner8preparedNtB7_24PreparedStatementManager12cleanup_idle0B9_
FNDA:0,_RNCNvMs1_NtCsk6zXnftdXdR_17sqlrustgo_planner8preparedNtB7_24PreparedStatementManager12cleanup_idles0_0B9_
FNDA:0,_RNCNvMs1_NtCsk6zXnftdXdR_17sqlrustgo_planner8preparedNtB7_24PreparedStatementManager12cleanup_idles_0B9_
FNDA:0,_RNCNvMs1_NtCsk6zXnftdXdR_17sqlrustgo_planner8preparedNtB7_24PreparedStatementManager7execute0B9_
FNDA:0,_RNvMs1_NtCsk6zXnftdXdR_17sqlrustgo_planner8preparedNtB5_24PreparedStatementManager10record_use
FNDA:0,_RNvMs1_NtCsk6zXnftdXdR_17sqlrustgo_planner8preparedNtB5_24PreparedStatementManager12cleanup_idle
FNDA:0,_RNvMs1_NtCsk6zXnftdXdR_17sqlrustgo_planner8preparedNtB5_24PreparedStatementManager13statement_ids
FNDA:0,_RNvMs1_NtCsk6zXnftdXdR_17sqlrustgo_planner8preparedNtB5_24PreparedStatementManager5clear
FNDA:0,_RNvMs1_NtCsk6zXnftdXdR_17sqlrustgo_planner8preparedNtB5_24PreparedStatementManager7execute
FNDA:0,_RNvMs1_NtCsk6zXnftdXdR_17sqlrustgo_planner8preparedNtB5_24PreparedStatementManager7get_mut
FNDA:0,_RNvMs1_NtCsk6zXnftdXdR_17sqlrustgo_planner8preparedNtB5_24PreparedStatementManager8is_empty
FNDA:0,_RNvXs0_NtCsk6zXnftdXdR_17sqlrustgo_planner8preparedNtB5_24PreparedStatementManagerNtNtCs8nPosuWgJFh_4core7default7Default7default
FNDA:0,_RNvXs_NtCsk6zXnftdXdR_17sqlrustgo_planner8preparedNtB4_17PreparedStatementNtNtCs8nPosuWgJFh_4core3fmt5Debug3fmt
FNDA:1,_RNvMNtCsk6zXnftdXdR_17sqlrustgo_planner8preparedNtB2_17PreparedStatement10record_use
FNDA:8,_RNvMNtCsk6zXnftdXdR_17sqlrustgo_planner8preparedNtB2_17PreparedStatement3new
FNDA:1,_RNvMs1_NtCsk6zXnftdXdR_17sqlrustgo_planner8preparedNtB5_24PreparedStatementManager10deallocate
FNDA:1,_RNvMs1_NtCsk6zXnftdXdR_17sqlrustgo_planner8preparedNtB5_24PreparedStatementManager3get
FNDA:1,_RNvMs1_NtCsk6zXnftdXdR_17sqlrustgo_planner8preparedNtB5_24PreparedStatementManager3len
FNDA:4,_RNvMs1_NtCsk6zXnftdXdR_17sqlrustgo_planner8preparedNtB5_24PreparedStatementManager3new
FNDA:6,_RNvMs1_NtCsk6zXnftdXdR_17sqlrustgo_planner8preparedNtB5_24PreparedStatementManager6exists
FNDA:6,_RNvMs1_NtCsk6zXnftdXdR_17sqlrustgo_planner8preparedNtB5_24PreparedStatementManager7prepare
FNDA:1,_RNvMs1_NtCsk6zXnftdXdR_17sqlrustgo_planner8preparedNtB5_24PreparedStatementManager9evict_lru
FNDA:3,_RNCNvNtNtCsk6zXnftdXdR_17sqlrustgo_planner8prepared5testss_21test_manager_eviction0B7_
FNF:35
FNH:18
DA:37,8
DA:38,8
DA:39,8
DA:40,8
DA:41,8
DA:42,8
DA:43,8
DA:44,8
DA:45,8
DA:46,8
DA:47,8
DA:48,8
DA:49,8
DA:50,8
DA:51,8
DA:52,8
DA:53,8
DA:56,1
DA:57,1
DA:58,1
DA:59,1
DA:63,0
DA:64,0
DA:65,0
DA:66,0
DA:67,0
DA:68,0
DA:69,0
DA:70,0
DA:72,0
DA:73,0
DA:86,0
DA:87,0
DA:88,0
DA:93,4
DA:94,4
DA:95,4
DA:96,4
DA:97,4
DA:98,4
DA:103,6
DA:104,6
DA:105,6
DA:106,6
DA:107,6
DA:108,6
DA:109,6
DA:111,6
DA:112,1
DA:113,5
DA:115,6
DA:116,6
DA:117,6
DA:118,6
DA:121,1
DA:122,1
DA:123,1
DA:126,0
DA:127,0
DA:128,0
DA:134,0
DA:135,0
DA:136,0
DA:137,0
DA:138,0
DA:141,0
DA:142,0
DA:143,0
DA:144,0
DA:145,0
DA:148,1
DA:149,1
DA:150,1
DA:153,6
DA:154,6
DA:155,6
DA:158,1
DA:159,1
DA:160,1
DA:163,0
DA:164,0
DA:165,0
DA:168,1
DA:169,1
DA:170,1
DA:171,1
DA:172,1
DA:173,1
DA:174,1
DA:175,1
DA:176,1
DA:177,1
DA:182,0
DA:183,0
DA:185,0
DA:186,0
DA:188,0
DA:189,0
DA:190,0
DA:191,0
DA:192,0
DA:193,0
DA:195,0
DA:196,0
DA:197,0
DA:199,0
DA:200,0
DA:203,0
DA:204,0
DA:205,0
DA:208,0
DA:209,0
DA:210,0
DA:224,8
DA:225,8
DA:226,8
DA:227,8
DA:228,8
DA:232,0
DA:233,0
DA:234,0
DA:236,0
DA:237,0
DA:238,0
DA:240,0
DA:241,0
DA:242,0
DA:244,0
DA:245,0
DA:246,0
DA:250,1
DA:251,1
DA:252,1
DA:253,1
DA:254,1
DA:255,1
DA:256,1
DA:259,1
DA:260,1
DA:261,1
DA:262,1
DA:263,1
DA:266,1
DA:267,1
DA:268,1
DA:269,1
DA:270,1
DA:271,1
DA:272,1
DA:275,1
DA:276,1
DA:277,1
DA:278,1
DA:281,1
DA:282,1
DA:283,1
DA:285,1
DA:286,1
DA:287,1
DA:288,1
DA:289,1
DA:292,1
DA:293,1
DA:294,1
DA:295,1
DA:298,1
DA:299,1
DA:300,1
DA:302,1
DA:303,1
DA:304,1
DA:305,1
DA:306,1
DA:309,1
DA:310,1
DA:311,1
DA:312,1
DA:315,1
DA:316,1
DA:317,1
DA:319,1
DA:320,1
DA:321,1
DA:322,1
DA:323,1
DA:326,1
DA:327,1
DA:328,1
DA:329,1
DA:332,1
DA:333,1
DA:334,1
DA:336,1
DA:337,1
DA:338,1
DA:341,1
DA:342,1
DA:345,1
DA:346,1
DA:347,3
DA:348,1
DA:349,1
DA:350,1
BRF:0
BRH:0
LF:209
LH:143
end_of_record