SF:/home/openclaw/dev/yinglichina8848/sqlrustgo/crates/executor/src/ddl_executor.rs
FN:41,_RNvMNtCsldCax6rooq1_18sqlrustgo_executor12ddl_executorNtB2_11DdlExecutor13execute_grant
FN:58,_RNvMNtCsldCax6rooq1_18sqlrustgo_executor12ddl_executorNtB2_11DdlExecutor14execute_revoke
FN:34,_RNvMNtCsldCax6rooq1_18sqlrustgo_executor12ddl_executorNtB2_11DdlExecutor17execute_drop_user
FN:14,_RNvMNtCsldCax6rooq1_18sqlrustgo_executor12ddl_executorNtB2_11DdlExecutor19execute_create_user
FN:10,_RNvMNtCsldCax6rooq1_18sqlrustgo_executor12ddl_executorNtB2_11DdlExecutor3new
FN:131,_RNvNtNtCsldCax6rooq1_18sqlrustgo_executor12ddl_executor5testss_18test_execute_grant
FN:150,_RNvNtNtCsldCax6rooq1_18sqlrustgo_executor12ddl_executor5testss_19test_execute_revoke
FN:114,_RNvNtNtCsldCax6rooq1_18sqlrustgo_executor12ddl_executor5testss_22test_execute_drop_user
FN:80,_RNvNtNtCsldCax6rooq1_18sqlrustgo_executor12ddl_executor5testss_24test_execute_create_user
FN:204,_RNvNtNtCsldCax6rooq1_18sqlrustgo_executor12ddl_executor5testss_25test_execute_grant_column
FN:248,_RNvNtNtCsldCax6rooq1_18sqlrustgo_executor12ddl_executor5testss_25test_password_hash_format
FN:182,_RNvNtNtCsldCax6rooq1_18sqlrustgo_executor12ddl_executor5testss_27test_execute_grant_database
FN:94,_RNvNtNtCsldCax6rooq1_18sqlrustgo_executor12ddl_executor5testss_33test_execute_create_user_multiple
FN:237,_RNvNtNtCsldCax6rooq1_18sqlrustgo_executor12ddl_executor5testss_34test_execute_drop_nonexistent_user
FN:223,_RNvNtNtCsldCax6rooq1_18sqlrustgo_executor12ddl_executor5testss_43test_execute_create_user_with_wildcard_host
FNDA:4,_RNvMNtCsldCax6rooq1_18sqlrustgo_executor12ddl_executorNtB2_11DdlExecutor13execute_grant
FNDA:1,_RNvMNtCsldCax6rooq1_18sqlrustgo_executor12ddl_executorNtB2_11DdlExecutor14execute_revoke
FNDA:2,_RNvMNtCsldCax6rooq1_18sqlrustgo_executor12ddl_executorNtB2_11DdlExecutor17execute_drop_user
FNDA:9,_RNvMNtCsldCax6rooq1_18sqlrustgo_executor12ddl_executorNtB2_11DdlExecutor19execute_create_user
FNDA:11,_RNvMNtCsldCax6rooq1_18sqlrustgo_executor12ddl_executorNtB2_11DdlExecutor3new
FNDA:1,_RNvNtNtCsldCax6rooq1_18sqlrustgo_executor12ddl_executor5testss_18test_execute_grant
FNDA:1,_RNvNtNtCsldCax6rooq1_18sqlrustgo_executor12ddl_executor5testss_19test_execute_revoke
FNDA:1,_RNvNtNtCsldCax6rooq1_18sqlrustgo_executor12ddl_executor5testss_22test_execute_drop_user
FNDA:1,_RNvNtNtCsldCax6rooq1_18sqlrustgo_executor12ddl_executor5testss_24test_execute_create_user
FNDA:1,_RNvNtNtCsldCax6rooq1_18sqlrustgo_executor12ddl_executor5testss_25test_execute_grant_column
FNDA:1,_RNvNtNtCsldCax6rooq1_18sqlrustgo_executor12ddl_executor5testss_25test_password_hash_format
FNDA:1,_RNvNtNtCsldCax6rooq1_18sqlrustgo_executor12ddl_executor5testss_27test_execute_grant_database
FNDA:1,_RNvNtNtCsldCax6rooq1_18sqlrustgo_executor12ddl_executor5testss_33test_execute_create_user_multiple
FNDA:1,_RNvNtNtCsldCax6rooq1_18sqlrustgo_executor12ddl_executor5testss_34test_execute_drop_nonexistent_user
FNDA:1,_RNvNtNtCsldCax6rooq1_18sqlrustgo_executor12ddl_executor5testss_43test_execute_create_user_with_wildcard_host
FNF:15
FNH:15
DA:10,11
DA:11,11
DA:12,11
DA:14,9
DA:15,9
DA:16,9
DA:17,9
DA:18,9
DA:19,9
DA:20,9
DA:23,9
DA:25,9
DA:28,10
DA:29,10
DA:31,9
DA:32,9
DA:34,2
DA:35,2
DA:36,2
DA:38,1
DA:39,2
DA:41,4
DA:42,4
DA:43,4
DA:44,4
DA:45,4
DA:46,4
DA:47,4
DA:48,4
DA:49,4
DA:50,4
DA:51,4
DA:52,4
DA:53,4
DA:54,0
DA:55,4
DA:56,4
DA:58,1
DA:59,1
DA:60,1
DA:61,1
DA:62,1
DA:63,1
DA:64,1
DA:65,1
DA:66,1
DA:67,1
DA:68,1
DA:69,0
DA:70,1
DA:71,1
DA:80,1
DA:81,1
DA:82,1
DA:84,1
DA:85,1
DA:87,1
DA:88,1
DA:89,1
DA:90,1
DA:91,1
DA:94,1
DA:95,1
DA:96,1
DA:98,1
DA:99,1
DA:100,1
DA:102,1
DA:104,1
DA:105,1
DA:106,1
DA:107,1
DA:108,1
DA:109,1
DA:110,1
DA:111,1
DA:114,1
DA:115,1
DA:116,1
DA:118,1
DA:119,1
DA:120,1
DA:121,1
DA:123,1
DA:124,1
DA:125,1
DA:126,1
DA:127,1
DA:128,1
DA:131,1
DA:132,1
DA:133,1
DA:135,1
DA:136,1
DA:137,1
DA:138,1
DA:140,1
DA:141,1
DA:143,1
DA:144,1
DA:145,1
DA:146,1
DA:147,1
DA:150,1
DA:151,1
DA:152,1
DA:153,1
DA:155,1
DA:156,1
DA:157,1
DA:158,1
DA:159,1
DA:160,1
DA:161,1
DA:162,1
DA:163,1
DA:165,1
DA:166,1
DA:167,1
DA:169,1
DA:170,1
DA:171,1
DA:172,1
DA:173,1
DA:174,1
DA:176,1
DA:177,1
DA:178,1
DA:179,1
DA:182,1
DA:183,1
DA:184,1
DA:186,1
DA:187,1
DA:188,1
DA:189,1
DA:191,1
DA:192,1
DA:194,1
DA:195,1
DA:196,1
DA:197,1
DA:198,1
DA:199,1
DA:200,1
DA:201,1
DA:204,1
DA:205,1
DA:206,1
DA:208,1
DA:209,1
DA:210,1
DA:211,1
DA:213,1
DA:214,1
DA:216,1
DA:217,1
DA:218,1
DA:219,1
DA:220,1
DA:223,1
DA:224,1
DA:225,1
DA:227,1
DA:228,1
DA:230,1
DA:231,1
DA:232,1
DA:233,1
DA:234,1
DA:237,1
DA:238,1
DA:239,1
DA:241,1
DA:242,1
DA:244,1
DA:245,1
DA:248,1
DA:249,1
DA:250,1
DA:252,1
DA:253,1
DA:254,1
DA:255,1
DA:257,1
DA:258,1
DA:259,1
DA:260,1
DA:261,1
DA:262,1
BRF:0
BRH:0
LF:190
LH:188
end_of_record
SF:/home/openclaw/dev/yinglichina8848/sqlrustgo/crates/executor/src/executor.rs
FN:2038,_RNCNvMsh_NtCsldCax6rooq1_18sqlrustgo_executor8executorNtB7_25InSubqueryVolcanoExecutor13set_outer_row0B9_
FN:2210,_RNCNvMsm_NtCsldCax6rooq1_18sqlrustgo_executor8executorNtB7_21AnyAllVolcanoExecutor13set_outer_row0B9_
FN:2623,_RNCNvMsr_NtCsldCax6rooq1_18sqlrustgo_executor8executorNtB7_18VolExecutorBuilder10build_sort0B9_
FN:2644,_RNCNvMsr_NtCsldCax6rooq1_18sqlrustgo_executor8executorNtB7_18VolExecutorBuilder11build_limit0B9_
FN:2645,_RNCNvMsr_NtCsldCax6rooq1_18sqlrustgo_executor8executorNtB7_18VolExecutorBuilder11build_limits_0B9_
FN:2580,_RNCNvMsr_NtCsldCax6rooq1_18sqlrustgo_executor8executorNtB7_18VolExecutorBuilder12build_filter0B9_
FN:2665,_RNCNvMsr_NtCsldCax6rooq1_18sqlrustgo_executor8executorNtB7_18VolExecutorBuilder12build_window0B9_
FN:2479,_RNCNvMsr_NtCsldCax6rooq1_18sqlrustgo_executor8executorNtB7_18VolExecutorBuilder13build_any_all0B9_
FN:2601,_RNCNvMsr_NtCsldCax6rooq1_18sqlrustgo_executor8executorNtB7_18VolExecutorBuilder15build_aggregate0B9_
FN:2503,_RNCNvMsr_NtCsldCax6rooq1_18sqlrustgo_executor8executorNtB7_18VolExecutorBuilder15build_hash_join0B9_
FN:2559,_RNCNvMsr_NtCsldCax6rooq1_18sqlrustgo_executor8executorNtB7_18VolExecutorBuilder16build_projection0B9_
FN:2444,_RNCNvMsr_NtCsldCax6rooq1_18sqlrustgo_executor8executorNtB7_18VolExecutorBuilder17build_in_subquery0B9_
FN:2048,_RNCNvXsi_NtCsldCax6rooq1_18sqlrustgo_executor8executorNtB7_25InSubqueryVolcanoExecutorNtB7_21OuterRowAwareExecutor13set_outer_row0B9_
FN:2088,_RNCNvXsj_NtCsldCax6rooq1_18sqlrustgo_executor8executorNtB7_25InSubqueryVolcanoExecutorNtB7_15VolcanoExecutor4next0B9_
FN:2315,_RNCNvXso_NtCsldCax6rooq1_18sqlrustgo_executor8executorNtB7_21AnyAllVolcanoExecutorNtB7_21OuterRowAwareExecutor13set_outer_row0B9_
FN:131,_RNvMs_NtCsldCax6rooq1_18sqlrustgo_executor8executorNtB4_22SeqScanVolcanoExecutor14with_predicate
FN:140,_RNvMs_NtCsldCax6rooq1_18sqlrustgo_executor8executorNtB4_22SeqScanVolcanoExecutor8next_ref
FN:2041,_RNvMsh_NtCsldCax6rooq1_18sqlrustgo_executor8executorNtB5_25InSubqueryVolcanoExecutor13has_outer_row
FN:2037,_RNvMsh_NtCsldCax6rooq1_18sqlrustgo_executor8executorNtB5_25InSubqueryVolcanoExecutor13set_outer_row
FN:2025,_RNvMsh_NtCsldCax6rooq1_18sqlrustgo_executor8executorNtB5_25InSubqueryVolcanoExecutor3new
FN:2125,_RNvMsk_NtCsldCax6rooq1_18sqlrustgo_executor8executorNtB5_21ExistsVolcanoExecutor3new
FN:2213,_RNvMsm_NtCsldCax6rooq1_18sqlrustgo_executor8executorNtB5_21AnyAllVolcanoExecutor13has_outer_row
FN:2209,_RNvMsm_NtCsldCax6rooq1_18sqlrustgo_executor8executorNtB5_21AnyAllVolcanoExecutor13set_outer_row
FN:2217,_RNvMsm_NtCsldCax6rooq1_18sqlrustgo_executor8executorNtB5_21AnyAllVolcanoExecutor14compare_values
FN:2189,_RNvMsm_NtCsldCax6rooq1_18sqlrustgo_executor8executorNtB5_21AnyAllVolcanoExecutor3new
FN:2614,_RNvMsr_NtCsldCax6rooq1_18sqlrustgo_executor8executorNtB5_18VolExecutorBuilder10build_sort
FN:2633,_RNvMsr_NtCsldCax6rooq1_18sqlrustgo_executor8executorNtB5_18VolExecutorBuilder11build_limit
FN:2454,_RNvMsr_NtCsldCax6rooq1_18sqlrustgo_executor8executorNtB5_18VolExecutorBuilder12build_exists
FN:2569,_RNvMsr_NtCsldCax6rooq1_18sqlrustgo_executor8executorNtB5_18VolExecutorBuilder12build_filter
FN:2654,_RNvMsr_NtCsldCax6rooq1_18sqlrustgo_executor8executorNtB5_18VolExecutorBuilder12build_window
FN:2468,_RNvMsr_NtCsldCax6rooq1_18sqlrustgo_executor8executorNtB5_18VolExecutorBuilder13build_any_all
FN:2540,_RNvMsr_NtCsldCax6rooq1_18sqlrustgo_executor8executorNtB5_18VolExecutorBuilder14build_seq_scan
FN:2590,_RNvMsr_NtCsldCax6rooq1_18sqlrustgo_executor8executorNtB5_18VolExecutorBuilder15build_aggregate
FN:2491,_RNvMsr_NtCsldCax6rooq1_18sqlrustgo_executor8executorNtB5_18VolExecutorBuilder15build_hash_join
FN:2548,_RNvMsr_NtCsldCax6rooq1_18sqlrustgo_executor8executorNtB5_18VolExecutorBuilder16build_projection
FN:2433,_RNvMsr_NtCsldCax6rooq1_18sqlrustgo_executor8executorNtB5_18VolExecutorBuilder17build_in_subquery
FN:2426,_RNvMsr_NtCsldCax6rooq1_18sqlrustgo_executor8executorNtB5_18VolExecutorBuilder25set_outer_row_on_executor
FN:2402,_RNvMsr_NtCsldCax6rooq1_18sqlrustgo_executor8executorNtB5_18VolExecutorBuilder3new
FN:2406,_RNvMsr_NtCsldCax6rooq1_18sqlrustgo_executor8executorNtB5_18VolExecutorBuilder5build
FN:199,_RNvXs0_NtCsldCax6rooq1_18sqlrustgo_executor8executorNtB5_22SeqScanVolcanoExecutorNtB5_15VolcanoExecutor6as_any
FN:2736,_RNvXs0_NtNtCsldCax6rooq1_18sqlrustgo_executor8executor5testsNtB5_12MockExecutorNtB7_8Executor7execute
FN:261,_RNvXs2_NtCsldCax6rooq1_18sqlrustgo_executor8executorNtB5_25ProjectionVolcanoExecutorNtB5_15VolcanoExecutor14is_initialized
FN:250,_RNvXs2_NtCsldCax6rooq1_18sqlrustgo_executor8executorNtB5_25ProjectionVolcanoExecutorNtB5_15VolcanoExecutor5close
FN:264,_RNvXs2_NtCsldCax6rooq1_18sqlrustgo_executor8executorNtB5_25ProjectionVolcanoExecutorNtB5_15VolcanoExecutor6as_any
FN:255,_RNvXs2_NtCsldCax6rooq1_18sqlrustgo_executor8executorNtB5_25ProjectionVolcanoExecutorNtB5_15VolcanoExecutor6schema
FN:2817,_RNvXs2_NtNtCsldCax6rooq1_18sqlrustgo_executor8executor5testsNtB5_19MockVolcanoExecutorNtNtCs8nPosuWgJFh_4core7default7Default7default
FN:590,_RNvXs4_NtCsldCax6rooq1_18sqlrustgo_executor8executorNtB5_24AggregateVolcanoExecutorNtB5_15VolcanoExecutor14is_initialized
FN:578,_RNvXs4_NtCsldCax6rooq1_18sqlrustgo_executor8executorNtB5_24AggregateVolcanoExecutorNtB5_15VolcanoExecutor5close
FN:593,_RNvXs4_NtCsldCax6rooq1_18sqlrustgo_executor8executorNtB5_24AggregateVolcanoExecutorNtB5_15VolcanoExecutor6as_any
FN:584,_RNvXs4_NtCsldCax6rooq1_18sqlrustgo_executor8executorNtB5_24AggregateVolcanoExecutorNtB5_15VolcanoExecutor6schema
FN:895,_RNvXs6_NtCsldCax6rooq1_18sqlrustgo_executor8executorNtB5_23HashJoinVolcanoExecutorNtB5_15VolcanoExecutor14is_initialized
FN:875,_RNvXs6_NtCsldCax6rooq1_18sqlrustgo_executor8executorNtB5_23HashJoinVolcanoExecutorNtB5_15VolcanoExecutor5close
FN:898,_RNvXs6_NtCsldCax6rooq1_18sqlrustgo_executor8executorNtB5_23HashJoinVolcanoExecutorNtB5_15VolcanoExecutor6as_any
FN:889,_RNvXs6_NtCsldCax6rooq1_18sqlrustgo_executor8executorNtB5_23HashJoinVolcanoExecutorNtB5_15VolcanoExecutor6schema
FN:1367,_RNvXs9_NtCsldCax6rooq1_18sqlrustgo_executor8executorNtB5_28SortMergeJoinVolcanoExecutorNtB5_15VolcanoExecutor6as_any
FN:1355,_RNvXs9_NtCsldCax6rooq1_18sqlrustgo_executor8executorNtB5_28SortMergeJoinVolcanoExecutorNtB5_15VolcanoExecutor6schema
FN:2731,_RNvXs_NtNtCsldCax6rooq1_18sqlrustgo_executor8executor5testsNtB4_12MockExecutorNtNtCs8nPosuWgJFh_4core7default7Default7default
FN:1464,_RNvXsb_NtCsldCax6rooq1_18sqlrustgo_executor8executorNtB5_19SortVolcanoExecutorNtB5_15VolcanoExecutor6as_any
FN:1453,_RNvXsb_NtCsldCax6rooq1_18sqlrustgo_executor8executorNtB5_19SortVolcanoExecutorNtB5_15VolcanoExecutor6schema
FN:1709,_RNvXsd_NtCsldCax6rooq1_18sqlrustgo_executor8executorNtB5_29NestedLoopJoinVolcanoExecutorNtB5_15VolcanoExecutor14is_initialized
FN:1713,_RNvXsd_NtCsldCax6rooq1_18sqlrustgo_executor8executorNtB5_29NestedLoopJoinVolcanoExecutorNtB5_15VolcanoExecutor6as_any
FN:1701,_RNvXsd_NtCsldCax6rooq1_18sqlrustgo_executor8executorNtB5_29NestedLoopJoinVolcanoExecutorNtB5_15VolcanoExecutor6schema
FN:1844,_RNvXsf_NtCsldCax6rooq1_18sqlrustgo_executor8executorNtB5_21SortMergeJoinExecutorNtB5_15VolcanoExecutor14is_initialized
FN:1826,_RNvXsf_NtCsldCax6rooq1_18sqlrustgo_executor8executorNtB5_21SortMergeJoinExecutorNtB5_15VolcanoExecutor5close
FN:1848,_RNvXsf_NtCsldCax6rooq1_18sqlrustgo_executor8executorNtB5_21SortMergeJoinExecutorNtB5_15VolcanoExecutor6as_any
FN:1836,_RNvXsf_NtCsldCax6rooq1_18sqlrustgo_executor8executorNtB5_21SortMergeJoinExecutorNtB5_15VolcanoExecutor6schema
FN:2051,_RNvXsi_NtCsldCax6rooq1_18sqlrustgo_executor8executorNtB5_25InSubqueryVolcanoExecutorNtB5_21OuterRowAwareExecutor13has_outer_row
FN:2047,_RNvXsi_NtCsldCax6rooq1_18sqlrustgo_executor8executorNtB5_25InSubqueryVolcanoExecutorNtB5_21OuterRowAwareExecutor13set_outer_row
FN:2108,_RNvXsj_NtCsldCax6rooq1_18sqlrustgo_executor8executorNtB5_25InSubqueryVolcanoExecutorNtB5_15VolcanoExecutor14is_initialized
FN:2057,_RNvXsj_NtCsldCax6rooq1_18sqlrustgo_executor8executorNtB5_25InSubqueryVolcanoExecutorNtB5_15VolcanoExecutor4init
FN:2105,_RNvXsj_NtCsldCax6rooq1_18sqlrustgo_executor8executorNtB5_25InSubqueryVolcanoExecutorNtB5_15VolcanoExecutor4name
FN:2070,_RNvXsj_NtCsldCax6rooq1_18sqlrustgo_executor8executorNtB5_25InSubqueryVolcanoExecutorNtB5_15VolcanoExecutor4next
FN:2097,_RNvXsj_NtCsldCax6rooq1_18sqlrustgo_executor8executorNtB5_25InSubqueryVolcanoExecutorNtB5_15VolcanoExecutor5close
FN:2111,_RNvXsj_NtCsldCax6rooq1_18sqlrustgo_executor8executorNtB5_25InSubqueryVolcanoExecutorNtB5_15VolcanoExecutor6as_any
FN:2102,_RNvXsj_NtCsldCax6rooq1_18sqlrustgo_executor8executorNtB5_25InSubqueryVolcanoExecutorNtB5_15VolcanoExecutor6schema
FN:2168,_RNvXsl_NtCsldCax6rooq1_18sqlrustgo_executor8executorNtB5_21ExistsVolcanoExecutorNtB5_15VolcanoExecutor14is_initialized
FN:2137,_RNvXsl_NtCsldCax6rooq1_18sqlrustgo_executor8executorNtB5_21ExistsVolcanoExecutorNtB5_15VolcanoExecutor4init
FN:2165,_RNvXsl_NtCsldCax6rooq1_18sqlrustgo_executor8executorNtB5_21ExistsVolcanoExecutorNtB5_15VolcanoExecutor4name
FN:2149,_RNvXsl_NtCsldCax6rooq1_18sqlrustgo_executor8executorNtB5_21ExistsVolcanoExecutorNtB5_15VolcanoExecutor4next
FN:2157,_RNvXsl_NtCsldCax6rooq1_18sqlrustgo_executor8executorNtB5_21ExistsVolcanoExecutorNtB5_15VolcanoExecutor5close
FN:2171,_RNvXsl_NtCsldCax6rooq1_18sqlrustgo_executor8executorNtB5_21ExistsVolcanoExecutorNtB5_15VolcanoExecutor6as_any
FN:2162,_RNvXsl_NtCsldCax6rooq1_18sqlrustgo_executor8executorNtB5_21ExistsVolcanoExecutorNtB5_15VolcanoExecutor6schema
FN:2305,_RNvXsn_NtCsldCax6rooq1_18sqlrustgo_executor8executorNtB5_21AnyAllVolcanoExecutorNtB5_15VolcanoExecutor14is_initialized
FN:2238,_RNvXsn_NtCsldCax6rooq1_18sqlrustgo_executor8executorNtB5_21AnyAllVolcanoExecutorNtB5_15VolcanoExecutor4init
FN:2302,_RNvXsn_NtCsldCax6rooq1_18sqlrustgo_executor8executorNtB5_21AnyAllVolcanoExecutorNtB5_15VolcanoExecutor4name
FN:2251,_RNvXsn_NtCsldCax6rooq1_18sqlrustgo_executor8executorNtB5_21AnyAllVolcanoExecutorNtB5_15VolcanoExecutor4next
FN:2294,_RNvXsn_NtCsldCax6rooq1_18sqlrustgo_executor8executorNtB5_21AnyAllVolcanoExecutorNtB5_15VolcanoExecutor5close
FN:2308,_RNvXsn_NtCsldCax6rooq1_18sqlrustgo_executor8executorNtB5_21AnyAllVolcanoExecutorNtB5_15VolcanoExecutor6as_any
FN:2299,_RNvXsn_NtCsldCax6rooq1_18sqlrustgo_executor8executorNtB5_21AnyAllVolcanoExecutorNtB5_15VolcanoExecutor6schema
FN:2318,_RNvXso_NtCsldCax6rooq1_18sqlrustgo_executor8executorNtB5_21AnyAllVolcanoExecutorNtB5_21OuterRowAwareExecutor13has_outer_row
FN:2314,_RNvXso_NtCsldCax6rooq1_18sqlrustgo_executor8executorNtB5_21AnyAllVolcanoExecutorNtB5_21OuterRowAwareExecutor13set_outer_row
FN:2389,_RNvXsq_NtCsldCax6rooq1_18sqlrustgo_executor8executorNtB5_20LimitVolcanoExecutorNtB5_15VolcanoExecutor14is_initialized
FN:2386,_RNvXsq_NtCsldCax6rooq1_18sqlrustgo_executor8executorNtB5_20LimitVolcanoExecutorNtB5_15VolcanoExecutor4name
FN:2378,_RNvXsq_NtCsldCax6rooq1_18sqlrustgo_executor8executorNtB5_20LimitVolcanoExecutorNtB5_15VolcanoExecutor5close
FN:2392,_RNvXsq_NtCsldCax6rooq1_18sqlrustgo_executor8executorNtB5_20LimitVolcanoExecutorNtB5_15VolcanoExecutor6as_any
FN:2383,_RNvXsq_NtCsldCax6rooq1_18sqlrustgo_executor8executorNtB5_20LimitVolcanoExecutorNtB5_15VolcanoExecutor6schema
FN:2708,_RNvXst_NtCsldCax6rooq1_18sqlrustgo_executor8executorNtB5_22MockStorageForExecutorNtNtCs8nPosuWgJFh_4core7default7Default7default
FN:49,_RNvYNtNtNtCsldCax6rooq1_18sqlrustgo_executor15window_executor5tests12MockExecutorNtNtB8_8executor15VolcanoExecutor13set_outer_rowB8_
FN:53,_RNvYNtNtNtCsldCax6rooq1_18sqlrustgo_executor15window_executor5tests12MockExecutorNtNtB8_8executor15VolcanoExecutor18requires_outer_rowB8_
FN:43,_RNvYNtNtNtCsldCax6rooq1_18sqlrustgo_executor15window_executor5tests12MockExecutorNtNtB8_8executor15VolcanoExecutor8next_refB8_
FN:2726,_RNvMNtNtCsldCax6rooq1_18sqlrustgo_executor8executor5testsNtB2_12MockExecutor3new
FN:2792,_RNvMs1_NtNtCsldCax6rooq1_18sqlrustgo_executor8executor5testsNtB5_19MockVolcanoExecutor3new
FN:2807,_RNvMs1_NtNtCsldCax6rooq1_18sqlrustgo_executor8executor5testsNtB5_19MockVolcanoExecutor9with_data
FN:2897,_RNvNtNtCsldCax6rooq1_18sqlrustgo_executor8executor5testss_20test_execute_collect
FN:2748,_RNvNtNtCsldCax6rooq1_18sqlrustgo_executor8executor5testss_20test_executor_result
FN:2774,_RNvNtNtCsldCax6rooq1_18sqlrustgo_executor8executor5testss_23test_executor_send_sync
FN:2876,_RNvNtNtCsldCax6rooq1_18sqlrustgo_executor8executor5testss_23test_mock_executor_name
FN:2952,_RNvNtNtCsldCax6rooq1_18sqlrustgo_executor8executor5testss_26test_execute_collect_empty
FN:2988,_RNvNtNtCsldCax6rooq1_18sqlrustgo_executor8executor5testss_26test_executor_result_debug
FN:2757,_RNvNtNtCsldCax6rooq1_18sqlrustgo_executor8executor5testss_26test_executor_result_empty
FN:2857,_RNvNtNtCsldCax6rooq1_18sqlrustgo_executor8executor5testss_26test_mock_volcano_executor
FN:4069,_RNvNtNtCsldCax6rooq1_18sqlrustgo_executor8executor5testss_26test_nested_loop_join_name
FN:3824,_RNvNtNtCsldCax6rooq1_18sqlrustgo_executor8executor5testss_26test_smj_volcano_exec_name
FN:2910,_RNvNtNtCsldCax6rooq1_18sqlrustgo_executor8executor5testss_26test_volcano_executor_init
FN:2892,_RNvNtNtCsldCax6rooq1_18sqlrustgo_executor8executor5testss_26test_volcano_executor_name
FN:2918,_RNvNtNtCsldCax6rooq1_18sqlrustgo_executor8executor5testss_26test_volcano_executor_next
FN:2881,_RNvNtNtCsldCax6rooq1_18sqlrustgo_executor8executor5testss_27test_mock_executor_is_ready
FN:4086,_RNvNtNtCsldCax6rooq1_18sqlrustgo_executor8executor5testss_27test_nested_loop_join_close
FN:3957,_RNvNtNtCsldCax6rooq1_18sqlrustgo_executor8executor5testss_27test_nested_loop_join_cross
FN:3902,_RNvNtNtCsldCax6rooq1_18sqlrustgo_executor8executor5testss_27test_nested_loop_join_inner
FN:3843,_RNvNtNtCsldCax6rooq1_18sqlrustgo_executor8executor5testss_27test_smj_volcano_exec_close
FN:2930,_RNvNtNtCsldCax6rooq1_18sqlrustgo_executor8executor5testss_27test_volcano_executor_close
FN:2945,_RNvNtNtCsldCax6rooq1_18sqlrustgo_executor8executor5testss_28test_volcano_executor_as_any
FN:2886,_RNvNtNtCsldCax6rooq1_18sqlrustgo_executor8executor5testss_28test_volcano_executor_schema
FN:2764,_RNvNtNtCsldCax6rooq1_18sqlrustgo_executor8executor5testss_30test_executor_result_with_rows
FN:3013,_RNvNtNtCsldCax6rooq1_18sqlrustgo_executor8executor5testss_30test_mock_storage_for_executor
FN:3749,_RNvNtNtCsldCax6rooq1_18sqlrustgo_executor8executor5testss_31test_smj_volcano_exec_left_join
FN:3577,_RNvNtNtCsldCax6rooq1_18sqlrustgo_executor8executor5testss_31test_sort_volcano_executor_name
FN:3530,_RNvNtNtCsldCax6rooq1_18sqlrustgo_executor8executor5testss_31test_sort_volcano_executor_text
FN:2903,_RNvNtNtCsldCax6rooq1_18sqlrustgo_executor8executor5testss_31test_volcano_executor_send_sync
FN:3997,_RNvNtNtCsldCax6rooq1_18sqlrustgo_executor8executor5testss_32test_nested_loop_join_left_outer
FN:3054,_RNvNtNtCsldCax6rooq1_18sqlrustgo_executor8executor5testss_32test_projection_volcano_executor
FN:3706,_RNvNtNtCsldCax6rooq1_18sqlrustgo_executor8executor5testss_32test_smj_volcano_exec_inner_join
FN:3587,_RNvNtNtCsldCax6rooq1_18sqlrustgo_executor8executor5testss_32test_sort_volcano_executor_close
FN:4036,_RNvNtNtCsldCax6rooq1_18sqlrustgo_executor8executor5testss_33test_nested_loop_join_right_outer
FN:3794,_RNvNtNtCsldCax6rooq1_18sqlrustgo_executor8executor5testss_33test_smj_volcano_exec_empty_input
FN:3875,_RNvNtNtCsldCax6rooq1_18sqlrustgo_executor8executor5testss_33test_sort_merge_join_compare_keys
FN:2959,_RNvNtNtCsldCax6rooq1_18sqlrustgo_executor8executor5testss_34test_execute_collect_multiple_rows
FN:2781,_RNvNtNtCsldCax6rooq1_18sqlrustgo_executor8executor5testss_34test_volcano_executor_trait_object
FN:3610,_RNvNtNtCsldCax6rooq1_18sqlrustgo_executor8executor5testss_35test_aggregate_volcano_executor_avg
FN:3192,_RNvNtNtCsldCax6rooq1_18sqlrustgo_executor8executor5testss_35test_aggregate_volcano_executor_sum
FN:4190,_RNvNtNtCsldCax6rooq1_18sqlrustgo_executor8executor5testss_35test_seq_scan_volcano_executor_name
FN:2938,_RNvNtNtCsldCax6rooq1_18sqlrustgo_executor8executor5testss_35test_volcano_executor_schema_method
FN:3262,_RNvNtNtCsldCax6rooq1_18sqlrustgo_executor8executor5testss_36test_aggregate_volcano_executor_name
FN:3352,_RNvNtNtCsldCax6rooq1_18sqlrustgo_executor8executor5testss_36test_hash_join_volcano_executor_name
FN:4162,_RNvNtNtCsldCax6rooq1_18sqlrustgo_executor8executor5testss_36test_seq_scan_volcano_executor_close
FN:3476,_RNvNtNtCsldCax6rooq1_18sqlrustgo_executor8executor5testss_36test_sort_volcano_executor_ascending
FN:3152,_RNvNtNtCsldCax6rooq1_18sqlrustgo_executor8executor5testss_37test_aggregate_volcano_executor_count
FN:3122,_RNvNtNtCsldCax6rooq1_18sqlrustgo_executor8executor5testss_37test_projection_volcano_executor_name
FN:4178,_RNvNtNtCsldCax6rooq1_18sqlrustgo_executor8executor5testss_37test_seq_scan_volcano_executor_schema
FN:3503,_RNvNtNtCsldCax6rooq1_18sqlrustgo_executor8executor5testss_37test_sort_volcano_executor_descending
FN:3557,_RNvNtNtCsldCax6rooq1_18sqlrustgo_executor8executor5testss_38test_sort_volcano_executor_empty_input
FN:3652,_RNvNtNtCsldCax6rooq1_18sqlrustgo_executor8executor5testss_39test_aggregate_volcano_executor_min_max
FN:3007,_RNvNtNtCsldCax6rooq1_18sqlrustgo_executor8executor5testss_39test_executor_result_with_affected_rows
FN:2995,_RNvNtNtCsldCax6rooq1_18sqlrustgo_executor8executor5testss_39test_executor_result_with_multiple_rows
FN:3133,_RNvNtNtCsldCax6rooq1_18sqlrustgo_executor8executor5testss_39test_limit_volcano_executor_with_offset
FN:2978,_RNvNtNtCsldCax6rooq1_18sqlrustgo_executor8executor5testss_39test_volcano_executor_all_rows_consumed
FN:3312,_RNvNtNtCsldCax6rooq1_18sqlrustgo_executor8executor5testss_41test_hash_join_volcano_executor_left_join
FN:3272,_RNvNtNtCsldCax6rooq1_18sqlrustgo_executor8executor5testss_42test_hash_join_volcano_executor_inner_join
FN:3027,_RNvNtNtCsldCax6rooq1_18sqlrustgo_executor8executor5testss_42test_mock_storage_for_executor_empty_table
FN:4135,_RNvNtNtCsldCax6rooq1_18sqlrustgo_executor8executor5testss_42test_seq_scan_volcano_executor_double_init
FN:3457,_RNvNtNtCsldCax6rooq1_18sqlrustgo_executor8executor5testss_42test_sort_merge_join_volcano_executor_name
FN:3234,_RNvNtNtCsldCax6rooq1_18sqlrustgo_executor8executor5testss_43test_aggregate_volcano_executor_empty_input
FN:4149,_RNvNtNtCsldCax6rooq1_18sqlrustgo_executor8executor5testss_43test_seq_scan_volcano_executor_empty_result
FN:3034,_RNvNtNtCsldCax6rooq1_18sqlrustgo_executor8executor5testss_43test_seq_scan_volcano_executor_with_storage
FN:2971,_RNvNtNtCsldCax6rooq1_18sqlrustgo_executor8executor5testss_43test_volcano_executor_not_initialized_error
FN:3105,_RNvNtNtCsldCax6rooq1_18sqlrustgo_executor8executor5testss_44test_projection_volcano_executor_empty_input
FN:4121,_RNvNtNtCsldCax6rooq1_18sqlrustgo_executor8executor5testss_47test_seq_scan_volcano_executor_next_before_init
FN:3417,_RNvNtNtCsldCax6rooq1_18sqlrustgo_executor8executor5testss_47test_sort_merge_join_volcano_executor_left_join
FN:3371,_RNvNtNtCsldCax6rooq1_18sqlrustgo_executor8executor5testss_48test_sort_merge_join_volcano_executor_inner_join
FN:3078,_RNvNtNtCsldCax6rooq1_18sqlrustgo_executor8executor5testss_49test_projection_volcano_executor_multiple_columns
FN:2739,_RNvXs0_NtNtCsldCax6rooq1_18sqlrustgo_executor8executor5testsNtB5_12MockExecutorNtB7_8Executor4name
FN:2742,_RNvXs0_NtNtCsldCax6rooq1_18sqlrustgo_executor8executor5testsNtB5_12MockExecutorNtB7_8Executor8is_ready
FN:2848,_RNvXs3_NtNtCsldCax6rooq1_18sqlrustgo_executor8executor5testsNtB5_19MockVolcanoExecutorNtB7_15VolcanoExecutor14is_initialized
FN:2822,_RNvXs3_NtNtCsldCax6rooq1_18sqlrustgo_executor8executor5testsNtB5_19MockVolcanoExecutorNtB7_15VolcanoExecutor4init
FN:2845,_RNvXs3_NtNtCsldCax6rooq1_18sqlrustgo_executor8executor5testsNtB5_19MockVolcanoExecutorNtB7_15VolcanoExecutor4name
FN:2827,_RNvXs3_NtNtCsldCax6rooq1_18sqlrustgo_executor8executor5testsNtB5_19MockVolcanoExecutorNtB7_15VolcanoExecutor4next
FN:2838,_RNvXs3_NtNtCsldCax6rooq1_18sqlrustgo_executor8executor5testsNtB5_19MockVolcanoExecutorNtB7_15VolcanoExecutor5close
FN:2851,_RNvXs3_NtNtCsldCax6rooq1_18sqlrustgo_executor8executor5testsNtB5_19MockVolcanoExecutorNtB7_15VolcanoExecutor6as_any
FN:2842,_RNvXs3_NtNtCsldCax6rooq1_18sqlrustgo_executor8executor5testsNtB5_19MockVolcanoExecutorNtB7_15VolcanoExecutor6schema
FN:16,_RNvMNtCsldCax6rooq1_18sqlrustgo_executor8executorNtB2_14ExecutorResult3new
FN:22,_RNvMNtCsldCax6rooq1_18sqlrustgo_executor8executorNtB2_14ExecutorResult5empty
FN:213,_RNvMs1_NtCsldCax6rooq1_18sqlrustgo_executor8executorNtB5_25ProjectionVolcanoExecutor3new
FN:305,_RNvMs3_NtCsldCax6rooq1_18sqlrustgo_executor8executorNtB5_24AggregateVolcanoExecutor17compute_aggregate
FN:387,_RNvMs3_NtCsldCax6rooq1_18sqlrustgo_executor8executorNtB5_24AggregateVolcanoExecutor20evaluate_having_expr
FN:283,_RNvMs3_NtCsldCax6rooq1_18sqlrustgo_executor8executorNtB5_24AggregateVolcanoExecutor3new
FN:723,_RNvMs5_NtCsldCax6rooq1_18sqlrustgo_executor8executorNtB5_23HashJoinVolcanoExecutor10next_cross
FN:646,_RNvMs5_NtCsldCax6rooq1_18sqlrustgo_executor8executorNtB5_23HashJoinVolcanoExecutor10next_inner
FN:700,_RNvMs5_NtCsldCax6rooq1_18sqlrustgo_executor8executorNtB5_23HashJoinVolcanoExecutor10next_right
FN:794,_RNvMs5_NtCsldCax6rooq1_18sqlrustgo_executor8executorNtB5_23HashJoinVolcanoExecutor14next_left_anti
FN:752,_RNvMs5_NtCsldCax6rooq1_18sqlrustgo_executor8executorNtB5_23HashJoinVolcanoExecutor14next_left_semi
FN:811,_RNvMs5_NtCsldCax6rooq1_18sqlrustgo_executor8executorNtB5_23HashJoinVolcanoExecutor15next_right_anti
FN:769,_RNvMs5_NtCsldCax6rooq1_18sqlrustgo_executor8executorNtB5_23HashJoinVolcanoExecutor15next_right_semi
FN:619,_RNvMs5_NtCsldCax6rooq1_18sqlrustgo_executor8executorNtB5_23HashJoinVolcanoExecutor3new
FN:713,_RNvMs5_NtCsldCax6rooq1_18sqlrustgo_executor8executorNtB5_23HashJoinVolcanoExecutor9next_full
FN:668,_RNvMs5_NtCsldCax6rooq1_18sqlrustgo_executor8executorNtB5_23HashJoinVolcanoExecutor9next_left
FN:929,_RNvMs7_NtCsldCax6rooq1_18sqlrustgo_executor8executorNtB5_28SortMergeJoinVolcanoExecutor3new
FN:1187,_RNvMs8_NtCsldCax6rooq1_18sqlrustgo_executor8executorNtB5_28SortMergeJoinVolcanoExecutor10next_cross
FN:985,_RNvMs8_NtCsldCax6rooq1_18sqlrustgo_executor8executorNtB5_28SortMergeJoinVolcanoExecutor10next_inner
FN:1110,_RNvMs8_NtCsldCax6rooq1_18sqlrustgo_executor8executorNtB5_28SortMergeJoinVolcanoExecutor10next_right
FN:1244,_RNvMs8_NtCsldCax6rooq1_18sqlrustgo_executor8executorNtB5_28SortMergeJoinVolcanoExecutor14next_left_anti
FN:1210,_RNvMs8_NtCsldCax6rooq1_18sqlrustgo_executor8executorNtB5_28SortMergeJoinVolcanoExecutor14next_left_semi
FN:1267,_RNvMs8_NtCsldCax6rooq1_18sqlrustgo_executor8executorNtB5_28SortMergeJoinVolcanoExecutor15next_right_anti
FN:1227,_RNvMs8_NtCsldCax6rooq1_18sqlrustgo_executor8executorNtB5_28SortMergeJoinVolcanoExecutor15next_right_semi
FN:981,_RNvMs8_NtCsldCax6rooq1_18sqlrustgo_executor8executorNtB5_28SortMergeJoinVolcanoExecutor8sort_key
FN:1177,_RNvMs8_NtCsldCax6rooq1_18sqlrustgo_executor8executorNtB5_28SortMergeJoinVolcanoExecutor9next_full
FN:1040,_RNvMs8_NtCsldCax6rooq1_18sqlrustgo_executor8executorNtB5_28SortMergeJoinVolcanoExecutor9next_left
FN:105,_RNvMs_NtCsldCax6rooq1_18sqlrustgo_executor8executorNtB4_22SeqScanVolcanoExecutor3new
FN:1383,_RNvMsa_NtCsldCax6rooq1_18sqlrustgo_executor8executorNtB5_19SortVolcanoExecutor3new
FN:1636,_RNvMsc_NtCsldCax6rooq1_18sqlrustgo_executor8executorNtB5_29NestedLoopJoinVolcanoExecutor10next_cross
FN:1515,_RNvMsc_NtCsldCax6rooq1_18sqlrustgo_executor8executorNtB5_29NestedLoopJoinVolcanoExecutor10next_inner
FN:1595,_RNvMsc_NtCsldCax6rooq1_18sqlrustgo_executor8executorNtB5_29NestedLoopJoinVolcanoExecutor15next_full_outer
FN:1535,_RNvMsc_NtCsldCax6rooq1_18sqlrustgo_executor8executorNtB5_29NestedLoopJoinVolcanoExecutor15next_left_outer
FN:1562,_RNvMsc_NtCsldCax6rooq1_18sqlrustgo_executor8executorNtB5_29NestedLoopJoinVolcanoExecutor16next_right_outer
FN:1490,_RNvMsc_NtCsldCax6rooq1_18sqlrustgo_executor8executorNtB5_29NestedLoopJoinVolcanoExecutor3new
FN:1773,_RNvMse_NtCsldCax6rooq1_18sqlrustgo_executor8executorNtB5_21SortMergeJoinExecutor12compare_keys
FN:1740,_RNvMse_NtCsldCax6rooq1_18sqlrustgo_executor8executorNtB5_21SortMergeJoinExecutor3new
FN:1769,_RNvMse_NtCsldCax6rooq1_18sqlrustgo_executor8executorNtB5_21SortMergeJoinExecutor8sort_key
FN:1990,_RNvMsg_NtCsldCax6rooq1_18sqlrustgo_executor8executorNtB5_21SortMergeJoinExecutor10next_cross
FN:1854,_RNvMsg_NtCsldCax6rooq1_18sqlrustgo_executor8executorNtB5_21SortMergeJoinExecutor10next_inner
FN:1924,_RNvMsg_NtCsldCax6rooq1_18sqlrustgo_executor8executorNtB5_21SortMergeJoinExecutor10next_right
FN:1980,_RNvMsg_NtCsldCax6rooq1_18sqlrustgo_executor8executorNtB5_21SortMergeJoinExecutor9next_full
FN:1879,_RNvMsg_NtCsldCax6rooq1_18sqlrustgo_executor8executorNtB5_21SortMergeJoinExecutor9next_left
FN:2333,_RNvMsp_NtCsldCax6rooq1_18sqlrustgo_executor8executorNtB5_20LimitVolcanoExecutor3new
FN:2701,_RNvMss_NtCsldCax6rooq1_18sqlrustgo_executor8executorNtB5_22MockStorageForExecutor10with_table
FN:2695,_RNvMss_NtCsldCax6rooq1_18sqlrustgo_executor8executorNtB5_22MockStorageForExecutor3new
FN:77,_RNvNtCsldCax6rooq1_18sqlrustgo_executor8executor15execute_collect
FN:960,_RNvNtCsldCax6rooq1_18sqlrustgo_executor8executor17compare_join_keys
FN:196,_RNvXs0_NtCsldCax6rooq1_18sqlrustgo_executor8executorNtB5_22SeqScanVolcanoExecutorNtB5_15VolcanoExecutor14is_initialized
FN:154,_RNvXs0_NtCsldCax6rooq1_18sqlrustgo_executor8executorNtB5_22SeqScanVolcanoExecutorNtB5_15VolcanoExecutor4init
FN:193,_RNvXs0_NtCsldCax6rooq1_18sqlrustgo_executor8executorNtB5_22SeqScanVolcanoExecutorNtB5_15VolcanoExecutor4name
FN:171,_RNvXs0_NtCsldCax6rooq1_18sqlrustgo_executor8executorNtB5_22SeqScanVolcanoExecutorNtB5_15VolcanoExecutor4next
FN:184,_RNvXs0_NtCsldCax6rooq1_18sqlrustgo_executor8executorNtB5_22SeqScanVolcanoExecutorNtB5_15VolcanoExecutor5close
FN:190,_RNvXs0_NtCsldCax6rooq1_18sqlrustgo_executor8executorNtB5_22SeqScanVolcanoExecutorNtB5_15VolcanoExecutor6schema
FN:230,_RNvXs2_NtCsldCax6rooq1_18sqlrustgo_executor8executorNtB5_25ProjectionVolcanoExecutorNtB5_15VolcanoExecutor4init
FN:258,_RNvXs2_NtCsldCax6rooq1_18sqlrustgo_executor8executorNtB5_25ProjectionVolcanoExecutorNtB5_15VolcanoExecutor4name
FN:235,_RNvXs2_NtCsldCax6rooq1_18sqlrustgo_executor8executorNtB5_25ProjectionVolcanoExecutorNtB5_15VolcanoExecutor4next
FN:503,_RNvXs4_NtCsldCax6rooq1_18sqlrustgo_executor8executorNtB5_24AggregateVolcanoExecutorNtB5_15VolcanoExecutor4init
FN:587,_RNvXs4_NtCsldCax6rooq1_18sqlrustgo_executor8executorNtB5_24AggregateVolcanoExecutorNtB5_15VolcanoExecutor4name
FN:563,_RNvXs4_NtCsldCax6rooq1_18sqlrustgo_executor8executorNtB5_24AggregateVolcanoExecutorNtB5_15VolcanoExecutor4next
FN:838,_RNvXs6_NtCsldCax6rooq1_18sqlrustgo_executor8executorNtB5_23HashJoinVolcanoExecutorNtB5_15VolcanoExecutor4init
FN:892,_RNvXs6_NtCsldCax6rooq1_18sqlrustgo_executor8executorNtB5_23HashJoinVolcanoExecutorNtB5_15VolcanoExecutor4name
FN:858,_RNvXs6_NtCsldCax6rooq1_18sqlrustgo_executor8executorNtB5_23HashJoinVolcanoExecutorNtB5_15VolcanoExecutor4next
FN:1363,_RNvXs9_NtCsldCax6rooq1_18sqlrustgo_executor8executorNtB5_28SortMergeJoinVolcanoExecutorNtB5_15VolcanoExecutor14is_initialized
FN:1292,_RNvXs9_NtCsldCax6rooq1_18sqlrustgo_executor8executorNtB5_28SortMergeJoinVolcanoExecutorNtB5_15VolcanoExecutor4init
FN:1359,_RNvXs9_NtCsldCax6rooq1_18sqlrustgo_executor8executorNtB5_28SortMergeJoinVolcanoExecutorNtB5_15VolcanoExecutor4name
FN:1325,_RNvXs9_NtCsldCax6rooq1_18sqlrustgo_executor8executorNtB5_28SortMergeJoinVolcanoExecutorNtB5_15VolcanoExecutor4next
FN:1343,_RNvXs9_NtCsldCax6rooq1_18sqlrustgo_executor8executorNtB5_28SortMergeJoinVolcanoExecutorNtB5_15VolcanoExecutor5close
FN:1460,_RNvXsb_NtCsldCax6rooq1_18sqlrustgo_executor8executorNtB5_19SortVolcanoExecutorNtB5_15VolcanoExecutor14is_initialized
FN:1402,_RNvXsb_NtCsldCax6rooq1_18sqlrustgo_executor8executorNtB5_19SortVolcanoExecutorNtB5_15VolcanoExecutor4init
FN:1456,_RNvXsb_NtCsldCax6rooq1_18sqlrustgo_executor8executorNtB5_19SortVolcanoExecutorNtB5_15VolcanoExecutor4name
FN:1435,_RNvXsb_NtCsldCax6rooq1_18sqlrustgo_executor8executorNtB5_19SortVolcanoExecutorNtB5_15VolcanoExecutor4next
FN:1447,_RNvXsb_NtCsldCax6rooq1_18sqlrustgo_executor8executorNtB5_19SortVolcanoExecutorNtB5_15VolcanoExecutor5close
FN:1658,_RNvXsd_NtCsldCax6rooq1_18sqlrustgo_executor8executorNtB5_29NestedLoopJoinVolcanoExecutorNtB5_15VolcanoExecutor4init
FN:1705,_RNvXsd_NtCsldCax6rooq1_18sqlrustgo_executor8executorNtB5_29NestedLoopJoinVolcanoExecutorNtB5_15VolcanoExecutor4name
FN:1678,_RNvXsd_NtCsldCax6rooq1_18sqlrustgo_executor8executorNtB5_29NestedLoopJoinVolcanoExecutorNtB5_15VolcanoExecutor4next
FN:1693,_RNvXsd_NtCsldCax6rooq1_18sqlrustgo_executor8executorNtB5_29NestedLoopJoinVolcanoExecutorNtB5_15VolcanoExecutor5close
FN:1783,_RNvXsf_NtCsldCax6rooq1_18sqlrustgo_executor8executorNtB5_21SortMergeJoinExecutorNtB5_15VolcanoExecutor4init
FN:1840,_RNvXsf_NtCsldCax6rooq1_18sqlrustgo_executor8executorNtB5_21SortMergeJoinExecutorNtB5_15VolcanoExecutor4name
FN:1811,_RNvXsf_NtCsldCax6rooq1_18sqlrustgo_executor8executorNtB5_21SortMergeJoinExecutorNtB5_15VolcanoExecutor4next
FN:2351,_RNvXsq_NtCsldCax6rooq1_18sqlrustgo_executor8executorNtB5_20LimitVolcanoExecutorNtB5_15VolcanoExecutor4init
FN:2358,_RNvXsq_NtCsldCax6rooq1_18sqlrustgo_executor8executorNtB5_20LimitVolcanoExecutorNtB5_15VolcanoExecutor4next
FN:2714,_RNvXsu_NtCsldCax6rooq1_18sqlrustgo_executor8executorNtB5_22MockStorageForExecutorNtB5_7Storage4scan
FN:2775,_RINvNvNtNtCsldCax6rooq1_18sqlrustgo_executor8executor5testss_23test_executor_send_sync6__checkNtB4_12MockExecutorEB8_
FN:2775,_RINvNvNtNtCsldCax6rooq1_18sqlrustgo_executor8executor5testss_23test_executor_send_sync6__checkNtB6_14ExecutorResultEB8_
FN:2904,_RINvNvNtNtCsldCax6rooq1_18sqlrustgo_executor8executor5testss_31test_volcano_executor_send_sync6__checkINtNtCsj0gLuUEfogP_5alloc5boxed3BoxDNtB6_15VolcanoExecutorEL_EEB8_
FN:2904,_RINvNvNtNtCsldCax6rooq1_18sqlrustgo_executor8executor5testss_31test_volcano_executor_send_sync6__checkNtB4_19MockVolcanoExecutorEB8_
FN:3786,_RNCNvNtNtCsldCax6rooq1_18sqlrustgo_executor8executor5testss_31test_smj_volcano_exec_left_join0B7_
FN:3551,_RNCNvNtNtCsldCax6rooq1_18sqlrustgo_executor8executor5testss_31test_sort_volcano_executor_text0B7_
FN:3743,_RNCNvNtNtCsldCax6rooq1_18sqlrustgo_executor8executor5testss_32test_smj_volcano_exec_inner_join0B7_
FN:3819,_RNCNvNtNtCsldCax6rooq1_18sqlrustgo_executor8executor5testss_33test_smj_volcano_exec_empty_input0B7_
FN:3647,_RNCNvNtNtCsldCax6rooq1_18sqlrustgo_executor8executor5testss_35test_aggregate_volcano_executor_avg0B7_
FN:3229,_RNCNvNtNtCsldCax6rooq1_18sqlrustgo_executor8executor5testss_35test_aggregate_volcano_executor_sum0B7_
FN:3495,_RNCNvNtNtCsldCax6rooq1_18sqlrustgo_executor8executor5testss_36test_sort_volcano_executor_ascending0B7_
FN:3187,_RNCNvNtNtCsldCax6rooq1_18sqlrustgo_executor8executor5testss_37test_aggregate_volcano_executor_count0B7_
FN:3522,_RNCNvNtNtCsldCax6rooq1_18sqlrustgo_executor8executor5testss_37test_sort_volcano_executor_descending0B7_
FN:3699,_RNCNvNtNtCsldCax6rooq1_18sqlrustgo_executor8executor5testss_39test_aggregate_volcano_executor_min_max0B7_
FN:3147,_RNCNvNtNtCsldCax6rooq1_18sqlrustgo_executor8executor5testss_39test_limit_volcano_executor_with_offset0B7_
FN:3347,_RNCNvNtNtCsldCax6rooq1_18sqlrustgo_executor8executor5testss_41test_hash_join_volcano_executor_left_join0B7_
FN:3307,_RNCNvNtNtCsldCax6rooq1_18sqlrustgo_executor8executor5testss_42test_hash_join_volcano_executor_inner_join0B7_
FN:3049,_RNCNvNtNtCsldCax6rooq1_18sqlrustgo_executor8executor5testss_43test_seq_scan_volcano_executor_with_storage0B7_
FN:3452,_RNCNvNtNtCsldCax6rooq1_18sqlrustgo_executor8executor5testss_47test_sort_merge_join_volcano_executor_left_join0B7_
FN:3408,_RNCNvNtNtCsldCax6rooq1_18sqlrustgo_executor8executor5testss_48test_sort_merge_join_volcano_executor_inner_join0B7_
FN:49,_RNvYNtNtNtCsldCax6rooq1_18sqlrustgo_executor8executor5tests19MockVolcanoExecutorNtB6_15VolcanoExecutor13set_outer_rowB8_
FN:53,_RNvYNtNtNtCsldCax6rooq1_18sqlrustgo_executor8executor5tests19MockVolcanoExecutorNtB6_15VolcanoExecutor18requires_outer_rowB8_
FN:43,_RNvYNtNtNtCsldCax6rooq1_18sqlrustgo_executor8executor5tests19MockVolcanoExecutorNtB6_15VolcanoExecutor8next_refB8_
FN:49,_RNvYNtNtNtCsldCax6rooq1_18sqlrustgo_executor6filter5tests12MockExecutorNtNtB8_8executor15VolcanoExecutor13set_outer_rowB8_
FN:53,_RNvYNtNtNtCsldCax6rooq1_18sqlrustgo_executor6filter5tests12MockExecutorNtNtB8_8executor15VolcanoExecutor18requires_outer_rowB8_
FN:43,_RNvYNtNtNtCsldCax6rooq1_18sqlrustgo_executor6filter5tests12MockExecutorNtNtB8_8executor15VolcanoExecutor8next_refB8_
FN:49,_RNvYNtNtNtCsldCax6rooq1_18sqlrustgo_executor6filter5tests20MockExecutorWithDataNtNtB8_8executor15VolcanoExecutor13set_outer_rowB8_
FN:53,_RNvYNtNtNtCsldCax6rooq1_18sqlrustgo_executor6filter5tests20MockExecutorWithDataNtNtB8_8executor15VolcanoExecutor18requires_outer_rowB8_
FN:43,_RNvYNtNtNtCsldCax6rooq1_18sqlrustgo_executor6filter5tests20MockExecutorWithDataNtNtB8_8executor15VolcanoExecutor8next_refB8_
FN:316,_RNCNCNvMs3_NtCsldCax6rooq1_18sqlrustgo_executor8executorNtB9_24AggregateVolcanoExecutor17compute_aggregate00Bb_
FN:402,_RNCNCNvMs3_NtCsldCax6rooq1_18sqlrustgo_executor8executorNtB9_24AggregateVolcanoExecutor20evaluate_having_expr00Bb_
FN:311,_RNCNvMs3_NtCsldCax6rooq1_18sqlrustgo_executor8executorNtB7_24AggregateVolcanoExecutor17compute_aggregate0B9_
FN:397,_RNCNvMs3_NtCsldCax6rooq1_18sqlrustgo_executor8executorNtB7_24AggregateVolcanoExecutor20evaluate_having_expr0B9_
FN:731,_RNCNvMs5_NtCsldCax6rooq1_18sqlrustgo_executor8executorNtB7_23HashJoinVolcanoExecutor10next_cross0B9_
FN:817,_RNCNvMs5_NtCsldCax6rooq1_18sqlrustgo_executor8executorNtB7_23HashJoinVolcanoExecutor15next_right_anti0B9_
FN:776,_RNCNvMs5_NtCsldCax6rooq1_18sqlrustgo_executor8executorNtB7_23HashJoinVolcanoExecutor15next_right_semi0B9_
FN:116,_RNCNvMs_NtCsldCax6rooq1_18sqlrustgo_executor8executorNtB6_22SeqScanVolcanoExecutor3new0B8_
FN:165,_RNCNvXs0_NtCsldCax6rooq1_18sqlrustgo_executor8executorNtB7_22SeqScanVolcanoExecutorNtB7_15VolcanoExecutor4init0B9_
FN:240,_RNCNvXs2_NtCsldCax6rooq1_18sqlrustgo_executor8executorNtB7_25ProjectionVolcanoExecutorNtB7_15VolcanoExecutor4next0B9_
FN:514,_RNCNvXs4_NtCsldCax6rooq1_18sqlrustgo_executor8executorNtB7_24AggregateVolcanoExecutorNtB7_15VolcanoExecutor4init0B9_
FN:555,_RNCNvXs4_NtCsldCax6rooq1_18sqlrustgo_executor8executorNtB7_24AggregateVolcanoExecutorNtB7_15VolcanoExecutor4inits0_0B9_
FN:522,_RNCNvXs4_NtCsldCax6rooq1_18sqlrustgo_executor8executorNtB7_24AggregateVolcanoExecutorNtB7_15VolcanoExecutor4inits_0B9_
FN:1308,_RNCNvXs9_NtCsldCax6rooq1_18sqlrustgo_executor8executorNtB7_28SortMergeJoinVolcanoExecutorNtB7_15VolcanoExecutor4init0B9_
FN:1309,_RNCNvXs9_NtCsldCax6rooq1_18sqlrustgo_executor8executorNtB7_28SortMergeJoinVolcanoExecutorNtB7_15VolcanoExecutor4inits_0B9_
FN:1408,_RNCNvXsb_NtCsldCax6rooq1_18sqlrustgo_executor8executorNtB7_19SortVolcanoExecutorNtB7_15VolcanoExecutor4init0B9_
FN:1796,_RNCNvXsf_NtCsldCax6rooq1_18sqlrustgo_executor8executorNtB7_21SortMergeJoinExecutorNtB7_15VolcanoExecutor4init0B9_
FN:1798,_RNCNvXsf_NtCsldCax6rooq1_18sqlrustgo_executor8executorNtB7_21SortMergeJoinExecutorNtB7_15VolcanoExecutor4inits_0B9_
FN:2681,_RNvYNtNtCsldCax6rooq1_18sqlrustgo_executor8executor22MockStorageForExecutorNtB4_7Storage14scan_predicateB6_
FN:49,_RNvYNtNtCs4qFySXYcYQq_18sqlrustgo_executor15window_executor21WindowVolcanoExecutorNtNtB6_8executor15VolcanoExecutor13set_outer_rowB6_
FN:53,_RNvYNtNtCs4qFySXYcYQq_18sqlrustgo_executor15window_executor21WindowVolcanoExecutorNtNtB6_8executor15VolcanoExecutor18requires_outer_rowB6_
FN:43,_RNvYNtNtCs4qFySXYcYQq_18sqlrustgo_executor15window_executor21WindowVolcanoExecutorNtNtB6_8executor15VolcanoExecutor8next_refB6_
FN:16,_RNvMNtCs4qFySXYcYQq_18sqlrustgo_executor8executorNtB2_14ExecutorResult3new
FN:22,_RNvMNtCs4qFySXYcYQq_18sqlrustgo_executor8executorNtB2_14ExecutorResult5empty
FN:213,_RNvMs1_NtCs4qFySXYcYQq_18sqlrustgo_executor8executorNtB5_25ProjectionVolcanoExecutor3new
FN:305,_RNvMs3_NtCs4qFySXYcYQq_18sqlrustgo_executor8executorNtB5_24AggregateVolcanoExecutor17compute_aggregate
FN:387,_RNvMs3_NtCs4qFySXYcYQq_18sqlrustgo_executor8executorNtB5_24AggregateVolcanoExecutor20evaluate_having_expr
FN:283,_RNvMs3_NtCs4qFySXYcYQq_18sqlrustgo_executor8executorNtB5_24AggregateVolcanoExecutor3new
FN:723,_RNvMs5_NtCs4qFySXYcYQq_18sqlrustgo_executor8executorNtB5_23HashJoinVolcanoExecutor10next_cross
FN:646,_RNvMs5_NtCs4qFySXYcYQq_18sqlrustgo_executor8executorNtB5_23HashJoinVolcanoExecutor10next_inner
FN:700,_RNvMs5_NtCs4qFySXYcYQq_18sqlrustgo_executor8executorNtB5_23HashJoinVolcanoExecutor10next_right
FN:794,_RNvMs5_NtCs4qFySXYcYQq_18sqlrustgo_executor8executorNtB5_23HashJoinVolcanoExecutor14next_left_anti
FN:752,_RNvMs5_NtCs4qFySXYcYQq_18sqlrustgo_executor8executorNtB5_23HashJoinVolcanoExecutor14next_left_semi
FN:811,_RNvMs5_NtCs4qFySXYcYQq_18sqlrustgo_executor8executorNtB5_23HashJoinVolcanoExecutor15next_right_anti
FN:769,_RNvMs5_NtCs4qFySXYcYQq_18sqlrustgo_executor8executorNtB5_23HashJoinVolcanoExecutor15next_right_semi
FN:619,_RNvMs5_NtCs4qFySXYcYQq_18sqlrustgo_executor8executorNtB5_23HashJoinVolcanoExecutor3new
FN:713,_RNvMs5_NtCs4qFySXYcYQq_18sqlrustgo_executor8executorNtB5_23HashJoinVolcanoExecutor9next_full
FN:668,_RNvMs5_NtCs4qFySXYcYQq_18sqlrustgo_executor8executorNtB5_23HashJoinVolcanoExecutor9next_left
FN:929,_RNvMs7_NtCs4qFySXYcYQq_18sqlrustgo_executor8executorNtB5_28SortMergeJoinVolcanoExecutor3new
FN:1187,_RNvMs8_NtCs4qFySXYcYQq_18sqlrustgo_executor8executorNtB5_28SortMergeJoinVolcanoExecutor10next_cross
FN:985,_RNvMs8_NtCs4qFySXYcYQq_18sqlrustgo_executor8executorNtB5_28SortMergeJoinVolcanoExecutor10next_inner
FN:1110,_RNvMs8_NtCs4qFySXYcYQq_18sqlrustgo_executor8executorNtB5_28SortMergeJoinVolcanoExecutor10next_right
FN:1244,_RNvMs8_NtCs4qFySXYcYQq_18sqlrustgo_executor8executorNtB5_28SortMergeJoinVolcanoExecutor14next_left_anti
FN:1210,_RNvMs8_NtCs4qFySXYcYQq_18sqlrustgo_executor8executorNtB5_28SortMergeJoinVolcanoExecutor14next_left_semi
FN:1267,_RNvMs8_NtCs4qFySXYcYQq_18sqlrustgo_executor8executorNtB5_28SortMergeJoinVolcanoExecutor15next_right_anti
FN:1227,_RNvMs8_NtCs4qFySXYcYQq_18sqlrustgo_executor8executorNtB5_28SortMergeJoinVolcanoExecutor15next_right_semi
FN:981,_RNvMs8_NtCs4qFySXYcYQq_18sqlrustgo_executor8executorNtB5_28SortMergeJoinVolcanoExecutor8sort_key
FN:1177,_RNvMs8_NtCs4qFySXYcYQq_18sqlrustgo_executor8executorNtB5_28SortMergeJoinVolcanoExecutor9next_full
FN:1040,_RNvMs8_NtCs4qFySXYcYQq_18sqlrustgo_executor8executorNtB5_28SortMergeJoinVolcanoExecutor9next_left
FN:131,_RNvMs_NtCs4qFySXYcYQq_18sqlrustgo_executor8executorNtB4_22SeqScanVolcanoExecutor14with_predicate
FN:105,_RNvMs_NtCs4qFySXYcYQq_18sqlrustgo_executor8executorNtB4_22SeqScanVolcanoExecutor3new
FN:140,_RNvMs_NtCs4qFySXYcYQq_18sqlrustgo_executor8executorNtB4_22SeqScanVolcanoExecutor8next_ref
FN:1383,_RNvMsa_NtCs4qFySXYcYQq_18sqlrustgo_executor8executorNtB5_19SortVolcanoExecutor3new
FN:1636,_RNvMsc_NtCs4qFySXYcYQq_18sqlrustgo_executor8executorNtB5_29NestedLoopJoinVolcanoExecutor10next_cross
FN:1515,_RNvMsc_NtCs4qFySXYcYQq_18sqlrustgo_executor8executorNtB5_29NestedLoopJoinVolcanoExecutor10next_inner
FN:1595,_RNvMsc_NtCs4qFySXYcYQq_18sqlrustgo_executor8executorNtB5_29NestedLoopJoinVolcanoExecutor15next_full_outer
FN:1535,_RNvMsc_NtCs4qFySXYcYQq_18sqlrustgo_executor8executorNtB5_29NestedLoopJoinVolcanoExecutor15next_left_outer
FN:1562,_RNvMsc_NtCs4qFySXYcYQq_18sqlrustgo_executor8executorNtB5_29NestedLoopJoinVolcanoExecutor16next_right_outer
FN:1490,_RNvMsc_NtCs4qFySXYcYQq_18sqlrustgo_executor8executorNtB5_29NestedLoopJoinVolcanoExecutor3new
FN:1773,_RNvMse_NtCs4qFySXYcYQq_18sqlrustgo_executor8executorNtB5_21SortMergeJoinExecutor12compare_keys
FN:1740,_RNvMse_NtCs4qFySXYcYQq_18sqlrustgo_executor8executorNtB5_21SortMergeJoinExecutor3new
FN:1769,_RNvMse_NtCs4qFySXYcYQq_18sqlrustgo_executor8executorNtB5_21SortMergeJoinExecutor8sort_key
FN:1990,_RNvMsg_NtCs4qFySXYcYQq_18sqlrustgo_executor8executorNtB5_21SortMergeJoinExecutor10next_cross
FN:1854,_RNvMsg_NtCs4qFySXYcYQq_18sqlrustgo_executor8executorNtB5_21SortMergeJoinExecutor10next_inner
FN:1924,_RNvMsg_NtCs4qFySXYcYQq_18sqlrustgo_executor8executorNtB5_21SortMergeJoinExecutor10next_right
FN:1980,_RNvMsg_NtCs4qFySXYcYQq_18sqlrustgo_executor8executorNtB5_21SortMergeJoinExecutor9next_full
FN:1879,_RNvMsg_NtCs4qFySXYcYQq_18sqlrustgo_executor8executorNtB5_21SortMergeJoinExecutor9next_left
FN:2041,_RNvMsh_NtCs4qFySXYcYQq_18sqlrustgo_executor8executorNtB5_25InSubqueryVolcanoExecutor13has_outer_row
FN:2037,_RNvMsh_NtCs4qFySXYcYQq_18sqlrustgo_executor8executorNtB5_25InSubqueryVolcanoExecutor13set_outer_row
FN:2025,_RNvMsh_NtCs4qFySXYcYQq_18sqlrustgo_executor8executorNtB5_25InSubqueryVolcanoExecutor3new
FN:2125,_RNvMsk_NtCs4qFySXYcYQq_18sqlrustgo_executor8executorNtB5_21ExistsVolcanoExecutor3new
FN:2213,_RNvMsm_NtCs4qFySXYcYQq_18sqlrustgo_executor8executorNtB5_21AnyAllVolcanoExecutor13has_outer_row
FN:2209,_RNvMsm_NtCs4qFySXYcYQq_18sqlrustgo_executor8executorNtB5_21AnyAllVolcanoExecutor13set_outer_row
FN:2217,_RNvMsm_NtCs4qFySXYcYQq_18sqlrustgo_executor8executorNtB5_21AnyAllVolcanoExecutor14compare_values
FN:2189,_RNvMsm_NtCs4qFySXYcYQq_18sqlrustgo_executor8executorNtB5_21AnyAllVolcanoExecutor3new
FN:2333,_RNvMsp_NtCs4qFySXYcYQq_18sqlrustgo_executor8executorNtB5_20LimitVolcanoExecutor3new
FN:2614,_RNvMsr_NtCs4qFySXYcYQq_18sqlrustgo_executor8executorNtB5_18VolExecutorBuilder10build_sort
FN:2633,_RNvMsr_NtCs4qFySXYcYQq_18sqlrustgo_executor8executorNtB5_18VolExecutorBuilder11build_limit
FN:2454,_RNvMsr_NtCs4qFySXYcYQq_18sqlrustgo_executor8executorNtB5_18VolExecutorBuilder12build_exists
FN:2569,_RNvMsr_NtCs4qFySXYcYQq_18sqlrustgo_executor8executorNtB5_18VolExecutorBuilder12build_filter
FN:2654,_RNvMsr_NtCs4qFySXYcYQq_18sqlrustgo_executor8executorNtB5_18VolExecutorBuilder12build_window
FN:2468,_RNvMsr_NtCs4qFySXYcYQq_18sqlrustgo_executor8executorNtB5_18VolExecutorBuilder13build_any_all
FN:2540,_RNvMsr_NtCs4qFySXYcYQq_18sqlrustgo_executor8executorNtB5_18VolExecutorBuilder14build_seq_scan
FN:2590,_RNvMsr_NtCs4qFySXYcYQq_18sqlrustgo_executor8executorNtB5_18VolExecutorBuilder15build_aggregate
FN:2491,_RNvMsr_NtCs4qFySXYcYQq_18sqlrustgo_executor8executorNtB5_18VolExecutorBuilder15build_hash_join
FN:2548,_RNvMsr_NtCs4qFySXYcYQq_18sqlrustgo_executor8executorNtB5_18VolExecutorBuilder16build_projection
FN:2433,_RNvMsr_NtCs4qFySXYcYQq_18sqlrustgo_executor8executorNtB5_18VolExecutorBuilder17build_in_subquery
FN:2426,_RNvMsr_NtCs4qFySXYcYQq_18sqlrustgo_executor8executorNtB5_18VolExecutorBuilder25set_outer_row_on_executor
FN:2402,_RNvMsr_NtCs4qFySXYcYQq_18sqlrustgo_executor8executorNtB5_18VolExecutorBuilder3new
FN:2406,_RNvMsr_NtCs4qFySXYcYQq_18sqlrustgo_executor8executorNtB5_18VolExecutorBuilder5build
FN:2701,_RNvMss_NtCs4qFySXYcYQq_18sqlrustgo_executor8executorNtB5_22MockStorageForExecutor10with_table
FN:2695,_RNvMss_NtCs4qFySXYcYQq_18sqlrustgo_executor8executorNtB5_22MockStorageForExecutor3new
FN:77,_RNvNtCs4qFySXYcYQq_18sqlrustgo_executor8executor15execute_collect
FN:960,_RNvNtCs4qFySXYcYQq_18sqlrustgo_executor8executor17compare_join_keys
FN:196,_RNvXs0_NtCs4qFySXYcYQq_18sqlrustgo_executor8executorNtB5_22SeqScanVolcanoExecutorNtB5_15VolcanoExecutor14is_initialized
FN:154,_RNvXs0_NtCs4qFySXYcYQq_18sqlrustgo_executor8executorNtB5_22SeqScanVolcanoExecutorNtB5_15VolcanoExecutor4init
FN:193,_RNvXs0_NtCs4qFySXYcYQq_18sqlrustgo_executor8executorNtB5_22SeqScanVolcanoExecutorNtB5_15VolcanoExecutor4name
FN:171,_RNvXs0_NtCs4qFySXYcYQq_18sqlrustgo_executor8executorNtB5_22SeqScanVolcanoExecutorNtB5_15VolcanoExecutor4next
FN:184,_RNvXs0_NtCs4qFySXYcYQq_18sqlrustgo_executor8executorNtB5_22SeqScanVolcanoExecutorNtB5_15VolcanoExecutor5close
FN:199,_RNvXs0_NtCs4qFySXYcYQq_18sqlrustgo_executor8executorNtB5_22SeqScanVolcanoExecutorNtB5_15VolcanoExecutor6as_any
FN:190,_RNvXs0_NtCs4qFySXYcYQq_18sqlrustgo_executor8executorNtB5_22SeqScanVolcanoExecutorNtB5_15VolcanoExecutor6schema
FN:261,_RNvXs2_NtCs4qFySXYcYQq_18sqlrustgo_executor8executorNtB5_25ProjectionVolcanoExecutorNtB5_15VolcanoExecutor14is_initialized
FN:230,_RNvXs2_NtCs4qFySXYcYQq_18sqlrustgo_executor8executorNtB5_25ProjectionVolcanoExecutorNtB5_15VolcanoExecutor4init
FN:258,_RNvXs2_NtCs4qFySXYcYQq_18sqlrustgo_executor8executorNtB5_25ProjectionVolcanoExecutorNtB5_15VolcanoExecutor4name
FN:235,_RNvXs2_NtCs4qFySXYcYQq_18sqlrustgo_executor8executorNtB5_25ProjectionVolcanoExecutorNtB5_15VolcanoExecutor4next
FN:250,_RNvXs2_NtCs4qFySXYcYQq_18sqlrustgo_executor8executorNtB5_25ProjectionVolcanoExecutorNtB5_15VolcanoExecutor5close
FN:264,_RNvXs2_NtCs4qFySXYcYQq_18sqlrustgo_executor8executorNtB5_25ProjectionVolcanoExecutorNtB5_15VolcanoExecutor6as_any
FN:255,_RNvXs2_NtCs4qFySXYcYQq_18sqlrustgo_executor8executorNtB5_25ProjectionVolcanoExecutorNtB5_15VolcanoExecutor6schema
FN:590,_RNvXs4_NtCs4qFySXYcYQq_18sqlrustgo_executor8executorNtB5_24AggregateVolcanoExecutorNtB5_15VolcanoExecutor14is_initialized
FN:503,_RNvXs4_NtCs4qFySXYcYQq_18sqlrustgo_executor8executorNtB5_24AggregateVolcanoExecutorNtB5_15VolcanoExecutor4init
FN:587,_RNvXs4_NtCs4qFySXYcYQq_18sqlrustgo_executor8executorNtB5_24AggregateVolcanoExecutorNtB5_15VolcanoExecutor4name
FN:563,_RNvXs4_NtCs4qFySXYcYQq_18sqlrustgo_executor8executorNtB5_24AggregateVolcanoExecutorNtB5_15VolcanoExecutor4next
FN:578,_RNvXs4_NtCs4qFySXYcYQq_18sqlrustgo_executor8executorNtB5_24AggregateVolcanoExecutorNtB5_15VolcanoExecutor5close
FN:593,_RNvXs4_NtCs4qFySXYcYQq_18sqlrustgo_executor8executorNtB5_24AggregateVolcanoExecutorNtB5_15VolcanoExecutor6as_any
FN:584,_RNvXs4_NtCs4qFySXYcYQq_18sqlrustgo_executor8executorNtB5_24AggregateVolcanoExecutorNtB5_15VolcanoExecutor6schema
FN:895,_RNvXs6_NtCs4qFySXYcYQq_18sqlrustgo_executor8executorNtB5_23HashJoinVolcanoExecutorNtB5_15VolcanoExecutor14is_initialized
FN:838,_RNvXs6_NtCs4qFySXYcYQq_18sqlrustgo_executor8executorNtB5_23HashJoinVolcanoExecutorNtB5_15VolcanoExecutor4init
FN:892,_RNvXs6_NtCs4qFySXYcYQq_18sqlrustgo_executor8executorNtB5_23HashJoinVolcanoExecutorNtB5_15VolcanoExecutor4name
FN:858,_RNvXs6_NtCs4qFySXYcYQq_18sqlrustgo_executor8executorNtB5_23HashJoinVolcanoExecutorNtB5_15VolcanoExecutor4next
FN:875,_RNvXs6_NtCs4qFySXYcYQq_18sqlrustgo_executor8executorNtB5_23HashJoinVolcanoExecutorNtB5_15VolcanoExecutor5close
FN:898,_RNvXs6_NtCs4qFySXYcYQq_18sqlrustgo_executor8executorNtB5_23HashJoinVolcanoExecutorNtB5_15VolcanoExecutor6as_any
FN:889,_RNvXs6_NtCs4qFySXYcYQq_18sqlrustgo_executor8executorNtB5_23HashJoinVolcanoExecutorNtB5_15VolcanoExecutor6schema
FN:1363,_RNvXs9_NtCs4qFySXYcYQq_18sqlrustgo_executor8executorNtB5_28SortMergeJoinVolcanoExecutorNtB5_15VolcanoExecutor14is_initialized
FN:1292,_RNvXs9_NtCs4qFySXYcYQq_18sqlrustgo_executor8executorNtB5_28SortMergeJoinVolcanoExecutorNtB5_15VolcanoExecutor4init
FN:1359,_RNvXs9_NtCs4qFySXYcYQq_18sqlrustgo_executor8executorNtB5_28SortMergeJoinVolcanoExecutorNtB5_15VolcanoExecutor4name
FN:1325,_RNvXs9_NtCs4qFySXYcYQq_18sqlrustgo_executor8executorNtB5_28SortMergeJoinVolcanoExecutorNtB5_15VolcanoExecutor4next
FN:1343,_RNvXs9_NtCs4qFySXYcYQq_18sqlrustgo_executor8executorNtB5_28SortMergeJoinVolcanoExecutorNtB5_15VolcanoExecutor5close
FN:1367,_RNvXs9_NtCs4qFySXYcYQq_18sqlrustgo_executor8executorNtB5_28SortMergeJoinVolcanoExecutorNtB5_15VolcanoExecutor6as_any
FN:1355,_RNvXs9_NtCs4qFySXYcYQq_18sqlrustgo_executor8executorNtB5_28SortMergeJoinVolcanoExecutorNtB5_15VolcanoExecutor6schema
FN:1460,_RNvXsb_NtCs4qFySXYcYQq_18sqlrustgo_executor8executorNtB5_19SortVolcanoExecutorNtB5_15VolcanoExecutor14is_initialized
FN:1402,_RNvXsb_NtCs4qFySXYcYQq_18sqlrustgo_executor8executorNtB5_19SortVolcanoExecutorNtB5_15VolcanoExecutor4init
FN:1456,_RNvXsb_NtCs4qFySXYcYQq_18sqlrustgo_executor8executorNtB5_19SortVolcanoExecutorNtB5_15VolcanoExecutor4name
FN:1435,_RNvXsb_NtCs4qFySXYcYQq_18sqlrustgo_executor8executorNtB5_19SortVolcanoExecutorNtB5_15VolcanoExecutor4next
FN:1447,_RNvXsb_NtCs4qFySXYcYQq_18sqlrustgo_executor8executorNtB5_19SortVolcanoExecutorNtB5_15VolcanoExecutor5close
FN:1464,_RNvXsb_NtCs4qFySXYcYQq_18sqlrustgo_executor8executorNtB5_19SortVolcanoExecutorNtB5_15VolcanoExecutor6as_any
FN:1453,_RNvXsb_NtCs4qFySXYcYQq_18sqlrustgo_executor8executorNtB5_19SortVolcanoExecutorNtB5_15VolcanoExecutor6schema
FN:1709,_RNvXsd_NtCs4qFySXYcYQq_18sqlrustgo_executor8executorNtB5_29NestedLoopJoinVolcanoExecutorNtB5_15VolcanoExecutor14is_initialized
FN:1658,_RNvXsd_NtCs4qFySXYcYQq_18sqlrustgo_executor8executorNtB5_29NestedLoopJoinVolcanoExecutorNtB5_15VolcanoExecutor4init
FN:1705,_RNvXsd_NtCs4qFySXYcYQq_18sqlrustgo_executor8executorNtB5_29NestedLoopJoinVolcanoExecutorNtB5_15VolcanoExecutor4name
FN:1678,_RNvXsd_NtCs4qFySXYcYQq_18sqlrustgo_executor8executorNtB5_29NestedLoopJoinVolcanoExecutorNtB5_15VolcanoExecutor4next
FN:1693,_RNvXsd_NtCs4qFySXYcYQq_18sqlrustgo_executor8executorNtB5_29NestedLoopJoinVolcanoExecutorNtB5_15VolcanoExecutor5close
FN:1713,_RNvXsd_NtCs4qFySXYcYQq_18sqlrustgo_executor8executorNtB5_29NestedLoopJoinVolcanoExecutorNtB5_15VolcanoExecutor6as_any
FN:1701,_RNvXsd_NtCs4qFySXYcYQq_18sqlrustgo_executor8executorNtB5_29NestedLoopJoinVolcanoExecutorNtB5_15VolcanoExecutor6schema
FN:1844,_RNvXsf_NtCs4qFySXYcYQq_18sqlrustgo_executor8executorNtB5_21SortMergeJoinExecutorNtB5_15VolcanoExecutor14is_initialized
FN:1783,_RNvXsf_NtCs4qFySXYcYQq_18sqlrustgo_executor8executorNtB5_21SortMergeJoinExecutorNtB5_15VolcanoExecutor4init
FN:1840,_RNvXsf_NtCs4qFySXYcYQq_18sqlrustgo_executor8executorNtB5_21SortMergeJoinExecutorNtB5_15VolcanoExecutor4name
FN:1811,_RNvXsf_NtCs4qFySXYcYQq_18sqlrustgo_executor8executorNtB5_21SortMergeJoinExecutorNtB5_15VolcanoExecutor4next
FN:1826,_RNvXsf_NtCs4qFySXYcYQq_18sqlrustgo_executor8executorNtB5_21SortMergeJoinExecutorNtB5_15VolcanoExecutor5close
FN:1848,_RNvXsf_NtCs4qFySXYcYQq_18sqlrustgo_executor8executorNtB5_21SortMergeJoinExecutorNtB5_15VolcanoExecutor6as_any
FN:1836,_RNvXsf_NtCs4qFySXYcYQq_18sqlrustgo_executor8executorNtB5_21SortMergeJoinExecutorNtB5_15VolcanoExecutor6schema
FN:2051,_RNvXsi_NtCs4qFySXYcYQq_18sqlrustgo_executor8executorNtB5_25InSubqueryVolcanoExecutorNtB5_21OuterRowAwareExecutor13has_outer_row
FN:2047,_RNvXsi_NtCs4qFySXYcYQq_18sqlrustgo_executor8executorNtB5_25InSubqueryVolcanoExecutorNtB5_21OuterRowAwareExecutor13set_outer_row
FN:2108,_RNvXsj_NtCs4qFySXYcYQq_18sqlrustgo_executor8executorNtB5_25InSubqueryVolcanoExecutorNtB5_15VolcanoExecutor14is_initialized
FN:2057,_RNvXsj_NtCs4qFySXYcYQq_18sqlrustgo_executor8executorNtB5_25InSubqueryVolcanoExecutorNtB5_15VolcanoExecutor4init
FN:2105,_RNvXsj_NtCs4qFySXYcYQq_18sqlrustgo_executor8executorNtB5_25InSubqueryVolcanoExecutorNtB5_15VolcanoExecutor4name
FN:2070,_RNvXsj_NtCs4qFySXYcYQq_18sqlrustgo_executor8executorNtB5_25InSubqueryVolcanoExecutorNtB5_15VolcanoExecutor4next
FN:2097,_RNvXsj_NtCs4qFySXYcYQq_18sqlrustgo_executor8executorNtB5_25InSubqueryVolcanoExecutorNtB5_15VolcanoExecutor5close
FN:2111,_RNvXsj_NtCs4qFySXYcYQq_18sqlrustgo_executor8executorNtB5_25InSubqueryVolcanoExecutorNtB5_15VolcanoExecutor6as_any
FN:2102,_RNvXsj_NtCs4qFySXYcYQq_18sqlrustgo_executor8executorNtB5_25InSubqueryVolcanoExecutorNtB5_15VolcanoExecutor6schema
FN:2168,_RNvXsl_NtCs4qFySXYcYQq_18sqlrustgo_executor8executorNtB5_21ExistsVolcanoExecutorNtB5_15VolcanoExecutor14is_initialized
FN:2137,_RNvXsl_NtCs4qFySXYcYQq_18sqlrustgo_executor8executorNtB5_21ExistsVolcanoExecutorNtB5_15VolcanoExecutor4init
FN:2165,_RNvXsl_NtCs4qFySXYcYQq_18sqlrustgo_executor8executorNtB5_21ExistsVolcanoExecutorNtB5_15VolcanoExecutor4name
FN:2149,_RNvXsl_NtCs4qFySXYcYQq_18sqlrustgo_executor8executorNtB5_21ExistsVolcanoExecutorNtB5_15VolcanoExecutor4next
FN:2157,_RNvXsl_NtCs4qFySXYcYQq_18sqlrustgo_executor8executorNtB5_21ExistsVolcanoExecutorNtB5_15VolcanoExecutor5close
FN:2171,_RNvXsl_NtCs4qFySXYcYQq_18sqlrustgo_executor8executorNtB5_21ExistsVolcanoExecutorNtB5_15VolcanoExecutor6as_any
FN:2162,_RNvXsl_NtCs4qFySXYcYQq_18sqlrustgo_executor8executorNtB5_21ExistsVolcanoExecutorNtB5_15VolcanoExecutor6schema
FN:2305,_RNvXsn_NtCs4qFySXYcYQq_18sqlrustgo_executor8executorNtB5_21AnyAllVolcanoExecutorNtB5_15VolcanoExecutor14is_initialized
FN:2238,_RNvXsn_NtCs4qFySXYcYQq_18sqlrustgo_executor8executorNtB5_21AnyAllVolcanoExecutorNtB5_15VolcanoExecutor4init
FN:2302,_RNvXsn_NtCs4qFySXYcYQq_18sqlrustgo_executor8executorNtB5_21AnyAllVolcanoExecutorNtB5_15VolcanoExecutor4name
FN:2251,_RNvXsn_NtCs4qFySXYcYQq_18sqlrustgo_executor8executorNtB5_21AnyAllVolcanoExecutorNtB5_15VolcanoExecutor4next
FN:2294,_RNvXsn_NtCs4qFySXYcYQq_18sqlrustgo_executor8executorNtB5_21AnyAllVolcanoExecutorNtB5_15VolcanoExecutor5close
FN:2308,_RNvXsn_NtCs4qFySXYcYQq_18sqlrustgo_executor8executorNtB5_21AnyAllVolcanoExecutorNtB5_15VolcanoExecutor6as_any
FN:2299,_RNvXsn_NtCs4qFySXYcYQq_18sqlrustgo_executor8executorNtB5_21AnyAllVolcanoExecutorNtB5_15VolcanoExecutor6schema
FN:2318,_RNvXso_NtCs4qFySXYcYQq_18sqlrustgo_executor8executorNtB5_21AnyAllVolcanoExecutorNtB5_21OuterRowAwareExecutor13has_outer_row
FN:2314,_RNvXso_NtCs4qFySXYcYQq_18sqlrustgo_executor8executorNtB5_21AnyAllVolcanoExecutorNtB5_21OuterRowAwareExecutor13set_outer_row
FN:2389,_RNvXsq_NtCs4qFySXYcYQq_18sqlrustgo_executor8executorNtB5_20LimitVolcanoExecutorNtB5_15VolcanoExecutor14is_initialized
FN:2351,_RNvXsq_NtCs4qFySXYcYQq_18sqlrustgo_executor8executorNtB5_20LimitVolcanoExecutorNtB5_15VolcanoExecutor4init
FN:2386,_RNvXsq_NtCs4qFySXYcYQq_18sqlrustgo_executor8executorNtB5_20LimitVolcanoExecutorNtB5_15VolcanoExecutor4name
FN:2358,_RNvXsq_NtCs4qFySXYcYQq_18sqlrustgo_executor8executorNtB5_20LimitVolcanoExecutorNtB5_15VolcanoExecutor4next
FN:2378,_RNvXsq_NtCs4qFySXYcYQq_18sqlrustgo_executor8executorNtB5_20LimitVolcanoExecutorNtB5_15VolcanoExecutor5close
FN:2392,_RNvXsq_NtCs4qFySXYcYQq_18sqlrustgo_executor8executorNtB5_20LimitVolcanoExecutorNtB5_15VolcanoExecutor6as_any
FN:2383,_RNvXsq_NtCs4qFySXYcYQq_18sqlrustgo_executor8executorNtB5_20LimitVolcanoExecutorNtB5_15VolcanoExecutor6schema
FN:2708,_RNvXst_NtCs4qFySXYcYQq_18sqlrustgo_executor8executorNtB5_22MockStorageForExecutorNtNtCs8nPosuWgJFh_4core7default7Default7default
FN:2714,_RNvXsu_NtCs4qFySXYcYQq_18sqlrustgo_executor8executorNtB5_22MockStorageForExecutorNtB5_7Storage4scan
FN:49,_RNvYNtNtCs4qFySXYcYQq_18sqlrustgo_executor6filter21FilterVolcanoExecutorNtNtB6_8executor15VolcanoExecutor13set_outer_rowB6_
FN:53,_RNvYNtNtCs4qFySXYcYQq_18sqlrustgo_executor6filter21FilterVolcanoExecutorNtNtB6_8executor15VolcanoExecutor18requires_outer_rowB6_
FN:43,_RNvYNtNtCs4qFySXYcYQq_18sqlrustgo_executor6filter21FilterVolcanoExecutorNtNtB6_8executor15VolcanoExecutor8next_refB6_
FN:316,_RNCNCNvMs3_NtCs4qFySXYcYQq_18sqlrustgo_executor8executorNtB9_24AggregateVolcanoExecutor17compute_aggregate00Bb_
FN:402,_RNCNCNvMs3_NtCs4qFySXYcYQq_18sqlrustgo_executor8executorNtB9_24AggregateVolcanoExecutor20evaluate_having_expr00Bb_
FN:311,_RNCNvMs3_NtCs4qFySXYcYQq_18sqlrustgo_executor8executorNtB7_24AggregateVolcanoExecutor17compute_aggregate0B9_
FN:397,_RNCNvMs3_NtCs4qFySXYcYQq_18sqlrustgo_executor8executorNtB7_24AggregateVolcanoExecutor20evaluate_having_expr0B9_
FN:731,_RNCNvMs5_NtCs4qFySXYcYQq_18sqlrustgo_executor8executorNtB7_23HashJoinVolcanoExecutor10next_cross0B9_
FN:817,_RNCNvMs5_NtCs4qFySXYcYQq_18sqlrustgo_executor8executorNtB7_23HashJoinVolcanoExecutor15next_right_anti0B9_
FN:776,_RNCNvMs5_NtCs4qFySXYcYQq_18sqlrustgo_executor8executorNtB7_23HashJoinVolcanoExecutor15next_right_semi0B9_
FN:116,_RNCNvMs_NtCs4qFySXYcYQq_18sqlrustgo_executor8executorNtB6_22SeqScanVolcanoExecutor3new0B8_
FN:2038,_RNCNvMsh_NtCs4qFySXYcYQq_18sqlrustgo_executor8executorNtB7_25InSubqueryVolcanoExecutor13set_outer_row0B9_
FN:2210,_RNCNvMsm_NtCs4qFySXYcYQq_18sqlrustgo_executor8executorNtB7_21AnyAllVolcanoExecutor13set_outer_row0B9_
FN:2623,_RNCNvMsr_NtCs4qFySXYcYQq_18sqlrustgo_executor8executorNtB7_18VolExecutorBuilder10build_sort0B9_
FN:2644,_RNCNvMsr_NtCs4qFySXYcYQq_18sqlrustgo_executor8executorNtB7_18VolExecutorBuilder11build_limit0B9_
FN:2645,_RNCNvMsr_NtCs4qFySXYcYQq_18sqlrustgo_executor8executorNtB7_18VolExecutorBuilder11build_limits_0B9_
FN:2580,_RNCNvMsr_NtCs4qFySXYcYQq_18sqlrustgo_executor8executorNtB7_18VolExecutorBuilder12build_filter0B9_
FN:2665,_RNCNvMsr_NtCs4qFySXYcYQq_18sqlrustgo_executor8executorNtB7_18VolExecutorBuilder12build_window0B9_
FN:2479,_RNCNvMsr_NtCs4qFySXYcYQq_18sqlrustgo_executor8executorNtB7_18VolExecutorBuilder13build_any_all0B9_
FN:2601,_RNCNvMsr_NtCs4qFySXYcYQq_18sqlrustgo_executor8executorNtB7_18VolExecutorBuilder15build_aggregate0B9_
FN:2503,_RNCNvMsr_NtCs4qFySXYcYQq_18sqlrustgo_executor8executorNtB7_18VolExecutorBuilder15build_hash_join0B9_
FN:2559,_RNCNvMsr_NtCs4qFySXYcYQq_18sqlrustgo_executor8executorNtB7_18VolExecutorBuilder16build_projection0B9_
FN:2444,_RNCNvMsr_NtCs4qFySXYcYQq_18sqlrustgo_executor8executorNtB7_18VolExecutorBuilder17build_in_subquery0B9_
FN:165,_RNCNvXs0_NtCs4qFySXYcYQq_18sqlrustgo_executor8executorNtB7_22SeqScanVolcanoExecutorNtB7_15VolcanoExecutor4init0B9_
FN:240,_RNCNvXs2_NtCs4qFySXYcYQq_18sqlrustgo_executor8executorNtB7_25ProjectionVolcanoExecutorNtB7_15VolcanoExecutor4next0B9_
FN:514,_RNCNvXs4_NtCs4qFySXYcYQq_18sqlrustgo_executor8executorNtB7_24AggregateVolcanoExecutorNtB7_15VolcanoExecutor4init0B9_
FN:555,_RNCNvXs4_NtCs4qFySXYcYQq_18sqlrustgo_executor8executorNtB7_24AggregateVolcanoExecutorNtB7_15VolcanoExecutor4inits0_0B9_
FN:522,_RNCNvXs4_NtCs4qFySXYcYQq_18sqlrustgo_executor8executorNtB7_24AggregateVolcanoExecutorNtB7_15VolcanoExecutor4inits_0B9_
FN:1308,_RNCNvXs9_NtCs4qFySXYcYQq_18sqlrustgo_executor8executorNtB7_28SortMergeJoinVolcanoExecutorNtB7_15VolcanoExecutor4init0B9_
FN:1309,_RNCNvXs9_NtCs4qFySXYcYQq_18sqlrustgo_executor8executorNtB7_28SortMergeJoinVolcanoExecutorNtB7_15VolcanoExecutor4inits_0B9_
FN:1408,_RNCNvXsb_NtCs4qFySXYcYQq_18sqlrustgo_executor8executorNtB7_19SortVolcanoExecutorNtB7_15VolcanoExecutor4init0B9_
FN:1796,_RNCNvXsf_NtCs4qFySXYcYQq_18sqlrustgo_executor8executorNtB7_21SortMergeJoinExecutorNtB7_15VolcanoExecutor4init0B9_
FN:1798,_RNCNvXsf_NtCs4qFySXYcYQq_18sqlrustgo_executor8executorNtB7_21SortMergeJoinExecutorNtB7_15VolcanoExecutor4inits_0B9_
FN:2048,_RNCNvXsi_NtCs4qFySXYcYQq_18sqlrustgo_executor8executorNtB7_25InSubqueryVolcanoExecutorNtB7_21OuterRowAwareExecutor13set_outer_row0B9_
FN:2088,_RNCNvXsj_NtCs4qFySXYcYQq_18sqlrustgo_executor8executorNtB7_25InSubqueryVolcanoExecutorNtB7_15VolcanoExecutor4next0B9_
FN:2315,_RNCNvXso_NtCs4qFySXYcYQq_18sqlrustgo_executor8executorNtB7_21AnyAllVolcanoExecutorNtB7_21OuterRowAwareExecutor13set_outer_row0B9_
FN:49,_RNvYNtNtCs4qFySXYcYQq_18sqlrustgo_executor8executor19SortVolcanoExecutorNtB4_15VolcanoExecutor13set_outer_rowB6_
FN:53,_RNvYNtNtCs4qFySXYcYQq_18sqlrustgo_executor8executor19SortVolcanoExecutorNtB4_15VolcanoExecutor18requires_outer_rowB6_
FN:43,_RNvYNtNtCs4qFySXYcYQq_18sqlrustgo_executor8executor19SortVolcanoExecutorNtB4_15VolcanoExecutor8next_refB6_
FN:49,_RNvYNtNtCs4qFySXYcYQq_18sqlrustgo_executor8executor20LimitVolcanoExecutorNtB4_15VolcanoExecutor13set_outer_rowB6_
FN:53,_RNvYNtNtCs4qFySXYcYQq_18sqlrustgo_executor8executor20LimitVolcanoExecutorNtB4_15VolcanoExecutor18requires_outer_rowB6_
FN:43,_RNvYNtNtCs4qFySXYcYQq_18sqlrustgo_executor8executor20LimitVolcanoExecutorNtB4_15VolcanoExecutor8next_refB6_
FN:49,_RNvYNtNtCs4qFySXYcYQq_18sqlrustgo_executor8executor21AnyAllVolcanoExecutorNtB4_15VolcanoExecutor13set_outer_rowB6_
FN:53,_RNvYNtNtCs4qFySXYcYQq_18sqlrustgo_executor8executor21AnyAllVolcanoExecutorNtB4_15VolcanoExecutor18requires_outer_rowB6_
FN:43,_RNvYNtNtCs4qFySXYcYQq_18sqlrustgo_executor8executor21AnyAllVolcanoExecutorNtB4_15VolcanoExecutor8next_refB6_
FN:49,_RNvYNtNtCs4qFySXYcYQq_18sqlrustgo_executor8executor21ExistsVolcanoExecutorNtB4_15VolcanoExecutor13set_outer_rowB6_
FN:53,_RNvYNtNtCs4qFySXYcYQq_18sqlrustgo_executor8executor21ExistsVolcanoExecutorNtB4_15VolcanoExecutor18requires_outer_rowB6_
FN:43,_RNvYNtNtCs4qFySXYcYQq_18sqlrustgo_executor8executor21ExistsVolcanoExecutorNtB4_15VolcanoExecutor8next_refB6_
FN:49,_RNvYNtNtCs4qFySXYcYQq_18sqlrustgo_executor8executor22SeqScanVolcanoExecutorNtB4_15VolcanoExecutor13set_outer_rowB6_
FN:53,_RNvYNtNtCs4qFySXYcYQq_18sqlrustgo_executor8executor22SeqScanVolcanoExecutorNtB4_15VolcanoExecutor18requires_outer_rowB6_
FN:43,_RNvYNtNtCs4qFySXYcYQq_18sqlrustgo_executor8executor22SeqScanVolcanoExecutorNtB4_15VolcanoExecutor8next_refB6_
FN:49,_RNvYNtNtCs4qFySXYcYQq_18sqlrustgo_executor8executor23HashJoinVolcanoExecutorNtB4_15VolcanoExecutor13set_outer_rowB6_
FN:53,_RNvYNtNtCs4qFySXYcYQq_18sqlrustgo_executor8executor23HashJoinVolcanoExecutorNtB4_15VolcanoExecutor18requires_outer_rowB6_
FN:43,_RNvYNtNtCs4qFySXYcYQq_18sqlrustgo_executor8executor23HashJoinVolcanoExecutorNtB4_15VolcanoExecutor8next_refB6_
FN:49,_RNvYNtNtCs4qFySXYcYQq_18sqlrustgo_executor8executor24AggregateVolcanoExecutorNtB4_15VolcanoExecutor13set_outer_rowB6_
FN:53,_RNvYNtNtCs4qFySXYcYQq_18sqlrustgo_executor8executor24AggregateVolcanoExecutorNtB4_15VolcanoExecutor18requires_outer_rowB6_
FN:43,_RNvYNtNtCs4qFySXYcYQq_18sqlrustgo_executor8executor24AggregateVolcanoExecutorNtB4_15VolcanoExecutor8next_refB6_
FN:49,_RNvYNtNtCs4qFySXYcYQq_18sqlrustgo_executor8executor25InSubqueryVolcanoExecutorNtB4_15VolcanoExecutor13set_outer_rowB6_
FN:53,_RNvYNtNtCs4qFySXYcYQq_18sqlrustgo_executor8executor25InSubqueryVolcanoExecutorNtB4_15VolcanoExecutor18requires_outer_rowB6_
FN:43,_RNvYNtNtCs4qFySXYcYQq_18sqlrustgo_executor8executor25InSubqueryVolcanoExecutorNtB4_15VolcanoExecutor8next_refB6_
FN:49,_RNvYNtNtCs4qFySXYcYQq_18sqlrustgo_executor8executor25ProjectionVolcanoExecutorNtB4_15VolcanoExecutor13set_outer_rowB6_
FN:53,_RNvYNtNtCs4qFySXYcYQq_18sqlrustgo_executor8executor25ProjectionVolcanoExecutorNtB4_15VolcanoExecutor18requires_outer_rowB6_
FN:43,_RNvYNtNtCs4qFySXYcYQq_18sqlrustgo_executor8executor25ProjectionVolcanoExecutorNtB4_15VolcanoExecutor8next_refB6_
FN:49,_RNvYNtNtCs4qFySXYcYQq_18sqlrustgo_executor8executor29NestedLoopJoinVolcanoExecutorNtB4_15VolcanoExecutor13set_outer_rowB6_
FN:53,_RNvYNtNtCs4qFySXYcYQq_18sqlrustgo_executor8executor29NestedLoopJoinVolcanoExecutorNtB4_15VolcanoExecutor18requires_outer_rowB6_
FN:43,_RNvYNtNtCs4qFySXYcYQq_18sqlrustgo_executor8executor29NestedLoopJoinVolcanoExecutorNtB4_15VolcanoExecutor8next_refB6_
FNDA:0,_RNCNvMsh_NtCsldCax6rooq1_18sqlrustgo_executor8executorNtB7_25InSubqueryVolcanoExecutor13set_outer_row0B9_
FNDA:0,_RNCNvMsm_NtCsldCax6rooq1_18sqlrustgo_executor8executorNtB7_21AnyAllVolcanoExecutor13set_outer_row0B9_
FNDA:0,_RNCNvMsr_NtCsldCax6rooq1_18sqlrustgo_executor8executorNtB7_18VolExecutorBuilder10build_sort0B9_
FNDA:0,_RNCNvMsr_NtCsldCax6rooq1_18sqlrustgo_executor8executorNtB7_18VolExecutorBuilder11build_limit0B9_
FNDA:0,_RNCNvMsr_NtCsldCax6rooq1_18sqlrustgo_executor8executorNtB7_18VolExecutorBuilder11build_limits_0B9_
FNDA:0,_RNCNvMsr_NtCsldCax6rooq1_18sqlrustgo_executor8executorNtB7_18VolExecutorBuilder12build_filter0B9_
FNDA:0,_RNCNvMsr_NtCsldCax6rooq1_18sqlrustgo_executor8executorNtB7_18VolExecutorBuilder12build_window0B9_
FNDA:0,_RNCNvMsr_NtCsldCax6rooq1_18sqlrustgo_executor8executorNtB7_18VolExecutorBuilder13build_any_all0B9_
FNDA:0,_RNCNvMsr_NtCsldCax6rooq1_18sqlrustgo_executor8executorNtB7_18VolExecutorBuilder15build_aggregate0B9_
FNDA:0,_RNCNvMsr_NtCsldCax6rooq1_18sqlrustgo_executor8executorNtB7_18VolExecutorBuilder15build_hash_join0B9_
FNDA:0,_RNCNvMsr_NtCsldCax6rooq1_18sqlrustgo_executor8executorNtB7_18VolExecutorBuilder16build_projection0B9_
FNDA:0,_RNCNvMsr_NtCsldCax6rooq1_18sqlrustgo_executor8executorNtB7_18VolExecutorBuilder17build_in_subquery0B9_
FNDA:0,_RNCNvXsi_NtCsldCax6rooq1_18sqlrustgo_executor8executorNtB7_25InSubqueryVolcanoExecutorNtB7_21OuterRowAwareExecutor13set_outer_row0B9_
FNDA:0,_RNCNvXsj_NtCsldCax6rooq1_18sqlrustgo_executor8executorNtB7_25InSubqueryVolcanoExecutorNtB7_15VolcanoExecutor4next0B9_
FNDA:0,_RNCNvXso_NtCsldCax6rooq1_18sqlrustgo_executor8executorNtB7_21AnyAllVolcanoExecutorNtB7_21OuterRowAwareExecutor13set_outer_row0B9_
FNDA:0,_RNvMs_NtCsldCax6rooq1_18sqlrustgo_executor8executorNtB4_22SeqScanVolcanoExecutor14with_predicate
FNDA:0,_RNvMs_NtCsldCax6rooq1_18sqlrustgo_executor8executorNtB4_22SeqScanVolcanoExecutor8next_ref
FNDA:0,_RNvMsh_NtCsldCax6rooq1_18sqlrustgo_executor8executorNtB5_25InSubqueryVolcanoExecutor13has_outer_row
FNDA:0,_RNvMsh_NtCsldCax6rooq1_18sqlrustgo_executor8executorNtB5_25InSubqueryVolcanoExecutor13set_outer_row
FNDA:0,_RNvMsh_NtCsldCax6rooq1_18sqlrustgo_executor8executorNtB5_25InSubqueryVolcanoExecutor3new
FNDA:0,_RNvMsk_NtCsldCax6rooq1_18sqlrustgo_executor8executorNtB5_21ExistsVolcanoExecutor3new
FNDA:0,_RNvMsm_NtCsldCax6rooq1_18sqlrustgo_executor8executorNtB5_21AnyAllVolcanoExecutor13has_outer_row
FNDA:0,_RNvMsm_NtCsldCax6rooq1_18sqlrustgo_executor8executorNtB5_21AnyAllVolcanoExecutor13set_outer_row
FNDA:0,_RNvMsm_NtCsldCax6rooq1_18sqlrustgo_executor8executorNtB5_21AnyAllVolcanoExecutor14compare_values
FNDA:0,_RNvMsm_NtCsldCax6rooq1_18sqlrustgo_executor8executorNtB5_21AnyAllVolcanoExecutor3new
FNDA:0,_RNvMsr_NtCsldCax6rooq1_18sqlrustgo_executor8executorNtB5_18VolExecutorBuilder10build_sort
FNDA:0,_RNvMsr_NtCsldCax6rooq1_18sqlrustgo_executor8executorNtB5_18VolExecutorBuilder11build_limit
FNDA:0,_RNvMsr_NtCsldCax6rooq1_18sqlrustgo_executor8executorNtB5_18VolExecutorBuilder12build_exists
FNDA:0,_RNvMsr_NtCsldCax6rooq1_18sqlrustgo_executor8executorNtB5_18VolExecutorBuilder12build_filter
FNDA:0,_RNvMsr_NtCsldCax6rooq1_18sqlrustgo_executor8executorNtB5_18VolExecutorBuilder12build_window
FNDA:0,_RNvMsr_NtCsldCax6rooq1_18sqlrustgo_executor8executorNtB5_18VolExecutorBuilder13build_any_all
FNDA:0,_RNvMsr_NtCsldCax6rooq1_18sqlrustgo_executor8executorNtB5_18VolExecutorBuilder14build_seq_scan
FNDA:0,_RNvMsr_NtCsldCax6rooq1_18sqlrustgo_executor8executorNtB5_18VolExecutorBuilder15build_aggregate
FNDA:0,_RNvMsr_NtCsldCax6rooq1_18sqlrustgo_executor8executorNtB5_18VolExecutorBuilder15build_hash_join
FNDA:0,_RNvMsr_NtCsldCax6rooq1_18sqlrustgo_executor8executorNtB5_18VolExecutorBuilder16build_projection
FNDA:0,_RNvMsr_NtCsldCax6rooq1_18sqlrustgo_executor8executorNtB5_18VolExecutorBuilder17build_in_subquery
FNDA:0,_RNvMsr_NtCsldCax6rooq1_18sqlrustgo_executor8executorNtB5_18VolExecutorBuilder25set_outer_row_on_executor
FNDA:0,_RNvMsr_NtCsldCax6rooq1_18sqlrustgo_executor8executorNtB5_18VolExecutorBuilder3new
FNDA:0,_RNvMsr_NtCsldCax6rooq1_18sqlrustgo_executor8executorNtB5_18VolExecutorBuilder5build
FNDA:0,_RNvXs0_NtCsldCax6rooq1_18sqlrustgo_executor8executorNtB5_22SeqScanVolcanoExecutorNtB5_15VolcanoExecutor6as_any
FNDA:0,_RNvXs0_NtNtCsldCax6rooq1_18sqlrustgo_executor8executor5testsNtB5_12MockExecutorNtB7_8Executor7execute
FNDA:0,_RNvXs2_NtCsldCax6rooq1_18sqlrustgo_executor8executorNtB5_25ProjectionVolcanoExecutorNtB5_15VolcanoExecutor14is_initialized
FNDA:0,_RNvXs2_NtCsldCax6rooq1_18sqlrustgo_executor8executorNtB5_25ProjectionVolcanoExecutorNtB5_15VolcanoExecutor5close
FNDA:0,_RNvXs2_NtCsldCax6rooq1_18sqlrustgo_executor8executorNtB5_25ProjectionVolcanoExecutorNtB5_15VolcanoExecutor6as_any
FNDA:0,_RNvXs2_NtCsldCax6rooq1_18sqlrustgo_executor8executorNtB5_25ProjectionVolcanoExecutorNtB5_15VolcanoExecutor6schema
FNDA:0,_RNvXs2_NtNtCsldCax6rooq1_18sqlrustgo_executor8executor5testsNtB5_19MockVolcanoExecutorNtNtCs8nPosuWgJFh_4core7default7Default7default
FNDA:0,_RNvXs4_NtCsldCax6rooq1_18sqlrustgo_executor8executorNtB5_24AggregateVolcanoExecutorNtB5_15VolcanoExecutor14is_initialized
FNDA:0,_RNvXs4_NtCsldCax6rooq1_18sqlrustgo_executor8executorNtB5_24AggregateVolcanoExecutorNtB5_15VolcanoExecutor5close
FNDA:0,_RNvXs4_NtCsldCax6rooq1_18sqlrustgo_executor8executorNtB5_24AggregateVolcanoExecutorNtB5_15VolcanoExecutor6as_any
FNDA:0,_RNvXs4_NtCsldCax6rooq1_18sqlrustgo_executor8executorNtB5_24AggregateVolcanoExecutorNtB5_15VolcanoExecutor6schema
FNDA:0,_RNvXs6_NtCsldCax6rooq1_18sqlrustgo_executor8executorNtB5_23HashJoinVolcanoExecutorNtB5_15VolcanoExecutor14is_initialized
FNDA:0,_RNvXs6_NtCsldCax6rooq1_18sqlrustgo_executor8executorNtB5_23HashJoinVolcanoExecutorNtB5_15VolcanoExecutor5close
FNDA:0,_RNvXs6_NtCsldCax6rooq1_18sqlrustgo_executor8executorNtB5_23HashJoinVolcanoExecutorNtB5_15VolcanoExecutor6as_any
FNDA:0,_RNvXs6_NtCsldCax6rooq1_18sqlrustgo_executor8executorNtB5_23HashJoinVolcanoExecutorNtB5_15VolcanoExecutor6schema
FNDA:0,_RNvXs9_NtCsldCax6rooq1_18sqlrustgo_executor8executorNtB5_28SortMergeJoinVolcanoExecutorNtB5_15VolcanoExecutor6as_any
FNDA:0,_RNvXs9_NtCsldCax6rooq1_18sqlrustgo_executor8executorNtB5_28SortMergeJoinVolcanoExecutorNtB5_15VolcanoExecutor6schema
FNDA:0,_RNvXs_NtNtCsldCax6rooq1_18sqlrustgo_executor8executor5testsNtB4_12MockExecutorNtNtCs8nPosuWgJFh_4core7default7Default7default
FNDA:0,_RNvXsb_NtCsldCax6rooq1_18sqlrustgo_executor8executorNtB5_19SortVolcanoExecutorNtB5_15VolcanoExecutor6as_any
FNDA:0,_RNvXsb_NtCsldCax6rooq1_18sqlrustgo_executor8executorNtB5_19SortVolcanoExecutorNtB5_15VolcanoExecutor6schema
FNDA:0,_RNvXsd_NtCsldCax6rooq1_18sqlrustgo_executor8executorNtB5_29NestedLoopJoinVolcanoExecutorNtB5_15VolcanoExecutor14is_initialized
FNDA:0,_RNvXsd_NtCsldCax6rooq1_18sqlrustgo_executor8executorNtB5_29NestedLoopJoinVolcanoExecutorNtB5_15VolcanoExecutor6as_any
FNDA:0,_RNvXsd_NtCsldCax6rooq1_18sqlrustgo_executor8executorNtB5_29NestedLoopJoinVolcanoExecutorNtB5_15VolcanoExecutor6schema
FNDA:0,_RNvXsf_NtCsldCax6rooq1_18sqlrustgo_executor8executorNtB5_21SortMergeJoinExecutorNtB5_15VolcanoExecutor14is_initialized
FNDA:0,_RNvXsf_NtCsldCax6rooq1_18sqlrustgo_executor8executorNtB5_21SortMergeJoinExecutorNtB5_15VolcanoExecutor5close
FNDA:0,_RNvXsf_NtCsldCax6rooq1_18sqlrustgo_executor8executorNtB5_21SortMergeJoinExecutorNtB5_15VolcanoExecutor6as_any
FNDA:0,_RNvXsf_NtCsldCax6rooq1_18sqlrustgo_executor8executorNtB5_21SortMergeJoinExecutorNtB5_15VolcanoExecutor6schema
FNDA:0,_RNvXsi_NtCsldCax6rooq1_18sqlrustgo_executor8executorNtB5_25InSubqueryVolcanoExecutorNtB5_21OuterRowAwareExecutor13has_outer_row
FNDA:0,_RNvXsi_NtCsldCax6rooq1_18sqlrustgo_executor8executorNtB5_25InSubqueryVolcanoExecutorNtB5_21OuterRowAwareExecutor13set_outer_row
FNDA:0,_RNvXsj_NtCsldCax6rooq1_18sqlrustgo_executor8executorNtB5_25InSubqueryVolcanoExecutorNtB5_15VolcanoExecutor14is_initialized
FNDA:0,_RNvXsj_NtCsldCax6rooq1_18sqlrustgo_executor8executorNtB5_25InSubqueryVolcanoExecutorNtB5_15VolcanoExecutor4init
FNDA:0,_RNvXsj_NtCsldCax6rooq1_18sqlrustgo_executor8executorNtB5_25InSubqueryVolcanoExecutorNtB5_15VolcanoExecutor4name
FNDA:0,_RNvXsj_NtCsldCax6rooq1_18sqlrustgo_executor8executorNtB5_25InSubqueryVolcanoExecutorNtB5_15VolcanoExecutor4next
FNDA:0,_RNvXsj_NtCsldCax6rooq1_18sqlrustgo_executor8executorNtB5_25InSubqueryVolcanoExecutorNtB5_15VolcanoExecutor5close
FNDA:0,_RNvXsj_NtCsldCax6rooq1_18sqlrustgo_executor8executorNtB5_25InSubqueryVolcanoExecutorNtB5_15VolcanoExecutor6as_any
FNDA:0,_RNvXsj_NtCsldCax6rooq1_18sqlrustgo_executor8executorNtB5_25InSubqueryVolcanoExecutorNtB5_15VolcanoExecutor6schema
FNDA:0,_RNvXsl_NtCsldCax6rooq1_18sqlrustgo_executor8executorNtB5_21ExistsVolcanoExecutorNtB5_15VolcanoExecutor14is_initialized
FNDA:0,_RNvXsl_NtCsldCax6rooq1_18sqlrustgo_executor8executorNtB5_21ExistsVolcanoExecutorNtB5_15VolcanoExecutor4init
FNDA:0,_RNvXsl_NtCsldCax6rooq1_18sqlrustgo_executor8executorNtB5_21ExistsVolcanoExecutorNtB5_15VolcanoExecutor4name
FNDA:0,_RNvXsl_NtCsldCax6rooq1_18sqlrustgo_executor8executorNtB5_21ExistsVolcanoExecutorNtB5_15VolcanoExecutor4next
FNDA:0,_RNvXsl_NtCsldCax6rooq1_18sqlrustgo_executor8executorNtB5_21ExistsVolcanoExecutorNtB5_15VolcanoExecutor5close
FNDA:0,_RNvXsl_NtCsldCax6rooq1_18sqlrustgo_executor8executorNtB5_21ExistsVolcanoExecutorNtB5_15VolcanoExecutor6as_any
FNDA:0,_RNvXsl_NtCsldCax6rooq1_18sqlrustgo_executor8executorNtB5_21ExistsVolcanoExecutorNtB5_15VolcanoExecutor6schema
FNDA:0,_RNvXsn_NtCsldCax6rooq1_18sqlrustgo_executor8executorNtB5_21AnyAllVolcanoExecutorNtB5_15VolcanoExecutor14is_initialized
FNDA:0,_RNvXsn_NtCsldCax6rooq1_18sqlrustgo_executor8executorNtB5_21AnyAllVolcanoExecutorNtB5_15VolcanoExecutor4init
FNDA:0,_RNvXsn_NtCsldCax6rooq1_18sqlrustgo_executor8executorNtB5_21AnyAllVolcanoExecutorNtB5_15VolcanoExecutor4name
FNDA:0,_RNvXsn_NtCsldCax6rooq1_18sqlrustgo_executor8executorNtB5_21AnyAllVolcanoExecutorNtB5_15VolcanoExecutor4next
FNDA:0,_RNvXsn_NtCsldCax6rooq1_18sqlrustgo_executor8executorNtB5_21AnyAllVolcanoExecutorNtB5_15VolcanoExecutor5close
FNDA:0,_RNvXsn_NtCsldCax6rooq1_18sqlrustgo_executor8executorNtB5_21AnyAllVolcanoExecutorNtB5_15VolcanoExecutor6as_any
FNDA:0,_RNvXsn_NtCsldCax6rooq1_18sqlrustgo_executor8executorNtB5_21AnyAllVolcanoExecutorNtB5_15VolcanoExecutor6schema
FNDA:0,_RNvXso_NtCsldCax6rooq1_18sqlrustgo_executor8executorNtB5_21AnyAllVolcanoExecutorNtB5_21OuterRowAwareExecutor13has_outer_row
FNDA:0,_RNvXso_NtCsldCax6rooq1_18sqlrustgo_executor8executorNtB5_21AnyAllVolcanoExecutorNtB5_21OuterRowAwareExecutor13set_outer_row
FNDA:0,_RNvXsq_NtCsldCax6rooq1_18sqlrustgo_executor8executorNtB5_20LimitVolcanoExecutorNtB5_15VolcanoExecutor14is_initialized
FNDA:0,_RNvXsq_NtCsldCax6rooq1_18sqlrustgo_executor8executorNtB5_20LimitVolcanoExecutorNtB5_15VolcanoExecutor4name
FNDA:0,_RNvXsq_NtCsldCax6rooq1_18sqlrustgo_executor8executorNtB5_20LimitVolcanoExecutorNtB5_15VolcanoExecutor5close
FNDA:0,_RNvXsq_NtCsldCax6rooq1_18sqlrustgo_executor8executorNtB5_20LimitVolcanoExecutorNtB5_15VolcanoExecutor6as_any
FNDA:0,_RNvXsq_NtCsldCax6rooq1_18sqlrustgo_executor8executorNtB5_20LimitVolcanoExecutorNtB5_15VolcanoExecutor6schema
FNDA:0,_RNvXst_NtCsldCax6rooq1_18sqlrustgo_executor8executorNtB5_22MockStorageForExecutorNtNtCs8nPosuWgJFh_4core7default7Default7default
FNDA:0,_RNvYNtNtNtCsldCax6rooq1_18sqlrustgo_executor15window_executor5tests12MockExecutorNtNtB8_8executor15VolcanoExecutor13set_outer_rowB8_
FNDA:0,_RNvYNtNtNtCsldCax6rooq1_18sqlrustgo_executor15window_executor5tests12MockExecutorNtNtB8_8executor15VolcanoExecutor18requires_outer_rowB8_
FNDA:0,_RNvYNtNtNtCsldCax6rooq1_18sqlrustgo_executor15window_executor5tests12MockExecutorNtNtB8_8executor15VolcanoExecutor8next_refB8_
FNDA:2,_RNvMNtNtCsldCax6rooq1_18sqlrustgo_executor8executor5testsNtB2_12MockExecutor3new
FNDA:22,_RNvMs1_NtNtCsldCax6rooq1_18sqlrustgo_executor8executor5testsNtB5_19MockVolcanoExecutor3new
FNDA:43,_RNvMs1_NtNtCsldCax6rooq1_18sqlrustgo_executor8executor5testsNtB5_19MockVolcanoExecutor9with_data
FNDA:1,_RNvNtNtCsldCax6rooq1_18sqlrustgo_executor8executor5testss_20test_execute_collect
FNDA:1,_RNvNtNtCsldCax6rooq1_18sqlrustgo_executor8executor5testss_20test_executor_result
FNDA:1,_RNvNtNtCsldCax6rooq1_18sqlrustgo_executor8executor5testss_23test_executor_send_sync
FNDA:1,_RNvNtNtCsldCax6rooq1_18sqlrustgo_executor8executor5testss_23test_mock_executor_name
FNDA:1,_RNvNtNtCsldCax6rooq1_18sqlrustgo_executor8executor5testss_26test_execute_collect_empty
FNDA:1,_RNvNtNtCsldCax6rooq1_18sqlrustgo_executor8executor5testss_26test_executor_result_debug
FNDA:1,_RNvNtNtCsldCax6rooq1_18sqlrustgo_executor8executor5testss_26test_executor_result_empty
FNDA:1,_RNvNtNtCsldCax6rooq1_18sqlrustgo_executor8executor5testss_26test_mock_volcano_executor
FNDA:1,_RNvNtNtCsldCax6rooq1_18sqlrustgo_executor8executor5testss_26test_nested_loop_join_name
FNDA:1,_RNvNtNtCsldCax6rooq1_18sqlrustgo_executor8executor5testss_26test_smj_volcano_exec_name
FNDA:1,_RNvNtNtCsldCax6rooq1_18sqlrustgo_executor8executor5testss_26test_volcano_executor_init
FNDA:1,_RNvNtNtCsldCax6rooq1_18sqlrustgo_executor8executor5testss_26test_volcano_executor_name
FNDA:1,_RNvNtNtCsldCax6rooq1_18sqlrustgo_executor8executor5testss_26test_volcano_executor_next
[...]
FN:175,_RNvMNtCs4qFySXYcYQq_18sqlrustgo_executor15window_executorNtB2_21WindowVolcanoExecutor23compute_window_function
FN:157,_RNvMNtCs4qFySXYcYQq_18sqlrustgo_executor15window_executorNtB2_21WindowVolcanoExecutor25compute_window_expression
FN:30,_RNvMNtCs4qFySXYcYQq_18sqlrustgo_executor15window_executorNtB2_21WindowVolcanoExecutor3new
FN:579,_RNvXs_NtCs4qFySXYcYQq_18sqlrustgo_executor15window_executorNtB4_21WindowVolcanoExecutorNtNtB6_8executor15VolcanoExecutor14is_initialized
FN:539,_RNvXs_NtCs4qFySXYcYQq_18sqlrustgo_executor15window_executorNtB4_21WindowVolcanoExecutorNtNtB6_8executor15VolcanoExecutor4init
FN:575,_RNvXs_NtCs4qFySXYcYQq_18sqlrustgo_executor15window_executorNtB4_21WindowVolcanoExecutorNtNtB6_8executor15VolcanoExecutor4name
FN:550,_RNvXs_NtCs4qFySXYcYQq_18sqlrustgo_executor15window_executorNtB4_21WindowVolcanoExecutorNtNtB6_8executor15VolcanoExecutor4next
FN:564,_RNvXs_NtCs4qFySXYcYQq_18sqlrustgo_executor15window_executorNtB4_21WindowVolcanoExecutorNtNtB6_8executor15VolcanoExecutor5close
FN:583,_RNvXs_NtCs4qFySXYcYQq_18sqlrustgo_executor15window_executorNtB4_21WindowVolcanoExecutorNtNtB6_8executor15VolcanoExecutor6as_any
FN:571,_RNvXs_NtCs4qFySXYcYQq_18sqlrustgo_executor15window_executorNtB4_21WindowVolcanoExecutorNtNtB6_8executor15VolcanoExecutor6schema
FNDA:0,_RNCNvMNtCsldCax6rooq1_18sqlrustgo_executor15window_executorNtB4_21WindowVolcanoExecutor18compute_partitions0B6_
FNDA:0,_RNCNvMNtCsldCax6rooq1_18sqlrustgo_executor15window_executorNtB4_21WindowVolcanoExecutor18compute_partitionss0_0B6_
FNDA:0,_RNCNvMNtCsldCax6rooq1_18sqlrustgo_executor15window_executorNtB4_21WindowVolcanoExecutor18compute_partitionss_0B6_
FNDA:0,_RNvMNtCsldCax6rooq1_18sqlrustgo_executor15window_executorNtB2_21WindowVolcanoExecutor16execute_internal
FNDA:0,_RNvMNtCsldCax6rooq1_18sqlrustgo_executor15window_executorNtB2_21WindowVolcanoExecutor18compute_partitions
FNDA:0,_RNvMNtCsldCax6rooq1_18sqlrustgo_executor15window_executorNtB2_21WindowVolcanoExecutor25compute_window_expression
FNDA:0,_RNvXs_NtCsldCax6rooq1_18sqlrustgo_executor15window_executorNtB4_21WindowVolcanoExecutorNtNtB6_8executor15VolcanoExecutor14is_initialized
FNDA:0,_RNvXs_NtCsldCax6rooq1_18sqlrustgo_executor15window_executorNtB4_21WindowVolcanoExecutorNtNtB6_8executor15VolcanoExecutor4init
FNDA:0,_RNvXs_NtCsldCax6rooq1_18sqlrustgo_executor15window_executorNtB4_21WindowVolcanoExecutorNtNtB6_8executor15VolcanoExecutor4name
FNDA:0,_RNvXs_NtCsldCax6rooq1_18sqlrustgo_executor15window_executorNtB4_21WindowVolcanoExecutorNtNtB6_8executor15VolcanoExecutor4next
FNDA:0,_RNvXs_NtCsldCax6rooq1_18sqlrustgo_executor15window_executorNtB4_21WindowVolcanoExecutorNtNtB6_8executor15VolcanoExecutor5close
FNDA:0,_RNvXs_NtCsldCax6rooq1_18sqlrustgo_executor15window_executorNtB4_21WindowVolcanoExecutorNtNtB6_8executor15VolcanoExecutor6as_any
FNDA:0,_RNvXs_NtCsldCax6rooq1_18sqlrustgo_executor15window_executorNtB4_21WindowVolcanoExecutorNtNtB6_8executor15VolcanoExecutor6schema
FNDA:5,_RNCNvNtNtCsldCax6rooq1_18sqlrustgo_executor15window_executor5testss_25test_dense_rank_with_ties0B7_
FNDA:8,_RNvMNtNtCsldCax6rooq1_18sqlrustgo_executor15window_executor5testsNtB2_12MockExecutor3new
FNDA:6,_RNvNtNtCsldCax6rooq1_18sqlrustgo_executor15window_executor5tests21create_test_partition
FNDA:1,_RNvNtNtCsldCax6rooq1_18sqlrustgo_executor15window_executor5testss_15test_row_number
FNDA:1,_RNvNtNtCsldCax6rooq1_18sqlrustgo_executor15window_executor5testss_19test_rank_with_ties
FNDA:1,_RNvNtNtCsldCax6rooq1_18sqlrustgo_executor15window_executor5testss_25test_aggregate_window_avg
FNDA:1,_RNvNtNtCsldCax6rooq1_18sqlrustgo_executor15window_executor5testss_25test_aggregate_window_sum
FNDA:1,_RNvNtNtCsldCax6rooq1_18sqlrustgo_executor15window_executor5testss_25test_dense_rank_with_ties
FNDA:1,_RNvNtNtCsldCax6rooq1_18sqlrustgo_executor15window_executor5testss_27test_aggregate_window_count
FNDA:1,_RNvNtNtCsldCax6rooq1_18sqlrustgo_executor15window_executor5testss_27test_get_frame_rows_default
FNDA:1,_RNvNtNtCsldCax6rooq1_18sqlrustgo_executor15window_executor5testss_31test_get_frame_rows_with_offset
FNDA:0,_RNvXs_NtNtCsldCax6rooq1_18sqlrustgo_executor15window_executor5testsNtB4_12MockExecutorNtNtB8_8executor15VolcanoExecutor14is_initialized
FNDA:0,_RNvXs_NtNtCsldCax6rooq1_18sqlrustgo_executor15window_executor5testsNtB4_12MockExecutorNtNtB8_8executor15VolcanoExecutor4init
FNDA:0,_RNvXs_NtNtCsldCax6rooq1_18sqlrustgo_executor15window_executor5testsNtB4_12MockExecutorNtNtB8_8executor15VolcanoExecutor4name
FNDA:0,_RNvXs_NtNtCsldCax6rooq1_18sqlrustgo_executor15window_executor5testsNtB4_12MockExecutorNtNtB8_8executor15VolcanoExecutor4next
FNDA:0,_RNvXs_NtNtCsldCax6rooq1_18sqlrustgo_executor15window_executor5testsNtB4_12MockExecutorNtNtB8_8executor15VolcanoExecutor5close
FNDA:0,_RNvXs_NtNtCsldCax6rooq1_18sqlrustgo_executor15window_executor5testsNtB4_12MockExecutorNtNtB8_8executor15VolcanoExecutor6as_any
FNDA:0,_RNvXs_NtNtCsldCax6rooq1_18sqlrustgo_executor15window_executor5testsNtB4_12MockExecutorNtNtB8_8executor15VolcanoExecutor6schema
FNDA:1,_RINvMNtCsldCax6rooq1_18sqlrustgo_executor15window_executorNtB3_21WindowVolcanoExecutor11compute_aggNCNvB2_23compute_window_functions2_0EB5_
FNDA:1,_RINvMNtCsldCax6rooq1_18sqlrustgo_executor15window_executorNtB3_21WindowVolcanoExecutor11compute_aggNCNvB2_23compute_window_functions3_0EB5_
FNDA:1,_RINvMNtCsldCax6rooq1_18sqlrustgo_executor15window_executorNtB3_21WindowVolcanoExecutor11compute_aggNCNvB2_23compute_window_functions4_0EB5_
FNDA:0,_RINvMNtCsldCax6rooq1_18sqlrustgo_executor15window_executorNtB3_21WindowVolcanoExecutor11compute_aggNCNvB2_23compute_window_functions5_0EB5_
FNDA:0,_RINvMNtCsldCax6rooq1_18sqlrustgo_executor15window_executorNtB3_21WindowVolcanoExecutor11compute_aggNCNvB2_23compute_window_functions6_0EB5_
FNDA:3,_RNCINvMNtCsldCax6rooq1_18sqlrustgo_executor15window_executorNtB5_21WindowVolcanoExecutor11compute_aggNCNvB4_23compute_window_functions2_0E0B7_
FNDA:3,_RNCINvMNtCsldCax6rooq1_18sqlrustgo_executor15window_executorNtB5_21WindowVolcanoExecutor11compute_aggNCNvB4_23compute_window_functions3_0E0B7_
FNDA:3,_RNCINvMNtCsldCax6rooq1_18sqlrustgo_executor15window_executorNtB5_21WindowVolcanoExecutor11compute_aggNCNvB4_23compute_window_functions4_0E0B7_
FNDA:0,_RNCINvMNtCsldCax6rooq1_18sqlrustgo_executor15window_executorNtB5_21WindowVolcanoExecutor11compute_aggNCNvB4_23compute_window_functions5_0E0B7_
FNDA:0,_RNCINvMNtCsldCax6rooq1_18sqlrustgo_executor15window_executorNtB5_21WindowVolcanoExecutor11compute_aggNCNvB4_23compute_window_functions6_0E0B7_
FNDA:3,_RNCNCNvMNtCsldCax6rooq1_18sqlrustgo_executor15window_executorNtB6_21WindowVolcanoExecutor23compute_window_functions4_00B8_
FNDA:0,_RNCNCNvMNtCsldCax6rooq1_18sqlrustgo_executor15window_executorNtB6_21WindowVolcanoExecutor23compute_window_functions5_00B8_
FNDA:0,_RNCNCNvMNtCsldCax6rooq1_18sqlrustgo_executor15window_executorNtB6_21WindowVolcanoExecutor23compute_window_functions6_00B8_
FNDA:0,_RNCNvMNtCsldCax6rooq1_18sqlrustgo_executor15window_executorNtB4_21WindowVolcanoExecutor23compute_window_function0B6_
FNDA:0,_RNCNvMNtCsldCax6rooq1_18sqlrustgo_executor15window_executorNtB4_21WindowVolcanoExecutor23compute_window_functions0_0B6_
FNDA:0,_RNCNvMNtCsldCax6rooq1_18sqlrustgo_executor15window_executorNtB4_21WindowVolcanoExecutor23compute_window_functions1_0B6_
FNDA:1,_RNCNvMNtCsldCax6rooq1_18sqlrustgo_executor15window_executorNtB4_21WindowVolcanoExecutor23compute_window_functions2_0B6_
FNDA:1,_RNCNvMNtCsldCax6rooq1_18sqlrustgo_executor15window_executorNtB4_21WindowVolcanoExecutor23compute_window_functions3_0B6_
FNDA:1,_RNCNvMNtCsldCax6rooq1_18sqlrustgo_executor15window_executorNtB4_21WindowVolcanoExecutor23compute_window_functions4_0B6_
FNDA:0,_RNCNvMNtCsldCax6rooq1_18sqlrustgo_executor15window_executorNtB4_21WindowVolcanoExecutor23compute_window_functions5_0B6_
FNDA:0,_RNCNvMNtCsldCax6rooq1_18sqlrustgo_executor15window_executorNtB4_21WindowVolcanoExecutor23compute_window_functions6_0B6_
FNDA:0,_RNCNvMNtCsldCax6rooq1_18sqlrustgo_executor15window_executorNtB4_21WindowVolcanoExecutor23compute_window_functions_0B6_
FNDA:5,_RNvMNtCsldCax6rooq1_18sqlrustgo_executor15window_executorNtB2_21WindowVolcanoExecutor12compute_rank
FNDA:5,_RNvMNtCsldCax6rooq1_18sqlrustgo_executor15window_executorNtB2_21WindowVolcanoExecutor14get_frame_rows
FNDA:10,_RNvMNtCsldCax6rooq1_18sqlrustgo_executor15window_executorNtB2_21WindowVolcanoExecutor16values_less_than
FNDA:5,_RNvMNtCsldCax6rooq1_18sqlrustgo_executor15window_executorNtB2_21WindowVolcanoExecutor18compute_dense_rank
FNDA:8,_RNvMNtCsldCax6rooq1_18sqlrustgo_executor15window_executorNtB2_21WindowVolcanoExecutor23compute_window_function
FNDA:8,_RNvMNtCsldCax6rooq1_18sqlrustgo_executor15window_executorNtB2_21WindowVolcanoExecutor3new
FNDA:0,_RINvMNtCs4qFySXYcYQq_18sqlrustgo_executor15window_executorNtB3_21WindowVolcanoExecutor11compute_aggNCNvB2_23compute_window_functions2_0EB5_
FNDA:0,_RINvMNtCs4qFySXYcYQq_18sqlrustgo_executor15window_executorNtB3_21WindowVolcanoExecutor11compute_aggNCNvB2_23compute_window_functions3_0EB5_
FNDA:0,_RINvMNtCs4qFySXYcYQq_18sqlrustgo_executor15window_executorNtB3_21WindowVolcanoExecutor11compute_aggNCNvB2_23compute_window_functions4_0EB5_
FNDA:0,_RINvMNtCs4qFySXYcYQq_18sqlrustgo_executor15window_executorNtB3_21WindowVolcanoExecutor11compute_aggNCNvB2_23compute_window_functions5_0EB5_
FNDA:0,_RINvMNtCs4qFySXYcYQq_18sqlrustgo_executor15window_executorNtB3_21WindowVolcanoExecutor11compute_aggNCNvB2_23compute_window_functions6_0EB5_
FNDA:0,_RNCINvMNtCs4qFySXYcYQq_18sqlrustgo_executor15window_executorNtB5_21WindowVolcanoExecutor11compute_aggNCNvB4_23compute_window_functions2_0E0B7_
FNDA:0,_RNCINvMNtCs4qFySXYcYQq_18sqlrustgo_executor15window_executorNtB5_21WindowVolcanoExecutor11compute_aggNCNvB4_23compute_window_functions3_0E0B7_
FNDA:0,_RNCINvMNtCs4qFySXYcYQq_18sqlrustgo_executor15window_executorNtB5_21WindowVolcanoExecutor11compute_aggNCNvB4_23compute_window_functions4_0E0B7_
FNDA:0,_RNCINvMNtCs4qFySXYcYQq_18sqlrustgo_executor15window_executorNtB5_21WindowVolcanoExecutor11compute_aggNCNvB4_23compute_window_functions5_0E0B7_
FNDA:0,_RNCINvMNtCs4qFySXYcYQq_18sqlrustgo_executor15window_executorNtB5_21WindowVolcanoExecutor11compute_aggNCNvB4_23compute_window_functions6_0E0B7_
FNDA:0,_RNCNCNvMNtCs4qFySXYcYQq_18sqlrustgo_executor15window_executorNtB6_21WindowVolcanoExecutor23compute_window_functions4_00B8_
FNDA:0,_RNCNCNvMNtCs4qFySXYcYQq_18sqlrustgo_executor15window_executorNtB6_21WindowVolcanoExecutor23compute_window_functions5_00B8_
FNDA:0,_RNCNCNvMNtCs4qFySXYcYQq_18sqlrustgo_executor15window_executorNtB6_21WindowVolcanoExecutor23compute_window_functions6_00B8_
FNDA:0,_RNCNvMNtCs4qFySXYcYQq_18sqlrustgo_executor15window_executorNtB4_21WindowVolcanoExecutor18compute_partitions0B6_
FNDA:0,_RNCNvMNtCs4qFySXYcYQq_18sqlrustgo_executor15window_executorNtB4_21WindowVolcanoExecutor18compute_partitionss0_0B6_
FNDA:0,_RNCNvMNtCs4qFySXYcYQq_18sqlrustgo_executor15window_executorNtB4_21WindowVolcanoExecutor18compute_partitionss_0B6_
FNDA:0,_RNCNvMNtCs4qFySXYcYQq_18sqlrustgo_executor15window_executorNtB4_21WindowVolcanoExecutor23compute_window_function0B6_
FNDA:0,_RNCNvMNtCs4qFySXYcYQq_18sqlrustgo_executor15window_executorNtB4_21WindowVolcanoExecutor23compute_window_functions0_0B6_
FNDA:0,_RNCNvMNtCs4qFySXYcYQq_18sqlrustgo_executor15window_executorNtB4_21WindowVolcanoExecutor23compute_window_functions1_0B6_
FNDA:0,_RNCNvMNtCs4qFySXYcYQq_18sqlrustgo_executor15window_executorNtB4_21WindowVolcanoExecutor23compute_window_functions2_0B6_
FNDA:0,_RNCNvMNtCs4qFySXYcYQq_18sqlrustgo_executor15window_executorNtB4_21WindowVolcanoExecutor23compute_window_functions3_0B6_
FNDA:0,_RNCNvMNtCs4qFySXYcYQq_18sqlrustgo_executor15window_executorNtB4_21WindowVolcanoExecutor23compute_window_functions4_0B6_
FNDA:0,_RNCNvMNtCs4qFySXYcYQq_18sqlrustgo_executor15window_executorNtB4_21WindowVolcanoExecutor23compute_window_functions5_0B6_
FNDA:0,_RNCNvMNtCs4qFySXYcYQq_18sqlrustgo_executor15window_executorNtB4_21WindowVolcanoExecutor23compute_window_functions6_0B6_
FNDA:0,_RNCNvMNtCs4qFySXYcYQq_18sqlrustgo_executor15window_executorNtB4_21WindowVolcanoExecutor23compute_window_functions_0B6_
FNDA:0,_RNvMNtCs4qFySXYcYQq_18sqlrustgo_executor15window_executorNtB2_21WindowVolcanoExecutor12compute_rank
FNDA:0,_RNvMNtCs4qFySXYcYQq_18sqlrustgo_executor15window_executorNtB2_21WindowVolcanoExecutor14get_frame_rows
FNDA:0,_RNvMNtCs4qFySXYcYQq_18sqlrustgo_executor15window_executorNtB2_21WindowVolcanoExecutor16execute_internal
FNDA:0,_RNvMNtCs4qFySXYcYQq_18sqlrustgo_executor15window_executorNtB2_21WindowVolcanoExecutor16values_less_than
FNDA:0,_RNvMNtCs4qFySXYcYQq_18sqlrustgo_executor15window_executorNtB2_21WindowVolcanoExecutor18compute_dense_rank
FNDA:0,_RNvMNtCs4qFySXYcYQq_18sqlrustgo_executor15window_executorNtB2_21WindowVolcanoExecutor18compute_partitions
FNDA:0,_RNvMNtCs4qFySXYcYQq_18sqlrustgo_executor15window_executorNtB2_21WindowVolcanoExecutor23compute_window_function
FNDA:0,_RNvMNtCs4qFySXYcYQq_18sqlrustgo_executor15window_executorNtB2_21WindowVolcanoExecutor25compute_window_expression
FNDA:0,_RNvMNtCs4qFySXYcYQq_18sqlrustgo_executor15window_executorNtB2_21WindowVolcanoExecutor3new
FNDA:0,_RNvXs_NtCs4qFySXYcYQq_18sqlrustgo_executor15window_executorNtB4_21WindowVolcanoExecutorNtNtB6_8executor15VolcanoExecutor14is_initialized
FNDA:0,_RNvXs_NtCs4qFySXYcYQq_18sqlrustgo_executor15window_executorNtB4_21WindowVolcanoExecutorNtNtB6_8executor15VolcanoExecutor4init
FNDA:0,_RNvXs_NtCs4qFySXYcYQq_18sqlrustgo_executor15window_executorNtB4_21WindowVolcanoExecutorNtNtB6_8executor15VolcanoExecutor4name
FNDA:0,_RNvXs_NtCs4qFySXYcYQq_18sqlrustgo_executor15window_executorNtB4_21WindowVolcanoExecutorNtNtB6_8executor15VolcanoExecutor4next
FNDA:0,_RNvXs_NtCs4qFySXYcYQq_18sqlrustgo_executor15window_executorNtB4_21WindowVolcanoExecutorNtNtB6_8executor15VolcanoExecutor5close
FNDA:0,_RNvXs_NtCs4qFySXYcYQq_18sqlrustgo_executor15window_executorNtB4_21WindowVolcanoExecutorNtNtB6_8executor15VolcanoExecutor6as_any
FNDA:0,_RNvXs_NtCs4qFySXYcYQq_18sqlrustgo_executor15window_executorNtB4_21WindowVolcanoExecutorNtNtB6_8executor15VolcanoExecutor6schema
FNF:51
FNH:23
DA:30,8
DA:31,8
DA:32,8
DA:33,8
DA:34,8
DA:35,8
DA:36,8
DA:37,8
DA:38,8
DA:39,8
DA:40,8
DA:41,8
DA:42,8
DA:43,8
DA:44,8
DA:45,8
DA:46,8
DA:47,8
DA:48,8
DA:49,8
DA:50,8
DA:53,0
DA:55,0
DA:56,0
DA:57,0
DA:58,0
DA:60,0
DA:61,0
DA:62,0
DA:65,0
DA:68,0
DA:70,0
DA:71,0
DA:72,0
DA:73,0
DA:74,0
DA:75,0
DA:76,0
DA:79,0
DA:80,0
DA:81,0
DA:83,0
DA:87,0
DA:88,0
DA:89,0
DA:91,0
DA:92,0
DA:94,0
DA:96,0
DA:97,0
DA:99,0
DA:100,0
DA:101,0
DA:102,0
DA:105,0
DA:106,0
DA:107,0
DA:108,0
DA:109,0
DA:110,0
DA:111,0
DA:112,0
DA:113,0
DA:117,0
DA:118,0
DA:119,0
DA:120,0
DA:121,0
DA:123,0
DA:124,0
DA:125,0
DA:127,0
DA:128,0
DA:129,0
DA:130,0
DA:132,0
DA:133,0
DA:134,0
DA:135,0
DA:136,0
DA:139,0
DA:140,0
DA:142,0
DA:145,0
DA:146,0
DA:147,0
DA:149,0
DA:150,0
DA:152,0
DA:154,0
DA:155,0
DA:157,0
DA:158,0
DA:159,0
DA:160,0
DA:161,0
DA:162,0
DA:163,0
DA:165,0
DA:166,0
DA:169,0
DA:170,0
DA:171,0
DA:173,0
DA:175,8
DA:176,8
DA:177,8
DA:178,8
DA:179,8
DA:180,8
DA:181,8
DA:182,8
DA:183,8
DA:184,5
DA:185,0
DA:186,0
DA:188,0
DA:189,0
DA:190,0
DA:191,0
DA:192,0
DA:193,0
DA:195,0
DA:197,0
DA:198,0
DA:199,0
DA:200,0
DA:201,0
DA:202,0
DA:204,0
DA:208,0
DA:209,0
DA:210,0
DA:211,0
DA:212,0
DA:213,0
DA:215,0
DA:217,0
DA:218,0
DA:219,0
DA:220,0
DA:221,0
DA:222,0
DA:224,0
DA:228,0
DA:229,0
DA:230,0
DA:231,0
DA:232,0
DA:234,0
DA:238,0
DA:239,0
DA:240,0
DA:241,0
DA:242,0
DA:244,0
DA:248,0
DA:249,0
DA:250,0
DA:251,0
DA:252,0
DA:253,0
DA:254,0
DA:255,0
DA:256,0
DA:257,0
DA:258,0
DA:259,0
DA:260,0
DA:261,0
DA:263,0
DA:267,1
DA:268,1
DA:269,3
DA:270,3
DA:271,3
DA:272,3
DA:274,1
DA:275,1
DA:276,1
DA:277,1
DA:278,1
DA:279,3
DA:280,3
DA:281,3
DA:282,3
DA:283,3
DA:285,1
DA:286,1
DA:288,0
DA:290,1
DA:291,1
DA:292,3
DA:293,1
DA:294,1
DA:295,0
DA:296,0
DA:297,0
DA:298,0
DA:299,0
DA:300,0
DA:302,0
DA:303,0
DA:304,0
DA:305,0
DA:306,0
DA:307,0
DA:308,0
DA:309,0
DA:311,0
DA:312,0
DA:314,8
DA:317,5
DA:318,5
DA:319,1
DA:320,4
DA:322,4
DA:323,4
DA:326,4
DA:327,10
DA:328,10
DA:329,10
DA:331,10
DA:332,10
DA:333,10
DA:335,10
DA:336,10
DA:337,10
DA:338,10
DA:340,0
DA:342,10
DA:344,0
DA:345,0
DA:346,0
DA:348,10
DA:349,9
DA:350,9
DA:351,1
DA:354,4
DA:355,5
DA:358,5
DA:359,5
DA:360,1
DA:361,4
DA:362,4
DA:363,4
DA:366,4
DA:367,4
DA:368,4
DA:369,4
DA:372,4
DA:373,10
DA:374,10
DA:375,10
DA:376,10
DA:377,10
DA:378,10
DA:379,10
DA:382,10
DA:384,9
DA:385,9
DA:386,8
DA:387,2
DA:388,2
DA:389,6
DA:391,9
DA:392,7
DA:393,7
DA:394,1
DA:396,4
DA:397,5
DA:400,10
DA:401,10
DA:402,0
DA:403,10
DA:404,10
DA:405,10
DA:406,10
DA:407,10
DA:408,10
DA:409,10
DA:410,0
DA:411,10
DA:412,10
DA:414,9
DA:415,9
DA:416,0
DA:417,0
DA:418,0
DA:419,0
DA:420,0
DA:421,0
DA:422,0
DA:423,0
DA:425,9
DA:426,9
DA:427,0
DA:428,1
DA:429,0
DA:430,0
DA:433,1
DA:434,1
DA:435,1
DA:436,1
DA:437,1
DA:438,1
DA:439,1
DA:440,0
DA:441,1
DA:442,1
DA:443,0
DA:444,1
DA:445,0
DA:446,0
DA:448,1
DA:449,10
DA:452,5
DA:453,5
DA:454,5
DA:455,5
DA:456,5
DA:457,5
DA:458,5
DA:461,1
DA:462,1
DA:463,0
DA:464,0
DA:467,4
DA:471,1
DA:472,0
DA:473,1
DA:474,1
DA:475,1
DA:477,0
DA:478,0
DA:479,0
DA:480,0
DA:482,0
DA:485,1
DA:486,0
DA:487,0
DA:488,0
DA:489,0
DA:491,0
DA:492,1
DA:493,1
DA:494,1
DA:496,0
DA:499,1
DA:500,0
DA:501,1
DA:503,1
DA:504,5
DA:506,3
DA:507,3
DA:508,3
DA:509,3
DA:510,3
DA:511,3
DA:512,3
DA:513,3
DA:514,3
DA:515,3
DA:518,3
DA:521,3
DA:522,3
DA:523,9
DA:524,9
DA:525,0
DA:527,9
DA:528,9
DA:529,9
DA:531,9
DA:532,3
DA:534,3
DA:535,3
DA:539,0
DA:541,0
DA:543,0
DA:544,0
DA:545,0
DA:546,0
DA:547,0
DA:548,0
DA:550,0
DA:551,0
DA:552,0
DA:553,0
DA:555,0
DA:556,0
DA:557,0
DA:558,0
DA:560,0
DA:562,0
DA:564,0
DA:565,0
DA:566,0
DA:567,0
DA:568,0
DA:569,0
DA:571,0
DA:572,0
DA:573,0
DA:575,0
DA:576,0
DA:577,0
DA:579,0
DA:580,0
DA:581,0
DA:583,0
DA:584,0
DA:585,0
DA:593,6
DA:595,6
DA:596,6
DA:597,6
DA:598,6
DA:599,6
DA:600,6
DA:602,6
DA:603,6
DA:604,6
DA:607,1
DA:608,1
DA:609,1
DA:610,1
DA:611,1
DA:612,1
DA:613,1
DA:614,1
DA:615,1
DA:618,5
DA:619,5
DA:620,5
DA:621,5
DA:622,5
DA:623,5
DA:624,5
DA:626,5
DA:628,1
DA:631,1
DA:633,1
DA:634,1
DA:635,1
DA:636,1
DA:637,1
DA:638,1
DA:640,1
DA:641,1
DA:644,1
DA:645,1
DA:646,1
DA:647,1
DA:648,1
DA:649,1
DA:650,1
DA:651,1
DA:653,1
DA:654,1
DA:655,1
DA:656,1
DA:657,1
DA:660,1
DA:661,1
DA:662,1
DA:663,1
DA:664,1
DA:665,1
DA:666,1
DA:670,1
DA:671,1
DA:674,1
DA:675,1
DA:678,1
DA:679,1
DA:682,1
DA:683,1
DA:686,1
DA:687,1
DA:688,1
DA:691,1
DA:692,1
DA:693,1
DA:694,1
DA:695,1
DA:696,1
DA:697,1
DA:699,1
DA:700,1
DA:702,1
DA:703,1
DA:704,1
DA:705,1
DA:706,1
DA:707,1
DA:708,1
DA:709,1
DA:710,1
DA:711,1
DA:712,1
DA:713,1
DA:714,1
DA:717,1
DA:718,1
DA:719,1
DA:720,1
DA:721,1
DA:722,1
DA:723,1
DA:727,1
DA:728,5
DA:729,1
DA:731,1
DA:732,1
DA:733,1
DA:734,1
DA:735,1
DA:736,1
DA:739,1
DA:740,1
DA:741,1
DA:742,1
DA:743,1
DA:744,1
DA:745,1
DA:746,1
DA:747,1
DA:751,1
DA:753,1
DA:754,1
DA:757,1
DA:758,1
DA:759,1
DA:760,1
DA:761,1
DA:762,1
DA:763,1
DA:764,1
DA:765,1
DA:769,1
DA:770,1
DA:771,1
DA:772,1
DA:773,1
DA:775,1
DA:776,1
DA:777,1
DA:779,1
DA:780,1
DA:783,1
DA:784,1
DA:785,1
DA:786,1
DA:787,1
DA:788,1
DA:789,1
DA:792,1
DA:793,1
DA:794,1
DA:795,1
DA:796,1
DA:797,1
DA:798,1
DA:801,1
DA:802,1
DA:803,1
DA:804,1
DA:805,1
DA:806,1
DA:807,1
DA:809,1
DA:812,1
DA:813,1
DA:816,1
DA:817,1
DA:818,1
DA:819,1
DA:820,1
DA:821,1
DA:822,1
DA:825,1
DA:826,1
DA:827,1
DA:828,1
DA:829,1
DA:830,1
DA:831,1
DA:834,1
DA:835,1
DA:836,1
DA:837,1
DA:838,1
DA:839,1
DA:840,1
DA:842,1
DA:845,1
DA:846,1
DA:849,1
DA:850,1
DA:851,1
DA:852,1
DA:853,1
DA:854,1
DA:855,1
DA:858,1
DA:859,1
DA:860,1
DA:861,1
DA:862,1
DA:863,1
DA:864,1
DA:867,1
DA:868,1
DA:869,1
DA:870,1
DA:871,1
DA:872,1
DA:873,1
DA:875,1
DA:878,1
DA:879,1
DA:880,1
DA:888,8
DA:889,8
DA:890,8
DA:891,8
DA:892,8
DA:896,0
DA:897,0
DA:898,0
DA:900,0
DA:901,0
DA:902,0
DA:904,0
DA:905,0
DA:906,0
DA:908,0
DA:909,0
DA:910,0
DA:912,0
DA:913,0
DA:914,0
DA:916,0
DA:917,0
DA:918,0
DA:920,0
DA:921,0
DA:922,0
BRF:0
BRH:0
LF:664
LH:403
end_of_record