SF:/home/openclaw/dev/yinglichina8848/sqlrustgo/crates/optimizer/src/context.rs
FN:18,_RNvMNtCs3mqqzCYtP3U_19sqlrustgo_optimizer7contextNtB2_16OptimizerContext18with_default_stats
FN:14,_RNvMNtCs3mqqzCYtP3U_19sqlrustgo_optimizer7contextNtB2_16OptimizerContext3new
FN:24,_RNvXs_NtCs3mqqzCYtP3U_19sqlrustgo_optimizer7contextNtB4_16OptimizerContextNtNtCs8nPosuWgJFh_4core7default7Default7default
FNDA:0,_RNvMNtCs3mqqzCYtP3U_19sqlrustgo_optimizer7contextNtB2_16OptimizerContext18with_default_stats
FNDA:0,_RNvMNtCs3mqqzCYtP3U_19sqlrustgo_optimizer7contextNtB2_16OptimizerContext3new
FNDA:0,_RNvXs_NtCs3mqqzCYtP3U_19sqlrustgo_optimizer7contextNtB4_16OptimizerContextNtNtCs8nPosuWgJFh_4core7default7Default7default
FNF:3
FNH:0
DA:14,0
DA:15,0
DA:16,0
DA:18,0
DA:19,0
DA:20,0
DA:24,0
DA:25,0
DA:26,0
BRF:0
BRH:0
LF:9
LH:0
end_of_record
SF:/home/openclaw/dev/yinglichina8848/sqlrustgo/crates/optimizer/src/cost.rs
FN:27,_RNvMNtCs3mqqzCYtP3U_19sqlrustgo_optimizer4costNtB2_15SimpleCostModel13default_model
FN:32,_RNvMNtCs3mqqzCYtP3U_19sqlrustgo_optimizer4costNtB2_15SimpleCostModel13seq_scan_cost
FN:37,_RNvMNtCs3mqqzCYtP3U_19sqlrustgo_optimizer4costNtB2_15SimpleCostModel15index_scan_cost
FN:86,_RNvMNtCs3mqqzCYtP3U_19sqlrustgo_optimizer4costNtB2_15SimpleCostModel19estimate_with_stats
FN:113,_RNvMNtCs3mqqzCYtP3U_19sqlrustgo_optimizer4costNtB2_15SimpleCostModel24estimate_join_with_stats
FN:93,_RNvMNtCs3mqqzCYtP3U_19sqlrustgo_optimizer4costNtB2_15SimpleCostModel30estimate_index_scan_with_stats
FN:18,_RNvMNtCs3mqqzCYtP3U_19sqlrustgo_optimizer4costNtB2_15SimpleCostModel3new
FN:63,_RNvMNtCs3mqqzCYtP3U_19sqlrustgo_optimizer4costNtB2_15SimpleCostModel8agg_cost
FN:45,_RNvMNtCs3mqqzCYtP3U_19sqlrustgo_optimizer4costNtB2_15SimpleCostModel9join_cost
FN:74,_RNvMNtCs3mqqzCYtP3U_19sqlrustgo_optimizer4costNtB2_15SimpleCostModel9sort_cost
FN:291,_RNvMs0_NtCs3mqqzCYtP3U_19sqlrustgo_optimizer4costNtB5_12CboOptimizer18estimate_scan_cost
FN:311,_RNvMs0_NtCs3mqqzCYtP3U_19sqlrustgo_optimizer4costNtB5_12CboOptimizer20select_access_method
FN:300,_RNvMs0_NtCs3mqqzCYtP3U_19sqlrustgo_optimizer4costNtB5_12CboOptimizer24estimate_index_scan_cost
FN:276,_RNvMs0_NtCs3mqqzCYtP3U_19sqlrustgo_optimizer4costNtB5_12CboOptimizer3new
FN:389,_RNvMs4_NtCs3mqqzCYtP3U_19sqlrustgo_optimizer4costNtB5_12CboOptimizer24estimate_range_scan_cost
FN:408,_RNvMs4_NtCs3mqqzCYtP3U_19sqlrustgo_optimizer4costNtB5_12CboOptimizer25select_best_access_method
FN:103,_RNCNvMNtCs3mqqzCYtP3U_19sqlrustgo_optimizer4costNtB4_15SimpleCostModel30estimate_index_scan_with_stats0B6_
FN:417,_RNCNvMs4_NtCs3mqqzCYtP3U_19sqlrustgo_optimizer4costNtB7_12CboOptimizer25select_best_access_method0B9_
FN:187,_RINvNvNtNtCs3mqqzCYtP3U_19sqlrustgo_optimizer4cost5testss_21test_cost_model_trait17__check_cost_modelNtB6_15SimpleCostModelEB8_
FN:172,_RNvNtNtCs3mqqzCYtP3U_19sqlrustgo_optimizer4cost5testss_13test_agg_cost
FN:144,_RNvNtNtCs3mqqzCYtP3U_19sqlrustgo_optimizer4cost5testss_18test_seq_scan_cost
FN:151,_RNvNtNtCs3mqqzCYtP3U_19sqlrustgo_optimizer4cost5testss_20test_index_scan_cost
FN:186,_RNvNtNtCs3mqqzCYtP3U_19sqlrustgo_optimizer4cost5testss_21test_cost_model_trait
FN:199,_RNvNtNtCs3mqqzCYtP3U_19sqlrustgo_optimizer4cost5testss_22test_join_cost_default
FN:206,_RNvNtNtCs3mqqzCYtP3U_19sqlrustgo_optimizer4cost5testss_23test_sort_cost_external
FN:227,_RNvNtNtCs3mqqzCYtP3U_19sqlrustgo_optimizer4cost5testss_24test_estimate_with_stats
FN:165,_RNvNtNtCs3mqqzCYtP3U_19sqlrustgo_optimizer4cost5testss_24test_join_cost_hash_join
FN:179,_RNvNtNtCs3mqqzCYtP3U_19sqlrustgo_optimizer4cost5testss_24test_sort_cost_in_memory
FN:220,_RNvNtNtCs3mqqzCYtP3U_19sqlrustgo_optimizer4cost5testss_25test_agg_cost_no_group_by
FN:192,_RNvNtNtCs3mqqzCYtP3U_19sqlrustgo_optimizer4cost5testss_25test_join_cost_sort_merge
FN:158,_RNvNtNtCs3mqqzCYtP3U_19sqlrustgo_optimizer4cost5testss_26test_join_cost_nested_loop
FN:254,_RNvNtNtCs3mqqzCYtP3U_19sqlrustgo_optimizer4cost5testss_29test_estimate_join_with_stats
FN:213,_RNvNtNtCs3mqqzCYtP3U_19sqlrustgo_optimizer4cost5testss_29test_simple_cost_model_custom
FN:137,_RNvNtNtCs3mqqzCYtP3U_19sqlrustgo_optimizer4cost5testss_30test_simple_cost_model_default
FN:240,_RNvNtNtCs3mqqzCYtP3U_19sqlrustgo_optimizer4cost5testss_35test_estimate_index_scan_with_stats
FN:283,_RNvMs0_NtCs3mqqzCYtP3U_19sqlrustgo_optimizer4costNtB5_12CboOptimizer19with_stats_provider
FN:355,_RNvMs2_NtCs3mqqzCYtP3U_19sqlrustgo_optimizer4costNtB5_13PredicateType7from_op
FN:452,_RNvMs4_NtCs3mqqzCYtP3U_19sqlrustgo_optimizer4costNtB5_12CboOptimizer27select_access_method_simple
FN:335,_RNvXs1_NtCs3mqqzCYtP3U_19sqlrustgo_optimizer4costNtB5_12CboOptimizerNtNtCs8nPosuWgJFh_4core7default7Default7default
FN:378,_RNvXs3_NtCs3mqqzCYtP3U_19sqlrustgo_optimizer4costNtB5_12AccessMethodNtNtCs8nPosuWgJFh_4core3fmt7Display3fmt
FN:126,_RNvXs_NtCs3mqqzCYtP3U_19sqlrustgo_optimizer4costNtB4_15SimpleCostModelNtB6_9CostModel13estimate_cost
FNDA:72,_RNvMNtCs3mqqzCYtP3U_19sqlrustgo_optimizer4costNtB2_15SimpleCostModel13default_model
FNDA:12,_RNvMNtCs3mqqzCYtP3U_19sqlrustgo_optimizer4costNtB2_15SimpleCostModel13seq_scan_cost
FNDA:3,_RNvMNtCs3mqqzCYtP3U_19sqlrustgo_optimizer4costNtB2_15SimpleCostModel15index_scan_cost
FNDA:1,_RNvMNtCs3mqqzCYtP3U_19sqlrustgo_optimizer4costNtB2_15SimpleCostModel19estimate_with_stats
FNDA:1,_RNvMNtCs3mqqzCYtP3U_19sqlrustgo_optimizer4costNtB2_15SimpleCostModel24estimate_join_with_stats
FNDA:1,_RNvMNtCs3mqqzCYtP3U_19sqlrustgo_optimizer4costNtB2_15SimpleCostModel30estimate_index_scan_with_stats
FNDA:73,_RNvMNtCs3mqqzCYtP3U_19sqlrustgo_optimizer4costNtB2_15SimpleCostModel3new
FNDA:2,_RNvMNtCs3mqqzCYtP3U_19sqlrustgo_optimizer4costNtB2_15SimpleCostModel8agg_cost
FNDA:8,_RNvMNtCs3mqqzCYtP3U_19sqlrustgo_optimizer4costNtB2_15SimpleCostModel9join_cost
FNDA:2,_RNvMNtCs3mqqzCYtP3U_19sqlrustgo_optimizer4costNtB2_15SimpleCostModel9sort_cost
FNDA:2,_RNvMs0_NtCs3mqqzCYtP3U_19sqlrustgo_optimizer4costNtB5_12CboOptimizer18estimate_scan_cost
FNDA:1,_RNvMs0_NtCs3mqqzCYtP3U_19sqlrustgo_optimizer4costNtB5_12CboOptimizer20select_access_method
FNDA:1,_RNvMs0_NtCs3mqqzCYtP3U_19sqlrustgo_optimizer4costNtB5_12CboOptimizer24estimate_index_scan_cost
FNDA:3,_RNvMs0_NtCs3mqqzCYtP3U_19sqlrustgo_optimizer4costNtB5_12CboOptimizer3new
FNDA:0,_RNvMs4_NtCs3mqqzCYtP3U_19sqlrustgo_optimizer4costNtB5_12CboOptimizer24estimate_range_scan_cost
FNDA:0,_RNvMs4_NtCs3mqqzCYtP3U_19sqlrustgo_optimizer4costNtB5_12CboOptimizer25select_best_access_method
FNDA:1,_RNCNvMNtCs3mqqzCYtP3U_19sqlrustgo_optimizer4costNtB4_15SimpleCostModel30estimate_index_scan_with_stats0B6_
FNDA:0,_RNCNvMs4_NtCs3mqqzCYtP3U_19sqlrustgo_optimizer4costNtB7_12CboOptimizer25select_best_access_method0B9_
FNDA:1,_RINvNvNtNtCs3mqqzCYtP3U_19sqlrustgo_optimizer4cost5testss_21test_cost_model_trait17__check_cost_modelNtB6_15SimpleCostModelEB8_
FNDA:1,_RNvNtNtCs3mqqzCYtP3U_19sqlrustgo_optimizer4cost5testss_13test_agg_cost
FNDA:1,_RNvNtNtCs3mqqzCYtP3U_19sqlrustgo_optimizer4cost5testss_18test_seq_scan_cost
FNDA:1,_RNvNtNtCs3mqqzCYtP3U_19sqlrustgo_optimizer4cost5testss_20test_index_scan_cost
FNDA:1,_RNvNtNtCs3mqqzCYtP3U_19sqlrustgo_optimizer4cost5testss_21test_cost_model_trait
FNDA:1,_RNvNtNtCs3mqqzCYtP3U_19sqlrustgo_optimizer4cost5testss_22test_join_cost_default
FNDA:1,_RNvNtNtCs3mqqzCYtP3U_19sqlrustgo_optimizer4cost5testss_23test_sort_cost_external
FNDA:1,_RNvNtNtCs3mqqzCYtP3U_19sqlrustgo_optimizer4cost5testss_24test_estimate_with_stats
FNDA:1,_RNvNtNtCs3mqqzCYtP3U_19sqlrustgo_optimizer4cost5testss_24test_join_cost_hash_join
FNDA:1,_RNvNtNtCs3mqqzCYtP3U_19sqlrustgo_optimizer4cost5testss_24test_sort_cost_in_memory
FNDA:1,_RNvNtNtCs3mqqzCYtP3U_19sqlrustgo_optimizer4cost5testss_25test_agg_cost_no_group_by
FNDA:1,_RNvNtNtCs3mqqzCYtP3U_19sqlrustgo_optimizer4cost5testss_25test_join_cost_sort_merge
FNDA:1,_RNvNtNtCs3mqqzCYtP3U_19sqlrustgo_optimizer4cost5testss_26test_join_cost_nested_loop
FNDA:1,_RNvNtNtCs3mqqzCYtP3U_19sqlrustgo_optimizer4cost5testss_29test_estimate_join_with_stats
FNDA:1,_RNvNtNtCs3mqqzCYtP3U_19sqlrustgo_optimizer4cost5testss_29test_simple_cost_model_custom
FNDA:1,_RNvNtNtCs3mqqzCYtP3U_19sqlrustgo_optimizer4cost5testss_30test_simple_cost_model_default
FNDA:1,_RNvNtNtCs3mqqzCYtP3U_19sqlrustgo_optimizer4cost5testss_35test_estimate_index_scan_with_stats
FNDA:0,_RNvMs0_NtCs3mqqzCYtP3U_19sqlrustgo_optimizer4costNtB5_12CboOptimizer19with_stats_provider
FNDA:0,_RNvMs2_NtCs3mqqzCYtP3U_19sqlrustgo_optimizer4costNtB5_13PredicateType7from_op
FNDA:0,_RNvMs4_NtCs3mqqzCYtP3U_19sqlrustgo_optimizer4costNtB5_12CboOptimizer27select_access_method_simple
FNDA:0,_RNvXs1_NtCs3mqqzCYtP3U_19sqlrustgo_optimizer4costNtB5_12CboOptimizerNtNtCs8nPosuWgJFh_4core7default7Default7default
FNDA:0,_RNvXs3_NtCs3mqqzCYtP3U_19sqlrustgo_optimizer4costNtB5_12AccessMethodNtNtCs8nPosuWgJFh_4core3fmt7Display3fmt
FNDA:0,_RNvXs_NtCs3mqqzCYtP3U_19sqlrustgo_optimizer4costNtB4_15SimpleCostModelNtB6_9CostModel13estimate_cost
FNF:41
FNH:32
DA:18,73
DA:19,73
DA:20,73
DA:21,73
DA:22,73
DA:23,73
DA:24,73
DA:27,72
DA:28,72
DA:29,72
DA:32,12
DA:33,12
DA:34,12
DA:37,3
DA:38,3
DA:39,3
DA:40,3
DA:41,3
DA:42,3
DA:45,8
DA:46,8
DA:47,8
DA:48,7
DA:49,5
DA:50,5
DA:51,5
DA:53,2
DA:54,1
DA:55,1
DA:56,1
DA:58,1
DA:60,8
DA:63,2
DA:64,2
DA:65,2
DA:66,1
DA:68,1
DA:70,2
DA:71,2
DA:74,2
DA:75,2
DA:76,2
DA:77,1
DA:80,1
DA:81,1
DA:83,2
DA:86,1
DA:87,1
DA:88,1
DA:89,1
DA:90,1
DA:93,1
DA:94,1
DA:95,1
DA:96,1
DA:97,1
DA:98,1
DA:99,1
DA:101,1
DA:102,1
DA:103,1
DA:104,1
DA:106,1
DA:107,1
DA:109,1
DA:110,1
DA:113,1
DA:114,1
DA:115,1
DA:116,1
DA:117,1
DA:118,1
DA:119,1
DA:120,1
DA:121,1
DA:122,1
DA:126,0
DA:128,0
DA:129,0
DA:137,1
DA:138,1
DA:139,1
DA:140,1
DA:141,1
DA:144,1
DA:145,1
DA:146,1
DA:147,1
DA:148,1
DA:151,1
DA:152,1
DA:153,1
DA:154,1
DA:155,1
DA:158,1
DA:159,1
DA:160,1
DA:161,1
DA:162,1
DA:165,1
DA:166,1
DA:167,1
DA:168,1
DA:169,1
DA:172,1
DA:173,1
DA:174,1
DA:175,1
DA:176,1
DA:179,1
DA:180,1
DA:181,1
DA:182,1
DA:183,1
DA:186,1
DA:187,1
DA:188,1
DA:189,1
DA:192,1
DA:193,1
DA:194,1
DA:195,1
DA:196,1
DA:199,1
DA:200,1
DA:201,1
DA:202,1
DA:203,1
DA:206,1
DA:207,1
DA:208,1
DA:209,1
DA:210,1
DA:213,1
DA:214,1
DA:215,1
DA:216,1
DA:217,1
DA:220,1
DA:221,1
DA:222,1
DA:223,1
DA:224,1
DA:227,1
DA:230,1
DA:231,1
DA:232,1
DA:233,1
DA:235,1
DA:236,1
DA:237,1
DA:240,1
DA:243,1
DA:244,1
DA:245,1
DA:246,1
DA:247,1
DA:249,1
DA:250,1
DA:251,1
DA:254,1
DA:257,1
DA:258,1
DA:259,1
DA:260,1
DA:261,1
DA:262,1
DA:263,1
DA:265,1
DA:266,1
DA:267,1
DA:276,3
DA:277,3
DA:278,3
DA:279,3
DA:280,3
DA:281,3
DA:283,0
DA:284,0
DA:285,0
DA:286,0
DA:287,0
DA:288,0
DA:289,0
DA:291,2
DA:292,2
DA:293,0
DA:294,0
DA:295,0
DA:296,2
DA:297,2
DA:298,2
DA:300,1
DA:301,1
DA:302,0
DA:303,0
DA:304,0
DA:305,0
DA:306,0
DA:307,1
DA:308,1
DA:309,1
DA:311,1
DA:312,1
DA:313,1
DA:314,1
DA:315,1
DA:316,1
DA:317,1
DA:318,1
DA:320,1
DA:321,0
DA:323,1
DA:326,1
DA:327,0
DA:329,1
DA:331,1
DA:335,0
DA:336,0
DA:337,0
DA:355,0
DA:356,0
DA:357,0
DA:358,0
DA:359,0
DA:360,0
DA:361,0
DA:363,0
DA:378,0
DA:379,0
DA:380,0
DA:381,0
DA:382,0
DA:384,0
DA:389,0
DA:390,0
DA:391,0
DA:392,0
DA:393,0
DA:394,0
DA:396,0
DA:397,0
DA:398,0
DA:399,0
DA:401,0
DA:402,0
DA:404,0
DA:405,0
DA:408,0
DA:409,0
DA:410,0
DA:411,0
DA:412,0
DA:413,0
DA:414,0
DA:415,0
DA:416,0
DA:417,0
DA:418,0
DA:420,0
DA:423,0
DA:424,0
DA:425,0
DA:427,0
DA:432,0
DA:433,0
DA:434,0
DA:435,0
DA:437,0
DA:442,0
DA:446,0
DA:449,0
DA:452,0
DA:453,0
DA:454,0
DA:455,0
DA:456,0
DA:457,0
DA:458,0
DA:459,0
DA:460,0
DA:461,0
DA:463,0
BRF:0
BRH:0
LF:285
LH:198
end_of_record
SF:/home/openclaw/dev/yinglichina8848/sqlrustgo/crates/optimizer/src/graph_cost.rs
FN:252,_RNvNtNtCs3mqqzCYtP3U_19sqlrustgo_optimizer10graph_cost5testss_19test_traversal_cost
FN:271,_RNvNtNtCs3mqqzCYtP3U_19sqlrustgo_optimizer10graph_cost5testss_22test_reachability_cost
FN:285,_RNvNtNtCs3mqqzCYtP3U_19sqlrustgo_optimizer10graph_cost5testss_23test_estimate_plan_cost
FN:259,_RNvNtNtCs3mqqzCYtP3U_19sqlrustgo_optimizer10graph_cost5testss_23test_pattern_match_cost
FN:278,_RNvNtNtCs3mqqzCYtP3U_19sqlrustgo_optimizer10graph_cost5testss_23test_shortest_path_cost
FN:305,_RNvNtNtCs3mqqzCYtP3U_19sqlrustgo_optimizer10graph_cost5testss_29test_graph_index_type_default
FN:242,_RNvNtNtCs3mqqzCYtP3U_19sqlrustgo_optimizer10graph_cost5testss_31test_graph_cost_factors_default
FN:297,_RNvNtNtCs3mqqzCYtP3U_19sqlrustgo_optimizer10graph_cost5testss_42test_graph_scan_cheaper_than_sql_traversal
FN:82,_RNvMs0_NtCs3mqqzCYtP3U_19sqlrustgo_optimizer10graph_costNtB5_14GraphCostModel13default_model
FN:94,_RNvMs0_NtCs3mqqzCYtP3U_19sqlrustgo_optimizer10graph_costNtB5_14GraphCostModel14traversal_cost
FN:137,_RNvMs0_NtCs3mqqzCYtP3U_19sqlrustgo_optimizer10graph_costNtB5_14GraphCostModel17reachability_cost
FN:164,_RNvMs0_NtCs3mqqzCYtP3U_19sqlrustgo_optimizer10graph_costNtB5_14GraphCostModel18estimate_plan_cost
FN:118,_RNvMs0_NtCs3mqqzCYtP3U_19sqlrustgo_optimizer10graph_costNtB5_14GraphCostModel18pattern_match_cost
FN:150,_RNvMs0_NtCs3mqqzCYtP3U_19sqlrustgo_optimizer10graph_costNtB5_14GraphCostModel18shortest_path_cost
FN:216,_RNvMs0_NtCs3mqqzCYtP3U_19sqlrustgo_optimizer10graph_costNtB5_14GraphCostModel27graph_scan_cheaper_than_sql
FN:61,_RNvMs_NtCs3mqqzCYtP3U_19sqlrustgo_optimizer10graph_costNtB4_16GraphCostFactors20get_index_multiplier
FN:41,_RNvXNtCs3mqqzCYtP3U_19sqlrustgo_optimizer10graph_costNtB2_16GraphCostFactorsNtNtCs8nPosuWgJFh_4core7default7Default7default
FN:77,_RNvMs0_NtCs3mqqzCYtP3U_19sqlrustgo_optimizer10graph_costNtB5_14GraphCostModel3new
FNDA:1,_RNvNtNtCs3mqqzCYtP3U_19sqlrustgo_optimizer10graph_cost5testss_19test_traversal_cost
FNDA:1,_RNvNtNtCs3mqqzCYtP3U_19sqlrustgo_optimizer10graph_cost5testss_22test_reachability_cost
FNDA:1,_RNvNtNtCs3mqqzCYtP3U_19sqlrustgo_optimizer10graph_cost5testss_23test_estimate_plan_cost
FNDA:1,_RNvNtNtCs3mqqzCYtP3U_19sqlrustgo_optimizer10graph_cost5testss_23test_pattern_match_cost
FNDA:1,_RNvNtNtCs3mqqzCYtP3U_19sqlrustgo_optimizer10graph_cost5testss_23test_shortest_path_cost
FNDA:1,_RNvNtNtCs3mqqzCYtP3U_19sqlrustgo_optimizer10graph_cost5testss_29test_graph_index_type_default
FNDA:1,_RNvNtNtCs3mqqzCYtP3U_19sqlrustgo_optimizer10graph_cost5testss_31test_graph_cost_factors_default
FNDA:1,_RNvNtNtCs3mqqzCYtP3U_19sqlrustgo_optimizer10graph_cost5testss_42test_graph_scan_cheaper_than_sql_traversal
FNDA:24,_RNvMs0_NtCs3mqqzCYtP3U_19sqlrustgo_optimizer10graph_costNtB5_14GraphCostModel13default_model
FNDA:8,_RNvMs0_NtCs3mqqzCYtP3U_19sqlrustgo_optimizer10graph_costNtB5_14GraphCostModel14traversal_cost
FNDA:1,_RNvMs0_NtCs3mqqzCYtP3U_19sqlrustgo_optimizer10graph_costNtB5_14GraphCostModel17reachability_cost
FNDA:6,_RNvMs0_NtCs3mqqzCYtP3U_19sqlrustgo_optimizer10graph_costNtB5_14GraphCostModel18estimate_plan_cost
FNDA:1,_RNvMs0_NtCs3mqqzCYtP3U_19sqlrustgo_optimizer10graph_costNtB5_14GraphCostModel18pattern_match_cost
FNDA:1,_RNvMs0_NtCs3mqqzCYtP3U_19sqlrustgo_optimizer10graph_costNtB5_14GraphCostModel18shortest_path_cost
FNDA:1,_RNvMs0_NtCs3mqqzCYtP3U_19sqlrustgo_optimizer10graph_costNtB5_14GraphCostModel27graph_scan_cheaper_than_sql
FNDA:13,_RNvMs_NtCs3mqqzCYtP3U_19sqlrustgo_optimizer10graph_costNtB4_16GraphCostFactors20get_index_multiplier
FNDA:25,_RNvXNtCs3mqqzCYtP3U_19sqlrustgo_optimizer10graph_costNtB2_16GraphCostFactorsNtNtCs8nPosuWgJFh_4core7default7Default7default
FNDA:0,_RNvMs0_NtCs3mqqzCYtP3U_19sqlrustgo_optimizer10graph_costNtB5_14GraphCostModel3new
FNF:18
FNH:17
DA:41,25
DA:42,25
DA:43,25
DA:44,25
DA:45,25
DA:46,25
DA:48,25
DA:49,25
DA:50,25
DA:51,25
DA:52,25
DA:53,25
DA:54,25
DA:55,25
DA:56,25
DA:61,13
DA:62,13
DA:63,13
DA:64,13
DA:65,13
DA:66,13
DA:77,0
DA:78,0
DA:79,0
DA:82,24
DA:83,24
DA:84,24
DA:85,24
DA:86,24
DA:94,8
DA:95,8
DA:96,8
DA:97,8
DA:98,8
DA:99,8
DA:102,8
DA:103,8
DA:105,8
DA:106,8
DA:107,8
DA:109,8
DA:110,8
DA:118,1
DA:119,1
DA:120,1
DA:121,1
DA:122,1
DA:123,1
DA:125,1
DA:126,1
DA:127,1
DA:128,1
DA:129,1
DA:130,1
DA:137,1
DA:139,1
DA:140,1
DA:141,1
DA:142,1
DA:150,1
DA:151,1
DA:152,1
DA:153,1
DA:154,1
DA:155,1
DA:157,1
DA:158,1
DA:159,1
DA:160,1
DA:161,1
DA:164,6
DA:165,0
DA:166,6
DA:167,6
DA:168,6
DA:169,6
DA:170,6
DA:172,0
DA:173,0
DA:176,0
DA:178,0
DA:179,0
DA:180,0
DA:181,0
DA:187,0
DA:191,0
DA:192,0
DA:193,0
DA:194,0
DA:196,0
DA:197,0
DA:200,0
DA:202,0
DA:203,0
DA:204,0
DA:205,0
DA:208,0
DA:210,0
DA:212,6
DA:216,1
DA:217,1
DA:218,1
DA:219,1
DA:220,1
DA:221,1
DA:222,1
DA:223,1
DA:224,1
DA:225,1
DA:228,0
DA:230,0
DA:232,1
DA:233,1
DA:234,1
DA:242,1
DA:243,1
DA:244,1
DA:245,1
DA:246,1
DA:247,1
DA:249,1
DA:252,1
DA:253,1
DA:254,1
DA:255,1
DA:256,1
DA:259,1
DA:260,1
DA:261,1
DA:262,1
DA:263,1
DA:264,1
DA:265,1
DA:266,1
DA:267,1
DA:268,1
DA:271,1
DA:272,1
DA:273,1
DA:274,1
DA:275,1
DA:278,1
DA:279,1
DA:280,1
DA:281,1
DA:282,1
DA:285,1
DA:286,1
DA:287,1
DA:288,1
DA:289,1
DA:290,1
DA:291,1
DA:292,1
DA:293,1
DA:294,1
DA:297,1
DA:298,1
DA:299,1
DA:300,1
DA:301,1
DA:302,1
DA:305,1
DA:306,1
DA:307,1
DA:308,1
BRF:0
BRH:0
LF:166
LH:139
end_of_record
SF:/home/openclaw/dev/yinglichina8848/sqlrustgo/crates/optimizer/src/index_selector.rs
FN:14,_RNvNtCs3mqqzCYtP3U_19sqlrustgo_optimizer14index_selector27analyze_predicate_for_index
FN:68,_RNvNtNtCs3mqqzCYtP3U_19sqlrustgo_optimizer14index_selector5testss_25test_analyze_eq_predicate
FN:77,_RNvNtNtCs3mqqzCYtP3U_19sqlrustgo_optimizer14index_selector5testss_26test_analyze_and_predicate
FN:56,_RNvNtCs3mqqzCYtP3U_19sqlrustgo_optimizer14index_selector22estimate_index_benefit
FNDA:3,_RNvNtCs3mqqzCYtP3U_19sqlrustgo_optimizer14index_selector27analyze_predicate_for_index
FNDA:1,_RNvNtNtCs3mqqzCYtP3U_19sqlrustgo_optimizer14index_selector5testss_25test_analyze_eq_predicate
FNDA:1,_RNvNtNtCs3mqqzCYtP3U_19sqlrustgo_optimizer14index_selector5testss_26test_analyze_and_predicate
FNDA:0,_RNvNtCs3mqqzCYtP3U_19sqlrustgo_optimizer14index_selector22estimate_index_benefit
FNF:4
FNH:3
DA:14,3
DA:15,3
DA:16,2
DA:17,2
DA:18,2
DA:19,0
DA:20,0
DA:22,0
DA:23,0
DA:24,0
DA:25,0
DA:26,0
DA:28,0
DA:29,0
DA:30,0
DA:31,0
DA:32,0
DA:34,0
DA:35,0
DA:36,0
DA:37,0
DA:38,0
DA:40,0
DA:41,0
DA:42,0
DA:43,0
DA:44,0
DA:46,1
DA:47,1
DA:48,1
DA:49,0
DA:50,0
DA:52,0
DA:54,3
DA:56,0
DA:57,0
DA:58,0
DA:59,0
DA:60,0
DA:68,1
DA:69,1
DA:70,1
DA:71,1
DA:72,1
DA:73,1
DA:74,1
DA:77,1
DA:78,1
DA:79,1
DA:80,1
DA:82,1
DA:83,1
DA:84,1
BRF:0
BRH:0
LF:53
LH:23
end_of_record
SF:/home/openclaw/dev/yinglichina8848/sqlrustgo/crates/optimizer/src/lib.rs
FN:157,_RNvMs1_Cs3mqqzCYtP3U_19sqlrustgo_optimizerNtB5_16DefaultOptimizer17add_default_rules
FN:146,_RNvMs1_Cs3mqqzCYtP3U_19sqlrustgo_optimizerNtB5_16DefaultOptimizer3new
FN:166,_RNvMs1_Cs3mqqzCYtP3U_19sqlrustgo_optimizerNtB5_16DefaultOptimizer8with_cbo
FN:110,_RNvMs_Cs3mqqzCYtP3U_19sqlrustgo_optimizerNtB4_7RuleSet3new
FN:121,_RNvMs_Cs3mqqzCYtP3U_19sqlrustgo_optimizerNtB4_7RuleSet5apply
FN:94,_RNvXCs3mqqzCYtP3U_19sqlrustgo_optimizerNtB2_13NoOpOptimizerNtB2_9Optimizer8optimize
FN:133,_RNvXs0_Cs3mqqzCYtP3U_19sqlrustgo_optimizerNtB5_7RuleSetNtNtCs8nPosuWgJFh_4core7default7Default7default
FN:186,_RNvXs2_Cs3mqqzCYtP3U_19sqlrustgo_optimizerNtB5_16DefaultOptimizerNtB5_9Optimizer8optimize
FN:78,_RNvYNtNtCs3mqqzCYtP3U_19sqlrustgo_optimizer5rules11IndexSelectINtB6_4RuleNtB4_4PlanE21apply_without_contextB6_
FN:78,_RNvYNtNtCs3mqqzCYtP3U_19sqlrustgo_optimizer5rules14JoinReorderingINtB6_4RuleNtB4_4PlanE21apply_without_contextB6_
FN:78,_RNvYNtNtCs3mqqzCYtP3U_19sqlrustgo_optimizer5rules15ConstantFoldingINtB6_4RuleNtB4_4PlanE21apply_without_contextB6_
FN:78,_RNvYNtNtCs3mqqzCYtP3U_19sqlrustgo_optimizer5rules17PredicatePushdownINtB6_4RuleNtB4_4PlanE21apply_without_contextB6_
FN:78,_RNvYNtNtCs3mqqzCYtP3U_19sqlrustgo_optimizer5rules17ProjectionPruningINtB6_4RuleNtB4_4PlanE21apply_without_contextB6_
FN:78,_RNvYNtNtCs3mqqzCYtP3U_19sqlrustgo_optimizer5rules24ExpressionSimplificationINtB6_4RuleNtB4_4PlanE21apply_without_contextB6_
FN:303,_RNvNtCs3mqqzCYtP3U_19sqlrustgo_optimizer5testss_15test_rule_trait
FN:230,_RNvNtCs3mqqzCYtP3U_19sqlrustgo_optimizer5testss_16test_ruleset_new
FN:250,_RNvNtCs3mqqzCYtP3U_19sqlrustgo_optimizer5testss_18test_ruleset_apply
FN:221,_RNvNtCs3mqqzCYtP3U_19sqlrustgo_optimizer5testss_19test_noop_optimizer
FN:348,_RNvNtCs3mqqzCYtP3U_19sqlrustgo_optimizer5testss_20test_ruleset_default
FN:328,_RNvNtCs3mqqzCYtP3U_19sqlrustgo_optimizer5testss_21test_cost_model_trait
FN:236,_RNvNtCs3mqqzCYtP3U_19sqlrustgo_optimizer5testss_21test_ruleset_add_rule
FN:373,_RNvNtCs3mqqzCYtP3U_19sqlrustgo_optimizer5testss_22test_cbo_optimizer_new
FN:354,_RNvNtCs3mqqzCYtP3U_19sqlrustgo_optimizer5testss_26test_default_optimizer_new
FN:277,_RNvNtCs3mqqzCYtP3U_19sqlrustgo_optimizer5testss_27test_optimizer_trait_object
FN:265,_RNvNtCs3mqqzCYtP3U_19sqlrustgo_optimizer5testss_29test_ruleset_apply_no_changes
FN:363,_RNvNtCs3mqqzCYtP3U_19sqlrustgo_optimizer5testss_31test_default_optimizer_with_cbo
FN:380,_RNvNtCs3mqqzCYtP3U_19sqlrustgo_optimizer5testss_39test_cbo_optimizer_select_access_method
FN:307,_RNvXNvNtCs3mqqzCYtP3U_19sqlrustgo_optimizer5testss_15test_rule_traitNtB2_8TestRuleINtB6_4RuleNtNtCsj0gLuUEfogP_5alloc6string6StringE4name
FN:311,_RNvXNvNtCs3mqqzCYtP3U_19sqlrustgo_optimizer5testss_15test_rule_traitNtB2_8TestRuleINtB6_4RuleNtNtCsj0gLuUEfogP_5alloc6string6StringE5apply
FN:332,_RNvXNvNtCs3mqqzCYtP3U_19sqlrustgo_optimizer5testss_21test_cost_model_traitNtB2_13TestCostModelNtB6_9CostModel13estimate_cost
FN:283,_RNvXNvNtCs3mqqzCYtP3U_19sqlrustgo_optimizer5testss_27test_optimizer_trait_objectNtB2_13TestOptimizerNtB6_9Optimizer8optimize
FN:114,_RINvMs_Cs3mqqzCYtP3U_19sqlrustgo_optimizerNtB5_7RuleSet8add_ruleNCNvNtB5_5testss_18test_ruleset_apply0EB5_
FN:114,_RINvMs_Cs3mqqzCYtP3U_19sqlrustgo_optimizerNtB5_7RuleSet8add_ruleNCNvNtB5_5testss_18test_ruleset_applys_0EB5_
FN:114,_RINvMs_Cs3mqqzCYtP3U_19sqlrustgo_optimizerNtB5_7RuleSet8add_ruleNCNvNtB5_5testss_21test_ruleset_add_rule0EB5_
FN:114,_RINvMs_Cs3mqqzCYtP3U_19sqlrustgo_optimizerNtB5_7RuleSet8add_ruleNCNvNtB5_5testss_29test_ruleset_apply_no_changes0EB5_
FN:172,_RNvMs1_Cs3mqqzCYtP3U_19sqlrustgo_optimizerNtB5_16DefaultOptimizer11enable_rule
FN:176,_RNvMs1_Cs3mqqzCYtP3U_19sqlrustgo_optimizerNtB5_16DefaultOptimizer12disable_rule
FN:180,_RNvMs1_Cs3mqqzCYtP3U_19sqlrustgo_optimizerNtB5_16DefaultOptimizer8add_rule
FN:211,_RNvXs3_Cs3mqqzCYtP3U_19sqlrustgo_optimizerNtB5_16DefaultOptimizerNtNtCs8nPosuWgJFh_4core7default7Default7default
FN:63,_RNvYpNtCs3mqqzCYtP3U_19sqlrustgo_optimizer9Optimizer24optimize_without_contextB5_
FN:253,_RNCNvNtCs3mqqzCYtP3U_19sqlrustgo_optimizer5testss_18test_ruleset_apply0B5_
FN:254,_RNCNvNtCs3mqqzCYtP3U_19sqlrustgo_optimizer5testss_18test_ruleset_applys_0B5_
FN:240,_RNCNvNtCs3mqqzCYtP3U_19sqlrustgo_optimizer5testss_21test_ruleset_add_rule0B5_
FN:268,_RNCNvNtCs3mqqzCYtP3U_19sqlrustgo_optimizer5testss_29test_ruleset_apply_no_changes0B5_
FNDA:2,_RNvMs1_Cs3mqqzCYtP3U_19sqlrustgo_optimizerNtB5_16DefaultOptimizer17add_default_rules
FNDA:2,_RNvMs1_Cs3mqqzCYtP3U_19sqlrustgo_optimizerNtB5_16DefaultOptimizer3new
FNDA:1,_RNvMs1_Cs3mqqzCYtP3U_19sqlrustgo_optimizerNtB5_16DefaultOptimizer8with_cbo
FNDA:5,_RNvMs_Cs3mqqzCYtP3U_19sqlrustgo_optimizerNtB4_7RuleSet3new
FNDA:2,_RNvMs_Cs3mqqzCYtP3U_19sqlrustgo_optimizerNtB4_7RuleSet5apply
FNDA:1,_RNvXCs3mqqzCYtP3U_19sqlrustgo_optimizerNtB2_13NoOpOptimizerNtB2_9Optimizer8optimize
FNDA:1,_RNvXs0_Cs3mqqzCYtP3U_19sqlrustgo_optimizerNtB5_7RuleSetNtNtCs8nPosuWgJFh_4core7default7Default7default
FNDA:2,_RNvXs2_Cs3mqqzCYtP3U_19sqlrustgo_optimizerNtB5_16DefaultOptimizerNtB5_9Optimizer8optimize
FNDA:4,_RNvYNtNtCs3mqqzCYtP3U_19sqlrustgo_optimizer5rules11IndexSelectINtB6_4RuleNtB4_4PlanE21apply_without_contextB6_
FNDA:0,_RNvYNtNtCs3mqqzCYtP3U_19sqlrustgo_optimizer5rules14JoinReorderingINtB6_4RuleNtB4_4PlanE21apply_without_contextB6_
FNDA:2,_RNvYNtNtCs3mqqzCYtP3U_19sqlrustgo_optimizer5rules15ConstantFoldingINtB6_4RuleNtB4_4PlanE21apply_without_contextB6_
FNDA:4,_RNvYNtNtCs3mqqzCYtP3U_19sqlrustgo_optimizer5rules17PredicatePushdownINtB6_4RuleNtB4_4PlanE21apply_without_contextB6_
FNDA:2,_RNvYNtNtCs3mqqzCYtP3U_19sqlrustgo_optimizer5rules17ProjectionPruningINtB6_4RuleNtB4_4PlanE21apply_without_contextB6_
FNDA:0,_RNvYNtNtCs3mqqzCYtP3U_19sqlrustgo_optimizer5rules24ExpressionSimplificationINtB6_4RuleNtB4_4PlanE21apply_without_contextB6_
FNDA:1,_RNvNtCs3mqqzCYtP3U_19sqlrustgo_optimizer5testss_15test_rule_trait
FNDA:1,_RNvNtCs3mqqzCYtP3U_19sqlrustgo_optimizer5testss_16test_ruleset_new
FNDA:1,_RNvNtCs3mqqzCYtP3U_19sqlrustgo_optimizer5testss_18test_ruleset_apply
FNDA:1,_RNvNtCs3mqqzCYtP3U_19sqlrustgo_optimizer5testss_19test_noop_optimizer
FNDA:1,_RNvNtCs3mqqzCYtP3U_19sqlrustgo_optimizer5testss_20test_ruleset_default
FNDA:1,_RNvNtCs3mqqzCYtP3U_19sqlrustgo_optimizer5testss_21test_cost_model_trait
FNDA:1,_RNvNtCs3mqqzCYtP3U_19sqlrustgo_optimizer5testss_21test_ruleset_add_rule
FNDA:1,_RNvNtCs3mqqzCYtP3U_19sqlrustgo_optimizer5testss_22test_cbo_optimizer_new
FNDA:1,_RNvNtCs3mqqzCYtP3U_19sqlrustgo_optimizer5testss_26test_default_optimizer_new
FNDA:1,_RNvNtCs3mqqzCYtP3U_19sqlrustgo_optimizer5testss_27test_optimizer_trait_object
FNDA:1,_RNvNtCs3mqqzCYtP3U_19sqlrustgo_optimizer5testss_29test_ruleset_apply_no_changes
FNDA:1,_RNvNtCs3mqqzCYtP3U_19sqlrustgo_optimizer5testss_31test_default_optimizer_with_cbo
FNDA:1,_RNvNtCs3mqqzCYtP3U_19sqlrustgo_optimizer5testss_39test_cbo_optimizer_select_access_method
FNDA:1,_RNvXNvNtCs3mqqzCYtP3U_19sqlrustgo_optimizer5testss_15test_rule_traitNtB2_8TestRuleINtB6_4RuleNtNtCsj0gLuUEfogP_5alloc6string6StringE4name
FNDA:1,_RNvXNvNtCs3mqqzCYtP3U_19sqlrustgo_optimizer5testss_15test_rule_traitNtB2_8TestRuleINtB6_4RuleNtNtCsj0gLuUEfogP_5alloc6string6StringE5apply
FNDA:1,_RNvXNvNtCs3mqqzCYtP3U_19sqlrustgo_optimizer5testss_21test_cost_model_traitNtB2_13TestCostModelNtB6_9CostModel13estimate_cost
FNDA:1,_RNvXNvNtCs3mqqzCYtP3U_19sqlrustgo_optimizer5testss_27test_optimizer_trait_objectNtB2_13TestOptimizerNtB6_9Optimizer8optimize
FNDA:1,_RINvMs_Cs3mqqzCYtP3U_19sqlrustgo_optimizerNtB5_7RuleSet8add_ruleNCNvNtB5_5testss_18test_ruleset_apply0EB5_
FNDA:1,_RINvMs_Cs3mqqzCYtP3U_19sqlrustgo_optimizerNtB5_7RuleSet8add_ruleNCNvNtB5_5testss_18test_ruleset_applys_0EB5_
FNDA:1,_RINvMs_Cs3mqqzCYtP3U_19sqlrustgo_optimizerNtB5_7RuleSet8add_ruleNCNvNtB5_5testss_21test_ruleset_add_rule0EB5_
FNDA:1,_RINvMs_Cs3mqqzCYtP3U_19sqlrustgo_optimizerNtB5_7RuleSet8add_ruleNCNvNtB5_5testss_29test_ruleset_apply_no_changes0EB5_
FNDA:0,_RNvMs1_Cs3mqqzCYtP3U_19sqlrustgo_optimizerNtB5_16DefaultOptimizer11enable_rule
FNDA:0,_RNvMs1_Cs3mqqzCYtP3U_19sqlrustgo_optimizerNtB5_16DefaultOptimizer12disable_rule
FNDA:0,_RNvMs1_Cs3mqqzCYtP3U_19sqlrustgo_optimizerNtB5_16DefaultOptimizer8add_rule
FNDA:0,_RNvXs3_Cs3mqqzCYtP3U_19sqlrustgo_optimizerNtB5_16DefaultOptimizerNtNtCs8nPosuWgJFh_4core7default7Default7default
FNDA:0,_RNvYpNtCs3mqqzCYtP3U_19sqlrustgo_optimizer9Optimizer24optimize_without_contextB5_
FNDA:1,_RNCNvNtCs3mqqzCYtP3U_19sqlrustgo_optimizer5testss_18test_ruleset_apply0B5_
FNDA:1,_RNCNvNtCs3mqqzCYtP3U_19sqlrustgo_optimizer5testss_18test_ruleset_applys_0B5_
FNDA:0,_RNCNvNtCs3mqqzCYtP3U_19sqlrustgo_optimizer5testss_21test_ruleset_add_rule0B5_
FNDA:1,_RNCNvNtCs3mqqzCYtP3U_19sqlrustgo_optimizer5testss_29test_ruleset_apply_no_changes0B5_
FNF:36
FNH:30
DA:63,0
DA:64,0
DA:65,0
DA:66,0
DA:78,12
DA:79,12
DA:80,12
DA:81,12
DA:94,1
DA:95,1
DA:96,1
DA:97,1
DA:98,1
DA:99,1
DA:100,1
DA:110,5
DA:111,5
DA:112,5
DA:114,4
DA:115,4
DA:116,4
DA:118,4
DA:119,4
DA:121,2
DA:122,2
DA:123,3
DA:124,3
DA:125,1
DA:126,2
DA:128,2
DA:129,2
DA:133,1
DA:134,1
DA:135,1
DA:146,2
DA:147,2
DA:148,2
DA:149,2
DA:150,2
DA:151,2
DA:152,2
DA:153,2
DA:154,2
DA:155,2
DA:157,2
DA:158,2
DA:159,2
DA:160,2
DA:161,2
DA:162,2
DA:163,2
DA:164,2
DA:166,1
DA:167,1
DA:168,1
DA:169,1
DA:170,1
DA:172,0
DA:173,0
DA:174,0
DA:176,0
DA:177,0
DA:178,0
DA:180,0
DA:181,0
DA:182,0
DA:186,2
DA:187,2
DA:188,2
DA:189,2
DA:190,2
DA:191,2
DA:192,0
DA:193,0
DA:195,0
DA:196,0
DA:197,0
DA:198,0
DA:199,0
DA:200,0
DA:201,0
DA:202,0
DA:205,2
DA:206,2
DA:207,2
DA:211,0
DA:212,0
DA:213,0
DA:221,1
DA:222,1
DA:223,1
DA:224,1
DA:225,1
DA:226,1
DA:227,1
DA:230,1
DA:231,1
DA:232,1
DA:233,1
DA:236,1
DA:237,1
DA:238,1
DA:240,1
DA:241,0
DA:242,0
DA:243,0
DA:245,1
DA:246,1
DA:247,1
DA:250,1
DA:251,1
DA:253,1
DA:254,1
DA:256,1
DA:257,1
DA:259,1
DA:260,1
DA:261,1
DA:262,1
DA:265,1
DA:266,1
DA:268,1
DA:269,1
DA:271,1
DA:272,1
DA:273,1
DA:274,1
DA:277,1
DA:283,1
DA:284,1
DA:285,1
DA:286,1
DA:287,1
DA:288,1
DA:289,1
DA:290,1
DA:293,1
DA:294,1
DA:295,1
DA:296,1
DA:297,1
DA:298,1
DA:299,1
DA:300,1
DA:303,1
DA:307,1
DA:308,1
DA:309,1
DA:311,1
DA:312,1
DA:313,1
DA:314,1
DA:317,1
DA:318,1
DA:320,1
DA:321,1
DA:322,1
DA:323,1
DA:324,1
DA:325,1
DA:328,1
DA:332,1
DA:333,1
DA:334,1
DA:336,0
DA:338,1
DA:341,1
DA:342,1
DA:343,1
DA:344,1
DA:345,1
DA:348,1
DA:349,1
DA:350,1
DA:351,1
DA:354,1
DA:355,1
DA:356,1
DA:357,1
DA:358,1
DA:359,1
DA:360,1
DA:363,1
DA:364,1
DA:365,1
DA:366,1
DA:367,1
DA:368,1
DA:369,1
DA:370,1
DA:373,1
DA:374,1
DA:375,1
DA:376,1
DA:377,1
DA:380,1
DA:381,1
DA:382,1
DA:383,1
DA:384,1
BRF:0
BRH:0
LF:204
LH:173
end_of_record
SF:/home/openclaw/dev/yinglichina8848/sqlrustgo/crates/optimizer/src/network_cost.rs
FN:21,_RNvMNtCs3mqqzCYtP3U_19sqlrustgo_optimizer12network_costNtB2_11NetworkCost3new
FN:31,_RNvMNtCs3mqqzCYtP3U_19sqlrustgo_optimizer12network_costNtB2_11NetworkCost9calculate
FN:82,_RNvMs_NtCs3mqqzCYtP3U_19sqlrustgo_optimizer12network_costNtB4_26SimpleNetworkCostEstimator17default_estimator
FN:72,_RNvMs_NtCs3mqqzCYtP3U_19sqlrustgo_optimizer12network_costNtB4_26SimpleNetworkCostEstimator3new
FN:89,_RNvXs0_NtCs3mqqzCYtP3U_19sqlrustgo_optimizer12network_costNtB5_26SimpleNetworkCostEstimatorNtB5_20NetworkCostEstimator13estimate_cost
FN:107,_RNvNtNtCs3mqqzCYtP3U_19sqlrustgo_optimizer12network_cost5testss_21test_network_cost_new
FN:115,_RNvNtNtCs3mqqzCYtP3U_19sqlrustgo_optimizer12network_cost5testss_27test_network_cost_calculate
FN:140,_RNvNtNtCs3mqqzCYtP3U_19sqlrustgo_optimizer12network_cost5testss_28test_simple_estimator_custom
FN:125,_RNvNtNtCs3mqqzCYtP3U_19sqlrustgo_optimizer12network_cost5testss_29test_simple_estimator_default
FN:132,_RNvNtNtCs3mqqzCYtP3U_19sqlrustgo_optimizer12network_cost5testss_31test_simple_estimator_same_node
FNDA:5,_RNvMNtCs3mqqzCYtP3U_19sqlrustgo_optimizer12network_costNtB2_11NetworkCost3new
FNDA:1,_RNvMNtCs3mqqzCYtP3U_19sqlrustgo_optimizer12network_costNtB2_11NetworkCost9calculate
FNDA:2,_RNvMs_NtCs3mqqzCYtP3U_19sqlrustgo_optimizer12network_costNtB4_26SimpleNetworkCostEstimator17default_estimator
FNDA:3,_RNvMs_NtCs3mqqzCYtP3U_19sqlrustgo_optimizer12network_costNtB4_26SimpleNetworkCostEstimator3new
FNDA:3,_RNvXs0_NtCs3mqqzCYtP3U_19sqlrustgo_optimizer12network_costNtB5_26SimpleNetworkCostEstimatorNtB5_20NetworkCostEstimator13estimate_cost
FNDA:1,_RNvNtNtCs3mqqzCYtP3U_19sqlrustgo_optimizer12network_cost5testss_21test_network_cost_new
FNDA:1,_RNvNtNtCs3mqqzCYtP3U_19sqlrustgo_optimizer12network_cost5testss_27test_network_cost_calculate
FNDA:1,_RNvNtNtCs3mqqzCYtP3U_19sqlrustgo_optimizer12network_cost5testss_28test_simple_estimator_custom
FNDA:1,_RNvNtNtCs3mqqzCYtP3U_19sqlrustgo_optimizer12network_cost5testss_29test_simple_estimator_default
FNDA:1,_RNvNtNtCs3mqqzCYtP3U_19sqlrustgo_optimizer12network_cost5testss_31test_simple_estimator_same_node
FNF:10
FNH:10
DA:21,5
DA:22,5
DA:23,5
DA:24,5
DA:25,5
DA:26,5
DA:27,5
DA:31,1
DA:33,1
DA:34,1
DA:35,1
DA:72,3
DA:74,3
DA:75,3
DA:76,3
DA:77,3
DA:78,3
DA:79,3
DA:82,2
DA:84,2
DA:85,2
DA:89,3
DA:90,3
DA:91,3
DA:92,3
DA:93,3
DA:94,3
DA:95,3
DA:96,3
DA:98,3
DA:99,3
DA:107,1
DA:108,1
DA:109,1
DA:110,1
DA:111,1
DA:112,1
DA:115,1
DA:119,1
DA:120,1
DA:121,1
DA:122,1
DA:125,1
DA:126,1
DA:127,1
DA:128,1
DA:129,1
DA:132,1
DA:133,1
DA:134,1
DA:135,1
DA:136,1
DA:137,1
DA:140,1
DA:142,1
DA:143,1
DA:144,1
DA:145,1
DA:146,1
BRF:0
BRH:0
LF:59
LH:59
end_of_record
SF:/home/openclaw/dev/yinglichina8848/sqlrustgo/crates/optimizer/src/path_selector.rs
FN:258,_RNvMs0_NtCs3mqqzCYtP3U_19sqlrustgo_optimizer13path_selectorNtB5_13PathSelection16should_use_graph
FN:263,_RNvMs0_NtCs3mqqzCYtP3U_19sqlrustgo_optimizer13path_selectorNtB5_13PathSelection17should_use_hybrid
FN:253,_RNvMs0_NtCs3mqqzCYtP3U_19sqlrustgo_optimizer13path_selectorNtB5_13PathSelection17should_use_vector
FN:56,_RNvMs_NtCs3mqqzCYtP3U_19sqlrustgo_optimizer13path_selectorNtB4_12PathSelector13with_defaults
FN:149,_RNvMs_NtCs3mqqzCYtP3U_19sqlrustgo_optimizer13path_selectorNtB4_12PathSelector16extract_sql_plan
FN:93,_RNvMs_NtCs3mqqzCYtP3U_19sqlrustgo_optimizer13path_selectorNtB4_12PathSelector17estimate_sql_cost
FN:181,_RNvMs_NtCs3mqqzCYtP3U_19sqlrustgo_optimizer13path_selectorNtB4_12PathSelector18generate_reasoning
FN:118,_RNvMs_NtCs3mqqzCYtP3U_19sqlrustgo_optimizer13path_selectorNtB4_12PathSelector19estimate_graph_cost
FN:110,_RNvMs_NtCs3mqqzCYtP3U_19sqlrustgo_optimizer13path_selectorNtB4_12PathSelector20estimate_vector_cost
FN:138,_RNvMs_NtCs3mqqzCYtP3U_19sqlrustgo_optimizer13path_selectorNtB4_12PathSelector30estimate_hybrid_sql_graph_cost
FN:126,_RNvMs_NtCs3mqqzCYtP3U_19sqlrustgo_optimizer13path_selectorNtB4_12PathSelector31estimate_hybrid_sql_vector_cost
FN:48,_RNvMs_NtCs3mqqzCYtP3U_19sqlrustgo_optimizer13path_selectorNtB4_12PathSelector3new
FN:64,_RNvMs_NtCs3mqqzCYtP3U_19sqlrustgo_optimizer13path_selectorNtB4_12PathSelector7analyze
FN:27,_RNvXNtCs3mqqzCYtP3U_19sqlrustgo_optimizer13path_selectorNtB2_18PathSelectorConfigNtNtCs8nPosuWgJFh_4core7default7Default7default
FN:305,_RNvNtNtCs3mqqzCYtP3U_19sqlrustgo_optimizer13path_selector5testss_23test_analyze_graph_scan
FN:292,_RNvNtNtCs3mqqzCYtP3U_19sqlrustgo_optimizer13path_selector5testss_24test_analyze_vector_scan
FN:334,_RNvNtNtCs3mqqzCYtP3U_19sqlrustgo_optimizer13path_selector5testss_29test_path_selection_reasoning
FN:281,_RNvNtNtCs3mqqzCYtP3U_19sqlrustgo_optimizer13path_selector5testss_32test_path_selector_with_defaults
FN:274,_RNvNtNtCs3mqqzCYtP3U_19sqlrustgo_optimizer13path_selector5testss_33test_path_selector_config_default
FN:317,_RNvNtNtCs3mqqzCYtP3U_19sqlrustgo_optimizer13path_selector5testss_37test_path_selection_should_use_hybrid
FNDA:3,_RNvMs0_NtCs3mqqzCYtP3U_19sqlrustgo_optimizer13path_selectorNtB5_13PathSelection16should_use_graph
FNDA:1,_RNvMs0_NtCs3mqqzCYtP3U_19sqlrustgo_optimizer13path_selectorNtB5_13PathSelection17should_use_hybrid
FNDA:3,_RNvMs0_NtCs3mqqzCYtP3U_19sqlrustgo_optimizer13path_selectorNtB5_13PathSelection17should_use_vector
FNDA:3,_RNvMs_NtCs3mqqzCYtP3U_19sqlrustgo_optimizer13path_selectorNtB4_12PathSelector13with_defaults
FNDA:10,_RNvMs_NtCs3mqqzCYtP3U_19sqlrustgo_optimizer13path_selectorNtB4_12PathSelector16extract_sql_plan
FNDA:10,_RNvMs_NtCs3mqqzCYtP3U_19sqlrustgo_optimizer13path_selectorNtB4_12PathSelector17estimate_sql_cost
FNDA:10,_RNvMs_NtCs3mqqzCYtP3U_19sqlrustgo_optimizer13path_selectorNtB4_12PathSelector18generate_reasoning
FNDA:10,_RNvMs_NtCs3mqqzCYtP3U_19sqlrustgo_optimizer13path_selectorNtB4_12PathSelector19estimate_graph_cost
FNDA:10,_RNvMs_NtCs3mqqzCYtP3U_19sqlrustgo_optimizer13path_selectorNtB4_12PathSelector20estimate_vector_cost
FNDA:10,_RNvMs_NtCs3mqqzCYtP3U_19sqlrustgo_optimizer13path_selectorNtB4_12PathSelector30estimate_hybrid_sql_graph_cost
FNDA:10,_RNvMs_NtCs3mqqzCYtP3U_19sqlrustgo_optimizer13path_selectorNtB4_12PathSelector31estimate_hybrid_sql_vector_cost
FNDA:11,_RNvMs_NtCs3mqqzCYtP3U_19sqlrustgo_optimizer13path_selectorNtB4_12PathSelector3new
FNDA:10,_RNvMs_NtCs3mqqzCYtP3U_19sqlrustgo_optimizer13path_selectorNtB4_12PathSelector7analyze
FNDA:12,_RNvXNtCs3mqqzCYtP3U_19sqlrustgo_optimizer13path_selectorNtB2_18PathSelectorConfigNtNtCs8nPosuWgJFh_4core7default7Default7default
FNDA:1,_RNvNtNtCs3mqqzCYtP3U_19sqlrustgo_optimizer13path_selector5testss_23test_analyze_graph_scan
FNDA:1,_RNvNtNtCs3mqqzCYtP3U_19sqlrustgo_optimizer13path_selector5testss_24test_analyze_vector_scan
FNDA:1,_RNvNtNtCs3mqqzCYtP3U_19sqlrustgo_optimizer13path_selector5testss_29test_path_selection_reasoning
FNDA:1,_RNvNtNtCs3mqqzCYtP3U_19sqlrustgo_optimizer13path_selector5testss_32test_path_selector_with_defaults
FNDA:1,_RNvNtNtCs3mqqzCYtP3U_19sqlrustgo_optimizer13path_selector5testss_33test_path_selector_config_default
FNDA:1,_RNvNtNtCs3mqqzCYtP3U_19sqlrustgo_optimizer13path_selector5testss_37test_path_selection_should_use_hybrid
FNF:20
FNH:20
DA:27,12
DA:28,12
DA:29,12
DA:30,12
DA:31,12
DA:32,12
DA:33,12
DA:34,12
DA:35,12
DA:36,12
DA:48,11
DA:49,11
DA:50,11
DA:51,11
DA:52,11
DA:53,11
DA:56,3
DA:57,3
DA:58,3
DA:59,3
DA:61,3
DA:64,10
DA:65,10
DA:66,10
DA:67,10
DA:70,10
DA:71,10
DA:73,10
DA:74,10
DA:75,10
DA:76,10
DA:77,10
DA:78,10
DA:79,10
DA:81,10
DA:82,10
DA:83,10
DA:84,10
DA:85,10
DA:86,10
DA:87,10
DA:88,10
DA:89,10
DA:90,10
DA:91,10
DA:93,10
DA:95,10
DA:97,10
DA:98,2
DA:99,8
DA:100,8
DA:101,2
DA:102,6
DA:103,6
DA:105,0
DA:106,6
DA:107,6
DA:108,10
DA:110,10
DA:111,10
DA:112,2
DA:114,8
DA:116,10
DA:118,10
DA:119,10
DA:120,2
DA:122,8
DA:124,10
DA:126,10
DA:127,10
DA:129,2
DA:130,8
DA:132,0
DA:134,8
DA:136,10
DA:138,10
DA:139,10
DA:140,2
DA:141,8
DA:142,0
DA:144,8
DA:146,10
DA:149,10
DA:150,10
DA:151,0
DA:152,0
DA:153,0
DA:154,0
DA:155,0
DA:156,0
DA:157,0
DA:158,0
DA:159,0
DA:161,0
DA:164,0
DA:165,0
DA:166,0
DA:167,0
DA:168,0
DA:169,0
DA:171,0
DA:175,10
DA:177,6
DA:179,10
DA:181,10
DA:182,10
DA:183,10
DA:184,10
DA:185,10
DA:186,10
DA:187,10
DA:188,10
DA:189,10
DA:191,10
DA:193,6
DA:199,2
DA:203,2
DA:204,2
DA:206,0
DA:211,2
DA:217,0
DA:220,0
DA:223,0
DA:225,0
DA:227,10
DA:253,3
DA:254,3
DA:255,3
DA:258,3
DA:259,3
DA:260,3
DA:263,1
DA:264,1
DA:265,1
DA:274,1
DA:275,1
DA:276,1
DA:277,1
DA:278,1
DA:281,1
DA:282,1
DA:283,1
DA:284,1
DA:285,1
DA:286,1
DA:287,1
DA:288,1
DA:289,1
DA:292,1
DA:293,1
DA:294,1
DA:295,1
DA:296,1
DA:297,1
DA:298,1
DA:299,1
DA:300,1
DA:301,1
DA:302,1
DA:305,1
DA:306,1
DA:307,1
DA:308,1
DA:309,1
DA:310,1
DA:311,1
DA:312,1
DA:313,1
DA:314,1
DA:317,1
DA:318,1
DA:319,1
DA:320,1
DA:321,1
DA:322,1
DA:323,1
DA:324,1
DA:325,1
DA:326,1
DA:327,1
DA:328,1
DA:329,1
DA:330,1
DA:331,1
DA:334,1
DA:335,1
DA:336,1
DA:337,1
DA:338,1
DA:339,1
DA:340,1
DA:341,1
DA:342,1
DA:343,1
DA:344,1
DA:345,1
DA:346,1
BRF:0
BRH:0
LF:197
LH:172
end_of_record
SF:/home/openclaw/dev/yinglichina8848/sqlrustgo/crates/optimizer/src/plan.rs
FN:63,_RNvNtNtCs3mqqzCYtP3U_19sqlrustgo_optimizer4plan5testss_24test_optimizer_result_ok
FN:70,_RNvNtNtCs3mqqzCYtP3U_19sqlrustgo_optimizer4plan5testss_25test_optimizer_result_err
FN:56,_RNvNtNtCs3mqqzCYtP3U_19sqlrustgo_optimizer4plan5testss_26test_optimizer_error_debug
FN:47,_RNvNtNtCs3mqqzCYtP3U_19sqlrustgo_optimizer4plan5testss_32test_optimizer_error_rule_failed
FN:41,_RNvNtNtCs3mqqzCYtP3U_19sqlrustgo_optimizer4plan5testss_33test_optimizer_error_invalid_plan
FN:35,_RNvNtNtCs3mqqzCYtP3U_19sqlrustgo_optimizer4plan5testss_40test_optimizer_error_optimization_failed
FNDA:1,_RNvNtNtCs3mqqzCYtP3U_19sqlrustgo_optimizer4plan5testss_24test_optimizer_result_ok
FNDA:1,_RNvNtNtCs3mqqzCYtP3U_19sqlrustgo_optimizer4plan5testss_25test_optimizer_result_err
FNDA:1,_RNvNtNtCs3mqqzCYtP3U_19sqlrustgo_optimizer4plan5testss_26test_optimizer_error_debug
FNDA:1,_RNvNtNtCs3mqqzCYtP3U_19sqlrustgo_optimizer4plan5testss_32test_optimizer_error_rule_failed
FNDA:1,_RNvNtNtCs3mqqzCYtP3U_19sqlrustgo_optimizer4plan5testss_33test_optimizer_error_invalid_plan
FNDA:1,_RNvNtNtCs3mqqzCYtP3U_19sqlrustgo_optimizer4plan5testss_40test_optimizer_error_optimization_failed
FNF:6
FNH:6
DA:35,1
DA:36,1
DA:37,1
DA:38,1
DA:41,1
DA:42,1
DA:43,1
DA:44,1
DA:47,1
DA:48,1
DA:49,1
DA:50,1
DA:53,1
DA:56,1
DA:57,1
DA:58,1
DA:59,1
DA:60,1
DA:63,1
DA:64,1
DA:65,1
DA:66,1
DA:67,1
DA:70,1
DA:71,1
DA:72,1
DA:73,1
DA:74,1
DA:75,1
BRF:0
BRH:0
LF:29
LH:29
end_of_record
SF:/home/openclaw/dev/yinglichina8848/sqlrustgo/crates/optimizer/src/projection_pushdown.rs
FN:443,_RNvNtNtCs3mqqzCYtP3U_19sqlrustgo_optimizer19projection_pushdown5testss_18test_is_beneficial
FN:454,_RNvNtNtCs3mqqzCYtP3U_19sqlrustgo_optimizer19projection_pushdown5testss_22test_merge_projections
FN:505,_RNvNtNtCs3mqqzCYtP3U_19sqlrustgo_optimizer19projection_pushdown5testss_23test_disabled_optimizer
FN:410,_RNvNtNtCs3mqqzCYtP3U_19sqlrustgo_optimizer19projection_pushdown5testss_25test_column_pruner_nested
FN:398,_RNvNtNtCs3mqqzCYtP3U_19sqlrustgo_optimizer19projection_pushdown5testss_26test_column_pruner_collect
FN:483,_RNvNtNtCs3mqqzCYtP3U_19sqlrustgo_optimizer19projection_pushdown5testss_28test_required_columns_nested
FN:465,_RNvNtNtCs3mqqzCYtP3U_19sqlrustgo_optimizer19projection_pushdown5testss_32test_required_columns_projection
FN:392,_RNvNtNtCs3mqqzCYtP3U_19sqlrustgo_optimizer19projection_pushdown5testss_34test_projection_pushdown_rule_name
FN:423,_RNvNtNtCs3mqqzCYtP3U_19sqlrustgo_optimizer19projection_pushdown5testss_39test_projection_pushdown_config_default
FN:431,_RNvNtNtCs3mqqzCYtP3U_19sqlrustgo_optimizer19projection_pushdown5testss_42test_projection_pushdown_optimizer_default
FN:33,_RNvMNtCs3mqqzCYtP3U_19sqlrustgo_optimizer19projection_pushdownNtB2_9ColumnSet3add
FN:24,_RNvMNtCs3mqqzCYtP3U_19sqlrustgo_optimizer19projection_pushdownNtB2_9ColumnSet3new
FN:51,_RNvMs0_NtCs3mqqzCYtP3U_19sqlrustgo_optimizer19projection_pushdownNtB5_22ProjectionPushdownRule3new
FN:180,_RNvMs3_NtCs3mqqzCYtP3U_19sqlrustgo_optimizer19projection_pushdownNtB5_22ProjectionPushdownRule15collect_columns
FN:188,_RNvMs3_NtCs3mqqzCYtP3U_19sqlrustgo_optimizer19projection_pushdownNtB5_22ProjectionPushdownRule17collect_from_expr
FN:206,_RNvMs3_NtCs3mqqzCYtP3U_19sqlrustgo_optimizer19projection_pushdownNtB5_22ProjectionPushdownRule17merge_projections
FN:74,_RNvMs3_NtCs3mqqzCYtP3U_19sqlrustgo_optimizer19projection_pushdownNtB5_22ProjectionPushdownRule8optimize
FN:148,_RNvMs3_NtCs3mqqzCYtP3U_19sqlrustgo_optimizer19projection_pushdownNtB5_22ProjectionPushdownRule8pushdown
FN:233,_RNvMs4_NtCs3mqqzCYtP3U_19sqlrustgo_optimizer19projection_pushdownNtB5_12ColumnPruner15collect_columns
FN:262,_RNvMs4_NtCs3mqqzCYtP3U_19sqlrustgo_optimizer19projection_pushdownNtB5_12ColumnPruner16required_columns
FN:245,_RNvMs4_NtCs3mqqzCYtP3U_19sqlrustgo_optimizer19projection_pushdownNtB5_12ColumnPruner17collect_from_expr
FN:268,_RNvMs4_NtCs3mqqzCYtP3U_19sqlrustgo_optimizer19projection_pushdownNtB5_12ColumnPruner17collect_from_plan
FN:239,_RNvMs4_NtCs3mqqzCYtP3U_19sqlrustgo_optimizer19projection_pushdownNtB5_12ColumnPruner18collect_from_exprs
FN:228,_RNvMs4_NtCs3mqqzCYtP3U_19sqlrustgo_optimizer19projection_pushdownNtB5_12ColumnPruner3new
FN:343,_RNvMs6_NtCs3mqqzCYtP3U_19sqlrustgo_optimizer19projection_pushdownNtB5_27ProjectionPushdownOptimizer11with_config
FN:368,_RNvMs6_NtCs3mqqzCYtP3U_19sqlrustgo_optimizer19projection_pushdownNtB5_27ProjectionPushdownOptimizer13is_beneficial
FN:336,_RNvMs6_NtCs3mqqzCYtP3U_19sqlrustgo_optimizer19projection_pushdownNtB5_27ProjectionPushdownOptimizer3new
FN:348,_RNvMs6_NtCs3mqqzCYtP3U_19sqlrustgo_optimizer19projection_pushdownNtB5_27ProjectionPushdownOptimizer8optimize
FN:63,_RNvXs2_NtCs3mqqzCYtP3U_19sqlrustgo_optimizer19projection_pushdownNtB5_22ProjectionPushdownRuleINtB7_4RuleNtNtB7_5rules4PlanE4name
FN:67,_RNvXs2_NtCs3mqqzCYtP3U_19sqlrustgo_optimizer19projection_pushdownNtB5_22ProjectionPushdownRuleINtB7_4RuleNtNtB7_5rules4PlanE5apply
FN:320,_RNvXs5_NtCs3mqqzCYtP3U_19sqlrustgo_optimizer19projection_pushdownNtB5_24ProjectionPushdownConfigNtNtCs8nPosuWgJFh_4core7default7Default7default
FN:57,_RNvXs1_NtCs3mqqzCYtP3U_19sqlrustgo_optimizer19projection_pushdownNtB5_22ProjectionPushdownRuleNtNtCs8nPosuWgJFh_4core7default7Default7default
FN:381,_RNvXs7_NtCs3mqqzCYtP3U_19sqlrustgo_optimizer19projection_pushdownNtB5_27ProjectionPushdownOptimizerNtNtCs8nPosuWgJFh_4core7default7Default7default
FN:40,_RNvXs_NtCs3mqqzCYtP3U_19sqlrustgo_optimizer19projection_pushdownNtB4_9ColumnSetNtNtCs8nPosuWgJFh_4core7default7Default7default
FNDA:1,_RNvNtNtCs3mqqzCYtP3U_19sqlrustgo_optimizer19projection_pushdown5testss_18test_is_beneficial
FNDA:1,_RNvNtNtCs3mqqzCYtP3U_19sqlrustgo_optimizer19projection_pushdown5testss_22test_merge_projections
FNDA:1,_RNvNtNtCs3mqqzCYtP3U_19sqlrustgo_optimizer19projection_pushdown5testss_23test_disabled_optimizer
FNDA:1,_RNvNtNtCs3mqqzCYtP3U_19sqlrustgo_optimizer19projection_pushdown5testss_25test_column_pruner_nested
FNDA:1,_RNvNtNtCs3mqqzCYtP3U_19sqlrustgo_optimizer19projection_pushdown5testss_26test_column_pruner_collect
FNDA:1,_RNvNtNtCs3mqqzCYtP3U_19sqlrustgo_optimizer19projection_pushdown5testss_28test_required_columns_nested
FNDA:1,_RNvNtNtCs3mqqzCYtP3U_19sqlrustgo_optimizer19projection_pushdown5testss_32test_required_columns_projection
FNDA:1,_RNvNtNtCs3mqqzCYtP3U_19sqlrustgo_optimizer19projection_pushdown5testss_34test_projection_pushdown_rule_name
FNDA:1,_RNvNtNtCs3mqqzCYtP3U_19sqlrustgo_optimizer19projection_pushdown5testss_39test_projection_pushdown_config_default
FNDA:1,_RNvNtNtCs3mqqzCYtP3U_19sqlrustgo_optimizer19projection_pushdown5testss_42test_projection_pushdown_optimizer_default
FNDA:0,_RNvMNtCs3mqqzCYtP3U_19sqlrustgo_optimizer19projection_pushdownNtB2_9ColumnSet3add
FNDA:0,_RNvMNtCs3mqqzCYtP3U_19sqlrustgo_optimizer19projection_pushdownNtB2_9ColumnSet3new
FNDA:3,_RNvMs0_NtCs3mqqzCYtP3U_19sqlrustgo_optimizer19projection_pushdownNtB5_22ProjectionPushdownRule3new
FNDA:0,_RNvMs3_NtCs3mqqzCYtP3U_19sqlrustgo_optimizer19projection_pushdownNtB5_22ProjectionPushdownRule15collect_columns
FNDA:0,_RNvMs3_NtCs3mqqzCYtP3U_19sqlrustgo_optimizer19projection_pushdownNtB5_22ProjectionPushdownRule17collect_from_expr
FNDA:1,_RNvMs3_NtCs3mqqzCYtP3U_19sqlrustgo_optimizer19projection_pushdownNtB5_22ProjectionPushdownRule17merge_projections
FNDA:1,_RNvMs3_NtCs3mqqzCYtP3U_19sqlrustgo_optimizer19projection_pushdownNtB5_22ProjectionPushdownRule8optimize
FNDA:0,_RNvMs3_NtCs3mqqzCYtP3U_19sqlrustgo_optimizer19projection_pushdownNtB5_22ProjectionPushdownRule8pushdown
FNDA:2,_RNvMs4_NtCs3mqqzCYtP3U_19sqlrustgo_optimizer19projection_pushdownNtB5_12ColumnPruner15collect_columns
FNDA:2,_RNvMs4_NtCs3mqqzCYtP3U_19sqlrustgo_optimizer19projection_pushdownNtB5_12ColumnPruner16required_columns
FNDA:11,_RNvMs4_NtCs3mqqzCYtP3U_19sqlrustgo_optimizer19projection_pushdownNtB5_12ColumnPruner17collect_from_expr
FNDA:5,_RNvMs4_NtCs3mqqzCYtP3U_19sqlrustgo_optimizer19projection_pushdownNtB5_12ColumnPruner17collect_from_plan
FNDA:4,_RNvMs4_NtCs3mqqzCYtP3U_19sqlrustgo_optimizer19projection_pushdownNtB5_12ColumnPruner18collect_from_exprs
FNDA:4,_RNvMs4_NtCs3mqqzCYtP3U_19sqlrustgo_optimizer19projection_pushdownNtB5_12ColumnPruner3new
FNDA:1,_RNvMs6_NtCs3mqqzCYtP3U_19sqlrustgo_optimizer19projection_pushdownNtB5_27ProjectionPushdownOptimizer11with_config
FNDA:3,_RNvMs6_NtCs3mqqzCYtP3U_19sqlrustgo_optimizer19projection_pushdownNtB5_27ProjectionPushdownOptimizer13is_beneficial
FNDA:2,_RNvMs6_NtCs3mqqzCYtP3U_19sqlrustgo_optimizer19projection_pushdownNtB5_27ProjectionPushdownOptimizer3new
FNDA:2,_RNvMs6_NtCs3mqqzCYtP3U_19sqlrustgo_optimizer19projection_pushdownNtB5_27ProjectionPushdownOptimizer8optimize
FNDA:1,_RNvXs2_NtCs3mqqzCYtP3U_19sqlrustgo_optimizer19projection_pushdownNtB5_22ProjectionPushdownRuleINtB7_4RuleNtNtB7_5rules4PlanE4name
FNDA:1,_RNvXs2_NtCs3mqqzCYtP3U_19sqlrustgo_optimizer19projection_pushdownNtB5_22ProjectionPushdownRuleINtB7_4RuleNtNtB7_5rules4PlanE5apply
FNDA:4,_RNvXs5_NtCs3mqqzCYtP3U_19sqlrustgo_optimizer19projection_pushdownNtB5_24ProjectionPushdownConfigNtNtCs8nPosuWgJFh_4core7default7Default7default
FNDA:0,_RNvXs1_NtCs3mqqzCYtP3U_19sqlrustgo_optimizer19projection_pushdownNtB5_22ProjectionPushdownRuleNtNtCs8nPosuWgJFh_4core7default7Default7default
FNDA:0,_RNvXs7_NtCs3mqqzCYtP3U_19sqlrustgo_optimizer19projection_pushdownNtB5_27ProjectionPushdownOptimizerNtNtCs8nPosuWgJFh_4core7default7Default7default
FNDA:0,_RNvXs_NtCs3mqqzCYtP3U_19sqlrustgo_optimizer19projection_pushdownNtB4_9ColumnSetNtNtCs8nPosuWgJFh_4core7default7Default7default
FNF:34
FNH:26
DA:24,0
DA:25,0
DA:26,0
DA:27,0
DA:28,0
DA:29,0
DA:30,0
DA:33,0
DA:34,0
DA:35,0
DA:36,0
DA:40,0
DA:41,0
DA:42,0
DA:51,3
DA:52,3
DA:53,3
DA:57,0
DA:58,0
DA:59,0
DA:63,1
DA:64,1
DA:65,1
DA:67,1
DA:68,1
DA:69,1
DA:74,1
DA:75,1
DA:77,0
DA:81,0
DA:84,0
DA:87,0
DA:88,0
DA:90,0
DA:91,0
DA:92,0
DA:93,0
DA:94,0
DA:95,0
DA:99,0
DA:101,0
DA:105,0
DA:108,0
DA:110,0
DA:111,0
DA:112,0
DA:113,0
DA:114,0
DA:115,0
DA:116,0
DA:117,0
DA:118,0
DA:121,0
DA:125,0
DA:128,0
DA:131,0
DA:132,0
DA:133,0
DA:134,0
DA:138,0
DA:141,0
DA:143,1
DA:145,1
DA:148,0
DA:149,0
DA:150,0
DA:153,0
DA:155,0
DA:156,0
DA:157,0
DA:158,0
DA:159,0
DA:160,0
DA:161,0
DA:162,0
DA:163,0
DA:164,0
DA:166,0
DA:167,0
DA:168,0
DA:169,0
DA:170,0
DA:172,0
DA:173,0
DA:174,0
DA:175,0
DA:177,0
DA:180,0
DA:181,0
DA:182,0
DA:183,0
DA:184,0
DA:185,0
DA:186,0
DA:188,0
DA:189,0
DA:190,0
DA:191,0
DA:192,0
DA:193,0
DA:194,0
DA:195,0
DA:196,0
DA:197,0
DA:198,0
DA:199,0
DA:200,0
DA:202,0
DA:206,1
DA:208,1
DA:209,2
DA:210,2
DA:211,2
DA:212,2
DA:214,1
DA:215,0
DA:217,1
DA:219,1
DA:228,4
DA:229,4
DA:230,4
DA:233,2
DA:234,2
DA:235,2
DA:236,2
DA:237,2
DA:239,4
DA:240,6
DA:241,6
DA:242,6
DA:243,4
DA:245,11
DA:246,11
DA:247,8
DA:248,8
DA:249,8
DA:250,2
DA:251,2
DA:252,2
DA:253,2
DA:254,0
DA:255,0
DA:256,0
DA:257,1
DA:259,11
DA:262,2
DA:263,2
DA:264,2
DA:265,2
DA:266,2
DA:268,5
DA:269,5
DA:270,2
DA:271,2
DA:272,2
DA:273,2
DA:274,1
DA:275,1
DA:276,1
DA:277,1
DA:279,0
DA:280,0
DA:281,0
DA:282,0
DA:283,0
DA:284,0
DA:285,0
DA:286,0
DA:287,0
DA:288,0
DA:289,0
DA:290,0
DA:292,0
DA:293,0
DA:294,0
DA:297,0
DA:298,0
DA:299,0
DA:300,0
DA:301,0
DA:303,2
DA:305,5
DA:320,4
DA:321,4
DA:322,4
DA:323,4
DA:324,4
DA:325,4
DA:326,4
DA:336,2
DA:337,2
DA:338,2
DA:339,2
DA:340,2
DA:343,1
DA:344,1
DA:345,1
DA:348,2
DA:349,2
DA:350,1
DA:351,1
DA:353,1
DA:354,1
DA:357,1
DA:358,1
DA:359,2
DA:360,1
DA:361,1
DA:362,1
DA:364,1
DA:365,2
DA:368,3
DA:369,3
DA:370,0
DA:371,3
DA:372,3
DA:373,0
DA:374,3
DA:376,3
DA:377,3
DA:381,0
DA:382,0
DA:383,0
DA:392,1
DA:393,1
DA:394,1
DA:395,1
DA:398,1
DA:399,1
DA:400,1
DA:401,1
DA:402,1
DA:403,1
DA:404,1
DA:405,1
DA:406,1
DA:407,1
DA:410,1
DA:411,1
DA:412,1
DA:413,1
DA:414,1
DA:415,1
DA:416,1
DA:417,1
DA:418,1
DA:419,1
DA:420,1
DA:423,1
DA:424,1
DA:425,1
DA:426,1
DA:427,1
DA:428,1
DA:431,1
DA:432,1
DA:433,1
DA:434,1
DA:435,1
DA:436,1
DA:437,1
DA:438,1
DA:439,1
DA:440,1
DA:443,1
DA:444,1
DA:446,1
DA:448,1
DA:450,1
DA:451,1
DA:454,1
DA:455,1
DA:456,1
DA:457,1
DA:458,1
DA:461,1
DA:462,1
DA:465,1
DA:466,1
DA:467,1
DA:468,1
DA:469,1
DA:470,1
DA:471,1
DA:472,1
DA:473,1
DA:474,1
DA:475,1
DA:476,1
DA:477,1
DA:478,1
DA:479,1
DA:480,1
DA:483,1
DA:484,1
DA:485,1
DA:486,1
DA:487,1
DA:488,1
DA:489,1
DA:490,1
DA:491,1
DA:492,1
DA:493,1
DA:494,1
DA:495,1
DA:496,1
DA:497,1
DA:498,1
DA:499,1
DA:500,1
DA:501,1
DA:502,1
DA:505,1
DA:506,1
DA:507,1
DA:508,1
DA:509,1
DA:510,1
DA:511,1
DA:512,1
DA:513,1
DA:514,1
DA:515,1
DA:516,1
DA:518,1
DA:519,1
BRF:0
BRH:0
LF:327
LH:203
end_of_record
SF:/home/openclaw/dev/yinglichina8848/sqlrustgo/crates/optimizer/src/query_planner.rs
FN:290,_RNvMs0_NtCs3mqqzCYtP3U_19sqlrustgo_optimizer13query_plannerNtB5_12QueryPlanner10cache_size
FN:285,_RNvMs0_NtCs3mqqzCYtP3U_19sqlrustgo_optimizer13query_plannerNtB5_12QueryPlanner11clear_cache
FN:107,_RNvMs0_NtCs3mqqzCYtP3U_19sqlrustgo_optimizer13query_plannerNtB5_12QueryPlanner13with_defaults
FN:158,_RNvMs0_NtCs3mqqzCYtP3U_19sqlrustgo_optimizer13query_plannerNtB5_12QueryPlanner21generate_alternatives
FN:269,_RNvMs0_NtCs3mqqzCYtP3U_19sqlrustgo_optimizer13query_plannerNtB5_12QueryPlanner23transform_to_graph_plan
FN:251,_RNvMs0_NtCs3mqqzCYtP3U_19sqlrustgo_optimizer13query_plannerNtB5_12QueryPlanner24transform_to_vector_plan
FN:92,_RNvMs0_NtCs3mqqzCYtP3U_19sqlrustgo_optimizer13query_plannerNtB5_12QueryPlanner3new
FN:115,_RNvMs0_NtCs3mqqzCYtP3U_19sqlrustgo_optimizer13query_plannerNtB5_12QueryPlanner4plan
FN:325,_RNvMs1_NtCs3mqqzCYtP3U_19sqlrustgo_optimizer13query_plannerNtB5_15QueryPlanResult14visualize_plan
FN:297,_RNvMs1_NtCs3mqqzCYtP3U_19sqlrustgo_optimizer13query_plannerNtB5_15QueryPlanResult14visualize_text
FN:68,_RNvMs_NtCs3mqqzCYtP3U_19sqlrustgo_optimizer13query_plannerNtB4_15PlanAlternative3new
FN:27,_RNvXNtCs3mqqzCYtP3U_19sqlrustgo_optimizer13query_plannerNtB2_18QueryPlannerConfigNtNtCs8nPosuWgJFh_4core7default7Default7default
FN:227,_RNCNvMs0_NtCs3mqqzCYtP3U_19sqlrustgo_optimizer13query_plannerNtB7_12QueryPlanner21generate_alternatives0B9_
FN:235,_RNCNvMs0_NtCs3mqqzCYtP3U_19sqlrustgo_optimizer13query_plannerNtB7_12QueryPlanner21generate_alternativess_0B9_
FN:138,_RNCNvMs0_NtCs3mqqzCYtP3U_19sqlrustgo_optimizer13query_plannerNtB7_12QueryPlanner4plan0B9_
FN:464,_RNvNtNtCs3mqqzCYtP3U_19sqlrustgo_optimizer13query_planner5testss_14test_cache_hit
FN:482,_RNvNtNtCs3mqqzCYtP3U_19sqlrustgo_optimizer13query_planner5testss_16test_clear_cache
FN:509,_RNvNtNtCs3mqqzCYtP3U_19sqlrustgo_optimizer13query_planner5testss_19test_visualize_text
FN:451,_RNvNtNtCs3mqqzCYtP3U_19sqlrustgo_optimizer13query_planner5testss_20test_plan_graph_scan
FN:424,_RNvNtNtCs3mqqzCYtP3U_19sqlrustgo_optimizer13query_planner5testss_20test_plan_table_scan
FN:437,_RNvNtNtCs3mqqzCYtP3U_19sqlrustgo_optimizer13query_planner5testss_21test_plan_vector_scan
FN:496,_RNvNtNtCs3mqqzCYtP3U_19sqlrustgo_optimizer13query_planner5testss_22test_plan_alternatives
FN:523,_RNvNtNtCs3mqqzCYtP3U_19sqlrustgo_optimizer13query_planner5testss_29test_plan_alternative_latency
FN:418,_RNvNtNtCs3mqqzCYtP3U_19sqlrustgo_optimizer13query_planner5testss_32test_query_planner_with_defaults
FN:411,_RNvNtNtCs3mqqzCYtP3U_19sqlrustgo_optimizer13query_planner5testss_33test_query_planner_config_default
FNDA:3,_RNvMs0_NtCs3mqqzCYtP3U_19sqlrustgo_optimizer13query_plannerNtB5_12QueryPlanner10cache_size
FNDA:1,_RNvMs0_NtCs3mqqzCYtP3U_19sqlrustgo_optimizer13query_plannerNtB5_12QueryPlanner11clear_cache
FNDA:8,_RNvMs0_NtCs3mqqzCYtP3U_19sqlrustgo_optimizer13query_plannerNtB5_12QueryPlanner13with_defaults
FNDA:7,_RNvMs0_NtCs3mqqzCYtP3U_19sqlrustgo_optimizer13query_plannerNtB5_12QueryPlanner21generate_alternatives
FNDA:0,_RNvMs0_NtCs3mqqzCYtP3U_19sqlrustgo_optimizer13query_plannerNtB5_12QueryPlanner23transform_to_graph_plan
FNDA:0,_RNvMs0_NtCs3mqqzCYtP3U_19sqlrustgo_optimizer13query_plannerNtB5_12QueryPlanner24transform_to_vector_plan
FNDA:8,_RNvMs0_NtCs3mqqzCYtP3U_19sqlrustgo_optimizer13query_plannerNtB5_12QueryPlanner3new
FNDA:8,_RNvMs0_NtCs3mqqzCYtP3U_19sqlrustgo_optimizer13query_plannerNtB5_12QueryPlanner4plan
FNDA:1,_RNvMs1_NtCs3mqqzCYtP3U_19sqlrustgo_optimizer13query_plannerNtB5_15QueryPlanResult14visualize_plan
FNDA:1,_RNvMs1_NtCs3mqqzCYtP3U_19sqlrustgo_optimizer13query_plannerNtB5_15QueryPlanResult14visualize_text
FNDA:5,_RNvMs_NtCs3mqqzCYtP3U_19sqlrustgo_optimizer13query_plannerNtB4_15PlanAlternative3new
FNDA:9,_RNvXNtCs3mqqzCYtP3U_19sqlrustgo_optimizer13query_plannerNtB2_18QueryPlannerConfigNtNtCs8nPosuWgJFh_4core7default7Default7default
FNDA:2,_RNCNvMs0_NtCs3mqqzCYtP3U_19sqlrustgo_optimizer13query_plannerNtB7_12QueryPlanner21generate_alternatives0B9_
FNDA:2,_RNCNvMs0_NtCs3mqqzCYtP3U_19sqlrustgo_optimizer13query_plannerNtB7_12QueryPlanner21generate_alternativess_0B9_
FNDA:2,_RNCNvMs0_NtCs3mqqzCYtP3U_19sqlrustgo_optimizer13query_plannerNtB7_12QueryPlanner4plan0B9_
FNDA:1,_RNvNtNtCs3mqqzCYtP3U_19sqlrustgo_optimizer13query_planner5testss_14test_cache_hit
FNDA:1,_RNvNtNtCs3mqqzCYtP3U_19sqlrustgo_optimizer13query_planner5testss_16test_clear_cache
FNDA:1,_RNvNtNtCs3mqqzCYtP3U_19sqlrustgo_optimizer13query_planner5testss_19test_visualize_text
FNDA:1,_RNvNtNtCs3mqqzCYtP3U_19sqlrustgo_optimizer13query_planner5testss_20test_plan_graph_scan
FNDA:1,_RNvNtNtCs3mqqzCYtP3U_19sqlrustgo_optimizer13query_planner5testss_20test_plan_table_scan
FNDA:1,_RNvNtNtCs3mqqzCYtP3U_19sqlrustgo_optimizer13query_planner5testss_21test_plan_vector_scan
FNDA:1,_RNvNtNtCs3mqqzCYtP3U_19sqlrustgo_optimizer13query_planner5testss_22test_plan_alternatives
FNDA:1,_RNvNtNtCs3mqqzCYtP3U_19sqlrustgo_optimizer13query_planner5testss_29test_plan_alternative_latency
FNDA:1,_RNvNtNtCs3mqqzCYtP3U_19sqlrustgo_optimizer13query_planner5testss_32test_query_planner_with_defaults
FNDA:1,_RNvNtNtCs3mqqzCYtP3U_19sqlrustgo_optimizer13query_planner5testss_33test_query_planner_config_default
FNF:25
FNH:23
DA:27,9
DA:28,9
DA:29,9
DA:30,9
DA:31,9
DA:32,9
DA:33,9
DA:34,9
DA:35,9
DA:68,5
DA:70,5
DA:71,5
DA:72,5
DA:73,5
DA:74,5
DA:75,5
DA:76,5
DA:77,5
DA:92,8
DA:93,8
DA:94,8
DA:95,8
DA:98,8
DA:99,8
DA:100,8
DA:101,8
DA:102,8
DA:103,8
DA:104,8
DA:107,8
DA:108,8
DA:109,8
DA:110,8
DA:112,8
DA:115,8
DA:117,8
DA:118,8
DA:119,1
DA:120,1
DA:121,1
DA:122,1
DA:123,1
DA:124,1
DA:125,1
DA:126,7
DA:127,0
DA:130,7
DA:133,7
DA:136,7
DA:137,7
DA:138,7
DA:139,7
DA:141,7
DA:142,7
DA:143,7
DA:144,7
DA:145,7
DA:146,7
DA:147,7
DA:150,7
DA:151,7
DA:152,7
DA:154,7
DA:155,8
DA:158,7
DA:159,7
DA:160,7
DA:161,7
DA:162,7
DA:163,7
DA:164,7
DA:167,7
DA:168,2
DA:169,2
DA:170,2
DA:171,2
DA:172,2
DA:173,5
DA:176,7
DA:177,1
DA:178,0
DA:179,0
DA:180,0
DA:181,0
DA:182,0
DA:183,0
DA:184,0
DA:185,0
DA:186,7
DA:189,7
DA:190,1
DA:191,0
DA:192,0
DA:193,0
DA:194,0
DA:195,0
DA:196,0
DA:197,0
DA:198,0
DA:199,7
DA:202,7
DA:203,1
DA:204,1
DA:205,1
DA:206,1
DA:207,1
DA:208,1
DA:209,1
DA:210,1
DA:211,1
DA:212,6
DA:214,7
DA:215,1
DA:216,1
DA:217,1
DA:218,1
DA:219,1
DA:220,1
DA:221,1
DA:222,1
DA:223,1
DA:224,6
DA:227,7
DA:228,2
DA:229,2
DA:230,2
DA:231,2
DA:232,7
DA:235,7
DA:236,2
DA:237,0
DA:238,2
DA:239,0
DA:241,2
DA:242,2
DA:243,2
DA:245,2
DA:247,7
DA:248,7
DA:251,0
DA:254,0
DA:256,0
DA:258,0
DA:259,0
DA:260,0
DA:261,0
DA:262,0
DA:263,0
DA:264,0
DA:266,0
DA:269,0
DA:271,0
DA:273,0
DA:275,0
DA:276,0
DA:277,0
DA:278,0
DA:279,0
DA:280,0
DA:282,0
DA:285,1
DA:286,1
DA:287,1
DA:290,3
DA:291,3
DA:292,3
DA:297,1
DA:298,1
DA:299,1
DA:300,1
DA:301,1
DA:302,1
DA:303,1
DA:304,1
DA:305,1
DA:306,1
DA:307,1
DA:308,1
DA:309,1
DA:310,1
DA:311,1
DA:312,1
DA:313,0
DA:314,0
DA:315,0
DA:316,0
DA:317,0
DA:318,0
DA:319,0
DA:320,0
DA:321,0
DA:322,1
DA:323,1
DA:325,1
DA:326,1
DA:327,1
DA:329,1
DA:331,1
DA:332,1
DA:334,1
DA:335,1
DA:336,0
DA:337,1
DA:340,0
DA:341,0
DA:342,0
DA:345,0
DA:346,0
DA:347,0
DA:348,0
DA:349,0
DA:350,0
DA:351,0
DA:354,0
DA:355,0
DA:356,0
DA:358,0
DA:359,0
DA:360,0
DA:361,0
DA:362,0
DA:363,0
DA:364,0
DA:368,0
DA:369,0
DA:370,0
DA:371,0
DA:372,0
DA:373,0
DA:374,0
DA:375,0
DA:376,0
DA:378,0
DA:380,0
DA:381,0
DA:382,0
DA:383,0
DA:384,0
DA:385,0
DA:386,0
DA:387,0
DA:388,0
DA:389,0
DA:390,0
DA:391,0
DA:392,0
DA:393,0
DA:394,0
DA:395,0
DA:396,0
DA:397,0
DA:398,0
DA:401,1
DA:402,1
DA:411,1
DA:412,1
DA:413,1
DA:414,1
DA:415,1
DA:418,1
DA:419,1
DA:420,1
DA:421,1
DA:424,1
DA:425,1
DA:426,1
DA:427,1
DA:428,1
DA:429,1
DA:431,1
DA:432,1
DA:433,1
DA:434,1
DA:437,1
DA:438,1
DA:439,1
DA:440,1
DA:441,1
DA:442,1
DA:443,1
DA:444,1
DA:446,1
DA:447,1
DA:448,1
DA:451,1
DA:452,1
DA:453,1
DA:454,1
DA:455,1
DA:456,1
DA:457,1
DA:459,1
DA:460,1
DA:461,1
DA:464,1
DA:465,1
DA:466,1
DA:467,1
DA:468,1
DA:469,1
DA:470,1
DA:471,1
DA:473,1
DA:474,1
DA:475,1
DA:476,1
DA:477,1
DA:478,1
DA:479,1
DA:482,1
DA:483,1
DA:484,1
DA:485,1
DA:486,1
DA:487,1
DA:488,1
DA:489,1
DA:491,1
DA:492,1
DA:493,1
DA:496,1
DA:497,1
DA:498,1
DA:499,1
DA:500,1
DA:501,1
DA:503,1
DA:505,1
DA:506,1
DA:509,1
DA:510,1
DA:511,1
DA:512,1
DA:513,1
DA:514,1
DA:516,1
DA:517,1
DA:518,1
DA:519,1
DA:520,1
DA:523,1
DA:524,1
DA:525,1
DA:526,1
BRF:0
BRH:0
LF:347
LH:248
end_of_record
SF:/home/openclaw/dev/yinglichina8848/sqlrustgo/crates/optimizer/src/rules.rs
FN:136,_RNvMNtCs3mqqzCYtP3U_19sqlrustgo_optimizer5rulesNtB2_4Plan12get_children
FN:123,_RNvMNtCs3mqqzCYtP3U_19sqlrustgo_optimizer5rulesNtB2_4Plan13get_child_mut
FN:108,_RNvMNtCs3mqqzCYtP3U_19sqlrustgo_optimizer5rulesNtB2_4Plan9type_name
FN:178,_RNvMs2_NtCs3mqqzCYtP3U_19sqlrustgo_optimizer5rulesNtB5_17PredicatePushdown8pushdown
FN:246,_RNvMs3_NtCs3mqqzCYtP3U_19sqlrustgo_optimizer5rulesNtB5_17ProjectionPruning3new
FN:303,_RNvMs6_NtCs3mqqzCYtP3U_19sqlrustgo_optimizer5rulesNtB5_17ProjectionPruning15collect_columns
FN:311,_RNvMs6_NtCs3mqqzCYtP3U_19sqlrustgo_optimizer5rulesNtB5_17ProjectionPruning17collect_from_expr
FN:270,_RNvMs6_NtCs3mqqzCYtP3U_19sqlrustgo_optimizer5rulesNtB5_17ProjectionPruning5prune
FN:343,_RNvMs7_NtCs3mqqzCYtP3U_19sqlrustgo_optimizer5rulesNtB5_15SimpleColumnSet3add
FN:336,_RNvMs7_NtCs3mqqzCYtP3U_19sqlrustgo_optimizer5rulesNtB5_15SimpleColumnSet3new
FN:353,_RNvMs8_NtCs3mqqzCYtP3U_19sqlrustgo_optimizer5rulesNtB5_15ConstantFolding3new
FN:154,_RNvMs_NtCs3mqqzCYtP3U_19sqlrustgo_optimizer5rulesNtB4_17PredicatePushdown3new
FN:471,_RNvMsb_NtCs3mqqzCYtP3U_19sqlrustgo_optimizer5rulesNtB5_15ConstantFolding13eval_unary_op
FN:417,_RNvMsb_NtCs3mqqzCYtP3U_19sqlrustgo_optimizer5rulesNtB5_15ConstantFolding13simplify_expr
FN:454,_RNvMsb_NtCs3mqqzCYtP3U_19sqlrustgo_optimizer5rulesNtB5_15ConstantFolding14eval_binary_op
FN:377,_RNvMsb_NtCs3mqqzCYtP3U_19sqlrustgo_optimizer5rulesNtB5_15ConstantFolding4fold
FN:719,_RNvMsc_NtCs3mqqzCYtP3U_19sqlrustgo_optimizer5rulesNtB5_24ExpressionSimplification13eval_unary_op
FN:533,_RNvMsc_NtCs3mqqzCYtP3U_19sqlrustgo_optimizer5rulesNtB5_24ExpressionSimplification13simplify_expr
FN:702,_RNvMsc_NtCs3mqqzCYtP3U_19sqlrustgo_optimizer5rulesNtB5_24ExpressionSimplification14eval_binary_op
FN:688,_RNvMsc_NtCs3mqqzCYtP3U_19sqlrustgo_optimizer5rulesNtB5_24ExpressionSimplification14simplify_unary
FN:586,_RNvMsc_NtCs3mqqzCYtP3U_19sqlrustgo_optimizer5rulesNtB5_24ExpressionSimplification15simplify_binary
FN:485,_RNvMsc_NtCs3mqqzCYtP3U_19sqlrustgo_optimizer5rulesNtB5_24ExpressionSimplification3new
FN:490,_RNvMsc_NtCs3mqqzCYtP3U_19sqlrustgo_optimizer5rulesNtB5_24ExpressionSimplification4name
FN:495,_RNvMsc_NtCs3mqqzCYtP3U_19sqlrustgo_optimizer5rulesNtB5_24ExpressionSimplification8simplify
FN:919,_RNvMse_NtCs3mqqzCYtP3U_19sqlrustgo_optimizer5rulesNtB5_14JoinReordering11can_commute
FN:788,_RNvMse_NtCs3mqqzCYtP3U_19sqlrustgo_optimizer5rulesNtB5_14JoinReordering11try_reorder
FN:828,_RNvMse_NtCs3mqqzCYtP3U_19sqlrustgo_optimizer5rulesNtB5_14JoinReordering13estimate_rows
FN:883,_RNvMse_NtCs3mqqzCYtP3U_19sqlrustgo_optimizer5rulesNtB5_14JoinReordering13estimate_size
FN:888,_RNvMse_NtCs3mqqzCYtP3U_19sqlrustgo_optimizer5rulesNtB5_14JoinReordering18estimate_join_cost
FN:904,_RNvMse_NtCs3mqqzCYtP3U_19sqlrustgo_optimizer5rulesNtB5_14JoinReordering18select_join_method
FN:742,_RNvMse_NtCs3mqqzCYtP3U_19sqlrustgo_optimizer5rulesNtB5_14JoinReordering3new
FN:756,_RNvMse_NtCs3mqqzCYtP3U_19sqlrustgo_optimizer5rulesNtB5_14JoinReordering7reorder
FN:956,_RNvMsf_NtCs3mqqzCYtP3U_19sqlrustgo_optimizer5rulesNtB5_11IndexSelect16should_use_index
FN:1016,_RNvMsf_NtCs3mqqzCYtP3U_19sqlrustgo_optimizer5rulesNtB5_11IndexSelect18classify_predicate
FN:1006,_RNvMsf_NtCs3mqqzCYtP3U_19sqlrustgo_optimizer5rulesNtB5_11IndexSelect19extract_column_name
FN:1053,_RNvMsf_NtCs3mqqzCYtP3U_19sqlrustgo_optimizer5rulesNtB5_11IndexSelect21convert_to_index_scan
FN:1031,_RNvMsf_NtCs3mqqzCYtP3U_19sqlrustgo_optimizer5rulesNtB5_11IndexSelect22is_indexable_predicate
FN:981,_RNvMsf_NtCs3mqqzCYtP3U_19sqlrustgo_optimizer5rulesNtB5_11IndexSelect28should_use_index_for_context
FN:935,_RNvMsf_NtCs3mqqzCYtP3U_19sqlrustgo_optimizer5rulesNtB5_11IndexSelect3new
FN:1282,_RNvMsn_NtCs3mqqzCYtP3U_19sqlrustgo_optimizer5rulesNtB5_11RuleContext15decrement_depth
FN:1278,_RNvMsn_NtCs3mqqzCYtP3U_19sqlrustgo_optimizer5rulesNtB5_11RuleContext15increment_depth
FN:1267,_RNvMsn_NtCs3mqqzCYtP3U_19sqlrustgo_optimizer5rulesNtB5_11RuleContext16with_index_hints
FN:1256,_RNvMsn_NtCs3mqqzCYtP3U_19sqlrustgo_optimizer5rulesNtB5_11RuleContext3new
FN:233,_RNvNtCs3mqqzCYtP3U_19sqlrustgo_optimizer5rules16can_push_to_left
FN:237,_RNvNtCs3mqqzCYtP3U_19sqlrustgo_optimizer5rules17can_push_to_right
FN:160,_RNvXs0_NtCs3mqqzCYtP3U_19sqlrustgo_optimizer5rulesNtB5_17PredicatePushdownNtNtCs8nPosuWgJFh_4core7default7Default7default
FN:167,_RNvXs1_NtCs3mqqzCYtP3U_19sqlrustgo_optimizer5rulesNtB5_17PredicatePushdownINtB7_4RuleNtB5_4PlanE4name
FN:171,_RNvXs1_NtCs3mqqzCYtP3U_19sqlrustgo_optimizer5rulesNtB5_17PredicatePushdownINtB7_4RuleNtB5_4PlanE5apply
FN:252,_RNvXs4_NtCs3mqqzCYtP3U_19sqlrustgo_optimizer5rulesNtB5_17ProjectionPruningNtNtCs8nPosuWgJFh_4core7default7Default7default
FN:259,_RNvXs5_NtCs3mqqzCYtP3U_19sqlrustgo_optimizer5rulesNtB5_17ProjectionPruningINtB7_4RuleNtB5_4PlanE4name
FN:263,_RNvXs5_NtCs3mqqzCYtP3U_19sqlrustgo_optimizer5rulesNtB5_17ProjectionPruningINtB7_4RuleNtB5_4PlanE5apply
FN:359,_RNvXs9_NtCs3mqqzCYtP3U_19sqlrustgo_optimizer5rulesNtB5_15ConstantFoldingNtNtCs8nPosuWgJFh_4core7default7Default7default
FN:366,_RNvXsa_NtCs3mqqzCYtP3U_19sqlrustgo_optimizer5rulesNtB5_15ConstantFoldingINtB7_4RuleNtB5_4PlanE4name
FN:370,_RNvXsa_NtCs3mqqzCYtP3U_19sqlrustgo_optimizer5rulesNtB5_15ConstantFoldingINtB7_4RuleNtB5_4PlanE5apply
FN:1070,_RNvXsg_NtCs3mqqzCYtP3U_19sqlrustgo_optimizer5rulesNtB5_11IndexSelectNtNtCs8nPosuWgJFh_4core7default7Default7default
FN:1076,_RNvXsh_NtCs3mqqzCYtP3U_19sqlrustgo_optimizer5rulesNtB5_11IndexSelectINtB7_4RuleNtB5_4PlanE4name
FN:1081,_RNvXsh_NtCs3mqqzCYtP3U_19sqlrustgo_optimizer5rulesNtB5_11IndexSelectINtB7_4RuleNtB5_4PlanE5apply
FN:1103,_RNvXsi_NtCs3mqqzCYtP3U_19sqlrustgo_optimizer5rulesNtB5_14JoinReorderingNtNtCs8nPosuWgJFh_4core7default7Default7default
FN:1110,_RNvXsj_NtCs3mqqzCYtP3U_19sqlrustgo_optimizer5rulesNtB5_14JoinReorderingINtB7_4RuleNtB5_4PlanE4name
FN:1114,_RNvXsj_NtCs3mqqzCYtP3U_19sqlrustgo_optimizer5rulesNtB5_14JoinReorderingINtB7_4RuleNtB5_4PlanE5apply
FN:1121,_RNvXsk_NtCs3mqqzCYtP3U_19sqlrustgo_optimizer5rulesNtB5_24ExpressionSimplificationINtB7_4RuleNtB5_4PlanE4name
FN:1125,_RNvXsk_NtCs3mqqzCYtP3U_19sqlrustgo_optimizer5rulesNtB5_24ExpressionSimplificationINtB7_4RuleNtB5_4PlanE5apply
FN:1735,_RNvNtNtCs3mqqzCYtP3U_19sqlrustgo_optimizer5rules5testss_19test_plan_type_name
FN:2206,_RNvNtNtCs3mqqzCYtP3U_19sqlrustgo_optimizer5rules5testss_21test_index_select_new
FN:1767,_RNvNtNtCs3mqqzCYtP3U_19sqlrustgo_optimizer5rules5testss_22test_plan_get_children
FN:2634,_RNvNtNtCs3mqqzCYtP3U_19sqlrustgo_optimizer5rules5testss_23test_index_hint_derives
FN:2589,_RNvNtNtCs3mqqzCYtP3U_19sqlrustgo_optimizer5rules5testss_23test_index_select_apply
FN:1757,_RNvNtNtCs3mqqzCYtP3U_19sqlrustgo_optimizer5rules5testss_23test_plan_get_child_mut
FN:1863,_RNvNtNtCs3mqqzCYtP3U_19sqlrustgo_optimizer5rules5testss_24test_join_reordering_new
FN:1729,_RNvNtNtCs3mqqzCYtP3U_19sqlrustgo_optimizer5rules5testss_25test_index_select_default
FN:1627,_RNvNtNtCs3mqqzCYtP3U_19sqlrustgo_optimizer5rules5testss_25test_join_reordering_name
FN:1464,_RNvNtNtCs3mqqzCYtP3U_19sqlrustgo_optimizer5rules5testss_26test_constant_folding_name
FN:1470,_RNvNtNtCs3mqqzCYtP3U_19sqlrustgo_optimizer5rules5testss_27test_constant_folding_apply
FN:2114,_RNvNtNtCs3mqqzCYtP3U_19sqlrustgo_optimizer5rules5testss_28test_constant_folding_nested
FN:2615,_RNvNtNtCs3mqqzCYtP3U_19sqlrustgo_optimizer5rules5testss_28test_index_hint_type_derives
FN:2212,_RNvNtNtCs3mqqzCYtP3U_19sqlrustgo_optimizer5rules5testss_28test_index_select_with_index
FN:1869,_RNvNtNtCs3mqqzCYtP3U_19sqlrustgo_optimizer5rules5testss_28test_join_reordering_default
FN:1820,_RNvNtNtCs3mqqzCYtP3U_19sqlrustgo_optimizer5rules5testss_28test_plan_get_child_mut_join
FN:1843,_RNvNtNtCs3mqqzCYtP3U_19sqlrustgo_optimizer5rules5testss_28test_plan_get_child_mut_sort
FN:1422,_RNvNtNtCs3mqqzCYtP3U_19sqlrustgo_optimizer5rules5testss_28test_predicate_pushdown_name
FN:1443,_RNvNtNtCs3mqqzCYtP3U_19sqlrustgo_optimizer5rules5testss_28test_projection_pruning_name
FN:1479,_RNvNtNtCs3mqqzCYtP3U_19sqlrustgo_optimizer5rules5testss_29test_constant_folding_default
FN:1853,_RNvNtNtCs3mqqzCYtP3U_19sqlrustgo_optimizer5rules5testss_29test_plan_get_child_mut_limit
FN:1428,_RNvNtNtCs3mqqzCYtP3U_19sqlrustgo_optimizer5rules5testss_29test_predicate_pushdown_apply
FN:1449,_RNvNtNtCs3mqqzCYtP3U_19sqlrustgo_optimizer5rules5testss_29test_projection_pruning_apply
FN:1800,_RNvNtNtCs3mqqzCYtP3U_19sqlrustgo_optimizer5rules5testss_30test_plan_get_child_mut_filter
FN:2706,_RNvNtNtCs3mqqzCYtP3U_19sqlrustgo_optimizer5rules5testss_31test_index_select_without_hints
FN:1437,_RNvNtNtCs3mqqzCYtP3U_19sqlrustgo_optimizer5rules5testss_31test_predicate_pushdown_default
FN:1458,_RNvNtNtCs3mqqzCYtP3U_19sqlrustgo_optimizer5rules5testss_31test_projection_pruning_default
FN:1662,_RNvNtNtCs3mqqzCYtP3U_19sqlrustgo_optimizer5rules5testss_32test_index_select_apply_no_index
FN:1987,_RNvNtNtCs3mqqzCYtP3U_19sqlrustgo_optimizer5rules5testss_32test_join_reordering_can_commute
FN:1786,_RNvNtNtCs3mqqzCYtP3U_19sqlrustgo_optimizer5rules5testss_32test_plan_get_child_mut_no_child
FN:2828,_RNvNtNtCs3mqqzCYtP3U_19sqlrustgo_optimizer5rules5testss_32test_rule_context_depth_tracking
FN:1832,_RNvNtNtCs3mqqzCYtP3U_19sqlrustgo_optimizer5rules5testss_33test_plan_get_child_mut_aggregate
FN:2074,_RNvNtNtCs3mqqzCYtP3U_19sqlrustgo_optimizer5rules5testss_33test_predicate_pushdown_with_join
FN:2349,_RNvNtNtCs3mqqzCYtP3U_19sqlrustgo_optimizer5rules5testss_33test_predicate_simplifier_eq_same
FN:2361,_RNvNtNtCs3mqqzCYtP3U_19sqlrustgo_optimizer5rules5testss_33test_predicate_simplifier_ne_same
FN:2041,_RNvNtNtCs3mqqzCYtP3U_19sqlrustgo_optimizer5rules5testss_34test_constant_folding_with_literal
FN:1682,_RNvNtNtCs3mqqzCYtP3U_19sqlrustgo_optimizer5rules5testss_34test_index_select_apply_with_index
FN:1708,_RNvNtNtCs3mqqzCYtP3U_19sqlrustgo_optimizer5rules5testss_34test_index_select_non_eq_predicate
FN:2796,_RNvNtNtCs3mqqzCYtP3U_19sqlrustgo_optimizer5rules5testss_34test_index_select_with_empty_hints
FN:2157,_RNvNtNtCs3mqqzCYtP3U_19sqlrustgo_optimizer5rules5testss_34test_join_reordering_estimate_size
FN:1810,_RNvNtNtCs3mqqzCYtP3U_19sqlrustgo_optimizer5rules5testss_34test_plan_get_child_mut_projection
FN:2659,_RNvNtNtCs3mqqzCYtP3U_19sqlrustgo_optimizer5rules5testss_34test_rule_context_with_index_hints
FN:1485,_RNvNtNtCs3mqqzCYtP3U_19sqlrustgo_optimizer5rules5testss_35test_expression_simplification_name
FN:2241,_RNvNtNtCs3mqqzCYtP3U_19sqlrustgo_optimizer5rules5testss_35test_index_select_nonexistent_table
FN:2056,_RNvNtNtCs3mqqzCYtP3U_19sqlrustgo_optimizer5rules5testss_35test_predicate_pushdown_with_filter
FN:2820,_RNvNtNtCs3mqqzCYtP3U_19sqlrustgo_optimizer5rules5testss_35test_rule_context_enable_rule_trace
FN:1611,_RNvNtNtCs3mqqzCYtP3U_19sqlrustgo_optimizer5rules5testss_36test_expression_simplification_apply
FN:2689,_RNvNtNtCs3mqqzCYtP3U_19sqlrustgo_optimizer5rules5testss_36test_index_hint_multiple_index_names
FN:1633,_RNvNtNtCs3mqqzCYtP3U_19sqlrustgo_optimizer5rules5testss_36test_join_reordering_inner_join_swap
FN:2439,_RNvNtNtCs3mqqzCYtP3U_19sqlrustgo_optimizer5rules5testss_36test_predicate_simplifier_divide_one
FN:2393,_RNvNtNtCs3mqqzCYtP3U_19sqlrustgo_optimizer5rules5testss_36test_predicate_simplifier_minus_zero
FN:2100,_RNvNtNtCs3mqqzCYtP3U_19sqlrustgo_optimizer5rules5testss_36test_projection_pruning_with_columns
FN:2747,_RNvNtNtCs3mqqzCYtP3U_19sqlrustgo_optimizer5rules5testss_37test_index_select_with_multiple_hints
FN:2714,_RNvNtNtCs3mqqzCYtP3U_19sqlrustgo_optimizer5rules5testss_37test_index_select_with_use_index_hint
FN:2680,_RNvNtNtCs3mqqzCYtP3U_19sqlrustgo_optimizer5rules5testss_37test_rule_context_new_has_empty_hints
FN:1558,_RNvNtNtCs3mqqzCYtP3U_19sqlrustgo_optimizer5rules5testss_38test_expression_simplification_eq_same
FN:1543,_RNvNtNtCs3mqqzCYtP3U_19sqlrustgo_optimizer5rules5testss_38test_expression_simplification_not_not
FN:1517,_RNvNtNtCs3mqqzCYtP3U_19sqlrustgo_optimizer5rules5testss_38test_expression_simplification_or_true
FN:2323,_RNvNtNtCs3mqqzCYtP3U_19sqlrustgo_optimizer5rules5testss_38test_predicate_simplifier_or_true_left
FN:1491,_RNvNtNtCs3mqqzCYtP3U_19sqlrustgo_optimizer5rules5testss_39test_expression_simplification_and_true
FN:1530,_RNvNtNtCs3mqqzCYtP3U_19sqlrustgo_optimizer5rules5testss_39test_expression_simplification_or_false
FN:2566,_RNvNtNtCs3mqqzCYtP3U_19sqlrustgo_optimizer5rules5testss_39test_index_select_convert_to_index_scan
FN:2736,_RNvNtNtCs3mqqzCYtP3U_19sqlrustgo_optimizer5rules5testss_39test_index_select_with_force_index_hint
FN:2226,_RNvNtNtCs3mqqzCYtP3U_19sqlrustgo_optimizer5rules5testss_39test_index_select_with_non_eq_predicate
FN:2008,_RNvNtNtCs3mqqzCYtP3U_19sqlrustgo_optimizer5rules5testss_39test_predicate_pushdown_apply_with_join
FN:2257,_RNvNtNtCs3mqqzCYtP3U_19sqlrustgo_optimizer5rules5testss_39test_predicate_simplifier_and_true_left
FN:2303,_RNvNtNtCs3mqqzCYtP3U_19sqlrustgo_optimizer5rules5testss_39test_predicate_simplifier_or_false_left
FN:2336,_RNvNtNtCs3mqqzCYtP3U_19sqlrustgo_optimizer5rules5testss_39test_predicate_simplifier_or_true_right
FN:2854,_RNvNtNtCs3mqqzCYtP3U_19sqlrustgo_optimizer5rules5testss_39test_rule_context_continue_optimization
FN:1504,_RNvNtNtCs3mqqzCYtP3U_19sqlrustgo_optimizer5rules5testss_40test_expression_simplification_and_false
FN:2725,_RNvNtNtCs3mqqzCYtP3U_19sqlrustgo_optimizer5rules5testss_40test_index_select_with_ignore_index_hint
FN:1941,_RNvNtNtCs3mqqzCYtP3U_19sqlrustgo_optimizer5rules5testss_40test_join_reordering_estimate_size_empty
FN:1927,_RNvNtNtCs3mqqzCYtP3U_19sqlrustgo_optimizer5rules5testss_40test_join_reordering_estimate_size_limit
FN:2277,_RNvNtNtCs3mqqzCYtP3U_19sqlrustgo_optimizer5rules5testss_40test_predicate_simplifier_and_false_left
FN:2267,_RNvNtNtCs3mqqzCYtP3U_19sqlrustgo_optimizer5rules5testss_40test_predicate_simplifier_and_true_right
FN:2479,_RNvNtNtCs3mqqzCYtP3U_19sqlrustgo_optimizer5rules5testss_40test_predicate_simplifier_eval_binary_gt
FN:2487,_RNvNtNtCs3mqqzCYtP3U_19sqlrustgo_optimizer5rules5testss_40test_predicate_simplifier_eval_binary_lt
FN:2313,_RNvNtNtCs3mqqzCYtP3U_19sqlrustgo_optimizer5rules5testss_40test_predicate_simplifier_or_false_right
FN:2383,_RNvNtNtCs3mqqzCYtP3U_19sqlrustgo_optimizer5rules5testss_40test_predicate_simplifier_plus_zero_left
FN:2804,_RNvNtNtCs3mqqzCYtP3U_19sqlrustgo_optimizer5rules5testss_40test_rule_context_clone_with_index_hints
FN:2844,_RNvNtNtCs3mqqzCYtP3U_19sqlrustgo_optimizer5rules5testss_40test_rule_context_rules_applied_tracking
FN:1572,_RNvNtNtCs3mqqzCYtP3U_19sqlrustgo_optimizer5rules5testss_41test_expression_simplification_arithmetic
FN:1898,_RNvNtNtCs3mqqzCYtP3U_19sqlrustgo_optimizer5rules5testss_41test_join_reordering_estimate_size_filter
FN:2290,_RNvNtNtCs3mqqzCYtP3U_19sqlrustgo_optimizer5rules5testss_41test_predicate_simplifier_and_false_right
FN:2373,_RNvNtNtCs3mqqzCYtP3U_19sqlrustgo_optimizer5rules5testss_41test_predicate_simplifier_plus_zero_right
FN:2495,_RNvNtNtCs3mqqzCYtP3U_19sqlrustgo_optimizer5rules5testss_42test_predicate_simplifier_eval_binary_gteq
FN:2503,_RNvNtNtCs3mqqzCYtP3U_19sqlrustgo_optimizer5rules5testss_42test_predicate_simplifier_eval_binary_lteq
FN:2511,_RNvNtNtCs3mqqzCYtP3U_19sqlrustgo_optimizer5rules5testss_42test_predicate_simplifier_eval_binary_plus
FN:1598,_RNvNtNtCs3mqqzCYtP3U_19sqlrustgo_optimizer5rules5testss_43test_expression_simplification_multiply_one
FN:2145,_RNvNtNtCs3mqqzCYtP3U_19sqlrustgo_optimizer5rules5testss_43test_expression_simplification_or_true_left
FN:2519,_RNvNtNtCs3mqqzCYtP3U_19sqlrustgo_optimizer5rules5testss_43test_predicate_simplifier_eval_binary_minus
FN:2168,_RNvNtNtCs3mqqzCYtP3U_19sqlrustgo_optimizer5rules5testss_44test_expression_simplification_divide_by_one
FN:1585,_RNvNtNtCs3mqqzCYtP3U_19sqlrustgo_optimizer5rules5testss_44test_expression_simplification_multiply_zero
FN:2180,_RNvNtNtCs3mqqzCYtP3U_19sqlrustgo_optimizer5rules5testss_44test_expression_simplification_subtract_zero
FN:2766,_RNvNtNtCs3mqqzCYtP3U_19sqlrustgo_optimizer5rules5testss_44test_index_select_with_ignore_first_then_use
FN:1912,_RNvNtNtCs3mqqzCYtP3U_19sqlrustgo_optimizer5rules5testss_44test_join_reordering_estimate_size_aggregate
FN:1886,_RNvNtNtCs3mqqzCYtP3U_19sqlrustgo_optimizer5rules5testss_44test_join_reordering_estimate_size_indexscan
FN:1968,_RNvNtNtCs3mqqzCYtP3U_19sqlrustgo_optimizer5rules5testss_44test_join_reordering_estimate_size_left_join
FN:1875,_RNvNtNtCs3mqqzCYtP3U_19sqlrustgo_optimizer5rules5testss_44test_join_reordering_estimate_size_tablescan
FN:2536,_RNvNtNtCs3mqqzCYtP3U_19sqlrustgo_optimizer5rules5testss_44test_predicate_simplifier_eval_binary_eq_int
FN:2544,_RNvNtNtCs3mqqzCYtP3U_19sqlrustgo_optimizer5rules5testss_44test_predicate_simplifier_eval_binary_ne_int
FN:2429,_RNvNtNtCs3mqqzCYtP3U_19sqlrustgo_optimizer5rules5testss_44test_predicate_simplifier_multiply_one_right
FN:2416,_RNvNtNtCs3mqqzCYtP3U_19sqlrustgo_optimizer5rules5testss_44test_predicate_simplifier_multiply_zero_left
FN:2133,_RNvNtNtCs3mqqzCYtP3U_19sqlrustgo_optimizer5rules5testss_45test_expression_simplification_and_false_left
FN:1949,_RNvNtNtCs3mqqzCYtP3U_19sqlrustgo_optimizer5rules5testss_45test_join_reordering_estimate_size_inner_join
FN:1994,_RNvNtNtCs3mqqzCYtP3U_19sqlrustgo_optimizer5rules5testss_45test_predicate_pushdown_apply_with_projection
FN:2403,_RNvNtNtCs3mqqzCYtP3U_19sqlrustgo_optimizer5rules5testss_45test_predicate_simplifier_multiply_zero_right
FN:2027,_RNvNtNtCs3mqqzCYtP3U_19sqlrustgo_optimizer5rules5testss_45test_projection_pruning_apply_with_projection
FN:2192,_RNvNtNtCs3mqqzCYtP3U_19sqlrustgo_optimizer5rules5testss_46test_expression_simplification_double_negation
FN:2527,_RNvNtNtCs3mqqzCYtP3U_19sqlrustgo_optimizer5rules5testss_46test_predicate_simplifier_eval_binary_multiply
FN:2784,_RNvNtNtCs3mqqzCYtP3U_19sqlrustgo_optimizer5rules5testss_48test_index_select_with_use_index_different_index
FN:2468,_RNvNtNtCs3mqqzCYtP3U_19sqlrustgo_optimizer5rules5testss_49test_predicate_simplifier_simplify_unary_no_match
FN:2552,_RNvNtNtCs3mqqzCYtP3U_19sqlrustgo_optimizer5rules5testss_51test_predicate_simplifier_eval_binary_unimplemented
FN:2449,_RNvNtNtCs3mqqzCYtP3U_19sqlrustgo_optimizer5rules5testss_55test_predicate_simplifier_simplify_unary_not_not_column
FN:951,_RINvMsf_NtCs3mqqzCYtP3U_19sqlrustgo_optimizer5rulesNtB6_11IndexSelect10with_indexReB1h_EB8_
FN:963,_RNCNvMsf_NtCs3mqqzCYtP3U_19sqlrustgo_optimizer5rulesNtB7_11IndexSelect16should_use_index0B9_
FN:1057,_RNCNvMsf_NtCs3mqqzCYtP3U_19sqlrustgo_optimizer5rulesNtB7_11IndexSelect21convert_to_index_scan0B9_
FN:1059,_RNCNvMsf_NtCs3mqqzCYtP3U_19sqlrustgo_optimizer5rulesNtB7_11IndexSelect21convert_to_index_scans0_0B9_
FN:1058,_RNCNvMsf_NtCs3mqqzCYtP3U_19sqlrustgo_optimizer5rulesNtB7_11IndexSelect21convert_to_index_scans_0B9_
FN:1364,_RNCNvMso_NtCs3mqqzCYtP3U_19sqlrustgo_optimizer5rulesNtB7_16OptimizerRuleSet21with_constant_foldings_0B9_
FN:1331,_RNCNvMso_NtCs3mqqzCYtP3U_19sqlrustgo_optimizer5rulesNtB7_16OptimizerRuleSet23with_predicate_pushdowns_0B9_
FN:1348,_RNCNvMso_NtCs3mqqzCYtP3U_19sqlrustgo_optimizer5rulesNtB7_16OptimizerRuleSet23with_projection_prunings_0B9_
FN:1314,_RNCNvMso_NtCs3mqqzCYtP3U_19sqlrustgo_optimizer5rulesNtB7_16OptimizerRuleSet8add_rule0B9_
FN:750,_RNvMse_NtCs3mqqzCYtP3U_19sqlrustgo_optimizer5rulesNtB5_14JoinReordering19with_stats_provider
FN:944,_RNvMsf_NtCs3mqqzCYtP3U_19sqlrustgo_optimizer5rulesNtB5_11IndexSelect19with_stats_provider
FN:1162,_RNvMsl_NtCs3mqqzCYtP3U_19sqlrustgo_optimizer5rulesNtB5_11MatchResult16match_with_score
FN:1170,_RNvMsl_NtCs3mqqzCYtP3U_19sqlrustgo_optimizer5rulesNtB5_11MatchResult19match_with_captures
FN:1154,_RNvMsl_NtCs3mqqzCYtP3U_19sqlrustgo_optimizer5rulesNtB5_11MatchResult8no_match
FN:1215,_RNvMsm_NtCs3mqqzCYtP3U_19sqlrustgo_optimizer5rulesNtB5_8RuleMeta10repeatable
FN:1210,_RNvMsm_NtCs3mqqzCYtP3U_19sqlrustgo_optimizer5rulesNtB5_8RuleMeta12with_pattern
FN:1205,_RNvMsm_NtCs3mqqzCYtP3U_19sqlrustgo_optimizer5rulesNtB5_8RuleMeta13with_priority
FN:1195,_RNvMsm_NtCs3mqqzCYtP3U_19sqlrustgo_optimizer5rulesNtB5_8RuleMeta3new
FN:1286,_RNvMsn_NtCs3mqqzCYtP3U_19sqlrustgo_optimizer5rulesNtB5_11RuleContext19record_rule_applied
FN:1369,_RNvMso_NtCs3mqqzCYtP3U_19sqlrustgo_optimizer5rulesNtB5_16OptimizerRuleSet18with_default_rules
FN:1392,_RNvMso_NtCs3mqqzCYtP3U_19sqlrustgo_optimizer5rulesNtB5_16OptimizerRuleSet19find_matching_rules
FN:1353,_RNvMso_NtCs3mqqzCYtP3U_19sqlrustgo_optimizer5rulesNtB5_16OptimizerRuleSet21with_constant_folding
FN:1319,_RNvMso_NtCs3mqqzCYtP3U_19sqlrustgo_optimizer5rulesNtB5_16OptimizerRuleSet23with_predicate_pushdown
FN:1336,_RNvMso_NtCs3mqqzCYtP3U_19sqlrustgo_optimizer5rulesNtB5_16OptimizerRuleSet23with_projection_pruning
FN:1382,_RNvMso_NtCs3mqqzCYtP3U_19sqlrustgo_optimizer5rulesNtB5_16OptimizerRuleSet3len
FN:1306,_RNvMso_NtCs3mqqzCYtP3U_19sqlrustgo_optimizer5rulesNtB5_16OptimizerRuleSet3new
FN:1311,_RNvMso_NtCs3mqqzCYtP3U_19sqlrustgo_optimizer5rulesNtB5_16OptimizerRuleSet8add_rule
FN:1387,_RNvMso_NtCs3mqqzCYtP3U_19sqlrustgo_optimizer5rulesNtB5_16OptimizerRuleSet8is_empty
FN:1377,_RNvMso_NtCs3mqqzCYtP3U_19sqlrustgo_optimizer5rulesNtB5_16OptimizerRuleSet9get_rules
FN:729,_RNvXsd_NtCs3mqqzCYtP3U_19sqlrustgo_optimizer5rulesNtB5_24ExpressionSimplificationNtNtCs8nPosuWgJFh_4core7default7Default7default
FNDA:2,_RNvMNtCs3mqqzCYtP3U_19sqlrustgo_optimizer5rulesNtB2_4Plan12get_children
FNDA:9,_RNvMNtCs3mqqzCYtP3U_19sqlrustgo_optimizer5rulesNtB2_4Plan13get_child_mut
FNDA:3,_RNvMNtCs3mqqzCYtP3U_19sqlrustgo_optimizer5rulesNtB2_4Plan9type_name
[...]
FNDA:0,_RNvXs4_NtCs3mqqzCYtP3U_19sqlrustgo_optimizer14stats_providerNtB5_25StorageStatisticsProviderNtB5_28PersistentStatisticsProvider10save_stats
FNDA:0,_RNvXs5_NtCs3mqqzCYtP3U_19sqlrustgo_optimizer14stats_providerNtB5_25StatisticsProviderBuilderNtNtCs8nPosuWgJFh_4core3fmt5Debug3fmt
FNDA:0,_RNvXs7_NtCs3mqqzCYtP3U_19sqlrustgo_optimizer14stats_providerNtB5_25StatisticsProviderBuilderNtNtCs8nPosuWgJFh_4core7default7Default7default
FNF:27
FNH:8
DA:56,0
DA:57,0
DA:58,0
DA:59,0
DA:60,0
DA:65,3
DA:66,3
DA:67,3
DA:68,3
DA:69,3
DA:70,3
DA:76,0
DA:77,0
DA:81,0
DA:82,0
DA:83,0
DA:86,0
DA:87,0
DA:88,0
DA:91,0
DA:92,0
DA:93,0
DA:97,2
DA:99,2
DA:100,0
DA:101,2
DA:104,2
DA:105,2
DA:107,0
DA:112,0
DA:113,0
DA:135,0
DA:136,0
DA:137,0
DA:138,0
DA:139,0
DA:140,0
DA:145,0
DA:146,0
DA:147,0
DA:148,0
DA:149,0
DA:150,0
DA:151,0
DA:154,0
DA:155,0
DA:156,0
DA:157,0
DA:158,0
DA:159,0
DA:160,0
DA:163,0
DA:164,0
DA:165,0
DA:169,0
DA:171,0
DA:172,0
DA:173,0
DA:178,0
DA:179,0
DA:181,0
DA:185,0
DA:186,0
DA:187,0
DA:188,0
DA:192,0
DA:195,0
DA:196,0
DA:197,0
DA:198,0
DA:200,0
DA:201,0
DA:202,0
DA:213,0
DA:214,0
DA:215,0
DA:216,0
DA:217,0
DA:218,0
DA:219,0
DA:224,1
DA:225,1
DA:226,1
DA:227,1
DA:228,1
DA:229,1
DA:230,1
DA:233,0
DA:234,0
DA:235,0
DA:236,0
DA:239,0
DA:240,0
DA:241,0
DA:242,0
DA:245,0
DA:246,0
DA:247,0
DA:248,0
DA:255,1
DA:257,1
DA:258,0
DA:259,0
DA:260,0
DA:261,1
DA:264,1
DA:265,1
DA:267,0
DA:269,1
DA:273,0
DA:274,0
DA:275,0
DA:284,1
DA:285,1
DA:287,1
DA:289,1
DA:292,1
DA:293,1
DA:294,1
DA:295,1
DA:298,1
DA:299,1
DA:300,1
DA:302,1
DA:305,1
DA:306,1
DA:307,1
DA:308,1
DA:311,1
DA:312,1
DA:313,1
DA:314,1
DA:315,1
DA:318,1
DA:322,1
BRF:0
BRH:0
LF:135
LH:47
end_of_record
SF:/home/openclaw/dev/yinglichina8848/sqlrustgo/crates/optimizer/src/stats_registry.rs
FN:58,_RNvNtNtCs3mqqzCYtP3U_19sqlrustgo_optimizer14stats_registry5testss_24test_stats_registry_sync
FN:23,_RNvMNtCs3mqqzCYtP3U_19sqlrustgo_optimizer14stats_registryNtB2_13StatsRegistry16sync_table_stats
FN:16,_RNvMNtCs3mqqzCYtP3U_19sqlrustgo_optimizer14stats_registryNtB2_13StatsRegistry3new
FN:33,_RNvMNtCs3mqqzCYtP3U_19sqlrustgo_optimizer14stats_registryNtB2_13StatsRegistry9has_stats
FN:39,_RNvXs_NtCs3mqqzCYtP3U_19sqlrustgo_optimizer14stats_registryNtB4_13StatsRegistryNtNtB6_5stats18StatisticsProvider11table_stats
FN:28,_RNvMNtCs3mqqzCYtP3U_19sqlrustgo_optimizer14stats_registryNtB2_13StatsRegistry8provider
FN:47,_RNvXs_NtCs3mqqzCYtP3U_19sqlrustgo_optimizer14stats_registryNtB4_13StatsRegistryNtNtB6_5stats18StatisticsProvider11selectivity
FN:43,_RNvXs_NtCs3mqqzCYtP3U_19sqlrustgo_optimizer14stats_registryNtB4_13StatsRegistryNtNtB6_5stats18StatisticsProvider12update_stats
FNDA:1,_RNvNtNtCs3mqqzCYtP3U_19sqlrustgo_optimizer14stats_registry5testss_24test_stats_registry_sync
FNDA:1,_RNvMNtCs3mqqzCYtP3U_19sqlrustgo_optimizer14stats_registryNtB2_13StatsRegistry16sync_table_stats
FNDA:1,_RNvMNtCs3mqqzCYtP3U_19sqlrustgo_optimizer14stats_registryNtB2_13StatsRegistry3new
FNDA:2,_RNvMNtCs3mqqzCYtP3U_19sqlrustgo_optimizer14stats_registryNtB2_13StatsRegistry9has_stats
FNDA:1,_RNvXs_NtCs3mqqzCYtP3U_19sqlrustgo_optimizer14stats_registryNtB4_13StatsRegistryNtNtB6_5stats18StatisticsProvider11table_stats
FNDA:0,_RNvMNtCs3mqqzCYtP3U_19sqlrustgo_optimizer14stats_registryNtB2_13StatsRegistry8provider
FNDA:0,_RNvXs_NtCs3mqqzCYtP3U_19sqlrustgo_optimizer14stats_registryNtB4_13StatsRegistryNtNtB6_5stats18StatisticsProvider11selectivity
FNDA:0,_RNvXs_NtCs3mqqzCYtP3U_19sqlrustgo_optimizer14stats_registryNtB4_13StatsRegistryNtNtB6_5stats18StatisticsProvider12update_stats
FNF:8
FNH:5
DA:16,1
DA:17,1
DA:18,1
DA:23,1
DA:24,1
DA:25,1
DA:28,0
DA:29,0
DA:30,0
DA:33,2
DA:34,2
DA:35,2
DA:39,1
DA:40,1
DA:41,1
DA:43,0
DA:44,0
DA:45,0
DA:47,0
DA:48,0
DA:49,0
DA:58,1
DA:59,1
DA:60,1
DA:61,1
DA:63,1
DA:65,1
DA:67,1
DA:68,1
DA:70,1
DA:71,1
DA:72,1
DA:73,1
BRF:0
BRH:0
LF:33
LH:24
end_of_record
SF:/home/openclaw/dev/yinglichina8848/sqlrustgo/crates/optimizer/src/unified_cost.rs
FN:218,_RNCNvMs_NtCs3mqqzCYtP3U_19sqlrustgo_optimizer12unified_costNtB6_16UnifiedCostModel16select_best_path0B8_
FN:54,_RNvMNtCs3mqqzCYtP3U_19sqlrustgo_optimizer12unified_costNtB2_13ExecutionPath14involves_graph
FN:43,_RNvMNtCs3mqqzCYtP3U_19sqlrustgo_optimizer12unified_costNtB2_13ExecutionPath15involves_vector
FN:32,_RNvMNtCs3mqqzCYtP3U_19sqlrustgo_optimizer12unified_costNtB2_13ExecutionPath9is_hybrid
FN:99,_RNvMs_NtCs3mqqzCYtP3U_19sqlrustgo_optimizer12unified_costNtB4_16UnifiedCostModel13default_model
FN:110,_RNvMs_NtCs3mqqzCYtP3U_19sqlrustgo_optimizer12unified_costNtB4_16UnifiedCostModel13estimate_cost
FN:189,_RNvMs_NtCs3mqqzCYtP3U_19sqlrustgo_optimizer12unified_costNtB4_16UnifiedCostModel16select_best_path
FN:313,_RNvNtNtCs3mqqzCYtP3U_19sqlrustgo_optimizer12unified_cost5testss_21test_select_best_path
FN:329,_RNvNtNtCs3mqqzCYtP3U_19sqlrustgo_optimizer12unified_cost5testss_23test_estimate_join_cost
FN:301,_RNvNtNtCs3mqqzCYtP3U_19sqlrustgo_optimizer12unified_cost5testss_24test_estimate_graph_cost
FN:288,_RNvNtNtCs3mqqzCYtP3U_19sqlrustgo_optimizer12unified_cost5testss_25test_estimate_vector_cost
FN:321,_RNvNtNtCs3mqqzCYtP3U_19sqlrustgo_optimizer12unified_cost5testss_25test_select_best_path_sql
FN:350,_RNvNtNtCs3mqqzCYtP3U_19sqlrustgo_optimizer12unified_cost5testss_25test_sql_vector_join_cost
FN:269,_RNvNtNtCs3mqqzCYtP3U_19sqlrustgo_optimizer12unified_cost5testss_28test_execution_path_involves
FN:260,_RNvNtNtCs3mqqzCYtP3U_19sqlrustgo_optimizer12unified_cost5testss_29test_execution_path_is_hybrid
FN:277,_RNvNtNtCs3mqqzCYtP3U_19sqlrustgo_optimizer12unified_cost5testss_31test_unified_cost_model_default
FN:249,_RNvMs_NtCs3mqqzCYtP3U_19sqlrustgo_optimizer12unified_costNtB4_16UnifiedCostModel11graph_model
FN:244,_RNvMs_NtCs3mqqzCYtP3U_19sqlrustgo_optimizer12unified_costNtB4_16UnifiedCostModel12vector_model
FN:82,_RNvMs_NtCs3mqqzCYtP3U_19sqlrustgo_optimizer12unified_costNtB4_16UnifiedCostModel3new
FN:239,_RNvMs_NtCs3mqqzCYtP3U_19sqlrustgo_optimizer12unified_costNtB4_16UnifiedCostModel9sql_model
FNDA:43,_RNCNvMs_NtCs3mqqzCYtP3U_19sqlrustgo_optimizer12unified_costNtB6_16UnifiedCostModel16select_best_path0B8_
FNDA:5,_RNvMNtCs3mqqzCYtP3U_19sqlrustgo_optimizer12unified_costNtB2_13ExecutionPath14involves_graph
FNDA:5,_RNvMNtCs3mqqzCYtP3U_19sqlrustgo_optimizer12unified_costNtB2_13ExecutionPath15involves_vector
FNDA:6,_RNvMNtCs3mqqzCYtP3U_19sqlrustgo_optimizer12unified_costNtB2_13ExecutionPath9is_hybrid
FNDA:18,_RNvMs_NtCs3mqqzCYtP3U_19sqlrustgo_optimizer12unified_costNtB4_16UnifiedCostModel13default_model
FNDA:21,_RNvMs_NtCs3mqqzCYtP3U_19sqlrustgo_optimizer12unified_costNtB4_16UnifiedCostModel13estimate_cost
FNDA:12,_RNvMs_NtCs3mqqzCYtP3U_19sqlrustgo_optimizer12unified_costNtB4_16UnifiedCostModel16select_best_path
FNDA:1,_RNvNtNtCs3mqqzCYtP3U_19sqlrustgo_optimizer12unified_cost5testss_21test_select_best_path
FNDA:1,_RNvNtNtCs3mqqzCYtP3U_19sqlrustgo_optimizer12unified_cost5testss_23test_estimate_join_cost
FNDA:1,_RNvNtNtCs3mqqzCYtP3U_19sqlrustgo_optimizer12unified_cost5testss_24test_estimate_graph_cost
FNDA:1,_RNvNtNtCs3mqqzCYtP3U_19sqlrustgo_optimizer12unified_cost5testss_25test_estimate_vector_cost
FNDA:1,_RNvNtNtCs3mqqzCYtP3U_19sqlrustgo_optimizer12unified_cost5testss_25test_select_best_path_sql
FNDA:1,_RNvNtNtCs3mqqzCYtP3U_19sqlrustgo_optimizer12unified_cost5testss_25test_sql_vector_join_cost
FNDA:1,_RNvNtNtCs3mqqzCYtP3U_19sqlrustgo_optimizer12unified_cost5testss_28test_execution_path_involves
FNDA:1,_RNvNtNtCs3mqqzCYtP3U_19sqlrustgo_optimizer12unified_cost5testss_29test_execution_path_is_hybrid
FNDA:1,_RNvNtNtCs3mqqzCYtP3U_19sqlrustgo_optimizer12unified_cost5testss_31test_unified_cost_model_default
FNDA:0,_RNvMs_NtCs3mqqzCYtP3U_19sqlrustgo_optimizer12unified_costNtB4_16UnifiedCostModel11graph_model
FNDA:0,_RNvMs_NtCs3mqqzCYtP3U_19sqlrustgo_optimizer12unified_costNtB4_16UnifiedCostModel12vector_model
FNDA:0,_RNvMs_NtCs3mqqzCYtP3U_19sqlrustgo_optimizer12unified_costNtB4_16UnifiedCostModel3new
FNDA:0,_RNvMs_NtCs3mqqzCYtP3U_19sqlrustgo_optimizer12unified_costNtB4_16UnifiedCostModel9sql_model
FNF:20
FNH:16
DA:32,6
DA:33,2
DA:34,6
DA:40,6
DA:43,5
DA:44,0
DA:45,5
DA:51,5
DA:54,5
DA:55,1
DA:56,5
DA:62,5
DA:82,0
DA:83,0
DA:84,0
DA:85,0
DA:86,0
DA:87,0
DA:88,0
DA:89,0
DA:90,0
DA:91,0
DA:92,0
DA:93,0
DA:94,0
DA:95,0
DA:96,0
DA:99,18
DA:100,18
DA:101,18
DA:102,18
DA:103,18
DA:104,18
DA:105,18
DA:106,18
DA:107,18
DA:110,21
DA:111,21
DA:118,8
DA:119,8
DA:120,8
DA:122,0
DA:123,0
DA:124,0
DA:126,0
DA:128,1
DA:129,1
DA:130,1
DA:133,1
DA:134,1
DA:135,1
DA:136,1
DA:137,0
DA:139,1
DA:140,1
DA:143,0
DA:145,0
DA:146,0
DA:147,0
DA:149,0
DA:150,0
DA:151,0
DA:153,0
DA:154,0
DA:158,6
DA:159,6
DA:160,6
DA:163,5
DA:164,5
DA:165,5
DA:169,1
DA:170,1
DA:172,1
DA:174,0
DA:175,0
DA:177,0
DA:179,0
DA:180,0
DA:182,0
DA:184,0
DA:186,21
DA:189,12
DA:190,12
DA:191,12
DA:192,12
DA:193,12
DA:194,12
DA:195,12
DA:196,12
DA:197,12
DA:198,12
DA:199,12
DA:200,12
DA:203,12
DA:204,3
DA:205,9
DA:206,12
DA:207,3
DA:208,9
DA:211,12
DA:212,1
DA:213,11
DA:216,12
DA:217,12
DA:218,43
DA:219,12
DA:221,12
DA:223,0
DA:224,12
DA:227,12
DA:228,31
DA:229,31
DA:230,5
DA:231,5
DA:232,26
DA:235,12
DA:236,12
DA:239,0
DA:240,0
DA:241,0
DA:244,0
DA:245,0
DA:246,0
DA:249,0
DA:250,0
DA:251,0
DA:260,1
DA:261,1
DA:262,1
DA:263,1
DA:264,1
DA:265,1
DA:266,1
DA:269,1
DA:270,1
DA:271,1
DA:272,1
DA:273,1
DA:274,1
DA:277,1
DA:278,1
DA:279,1
DA:280,1
DA:281,1
DA:282,1
DA:283,1
DA:284,1
DA:285,1
DA:288,1
DA:289,1
DA:290,1
DA:291,1
DA:292,1
DA:293,1
DA:294,1
DA:295,1
DA:296,1
DA:297,1
DA:298,1
DA:301,1
DA:302,1
DA:303,1
DA:304,1
DA:305,1
DA:306,1
DA:307,1
DA:308,1
DA:309,1
DA:310,1
DA:313,1
DA:314,1
DA:315,1
DA:316,1
DA:317,1
DA:318,1
DA:321,1
DA:322,1
DA:323,1
DA:324,1
DA:325,1
DA:326,1
DA:329,1
DA:330,1
DA:331,1
DA:332,1
DA:333,1
DA:334,1
DA:335,1
DA:336,1
DA:337,1
DA:338,1
DA:339,1
DA:340,1
DA:341,1
DA:342,1
DA:343,1
DA:344,1
DA:345,1
DA:346,1
DA:347,1
DA:350,1
DA:351,1
DA:352,1
DA:353,1
DA:354,1
DA:355,1
DA:356,1
DA:357,1
DA:358,1
DA:359,1
DA:360,1
DA:361,1
DA:362,1
DA:363,1
DA:364,1
DA:365,1
DA:366,1
DA:367,1
DA:368,1
DA:369,1
BRF:0
BRH:0
LF:221
LH:174
end_of_record
SF:/home/openclaw/dev/yinglichina8848/sqlrustgo/crates/optimizer/src/unified_plan.rs
FN:184,_RNvMNtCs3mqqzCYtP3U_19sqlrustgo_optimizer12unified_planNtB2_11UnifiedPlan11is_graph_op
FN:195,_RNvMNtCs3mqqzCYtP3U_19sqlrustgo_optimizer12unified_planNtB2_11UnifiedPlan11is_sql_only
FN:173,_RNvMNtCs3mqqzCYtP3U_19sqlrustgo_optimizer12unified_planNtB2_11UnifiedPlan12is_vector_op
FN:200,_RNvMNtCs3mqqzCYtP3U_19sqlrustgo_optimizer12unified_planNtB2_11UnifiedPlan20estimate_cardinality
FN:151,_RNvMNtCs3mqqzCYtP3U_19sqlrustgo_optimizer12unified_planNtB2_11UnifiedPlan9type_name
FN:248,_RNvXs_NtCs3mqqzCYtP3U_19sqlrustgo_optimizer12unified_planNtB4_11UnifiedPlanNtNtB6_4plan5AsAny10as_any_mut
FN:244,_RNvXs_NtCs3mqqzCYtP3U_19sqlrustgo_optimizer12unified_planNtB4_11UnifiedPlanNtNtB6_4plan5AsAny6as_any
FN:285,_RNvNtNtCs3mqqzCYtP3U_19sqlrustgo_optimizer12unified_plan5testss_16test_is_graph_op
FN:297,_RNvNtNtCs3mqqzCYtP3U_19sqlrustgo_optimizer12unified_plan5testss_16test_is_sql_only
FN:272,_RNvNtNtCs3mqqzCYtP3U_19sqlrustgo_optimizer12unified_plan5testss_17test_is_vector_op
FN:323,_RNvNtNtCs3mqqzCYtP3U_19sqlrustgo_optimizer12unified_plan5testss_18test_knn_scan_type
FN:349,_RNvNtNtCs3mqqzCYtP3U_19sqlrustgo_optimizer12unified_plan5testss_20test_sql_vector_join
FN:336,_RNvNtNtCs3mqqzCYtP3U_19sqlrustgo_optimizer12unified_plan5testss_23test_hybrid_vector_scan
FN:308,_RNvNtNtCs3mqqzCYtP3U_19sqlrustgo_optimizer12unified_plan5testss_25test_estimate_cardinality
FN:329,_RNvNtNtCs3mqqzCYtP3U_19sqlrustgo_optimizer12unified_plan5testss_26test_graph_pattern_default
FN:258,_RNvNtNtCs3mqqzCYtP3U_19sqlrustgo_optimizer12unified_plan5testss_27test_unified_plan_type_name
FNDA:45,_RNvMNtCs3mqqzCYtP3U_19sqlrustgo_optimizer12unified_planNtB2_11UnifiedPlan11is_graph_op
FNDA:9,_RNvMNtCs3mqqzCYtP3U_19sqlrustgo_optimizer12unified_planNtB2_11UnifiedPlan11is_sql_only
FNDA:56,_RNvMNtCs3mqqzCYtP3U_19sqlrustgo_optimizer12unified_planNtB2_11UnifiedPlan12is_vector_op
FNDA:15,_RNvMNtCs3mqqzCYtP3U_19sqlrustgo_optimizer12unified_planNtB2_11UnifiedPlan20estimate_cardinality
FNDA:3,_RNvMNtCs3mqqzCYtP3U_19sqlrustgo_optimizer12unified_planNtB2_11UnifiedPlan9type_name
FNDA:0,_RNvXs_NtCs3mqqzCYtP3U_19sqlrustgo_optimizer12unified_planNtB4_11UnifiedPlanNtNtB6_4plan5AsAny10as_any_mut
FNDA:0,_RNvXs_NtCs3mqqzCYtP3U_19sqlrustgo_optimizer12unified_planNtB4_11UnifiedPlanNtNtB6_4plan5AsAny6as_any
FNDA:1,_RNvNtNtCs3mqqzCYtP3U_19sqlrustgo_optimizer12unified_plan5testss_16test_is_graph_op
FNDA:1,_RNvNtNtCs3mqqzCYtP3U_19sqlrustgo_optimizer12unified_plan5testss_16test_is_sql_only
FNDA:1,_RNvNtNtCs3mqqzCYtP3U_19sqlrustgo_optimizer12unified_plan5testss_17test_is_vector_op
FNDA:1,_RNvNtNtCs3mqqzCYtP3U_19sqlrustgo_optimizer12unified_plan5testss_18test_knn_scan_type
FNDA:1,_RNvNtNtCs3mqqzCYtP3U_19sqlrustgo_optimizer12unified_plan5testss_20test_sql_vector_join
FNDA:1,_RNvNtNtCs3mqqzCYtP3U_19sqlrustgo_optimizer12unified_plan5testss_23test_hybrid_vector_scan
FNDA:1,_RNvNtNtCs3mqqzCYtP3U_19sqlrustgo_optimizer12unified_plan5testss_25test_estimate_cardinality
FNDA:1,_RNvNtNtCs3mqqzCYtP3U_19sqlrustgo_optimizer12unified_plan5testss_26test_graph_pattern_default
FNDA:1,_RNvNtNtCs3mqqzCYtP3U_19sqlrustgo_optimizer12unified_plan5testss_27test_unified_plan_type_name
FNF:16
FNH:14
DA:151,3
DA:152,3
DA:153,1
DA:154,0
DA:155,0
DA:156,0
DA:157,0
DA:158,0
DA:159,0
DA:160,0
DA:161,1
DA:162,0
DA:163,0
DA:164,0
DA:165,0
DA:166,0
DA:167,0
DA:168,1
DA:170,3
DA:173,56
DA:174,40
DA:175,56
DA:181,56
DA:184,45
DA:185,33
DA:186,45
DA:192,45
DA:195,9
DA:196,9
DA:197,9
DA:200,15
DA:201,15
DA:202,10
DA:203,0
DA:204,0
DA:205,0
DA:206,0
DA:207,0
DA:209,0
DA:210,0
DA:211,1
DA:212,1
DA:214,2
DA:215,0
DA:216,2
DA:217,2
DA:218,0
DA:219,0
DA:220,0
DA:222,0
DA:224,0
DA:225,0
DA:227,0
DA:229,0
DA:230,0
DA:232,0
DA:234,0
DA:235,0
DA:237,0
DA:238,0
DA:240,15
DA:244,0
DA:245,0
DA:246,0
DA:248,0
DA:249,0
DA:250,0
DA:258,1
DA:259,1
DA:260,1
DA:262,1
DA:263,1
DA:264,1
DA:265,1
DA:266,1
DA:267,1
DA:268,1
DA:269,1
DA:272,1
DA:273,1
DA:274,1
DA:275,1
DA:276,1
DA:277,1
DA:278,1
DA:279,1
DA:280,1
DA:281,1
DA:282,1
DA:285,1
DA:286,1
DA:287,1
DA:288,1
DA:289,1
DA:290,1
DA:291,1
DA:292,1
DA:293,1
DA:294,1
DA:297,1
DA:298,1
DA:299,1
DA:300,1
DA:301,1
DA:302,1
DA:303,1
DA:304,1
DA:305,1
DA:308,1
DA:309,1
DA:310,1
DA:311,1
DA:312,1
DA:313,1
DA:315,1
DA:316,1
DA:317,1
DA:318,1
DA:319,1
DA:320,1
DA:323,1
DA:324,1
DA:325,1
DA:326,1
DA:329,1
DA:330,1
DA:331,1
DA:332,1
DA:333,1
DA:336,1
DA:337,1
DA:338,1
DA:339,1
DA:340,1
DA:341,1
DA:342,1
DA:343,1
DA:344,1
DA:345,1
DA:346,1
DA:349,1
DA:350,1
DA:351,1
DA:352,1
DA:353,1
DA:354,1
DA:355,1
DA:356,1
DA:357,1
DA:358,1
DA:359,1
DA:360,1
DA:361,1
DA:362,1
DA:363,1
DA:364,1
DA:365,1
DA:366,1
DA:367,1
BRF:0
BRH:0
LF:159
LH:118
end_of_record
SF:/home/openclaw/dev/yinglichina8848/sqlrustgo/crates/optimizer/src/vector_cost.rs
FN:237,_RNvNtNtCs3mqqzCYtP3U_19sqlrustgo_optimizer11vector_cost5testss_13test_ann_cost
FN:230,_RNvNtNtCs3mqqzCYtP3U_19sqlrustgo_optimizer11vector_cost5testss_13test_knn_cost
FN:251,_RNvNtNtCs3mqqzCYtP3U_19sqlrustgo_optimizer11vector_cost5testss_15test_range_cost
FN:244,_RNvNtNtCs3mqqzCYtP3U_19sqlrustgo_optimizer11vector_cost5testss_20test_similarity_cost
FN:266,_RNvNtNtCs3mqqzCYtP3U_19sqlrustgo_optimizer11vector_cost5testss_23test_estimate_plan_cost
FN:279,_RNvNtNtCs3mqqzCYtP3U_19sqlrustgo_optimizer11vector_cost5testss_30test_vector_index_type_default
FN:220,_RNvNtNtCs3mqqzCYtP3U_19sqlrustgo_optimizer11vector_cost5testss_32test_vector_cost_factors_default
FN:258,_RNvNtNtCs3mqqzCYtP3U_19sqlrustgo_optimizer11vector_cost5testss_33test_vector_scan_cheaper_than_sql
FN:140,_RNvMs0_NtCs3mqqzCYtP3U_19sqlrustgo_optimizer11vector_costNtB5_15VectorCostModel10range_cost
FN:76,_RNvMs0_NtCs3mqqzCYtP3U_19sqlrustgo_optimizer11vector_costNtB5_15VectorCostModel13default_model
FN:118,_RNvMs0_NtCs3mqqzCYtP3U_19sqlrustgo_optimizer11vector_costNtB5_15VectorCostModel15similarity_cost
FN:156,_RNvMs0_NtCs3mqqzCYtP3U_19sqlrustgo_optimizer11vector_costNtB5_15VectorCostModel18estimate_plan_cost
FN:202,_RNvMs0_NtCs3mqqzCYtP3U_19sqlrustgo_optimizer11vector_costNtB5_15VectorCostModel28vector_scan_cheaper_than_sql
FN:102,_RNvMs0_NtCs3mqqzCYtP3U_19sqlrustgo_optimizer11vector_costNtB5_15VectorCostModel8ann_cost
FN:89,_RNvMs0_NtCs3mqqzCYtP3U_19sqlrustgo_optimizer11vector_costNtB5_15VectorCostModel8knn_cost
FN:55,_RNvMs_NtCs3mqqzCYtP3U_19sqlrustgo_optimizer11vector_costNtB4_17VectorCostFactors20get_index_multiplier
FN:37,_RNvXNtCs3mqqzCYtP3U_19sqlrustgo_optimizer11vector_costNtB2_17VectorCostFactorsNtNtCs8nPosuWgJFh_4core7default7Default7default
FN:71,_RNvMs0_NtCs3mqqzCYtP3U_19sqlrustgo_optimizer11vector_costNtB5_15VectorCostModel3new
FNDA:1,_RNvNtNtCs3mqqzCYtP3U_19sqlrustgo_optimizer11vector_cost5testss_13test_ann_cost
FNDA:1,_RNvNtNtCs3mqqzCYtP3U_19sqlrustgo_optimizer11vector_cost5testss_13test_knn_cost
FNDA:1,_RNvNtNtCs3mqqzCYtP3U_19sqlrustgo_optimizer11vector_cost5testss_15test_range_cost
FNDA:1,_RNvNtNtCs3mqqzCYtP3U_19sqlrustgo_optimizer11vector_cost5testss_20test_similarity_cost
FNDA:1,_RNvNtNtCs3mqqzCYtP3U_19sqlrustgo_optimizer11vector_cost5testss_23test_estimate_plan_cost
FNDA:1,_RNvNtNtCs3mqqzCYtP3U_19sqlrustgo_optimizer11vector_cost5testss_30test_vector_index_type_default
FNDA:1,_RNvNtNtCs3mqqzCYtP3U_19sqlrustgo_optimizer11vector_cost5testss_32test_vector_cost_factors_default
FNDA:1,_RNvNtNtCs3mqqzCYtP3U_19sqlrustgo_optimizer11vector_cost5testss_33test_vector_scan_cheaper_than_sql
FNDA:1,_RNvMs0_NtCs3mqqzCYtP3U_19sqlrustgo_optimizer11vector_costNtB5_15VectorCostModel10range_cost
FNDA:24,_RNvMs0_NtCs3mqqzCYtP3U_19sqlrustgo_optimizer11vector_costNtB5_15VectorCostModel13default_model
FNDA:1,_RNvMs0_NtCs3mqqzCYtP3U_19sqlrustgo_optimizer11vector_costNtB5_15VectorCostModel15similarity_cost
FNDA:7,_RNvMs0_NtCs3mqqzCYtP3U_19sqlrustgo_optimizer11vector_costNtB5_15VectorCostModel18estimate_plan_cost
FNDA:1,_RNvMs0_NtCs3mqqzCYtP3U_19sqlrustgo_optimizer11vector_costNtB5_15VectorCostModel28vector_scan_cheaper_than_sql
FNDA:2,_RNvMs0_NtCs3mqqzCYtP3U_19sqlrustgo_optimizer11vector_costNtB5_15VectorCostModel8ann_cost
FNDA:8,_RNvMs0_NtCs3mqqzCYtP3U_19sqlrustgo_optimizer11vector_costNtB5_15VectorCostModel8knn_cost
FNDA:14,_RNvMs_NtCs3mqqzCYtP3U_19sqlrustgo_optimizer11vector_costNtB4_17VectorCostFactors20get_index_multiplier
FNDA:25,_RNvXNtCs3mqqzCYtP3U_19sqlrustgo_optimizer11vector_costNtB2_17VectorCostFactorsNtNtCs8nPosuWgJFh_4core7default7Default7default
FNDA:0,_RNvMs0_NtCs3mqqzCYtP3U_19sqlrustgo_optimizer11vector_costNtB5_15VectorCostModel3new
FNF:18
FNH:17
DA:37,25
DA:38,25
DA:39,25
DA:40,25
DA:41,25
DA:43,25
DA:44,25
DA:45,25
DA:46,25
DA:47,25
DA:48,25
DA:49,25
DA:50,25
DA:55,14
DA:56,14
DA:57,14
DA:58,14
DA:59,14
DA:60,14
DA:71,0
DA:72,0
DA:73,0
DA:76,24
DA:77,24
DA:78,24
DA:79,24
DA:80,24
DA:89,8
DA:90,8
DA:91,8
DA:92,8
DA:93,8
DA:102,2
DA:104,2
DA:105,2
DA:106,2
DA:107,2
DA:108,2
DA:109,2
DA:118,1
DA:119,1
DA:120,1
DA:121,1
DA:122,1
DA:123,1
DA:124,1
DA:126,1
DA:127,1
DA:128,1
DA:129,1
DA:130,1
DA:131,1
DA:140,1
DA:141,1
DA:142,1
DA:143,1
DA:144,1
DA:145,1
DA:146,1
DA:148,1
DA:149,1
DA:150,1
DA:151,1
DA:152,1
DA:153,1
DA:156,7
DA:157,0
DA:159,7
DA:161,7
DA:162,7
DA:163,7
DA:164,7
DA:165,7
DA:168,0
DA:170,0
DA:171,0
DA:173,0
DA:174,0
DA:180,0
DA:181,0
DA:185,0
DA:186,0
DA:187,0
DA:188,0
DA:189,0
DA:190,0
DA:191,0
DA:192,0
DA:194,0
DA:196,0
DA:198,7
DA:202,1
DA:203,1
DA:204,1
DA:205,1
DA:206,1
DA:207,1
DA:208,1
DA:209,1
DA:210,1
DA:211,1
DA:212,1
DA:220,1
DA:221,1
DA:222,1
DA:223,1
DA:224,1
DA:225,1
DA:227,1
DA:230,1
DA:231,1
DA:232,1
DA:233,1
DA:234,1
DA:237,1
DA:238,1
DA:239,1
DA:240,1
DA:241,1
DA:244,1
DA:245,1
DA:246,1
DA:247,1
DA:248,1
DA:251,1
DA:252,1
DA:253,1
DA:254,1
DA:255,1
DA:258,1
DA:259,1
DA:261,1
DA:262,1
DA:263,1
DA:266,1
DA:267,1
DA:268,1
DA:269,1
DA:270,1
DA:271,1
DA:272,1
DA:273,1
DA:274,1
DA:275,1
DA:276,1
DA:279,1
DA:280,1
DA:281,1
DA:282,1
BRF:0
BRH:0
LF:149
LH:128
end_of_record