SF:/home/openclaw/dev/yinglichina8848/sqlrustgo/crates/parser/src/error.rs
FN:106,_RNvNtNtCsa812O6vgh8t_16sqlrustgo_parser5error5testss_17test_syntax_error
FN:94,_RNvNtNtCsa812O6vgh8t_16sqlrustgo_parser5error5testss_21test_unexpected_token
FN:112,_RNvNtNtCsa812O6vgh8t_16sqlrustgo_parser5error5testss_22test_invalid_statement
FN:118,_RNvNtNtCsa812O6vgh8t_16sqlrustgo_parser5error5testss_24test_unsupported_feature
FN:100,_RNvNtNtCsa812O6vgh8t_16sqlrustgo_parser5error5testss_28test_unexpected_end_of_input
FN:64,_RNvMNtCsa812O6vgh8t_16sqlrustgo_parser5errorNtB2_10ParseError23unexpected_end_of_input
FN:71,_RINvMNtCsa812O6vgh8t_16sqlrustgo_parser5errorNtB3_10ParseError12syntax_errorReEB5_
FN:45,_RINvMNtCsa812O6vgh8t_16sqlrustgo_parser5errorNtB3_10ParseError16unexpected_tokenReEB5_
FN:76,_RINvMNtCsa812O6vgh8t_16sqlrustgo_parser5errorNtB3_10ParseError17invalid_statementReEB5_
FN:81,_RINvMNtCsa812O6vgh8t_16sqlrustgo_parser5errorNtB3_10ParseError19unsupported_featureReEB5_
FN:53,_RINvMNtCsa812O6vgh8t_16sqlrustgo_parser5errorNtB3_10ParseError25unexpected_token_expectedppEB5_
FNDA:1,_RNvNtNtCsa812O6vgh8t_16sqlrustgo_parser5error5testss_17test_syntax_error
FNDA:1,_RNvNtNtCsa812O6vgh8t_16sqlrustgo_parser5error5testss_21test_unexpected_token
FNDA:1,_RNvNtNtCsa812O6vgh8t_16sqlrustgo_parser5error5testss_22test_invalid_statement
FNDA:1,_RNvNtNtCsa812O6vgh8t_16sqlrustgo_parser5error5testss_24test_unsupported_feature
FNDA:1,_RNvNtNtCsa812O6vgh8t_16sqlrustgo_parser5error5testss_28test_unexpected_end_of_input
FNDA:1,_RNvMNtCsa812O6vgh8t_16sqlrustgo_parser5errorNtB2_10ParseError23unexpected_end_of_input
FNDA:1,_RINvMNtCsa812O6vgh8t_16sqlrustgo_parser5errorNtB3_10ParseError12syntax_errorReEB5_
FNDA:1,_RINvMNtCsa812O6vgh8t_16sqlrustgo_parser5errorNtB3_10ParseError16unexpected_tokenReEB5_
FNDA:1,_RINvMNtCsa812O6vgh8t_16sqlrustgo_parser5errorNtB3_10ParseError17invalid_statementReEB5_
FNDA:1,_RINvMNtCsa812O6vgh8t_16sqlrustgo_parser5errorNtB3_10ParseError19unsupported_featureReEB5_
FNDA:0,_RINvMNtCsa812O6vgh8t_16sqlrustgo_parser5errorNtB3_10ParseError25unexpected_token_expectedppEB5_
FNF:11
FNH:10
DA:45,1
DA:46,1
DA:47,1
DA:48,1
DA:49,1
DA:50,1
DA:53,0
DA:54,0
DA:55,0
DA:56,0
DA:57,0
DA:58,0
DA:59,0
DA:60,0
DA:61,0
DA:64,1
DA:65,1
DA:66,1
DA:67,1
DA:68,1
DA:71,1
DA:72,1
DA:73,1
DA:76,1
DA:77,1
DA:78,1
DA:81,1
DA:82,1
DA:83,1
DA:94,1
DA:95,1
DA:96,1
DA:97,1
DA:100,1
DA:101,1
DA:102,1
DA:103,1
DA:106,1
DA:107,1
DA:108,1
DA:109,1
DA:112,1
DA:113,1
DA:114,1
DA:115,1
DA:118,1
DA:119,1
DA:120,1
DA:121,1
BRF:0
BRH:0
LF:49
LH:40
end_of_record
SF:/home/openclaw/dev/yinglichina8848/sqlrustgo/crates/parser/src/expression.rs
FN:54,_RNvMNtCsa812O6vgh8t_16sqlrustgo_parser10expressionNtB2_16ExpressionParser16parse_expression
FN:58,_RNvMNtCsa812O6vgh8t_16sqlrustgo_parser10expressionNtB2_16ExpressionParser19parse_or_expression
FN:70,_RNvMNtCsa812O6vgh8t_16sqlrustgo_parser10expressionNtB2_16ExpressionParser20parse_and_expression
FN:172,_RNvMNtCsa812O6vgh8t_16sqlrustgo_parser10expressionNtB2_16ExpressionParser24parse_primary_expression
FN:151,_RNvMNtCsa812O6vgh8t_16sqlrustgo_parser10expressionNtB2_16ExpressionParser27parse_arithmetic_expression
FN:82,_RNvMNtCsa812O6vgh8t_16sqlrustgo_parser10expressionNtB2_16ExpressionParser27parse_comparison_expression
FN:39,_RNvMNtCsa812O6vgh8t_16sqlrustgo_parser10expressionNtB2_16ExpressionParser3new
FN:50,_RNvMNtCsa812O6vgh8t_16sqlrustgo_parser10expressionNtB2_16ExpressionParser4next
FN:276,_RNvMNtCsa812O6vgh8t_16sqlrustgo_parser10expressionNtB2_16ExpressionParser6expect
FN:46,_RNvMNtCsa812O6vgh8t_16sqlrustgo_parser10expressionNtB2_16ExpressionParser7current
FN:313,_RNvNtNtCsa812O6vgh8t_16sqlrustgo_parser10expression5testss_20test_parse_binary_op
FN:301,_RNvNtNtCsa812O6vgh8t_16sqlrustgo_parser10expression5testss_21test_parse_identifier
FN:293,_RNvNtNtCsa812O6vgh8t_16sqlrustgo_parser10expression5testss_28test_parse_simple_expression
FNDA:3,_RNvMNtCsa812O6vgh8t_16sqlrustgo_parser10expressionNtB2_16ExpressionParser16parse_expression
FNDA:3,_RNvMNtCsa812O6vgh8t_16sqlrustgo_parser10expressionNtB2_16ExpressionParser19parse_or_expression
FNDA:3,_RNvMNtCsa812O6vgh8t_16sqlrustgo_parser10expressionNtB2_16ExpressionParser20parse_and_expression
FNDA:5,_RNvMNtCsa812O6vgh8t_16sqlrustgo_parser10expressionNtB2_16ExpressionParser24parse_primary_expression
FNDA:5,_RNvMNtCsa812O6vgh8t_16sqlrustgo_parser10expressionNtB2_16ExpressionParser27parse_arithmetic_expression
FNDA:3,_RNvMNtCsa812O6vgh8t_16sqlrustgo_parser10expressionNtB2_16ExpressionParser27parse_comparison_expression
FNDA:3,_RNvMNtCsa812O6vgh8t_16sqlrustgo_parser10expressionNtB2_16ExpressionParser3new
FNDA:7,_RNvMNtCsa812O6vgh8t_16sqlrustgo_parser10expressionNtB2_16ExpressionParser4next
FNDA:0,_RNvMNtCsa812O6vgh8t_16sqlrustgo_parser10expressionNtB2_16ExpressionParser6expect
FNDA:31,_RNvMNtCsa812O6vgh8t_16sqlrustgo_parser10expressionNtB2_16ExpressionParser7current
FNDA:1,_RNvNtNtCsa812O6vgh8t_16sqlrustgo_parser10expression5testss_20test_parse_binary_op
FNDA:1,_RNvNtNtCsa812O6vgh8t_16sqlrustgo_parser10expression5testss_21test_parse_identifier
FNDA:1,_RNvNtNtCsa812O6vgh8t_16sqlrustgo_parser10expression5testss_28test_parse_simple_expression
FNF:13
FNH:12
DA:39,3
DA:40,3
DA:41,3
DA:42,3
DA:43,3
DA:44,3
DA:46,31
DA:47,31
DA:48,31
DA:50,7
DA:51,7
DA:52,7
DA:54,3
DA:55,3
DA:56,3
DA:58,3
DA:59,3
DA:61,3
DA:62,0
DA:63,0
DA:64,0
DA:67,3
DA:68,3
DA:70,3
DA:71,3
DA:73,3
DA:74,0
DA:75,0
DA:76,0
DA:79,3
DA:80,3
DA:82,3
DA:83,3
DA:85,3
DA:86,0
DA:87,0
DA:88,0
DA:89,0
DA:90,0
DA:91,0
DA:93,3
DA:94,0
DA:95,0
DA:96,0
DA:97,0
DA:98,0
DA:99,0
DA:100,0
DA:101,0
DA:102,0
DA:103,3
DA:104,3
DA:105,0
DA:106,0
DA:107,0
DA:109,0
DA:110,0
DA:111,0
DA:112,0
DA:113,0
DA:115,0
DA:116,0
DA:119,0
DA:123,0
DA:124,0
DA:125,0
DA:126,0
DA:127,3
DA:128,3
DA:129,0
DA:130,0
DA:131,0
DA:132,0
DA:133,0
DA:134,0
DA:135,0
DA:136,3
DA:137,3
DA:141,0
DA:142,0
DA:144,0
DA:145,0
DA:146,0
DA:147,0
DA:148,0
DA:149,3
DA:151,5
DA:152,5
DA:154,5
DA:155,2
DA:156,0
DA:157,0
DA:158,0
DA:159,3
DA:162,2
DA:163,2
DA:165,2
DA:166,2
DA:167,2
DA:168,2
DA:169,2
DA:170,5
DA:172,5
DA:173,5
DA:175,5
DA:176,3
DA:177,3
DA:178,0
DA:179,3
DA:180,3
DA:182,3
DA:183,0
DA:184,0
DA:185,0
DA:186,0
DA:187,0
DA:188,0
DA:190,0
DA:192,3
DA:194,3
DA:196,2
DA:197,2
DA:198,2
DA:199,2
DA:201,0
DA:202,0
DA:203,0
DA:204,0
DA:206,0
DA:207,0
DA:208,0
DA:209,0
DA:211,0
DA:212,0
DA:213,0
DA:214,0
DA:217,0
DA:218,0
DA:219,0
DA:220,0
DA:221,0
DA:223,0
DA:227,0
DA:228,0
DA:229,0
DA:230,0
DA:234,0
DA:235,0
DA:236,0
DA:237,0
DA:238,0
DA:239,0
DA:240,0
DA:242,0
DA:243,0
DA:245,0
DA:246,0
DA:247,0
DA:248,0
DA:249,0
DA:250,0
DA:255,0
DA:256,0
DA:259,0
DA:260,0
DA:261,0
DA:265,0
DA:266,0
DA:269,0
DA:270,0
DA:272,0
DA:274,5
DA:276,0
DA:277,0
DA:278,0
DA:279,0
DA:280,0
DA:282,0
DA:284,0
DA:293,1
DA:294,1
DA:295,1
DA:296,1
DA:297,1
DA:298,1
DA:301,1
DA:302,1
DA:303,1
DA:304,1
DA:305,1
DA:306,1
DA:307,1
DA:308,0
DA:310,1
DA:313,1
DA:314,1
DA:315,1
DA:316,1
DA:317,1
DA:318,1
BRF:0
BRH:0
LF:200
LH:84
end_of_record
SF:/home/openclaw/dev/yinglichina8848/sqlrustgo/crates/parser/src/lexer.rs
FN:145,_RNvMNtCsfPVfeOGg4hx_16sqlrustgo_parser5lexerNtB2_5Lexer10next_token
FN:102,_RNvMNtCsfPVfeOGg4hx_16sqlrustgo_parser5lexerNtB2_5Lexer11read_number
FN:121,_RNvMNtCsfPVfeOGg4hx_16sqlrustgo_parser5lexerNtB2_5Lexer11read_string
FN:89,_RNvMNtCsfPVfeOGg4hx_16sqlrustgo_parser5lexerNtB2_5Lexer15read_identifier
FN:54,_RNvMNtCsfPVfeOGg4hx_16sqlrustgo_parser5lexerNtB2_5Lexer15skip_whitespace
FN:26,_RNvMNtCsfPVfeOGg4hx_16sqlrustgo_parser5lexerNtB2_5Lexer3new
FN:36,_RNvMNtCsfPVfeOGg4hx_16sqlrustgo_parser5lexerNtB2_5Lexer6is_eof
FN:31,_RNvMNtCsfPVfeOGg4hx_16sqlrustgo_parser5lexerNtB2_5Lexer8position
FN:443,_RNvMNtCsfPVfeOGg4hx_16sqlrustgo_parser5lexerNtB2_5Lexer8tokenize
FN:41,_RNvMNtCsfPVfeOGg4hx_16sqlrustgo_parser5lexerNtB2_5Lexer9peek_char
FN:457,_RNvNtCsfPVfeOGg4hx_16sqlrustgo_parser5lexer8tokenize
FN:766,_RNvNtNtCsa812O6vgh8t_16sqlrustgo_parser5lexer5testss_13test_lexer_on
FN:724,_RNvNtNtCsa812O6vgh8t_16sqlrustgo_parser5lexer5testss_13test_lexer_or
FN:718,_RNvNtNtCsa812O6vgh8t_16sqlrustgo_parser5lexer5testss_14test_lexer_and
FN:652,_RNvNtNtCsa812O6vgh8t_16sqlrustgo_parser5lexer5testss_14test_lexer_dot
FN:778,_RNvNtNtCsa812O6vgh8t_16sqlrustgo_parser5lexer5testss_14test_lexer_key
FN:676,_RNvNtNtCsa812O6vgh8t_16sqlrustgo_parser5lexer5testss_14test_lexer_not
FN:748,_RNvNtNtCsa812O6vgh8t_16sqlrustgo_parser5lexer5testss_14test_lexer_set
FN:482,_RNvNtNtCsa812O6vgh8t_16sqlrustgo_parser5lexer5testss_14test_operators
FN:856,_RNvNtNtCsa812O6vgh8t_16sqlrustgo_parser5lexer5testss_15test_lexer_blob
FN:736,_RNvNtNtCsa812O6vgh8t_16sqlrustgo_parser5lexer5testss_15test_lexer_into
FN:670,_RNvNtNtCsa812O6vgh8t_16sqlrustgo_parser5lexer5testss_15test_lexer_less
FN:628,_RNvNtNtCsa812O6vgh8t_16sqlrustgo_parser5lexer5testss_15test_lexer_plus
FN:622,_RNvNtNtCsa812O6vgh8t_16sqlrustgo_parser5lexer5testss_15test_lexer_star
FN:754,_RNvNtNtCsa812O6vgh8t_16sqlrustgo_parser5lexer5testss_16test_lexer_alter
FN:784,_RNvNtNtCsa812O6vgh8t_16sqlrustgo_parser5lexer5testss_16test_lexer_begin
FN:658,_RNvNtNtCsa812O6vgh8t_16sqlrustgo_parser5lexer5testss_16test_lexer_colon
FN:610,_RNvNtNtCsa812O6vgh8t_16sqlrustgo_parser5lexer5testss_16test_lexer_comma
FN:802,_RNvNtNtCsa812O6vgh8t_16sqlrustgo_parser5lexer5testss_16test_lexer_grant
FN:760,_RNvNtNtCsa812O6vgh8t_16sqlrustgo_parser5lexer5testss_16test_lexer_index
FN:634,_RNvNtNtCsa812O6vgh8t_16sqlrustgo_parser5lexer5testss_16test_lexer_minus
FN:640,_RNvNtNtCsa812O6vgh8t_16sqlrustgo_parser5lexer5testss_16test_lexer_slash
FN:497,_RNvNtNtCsa812O6vgh8t_16sqlrustgo_parser5lexer5testss_17test_all_keywords
FN:790,_RNvNtNtCsa812O6vgh8t_16sqlrustgo_parser5lexer5testss_17test_lexer_commit
FN:553,_RNvNtNtCsa812O6vgh8t_16sqlrustgo_parser5lexer5testss_17test_lexer_is_eof
FN:603,_RNvNtNtCsa812O6vgh8t_16sqlrustgo_parser5lexer5testss_17test_lexer_parens
FN:808,_RNvNtNtCsa812O6vgh8t_16sqlrustgo_parser5lexer5testss_17test_lexer_revoke
FN:742,_RNvNtNtCsa812O6vgh8t_16sqlrustgo_parser5lexer5testss_17test_lexer_values
FN:814,_RNvNtNtCsa812O6vgh8t_16sqlrustgo_parser5lexer5testss_18test_lexer_analyze
FN:664,_RNvNtNtCsa812O6vgh8t_16sqlrustgo_parser5lexer5testss_18test_lexer_greater
FN:646,_RNvNtNtCsa812O6vgh8t_16sqlrustgo_parser5lexer5testss_18test_lexer_percent
FN:772,_RNvNtNtCsa812O6vgh8t_16sqlrustgo_parser5lexer5testss_18test_lexer_primary
FN:467,_RNvNtNtCsa812O6vgh8t_16sqlrustgo_parser5lexer5testss_18test_simple_select
FN:532,_RNvNtNtCsa812O6vgh8t_16sqlrustgo_parser5lexer5testss_19test_lexer_position
FN:796,_RNvNtNtCsa812O6vgh8t_16sqlrustgo_parser5lexer5testss_19test_lexer_rollback
FN:958,_RNvNtNtCsa812O6vgh8t_16sqlrustgo_parser5lexer5testss_20test_lexer_eof_token
FN:546,_RNvNtNtCsa812O6vgh8t_16sqlrustgo_parser5lexer5testss_20test_lexer_next_char
FN:682,_RNvNtNtCsa812O6vgh8t_16sqlrustgo_parser5lexer5testss_20test_lexer_not_equal
FN:516,_RNvNtNtCsa812O6vgh8t_16sqlrustgo_parser5lexer5testss_20test_lexer_operators
FN:540,_RNvNtNtCsa812O6vgh8t_16sqlrustgo_parser5lexer5testss_20test_lexer_peek_char
FN:616,_RNvNtNtCsa812O6vgh8t_16sqlrustgo_parser5lexer5testss_20test_lexer_semicolon
FN:938,_RNvNtNtCsa812O6vgh8t_16sqlrustgo_parser5lexer5testss_21test_lexer_drop_table
FN:688,_RNvNtNtCsa812O6vgh8t_16sqlrustgo_parser5lexer5testss_21test_lexer_less_equal
FN:828,_RNvNtNtCsa812O6vgh8t_16sqlrustgo_parser5lexer5testss_21test_lexer_text_types
FN:886,_RNvNtNtCsa812O6vgh8t_16sqlrustgo_parser5lexer5testss_22test_lexer_complex_sql
FN:838,_RNvNtNtCsa812O6vgh8t_16sqlrustgo_parser5lexer5testss_22test_lexer_float_types
FN:730,_RNvNtNtCsa812O6vgh8t_16sqlrustgo_parser5lexer5testss_22test_lexer_not_keyword
FN:880,_RNvNtNtCsa812O6vgh8t_16sqlrustgo_parser5lexer5testss_22test_lexer_number_only
FN:589,_RNvNtNtCsa812O6vgh8t_16sqlrustgo_parser5lexer5testss_22test_lexer_read_string
FN:706,_RNvNtNtCsa812O6vgh8t_16sqlrustgo_parser5lexer5testss_23test_lexer_boolean_true
FN:930,_RNvNtNtCsa812O6vgh8t_16sqlrustgo_parser5lexer5testss_23test_lexer_create_table
FN:982,_RNvNtNtCsa812O6vgh8t_16sqlrustgo_parser5lexer5testss_23test_lexer_date_keyword
FN:1008,_RNvNtNtCsa812O6vgh8t_16sqlrustgo_parser5lexer5testss_23test_lexer_date_literal
FN:874,_RNvNtNtCsa812O6vgh8t_16sqlrustgo_parser5lexer5testss_23test_lexer_empty_string
FN:964,_RNvNtNtCsa812O6vgh8t_16sqlrustgo_parser5lexer5testss_23test_lexer_unknown_char
FN:712,_RNvNtNtCsa812O6vgh8t_16sqlrustgo_parser5lexer5testss_24test_lexer_boolean_false
FN:848,_RNvNtNtCsa812O6vgh8t_16sqlrustgo_parser5lexer5testss_24test_lexer_boolean_types
FN:694,_RNvNtNtCsa812O6vgh8t_16sqlrustgo_parser5lexer5testss_24test_lexer_greater_equal
FN:820,_RNvNtNtCsa812O6vgh8t_16sqlrustgo_parser5lexer5testss_24test_lexer_integer_types
FN:700,_RNvNtNtCsa812O6vgh8t_16sqlrustgo_parser5lexer5testss_24test_lexer_not_equal_alt
FN:970,_RNvNtNtCsa812O6vgh8t_16sqlrustgo_parser5lexer5testss_25test_lexer_decimal_number
FN:510,_RNvNtNtCsa812O6vgh8t_16sqlrustgo_parser5lexer5testss_25test_lexer_string_literal
FN:952,_RNvNtNtCsa812O6vgh8t_16sqlrustgo_parser5lexer5testss_26test_lexer_multiple_spaces
FN:568,_RNvNtNtCsa812O6vgh8t_16sqlrustgo_parser5lexer5testss_26test_lexer_read_identifier
FN:561,_RNvNtNtCsa812O6vgh8t_16sqlrustgo_parser5lexer5testss_26test_lexer_skip_whitespace
FN:946,_RNvNtNtCsa812O6vgh8t_16sqlrustgo_parser5lexer5testss_26test_lexer_whitespace_tabs
FN:922,_RNvNtNtCsa812O6vgh8t_16sqlrustgo_parser5lexer5testss_27test_lexer_delete_statement
FN:903,_RNvNtNtCsa812O6vgh8t_16sqlrustgo_parser5lexer5testss_27test_lexer_insert_statement
FN:913,_RNvNtNtCsa812O6vgh8t_16sqlrustgo_parser5lexer5testss_27test_lexer_update_statement
FN:988,_RNvNtNtCsa812O6vgh8t_16sqlrustgo_parser5lexer5testss_28test_lexer_timestamp_keyword
FN:1015,_RNvNtNtCsa812O6vgh8t_16sqlrustgo_parser5lexer5testss_28test_lexer_timestamp_literal
FN:490,_RNvNtNtCsa812O6vgh8t_16sqlrustgo_parser5lexer5testss_30test_keywords_case_insensitive
FN:994,_RNvNtNtCsa812O6vgh8t_16sqlrustgo_parser5lexer5testss_30test_lexer_date_type_in_create
FN:868,_RNvNtNtCsa812O6vgh8t_16sqlrustgo_parser5lexer5testss_30test_lexer_mixed_case_keywords
FN:524,_RNvNtNtCsa812O6vgh8t_16sqlrustgo_parser5lexer5testss_30test_lexer_multiple_statements
FN:582,_RNvNtNtCsa812O6vgh8t_16sqlrustgo_parser5lexer5testss_30test_lexer_read_number_decimal
FN:575,_RNvNtNtCsa812O6vgh8t_16sqlrustgo_parser5lexer5testss_30test_lexer_read_number_integer
FN:596,_RNvNtNtCsa812O6vgh8t_16sqlrustgo_parser5lexer5testss_31test_lexer_string_escaped_quote
FN:976,_RNvNtNtCsa812O6vgh8t_16sqlrustgo_parser5lexer5testss_36test_lexer_string_with_escaped_quote
FN:862,_RNvNtNtCsa812O6vgh8t_16sqlrustgo_parser5lexer5testss_37test_lexer_identifier_with_underscore
FN:999,_RNCNvNtNtCsa812O6vgh8t_16sqlrustgo_parser5lexer5testss_30test_lexer_date_type_in_create0B7_
FN:145,_RNvMNtCsa812O6vgh8t_16sqlrustgo_parser5lexerNtB2_5Lexer10next_token
FN:102,_RNvMNtCsa812O6vgh8t_16sqlrustgo_parser5lexerNtB2_5Lexer11read_number
FN:121,_RNvMNtCsa812O6vgh8t_16sqlrustgo_parser5lexerNtB2_5Lexer11read_string
FN:89,_RNvMNtCsa812O6vgh8t_16sqlrustgo_parser5lexerNtB2_5Lexer15read_identifier
FN:54,_RNvMNtCsa812O6vgh8t_16sqlrustgo_parser5lexerNtB2_5Lexer15skip_whitespace
FN:26,_RNvMNtCsa812O6vgh8t_16sqlrustgo_parser5lexerNtB2_5Lexer3new
FN:36,_RNvMNtCsa812O6vgh8t_16sqlrustgo_parser5lexerNtB2_5Lexer6is_eof
FN:31,_RNvMNtCsa812O6vgh8t_16sqlrustgo_parser5lexerNtB2_5Lexer8position
FN:443,_RNvMNtCsa812O6vgh8t_16sqlrustgo_parser5lexerNtB2_5Lexer8tokenize
FN:47,_RNvMNtCsa812O6vgh8t_16sqlrustgo_parser5lexerNtB2_5Lexer9next_char
FN:41,_RNvMNtCsa812O6vgh8t_16sqlrustgo_parser5lexerNtB2_5Lexer9peek_char
FN:457,_RNvNtCsa812O6vgh8t_16sqlrustgo_parser5lexer8tokenize
FN:145,_RNvMNtCs3Y8Ciw6e7SB_16sqlrustgo_parser5lexerNtB2_5Lexer10next_token
FN:102,_RNvMNtCs3Y8Ciw6e7SB_16sqlrustgo_parser5lexerNtB2_5Lexer11read_number
FN:121,_RNvMNtCs3Y8Ciw6e7SB_16sqlrustgo_parser5lexerNtB2_5Lexer11read_string
FN:89,_RNvMNtCs3Y8Ciw6e7SB_16sqlrustgo_parser5lexerNtB2_5Lexer15read_identifier
FN:54,_RNvMNtCs3Y8Ciw6e7SB_16sqlrustgo_parser5lexerNtB2_5Lexer15skip_whitespace
FN:26,_RNvMNtCs3Y8Ciw6e7SB_16sqlrustgo_parser5lexerNtB2_5Lexer3new
FN:36,_RNvMNtCs3Y8Ciw6e7SB_16sqlrustgo_parser5lexerNtB2_5Lexer6is_eof
FN:31,_RNvMNtCs3Y8Ciw6e7SB_16sqlrustgo_parser5lexerNtB2_5Lexer8position
FN:443,_RNvMNtCs3Y8Ciw6e7SB_16sqlrustgo_parser5lexerNtB2_5Lexer8tokenize
FN:41,_RNvMNtCs3Y8Ciw6e7SB_16sqlrustgo_parser5lexerNtB2_5Lexer9peek_char
FN:457,_RNvNtCs3Y8Ciw6e7SB_16sqlrustgo_parser5lexer8tokenize
FNDA:0,_RNvMNtCsfPVfeOGg4hx_16sqlrustgo_parser5lexerNtB2_5Lexer10next_token
FNDA:0,_RNvMNtCsfPVfeOGg4hx_16sqlrustgo_parser5lexerNtB2_5Lexer11read_number
FNDA:0,_RNvMNtCsfPVfeOGg4hx_16sqlrustgo_parser5lexerNtB2_5Lexer11read_string
FNDA:0,_RNvMNtCsfPVfeOGg4hx_16sqlrustgo_parser5lexerNtB2_5Lexer15read_identifier
FNDA:0,_RNvMNtCsfPVfeOGg4hx_16sqlrustgo_parser5lexerNtB2_5Lexer15skip_whitespace
FNDA:0,_RNvMNtCsfPVfeOGg4hx_16sqlrustgo_parser5lexerNtB2_5Lexer3new
FNDA:0,_RNvMNtCsfPVfeOGg4hx_16sqlrustgo_parser5lexerNtB2_5Lexer6is_eof
FNDA:0,_RNvMNtCsfPVfeOGg4hx_16sqlrustgo_parser5lexerNtB2_5Lexer8position
FNDA:0,_RNvMNtCsfPVfeOGg4hx_16sqlrustgo_parser5lexerNtB2_5Lexer8tokenize
FNDA:0,_RNvMNtCsfPVfeOGg4hx_16sqlrustgo_parser5lexerNtB2_5Lexer9peek_char
FNDA:0,_RNvNtCsfPVfeOGg4hx_16sqlrustgo_parser5lexer8tokenize
FNDA:1,_RNvNtNtCsa812O6vgh8t_16sqlrustgo_parser5lexer5testss_13test_lexer_on
FNDA:1,_RNvNtNtCsa812O6vgh8t_16sqlrustgo_parser5lexer5testss_13test_lexer_or
FNDA:1,_RNvNtNtCsa812O6vgh8t_16sqlrustgo_parser5lexer5testss_14test_lexer_and
FNDA:1,_RNvNtNtCsa812O6vgh8t_16sqlrustgo_parser5lexer5testss_14test_lexer_dot
FNDA:1,_RNvNtNtCsa812O6vgh8t_16sqlrustgo_parser5lexer5testss_14test_lexer_key
FNDA:1,_RNvNtNtCsa812O6vgh8t_16sqlrustgo_parser5lexer5testss_14test_lexer_not
FNDA:1,_RNvNtNtCsa812O6vgh8t_16sqlrustgo_parser5lexer5testss_14test_lexer_set
FNDA:1,_RNvNtNtCsa812O6vgh8t_16sqlrustgo_parser5lexer5testss_14test_operators
FNDA:1,_RNvNtNtCsa812O6vgh8t_16sqlrustgo_parser5lexer5testss_15test_lexer_blob
FNDA:1,_RNvNtNtCsa812O6vgh8t_16sqlrustgo_parser5lexer5testss_15test_lexer_into
FNDA:1,_RNvNtNtCsa812O6vgh8t_16sqlrustgo_parser5lexer5testss_15test_lexer_less
FNDA:1,_RNvNtNtCsa812O6vgh8t_16sqlrustgo_parser5lexer5testss_15test_lexer_plus
FNDA:1,_RNvNtNtCsa812O6vgh8t_16sqlrustgo_parser5lexer5testss_15test_lexer_star
FNDA:1,_RNvNtNtCsa812O6vgh8t_16sqlrustgo_parser5lexer5testss_16test_lexer_alter
FNDA:1,_RNvNtNtCsa812O6vgh8t_16sqlrustgo_parser5lexer5testss_16test_lexer_begin
FNDA:1,_RNvNtNtCsa812O6vgh8t_16sqlrustgo_parser5lexer5testss_16test_lexer_colon
FNDA:1,_RNvNtNtCsa812O6vgh8t_16sqlrustgo_parser5lexer5testss_16test_lexer_comma
FNDA:1,_RNvNtNtCsa812O6vgh8t_16sqlrustgo_parser5lexer5testss_16test_lexer_grant
FNDA:1,_RNvNtNtCsa812O6vgh8t_16sqlrustgo_parser5lexer5testss_16test_lexer_index
FNDA:1,_RNvNtNtCsa812O6vgh8t_16sqlrustgo_parser5lexer5testss_16test_lexer_minus
FNDA:1,_RNvNtNtCsa812O6vgh8t_16sqlrustgo_parser5lexer5testss_16test_lexer_slash
FNDA:1,_RNvNtNtCsa812O6vgh8t_16sqlrustgo_parser5lexer5testss_17test_all_keywords
FNDA:1,_RNvNtNtCsa812O6vgh8t_16sqlrustgo_parser5lexer5testss_17test_lexer_commit
FNDA:1,_RNvNtNtCsa812O6vgh8t_16sqlrustgo_parser5lexer5testss_17test_lexer_is_eof
FNDA:1,_RNvNtNtCsa812O6vgh8t_16sqlrustgo_parser5lexer5testss_17test_lexer_parens
FNDA:1,_RNvNtNtCsa812O6vgh8t_16sqlrustgo_parser5lexer5testss_17test_lexer_revoke
FNDA:1,_RNvNtNtCsa812O6vgh8t_16sqlrustgo_parser5lexer5testss_17test_lexer_values
FNDA:1,_RNvNtNtCsa812O6vgh8t_16sqlrustgo_parser5lexer5testss_18test_lexer_analyze
FNDA:1,_RNvNtNtCsa812O6vgh8t_16sqlrustgo_parser5lexer5testss_18test_lexer_greater
FNDA:1,_RNvNtNtCsa812O6vgh8t_16sqlrustgo_parser5lexer5testss_18test_lexer_percent
FNDA:1,_RNvNtNtCsa812O6vgh8t_16sqlrustgo_parser5lexer5testss_18test_lexer_primary
FNDA:1,_RNvNtNtCsa812O6vgh8t_16sqlrustgo_parser5lexer5testss_18test_simple_select
FNDA:1,_RNvNtNtCsa812O6vgh8t_16sqlrustgo_parser5lexer5testss_19test_lexer_position
FNDA:1,_RNvNtNtCsa812O6vgh8t_16sqlrustgo_parser5lexer5testss_19test_lexer_rollback
FNDA:1,_RNvNtNtCsa812O6vgh8t_16sqlrustgo_parser5lexer5testss_20test_lexer_eof_token
FNDA:1,_RNvNtNtCsa812O6vgh8t_16sqlrustgo_parser5lexer5testss_20test_lexer_next_char
FNDA:1,_RNvNtNtCsa812O6vgh8t_16sqlrustgo_parser5lexer5testss_20test_lexer_not_equal
FNDA:1,_RNvNtNtCsa812O6vgh8t_16sqlrustgo_parser5lexer5testss_20test_lexer_operators
FNDA:1,_RNvNtNtCsa812O6vgh8t_16sqlrustgo_parser5lexer5testss_20test_lexer_peek_char
FNDA:1,_RNvNtNtCsa812O6vgh8t_16sqlrustgo_parser5lexer5testss_20test_lexer_semicolon
FNDA:1,_RNvNtNtCsa812O6vgh8t_16sqlrustgo_parser5lexer5testss_21test_lexer_drop_table
FNDA:1,_RNvNtNtCsa812O6vgh8t_16sqlrustgo_parser5lexer5testss_21test_lexer_less_equal
FNDA:1,_RNvNtNtCsa812O6vgh8t_16sqlrustgo_parser5lexer5testss_21test_lexer_text_types
FNDA:1,_RNvNtNtCsa812O6vgh8t_16sqlrustgo_parser5lexer5testss_22test_lexer_complex_sql
FNDA:1,_RNvNtNtCsa812O6vgh8t_16sqlrustgo_parser5lexer5testss_22test_lexer_float_types
FNDA:1,_RNvNtNtCsa812O6vgh8t_16sqlrustgo_parser5lexer5testss_22test_lexer_not_keyword
FNDA:1,_RNvNtNtCsa812O6vgh8t_16sqlrustgo_parser5lexer5testss_22test_lexer_number_only
FNDA:1,_RNvNtNtCsa812O6vgh8t_16sqlrustgo_parser5lexer5testss_22test_lexer_read_string
FNDA:1,_RNvNtNtCsa812O6vgh8t_16sqlrustgo_parser5lexer5testss_23test_lexer_boolean_true
FNDA:1,_RNvNtNtCsa812O6vgh8t_16sqlrustgo_parser5lexer5testss_23test_lexer_create_table
FNDA:1,_RNvNtNtCsa812O6vgh8t_16sqlrustgo_parser5lexer5testss_23test_lexer_date_keyword
FNDA:1,_RNvNtNtCsa812O6vgh8t_16sqlrustgo_parser5lexer5testss_23test_lexer_date_literal
FNDA:1,_RNvNtNtCsa812O6vgh8t_16sqlrustgo_parser5lexer5testss_23test_lexer_empty_string
FNDA:1,_RNvNtNtCsa812O6vgh8t_16sqlrustgo_parser5lexer5testss_23test_lexer_unknown_char
FNDA:1,_RNvNtNtCsa812O6vgh8t_16sqlrustgo_parser5lexer5testss_24test_lexer_boolean_false
FNDA:1,_RNvNtNtCsa812O6vgh8t_16sqlrustgo_parser5lexer5testss_24test_lexer_boolean_types
FNDA:1,_RNvNtNtCsa812O6vgh8t_16sqlrustgo_parser5lexer5testss_24test_lexer_greater_equal
FNDA:1,_RNvNtNtCsa812O6vgh8t_16sqlrustgo_parser5lexer5testss_24test_lexer_integer_types
FNDA:1,_RNvNtNtCsa812O6vgh8t_16sqlrustgo_parser5lexer5testss_24test_lexer_not_equal_alt
FNDA:1,_RNvNtNtCsa812O6vgh8t_16sqlrustgo_parser5lexer5testss_25test_lexer_decimal_number
FNDA:1,_RNvNtNtCsa812O6vgh8t_16sqlrustgo_parser5lexer5testss_25test_lexer_string_literal
FNDA:1,_RNvNtNtCsa812O6vgh8t_16sqlrustgo_parser5lexer5testss_26test_lexer_multiple_spaces
FNDA:1,_RNvNtNtCsa812O6vgh8t_16sqlrustgo_parser5lexer5testss_26test_lexer_read_identifier
FNDA:1,_RNvNtNtCsa812O6vgh8t_16sqlrustgo_parser5lexer5testss_26test_lexer_skip_whitespace
FNDA:1,_RNvNtNtCsa812O6vgh8t_16sqlrustgo_parser5lexer5testss_26test_lexer_whitespace_tabs
FNDA:1,_RNvNtNtCsa812O6vgh8t_16sqlrustgo_parser5lexer5testss_27test_lexer_delete_statement
FNDA:1,_RNvNtNtCsa812O6vgh8t_16sqlrustgo_parser5lexer5testss_27test_lexer_insert_statement
FNDA:1,_RNvNtNtCsa812O6vgh8t_16sqlrustgo_parser5lexer5testss_27test_lexer_update_statement
FNDA:1,_RNvNtNtCsa812O6vgh8t_16sqlrustgo_parser5lexer5testss_28test_lexer_timestamp_keyword
FNDA:1,_RNvNtNtCsa812O6vgh8t_16sqlrustgo_parser5lexer5testss_28test_lexer_timestamp_literal
FNDA:1,_RNvNtNtCsa812O6vgh8t_16sqlrustgo_parser5lexer5testss_30test_keywords_case_insensitive
FNDA:1,_RNvNtNtCsa812O6vgh8t_16sqlrustgo_parser5lexer5testss_30test_lexer_date_type_in_create
FNDA:1,_RNvNtNtCsa812O6vgh8t_16sqlrustgo_parser5lexer5testss_30test_lexer_mixed_case_keywords
FNDA:1,_RNvNtNtCsa812O6vgh8t_16sqlrustgo_parser5lexer5testss_30test_lexer_multiple_statements
FNDA:1,_RNvNtNtCsa812O6vgh8t_16sqlrustgo_parser5lexer5testss_30test_lexer_read_number_decimal
FNDA:1,_RNvNtNtCsa812O6vgh8t_16sqlrustgo_parser5lexer5testss_30test_lexer_read_number_integer
FNDA:1,_RNvNtNtCsa812O6vgh8t_16sqlrustgo_parser5lexer5testss_31test_lexer_string_escaped_quote
FNDA:1,_RNvNtNtCsa812O6vgh8t_16sqlrustgo_parser5lexer5testss_36test_lexer_string_with_escaped_quote
FNDA:1,_RNvNtNtCsa812O6vgh8t_16sqlrustgo_parser5lexer5testss_37test_lexer_identifier_with_underscore
FNDA:9,_RNCNvNtNtCsa812O6vgh8t_16sqlrustgo_parser5lexer5testss_30test_lexer_date_type_in_create0B7_
FNDA:2547,_RNvMNtCsa812O6vgh8t_16sqlrustgo_parser5lexerNtB2_5Lexer10next_token
FNDA:93,_RNvMNtCsa812O6vgh8t_16sqlrustgo_parser5lexerNtB2_5Lexer11read_number
FNDA:88,_RNvMNtCsa812O6vgh8t_16sqlrustgo_parser5lexerNtB2_5Lexer11read_string
FNDA:1551,_RNvMNtCsa812O6vgh8t_16sqlrustgo_parser5lexerNtB2_5Lexer15read_identifier
FNDA:2554,_RNvMNtCsa812O6vgh8t_16sqlrustgo_parser5lexerNtB2_5Lexer15skip_whitespace
FNDA:301,_RNvMNtCsa812O6vgh8t_16sqlrustgo_parser5lexerNtB2_5Lexer3new
FNDA:16786,_RNvMNtCsa812O6vgh8t_16sqlrustgo_parser5lexerNtB2_5Lexer6is_eof
FNDA:4,_RNvMNtCsa812O6vgh8t_16sqlrustgo_parser5lexerNtB2_5Lexer8position
FNDA:290,_RNvMNtCsa812O6vgh8t_16sqlrustgo_parser5lexerNtB2_5Lexer8tokenize
FNDA:1,_RNvMNtCsa812O6vgh8t_16sqlrustgo_parser5lexerNtB2_5Lexer9next_char
FNDA:15920,_RNvMNtCsa812O6vgh8t_16sqlrustgo_parser5lexerNtB2_5Lexer9peek_char
FNDA:53,_RNvNtCsa812O6vgh8t_16sqlrustgo_parser5lexer8tokenize
FNDA:0,_RNvMNtCs3Y8Ciw6e7SB_16sqlrustgo_parser5lexerNtB2_5Lexer10next_token
FNDA:0,_RNvMNtCs3Y8Ciw6e7SB_16sqlrustgo_parser5lexerNtB2_5Lexer11read_number
FNDA:0,_RNvMNtCs3Y8Ciw6e7SB_16sqlrustgo_parser5lexerNtB2_5Lexer11read_string
FNDA:0,_RNvMNtCs3Y8Ciw6e7SB_16sqlrustgo_parser5lexerNtB2_5Lexer15read_identifier
FNDA:0,_RNvMNtCs3Y8Ciw6e7SB_16sqlrustgo_parser5lexerNtB2_5Lexer15skip_whitespace
FNDA:0,_RNvMNtCs3Y8Ciw6e7SB_16sqlrustgo_parser5lexerNtB2_5Lexer3new
FNDA:0,_RNvMNtCs3Y8Ciw6e7SB_16sqlrustgo_parser5lexerNtB2_5Lexer6is_eof
FNDA:0,_RNvMNtCs3Y8Ciw6e7SB_16sqlrustgo_parser5lexerNtB2_5Lexer8position
FNDA:0,_RNvMNtCs3Y8Ciw6e7SB_16sqlrustgo_parser5lexerNtB2_5Lexer8tokenize
FNDA:0,_RNvMNtCs3Y8Ciw6e7SB_16sqlrustgo_parser5lexerNtB2_5Lexer9peek_char
FNDA:0,_RNvNtCs3Y8Ciw6e7SB_16sqlrustgo_parser5lexer8tokenize
FNF:92
FNH:92
DA:26,301
DA:27,301
DA:28,301
DA:31,4
DA:32,4
DA:33,4
DA:36,16786
DA:37,16786
DA:38,16786
DA:41,15920
DA:42,15920
DA:43,15920
DA:47,1
DA:48,1
DA:49,1
DA:50,1
DA:51,1
DA:54,2554
DA:55,4044
DA:56,3752
DA:59,3752
DA:60,1490
DA:61,1490
DA:62,2262
DA:65,2262
DA:66,0
DA:67,0
DA:68,0
DA:69,0
DA:70,2262
DA:73,2262
DA:74,0
DA:75,0
DA:76,0
DA:77,0
DA:78,0
DA:79,0
DA:80,0
DA:81,0
DA:82,2262
DA:84,2262
DA:86,2554
DA:89,1551
DA:90,1551
DA:91,9257
DA:92,9097
DA:93,9097
DA:94,1391
DA:95,7706
DA:96,7706
DA:98,1551
DA:99,1551
DA:102,93
DA:103,93
DA:104,93
DA:105,238
DA:106,204
DA:107,204
DA:108,3
DA:109,0
DA:110,3
DA:111,3
DA:112,201
DA:113,59
DA:114,142
DA:115,145
DA:117,93
DA:118,93
DA:121,88
DA:122,88
DA:123,88
DA:125,604
DA:126,604
DA:127,604
DA:128,90
DA:129,2
DA:130,2
DA:131,88
DA:132,88
DA:133,514
DA:134,514
DA:137,88
DA:138,88
DA:139,88
DA:140,88
DA:141,88
DA:142,88
DA:145,2547
DA:146,2547
DA:148,2547
DA:149,290
DA:150,2257
DA:152,2257
DA:154,93
DA:156,136
DA:157,136
DA:160,136
DA:161,136
DA:164,120
DA:165,120
DA:168,14
DA:169,14
DA:172,37
DA:173,37
DA:176,4
DA:177,4
DA:180,1
DA:181,1
DA:184,1
DA:185,1
DA:188,1
DA:189,1
DA:192,10
DA:193,10
DA:196,1
DA:197,1
DA:200,9
DA:201,9
DA:203,84
DA:205,0
DA:206,0
DA:209,39
DA:210,39
DA:213,2
DA:214,1
DA:215,1
DA:217,1
DA:218,1
DA:222,13
DA:223,2
DA:224,2
DA:226,11
DA:227,11
DA:231,6
DA:232,2
DA:233,2
DA:234,4
DA:235,2
DA:236,2
DA:238,2
DA:239,2
DA:242,1643
DA:243,1550
DA:244,1550
DA:245,1550
DA:246,1547
DA:247,1547
DA:248,1541
DA:249,1447
DA:250,1346
DA:251,1318
DA:252,1291
DA:253,1267
DA:254,1246
DA:255,1230
DA:256,1229
DA:257,1216
DA:258,1205
DA:259,1158
DA:260,1119
DA:261,1108
DA:262,1101
DA:263,1097
DA:264,1091
DA:265,1044
DA:266,1038
DA:267,1022
DA:268,1018
DA:269,1017
DA:270,1014
DA:271,1014
DA:272,1005
DA:273,1002
DA:274,999
DA:275,997
DA:276,996
DA:277,995
DA:278,995
DA:279,995
DA:280,979
DA:281,962
DA:282,946
DA:283,937
DA:284,909
DA:285,906
DA:286,906
DA:287,899
DA:288,895
DA:289,882
DA:290,879
DA:291,874
DA:292,873
DA:293,873
DA:294,872
DA:295,870
DA:296,868
DA:297,868
DA:298,867
DA:299,866
DA:300,866
DA:301,866
DA:302,866
DA:303,860
DA:304,858
DA:305,858
DA:306,857
DA:307,856
DA:308,856
DA:309,854
DA:310,852
DA:311,852
DA:312,852
DA:313,850
DA:314,850
DA:315,850
DA:316,850
DA:317,847
DA:318,843
DA:319,839
DA:320,839
DA:321,829
DA:322,828
DA:323,825
DA:324,824
DA:325,822
DA:326,821
DA:327,820
DA:328,817
DA:329,816
DA:330,808
DA:331,805
DA:332,802
DA:333,795
DA:334,795
DA:335,795
DA:336,795
DA:337,794
DA:338,794
DA:339,794
DA:340,794
DA:341,794
DA:342,792
DA:343,792
DA:344,792
DA:345,792
DA:346,786
DA:347,785
DA:348,784
DA:349,780
DA:350,780
DA:351,780
DA:352,778
DA:353,776
DA:354,776
DA:355,776
DA:356,776
DA:357,776
DA:358,775
DA:359,774
DA:360,768
DA:361,750
DA:362,744
DA:363,740
DA:364,737
DA:365,697
DA:366,685
DA:367,681
DA:368,680
DA:369,677
DA:370,676
DA:371,675
DA:372,3
DA:373,3
DA:374,3
DA:375,1
DA:377,2
DA:378,2
DA:381,672
DA:382,3
DA:383,3
DA:384,3
DA:385,1
DA:387,2
DA:388,2
DA:391,669
DA:392,669
DA:393,669
DA:394,669
DA:395,669
DA:396,669
DA:397,669
DA:398,669
DA:399,669
DA:400,669
DA:401,666
DA:402,666
DA:403,666
DA:404,666
DA:405,666
DA:406,666
DA:407,666
DA:408,666
DA:409,666
DA:410,656
DA:411,652
DA:412,651
DA:413,651
DA:414,651
DA:415,648
DA:416,647
DA:417,638
DA:418,637
DA:419,628
DA:420,625
DA:421,614
DA:422,608
DA:423,607
DA:424,605
DA:425,605
DA:426,597
DA:427,594
DA:428,591
DA:429,584
DA:430,581
DA:431,579
DA:434,93
DA:436,2
DA:437,2
DA:440,2547
DA:443,290
DA:444,290
DA:446,2545
DA:447,2545
DA:448,2545
DA:449,290
DA:450,2255
DA:452,290
DA:453,290
DA:457,53
DA:458,53
DA:459,53
DA:460,53
DA:467,1
DA:468,1
DA:469,1
DA:470,1
DA:471,1
DA:472,1
DA:473,1
DA:474,1
DA:475,1
DA:476,1
DA:477,1
DA:478,1
DA:479,1
DA:482,1
DA:484,1
DA:485,1
DA:486,1
DA:487,1
DA:490,1
DA:491,1
DA:492,1
DA:493,1
DA:494,1
DA:497,1
DA:498,1
DA:499,1
DA:500,1
DA:501,1
DA:502,1
DA:503,1
DA:504,1
DA:505,1
DA:506,1
DA:507,1
DA:510,1
DA:511,1
DA:512,1
DA:513,1
DA:516,1
DA:517,1
DA:518,1
DA:519,1
DA:520,1
DA:521,1
DA:524,1
DA:525,1
DA:528,1
DA:529,1
DA:532,1
DA:533,1
DA:534,1
DA:535,1
DA:536,1
DA:537,1
DA:540,1
DA:541,1
DA:542,1
DA:543,1
DA:546,1
DA:547,1
DA:548,1
DA:549,1
DA:550,1
DA:553,1
DA:554,1
DA:555,1
DA:556,1
DA:557,1
DA:558,1
DA:561,1
DA:562,1
DA:563,1
DA:564,1
DA:565,1
DA:568,1
DA:569,1
DA:570,1
DA:571,1
DA:572,1
DA:575,1
DA:576,1
DA:577,1
DA:578,1
DA:579,1
DA:582,1
DA:583,1
DA:584,1
DA:585,1
DA:586,1
DA:589,1
DA:590,1
DA:591,1
DA:592,1
DA:593,1
DA:596,1
DA:597,1
DA:598,1
DA:599,1
DA:600,1
DA:603,1
DA:604,1
DA:605,1
DA:606,1
DA:607,1
DA:610,1
DA:611,1
DA:612,1
DA:613,1
DA:616,1
DA:617,1
DA:618,1
DA:619,1
DA:622,1
DA:623,1
DA:624,1
DA:625,1
DA:628,1
DA:629,1
DA:630,1
DA:631,1
DA:634,1
DA:635,1
DA:636,1
DA:637,1
DA:640,1
DA:641,1
DA:642,1
DA:643,1
DA:646,1
DA:647,1
DA:648,1
DA:649,1
DA:652,1
DA:653,1
DA:654,1
DA:655,1
DA:658,1
DA:659,1
DA:660,1
DA:661,1
DA:664,1
DA:665,1
DA:666,1
DA:667,1
DA:670,1
DA:671,1
DA:672,1
DA:673,1
DA:676,1
DA:677,1
DA:678,1
DA:679,1
DA:682,1
DA:683,1
DA:684,1
DA:685,1
DA:688,1
DA:689,1
DA:690,1
DA:691,1
DA:694,1
DA:695,1
DA:696,1
DA:697,1
DA:700,1
DA:701,1
DA:702,1
DA:703,1
DA:706,1
DA:707,1
DA:708,1
DA:709,1
DA:712,1
DA:713,1
DA:714,1
DA:715,1
DA:718,1
DA:719,1
DA:720,1
DA:721,1
DA:724,1
DA:725,1
DA:726,1
DA:727,1
DA:730,1
DA:731,1
DA:732,1
DA:733,1
DA:736,1
DA:737,1
DA:738,1
DA:739,1
DA:742,1
DA:743,1
DA:744,1
DA:745,1
DA:748,1
DA:749,1
DA:750,1
DA:751,1
DA:754,1
DA:755,1
DA:756,1
DA:757,1
DA:760,1
DA:761,1
DA:762,1
DA:763,1
DA:766,1
DA:767,1
DA:768,1
DA:769,1
DA:772,1
DA:773,1
DA:774,1
DA:775,1
DA:778,1
DA:779,1
DA:780,1
DA:781,1
DA:784,1
DA:785,1
DA:786,1
DA:787,1
DA:790,1
DA:791,1
DA:792,1
DA:793,1
DA:796,1
DA:797,1
DA:798,1
DA:799,1
DA:802,1
DA:803,1
DA:804,1
DA:805,1
DA:808,1
DA:809,1
DA:810,1
DA:811,1
DA:814,1
DA:815,1
DA:816,1
DA:817,1
DA:820,1
DA:821,1
DA:822,1
DA:823,1
DA:824,1
DA:825,1
DA:828,1
DA:829,1
DA:830,1
DA:831,1
DA:832,1
DA:833,1
DA:834,1
DA:835,1
DA:838,1
DA:839,1
DA:840,1
DA:841,1
DA:842,1
DA:843,1
DA:844,1
DA:845,1
DA:848,1
DA:849,1
DA:850,1
DA:851,1
DA:852,1
DA:853,1
DA:856,1
DA:857,1
DA:858,1
DA:859,1
DA:862,1
DA:863,1
DA:864,1
DA:865,1
DA:868,1
DA:869,1
DA:870,1
DA:871,1
DA:874,1
DA:875,1
DA:876,1
DA:877,1
DA:880,1
DA:881,1
DA:882,1
DA:883,1
DA:886,1
DA:887,1
DA:888,1
DA:889,1
DA:890,1
DA:891,1
DA:892,1
DA:893,1
DA:894,1
DA:895,1
DA:896,1
DA:897,1
DA:898,1
DA:899,1
DA:900,1
DA:903,1
DA:904,1
DA:905,1
DA:906,1
DA:907,1
DA:908,1
DA:909,1
DA:910,1
DA:913,1
DA:914,1
DA:915,1
DA:916,1
DA:917,1
DA:918,1
DA:919,1
DA:922,1
DA:923,1
DA:924,1
DA:925,1
DA:926,1
DA:927,1
DA:930,1
DA:931,1
DA:932,1
DA:933,1
DA:934,1
DA:935,1
DA:938,1
DA:939,1
DA:940,1
DA:941,1
DA:942,1
DA:943,1
DA:946,1
DA:947,1
DA:948,1
DA:949,1
DA:952,1
DA:953,1
DA:954,1
DA:955,1
DA:958,1
DA:959,1
DA:960,1
DA:961,1
DA:964,1
DA:965,1
DA:966,1
DA:967,1
DA:970,1
DA:971,1
DA:972,1
DA:973,1
DA:976,1
DA:977,1
DA:978,1
DA:979,1
DA:982,1
DA:983,1
DA:984,1
DA:985,1
DA:988,1
DA:989,1
DA:990,1
DA:991,1
DA:994,1
DA:995,1
DA:996,1
DA:997,1
DA:999,9
DA:1000,1
DA:1001,1
DA:1005,1
DA:1008,1
DA:1009,1
DA:1010,1
DA:1011,1
DA:1012,1
DA:1015,1
DA:1016,1
DA:1017,1
DA:1018,1
DA:1019,1
BRF:0
BRH:0
LF:733
LH:718
end_of_record
SF:/home/openclaw/dev/yinglichina8848/sqlrustgo/crates/parser/src/lib.rs
FN:366,_RNvCsa812O6vgh8t_16sqlrustgo_parsers_15test_parse_copy
FN:380,_RNvCsa812O6vgh8t_16sqlrustgo_parsers_15test_parse_kill
FN:589,_RNvCsa812O6vgh8t_16sqlrustgo_parsers_15test_parse_like
FN:624,_RNvCsa812O6vgh8t_16sqlrustgo_parsers_16test_parse_alias
FN:554,_RNvCsa812O6vgh8t_16sqlrustgo_parsers_16test_parse_limit
FN:408,_RNvCsa812O6vgh8t_16sqlrustgo_parsers_16test_parse_merge
FN:610,_RNvCsa812O6vgh8t_16sqlrustgo_parsers_16test_parse_union
FN:455,_RNvCsa812O6vgh8t_16sqlrustgo_parsers_17test_parse_commit
FN:494,_RNvCsa812O6vgh8t_16sqlrustgo_parsers_17test_parse_delete
FN:212,_RNvCsa812O6vgh8t_16sqlrustgo_parsers_17test_parse_having
FN:515,_RNvCsa812O6vgh8t_16sqlrustgo_parsers_17test_parse_revoke
FN:487,_RNvCsa812O6vgh8t_16sqlrustgo_parsers_17test_parse_update
FN:582,_RNvCsa812O6vgh8t_16sqlrustgo_parsers_18test_parse_between
FN:387,_RNvCsa812O6vgh8t_16sqlrustgo_parsers_18test_parse_execute
FN:533,_RNvCsa812O6vgh8t_16sqlrustgo_parsers_18test_parse_explain
FN:596,_RNvCsa812O6vgh8t_16sqlrustgo_parsers_18test_parse_is_null
FN:547,_RNvCsa812O6vgh8t_16sqlrustgo_parsers_18test_parse_prepare
FN:180,_RNvCsa812O6vgh8t_16sqlrustgo_parsers_19test_parse_group_by
FN:226,_RNvCsa812O6vgh8t_16sqlrustgo_parsers_19test_parse_order_by
FN:462,_RNvCsa812O6vgh8t_16sqlrustgo_parsers_19test_parse_rollback
FN:501,_RNvCsa812O6vgh8t_16sqlrustgo_parsers_19test_parse_truncate
FN:159,_RNvCsa812O6vgh8t_16sqlrustgo_parsers_19test_sql92_features
FN:373,_RNvCsa812O6vgh8t_16sqlrustgo_parsers_20test_parse_delimiter
FN:359,_RNvCsa812O6vgh8t_16sqlrustgo_parsers_20test_parse_drop_user
FN:575,_RNvCsa812O6vgh8t_16sqlrustgo_parsers_20test_parse_left_join
FN:617,_RNvCsa812O6vgh8t_16sqlrustgo_parsers_20test_parse_union_all
FN:631,_RNvCsa812O6vgh8t_16sqlrustgo_parsers_21test_parse_cte_simple
FN:394,_RNvCsa812O6vgh8t_16sqlrustgo_parsers_21test_parse_deallocate
FN:508,_RNvCsa812O6vgh8t_16sqlrustgo_parsers_21test_parse_drop_table
FN:568,_RNvCsa812O6vgh8t_16sqlrustgo_parsers_21test_parse_inner_join
FN:469,_RNvCsa812O6vgh8t_16sqlrustgo_parsers_21test_parse_insert_set
FN:352,_RNvCsa812O6vgh8t_16sqlrustgo_parsers_22test_parse_create_user
FN:603,_RNvCsa812O6vgh8t_16sqlrustgo_parsers_22test_parse_is_not_null
FN:401,_RNvCsa812O6vgh8t_16sqlrustgo_parsers_22test_parse_show_status
FN:561,_RNvCsa812O6vgh8t_16sqlrustgo_parsers_23test_parse_limit_offset
FN:476,_RNvCsa812O6vgh8t_16sqlrustgo_parsers_24test_parse_insert_values
FN:540,_RNvCsa812O6vgh8t_16sqlrustgo_parsers_25test_parse_call_procedure
FN:522,_RNvCsa812O6vgh8t_16sqlrustgo_parsers_27test_parse_show_processlist
FN:448,_RNvCsa812O6vgh8t_16sqlrustgo_parsers_28test_parse_begin_transaction
FN:333,_RNvCsa812O6vgh8t_16sqlrustgo_parsers_28test_parse_window_frame_rows
FN:341,_RNvCsa812O6vgh8t_16sqlrustgo_parsers_29test_parse_window_frame_range
FN:437,_RNvCsa812O6vgh8t_16sqlrustgo_parsers_30test_parse_create_unique_index
FN:326,_RNvCsa812O6vgh8t_16sqlrustgo_parsers_30test_parse_lag_window_function
FN:319,_RNvCsa812O6vgh8t_16sqlrustgo_parsers_31test_parse_lead_window_function
FN:312,_RNvCsa812O6vgh8t_16sqlrustgo_parsers_31test_parse_rank_window_function
FN:415,_RNvCsa812O6vgh8t_16sqlrustgo_parsers_33test_parse_alter_table_add_column
FN:426,_RNvCsa812O6vgh8t_16sqlrustgo_parsers_34test_parse_alter_table_drop_column
FN:262,_RNvCsa812O6vgh8t_16sqlrustgo_parsers_35test_parse_complete_aggregate_query
FN:243,_RNvCsa812O6vgh8t_16sqlrustgo_parsers_35test_parse_order_by_desc_nulls_last
FN:195,_RNvCsa812O6vgh8t_16sqlrustgo_parsers_36test_parse_group_by_multiple_columns
FN:279,_RNvCsa812O6vgh8t_16sqlrustgo_parsers_36test_parse_order_by_multiple_columns
FN:298,_RNvCsa812O6vgh8t_16sqlrustgo_parsers_37test_parse_row_number_window_function
FN:108,_RNvNtCsa812O6vgh8t_16sqlrustgo_parser5testss_14test_parse_cte
FN:79,_RNvNtCsa812O6vgh8t_16sqlrustgo_parser5testss_16test_parse_union
FN:73,_RNvNtCsa812O6vgh8t_16sqlrustgo_parser5testss_19test_lexer_function
FN:43,_RNvNtCsa812O6vgh8t_16sqlrustgo_parser5testss_19test_module_exports
FN:67,_RNvNtCsa812O6vgh8t_16sqlrustgo_parser5testss_19test_parse_function
FN:127,_RNvNtCsa812O6vgh8t_16sqlrustgo_parser5testss_19test_parse_truncate
FN:92,_RNvNtCsa812O6vgh8t_16sqlrustgo_parser5testss_20test_parse_union_all
FN:142,_RNvNtCsa812O6vgh8t_16sqlrustgo_parser5testss_22test_parse_create_view
FNDA:1,_RNvCsa812O6vgh8t_16sqlrustgo_parsers_15test_parse_copy
FNDA:1,_RNvCsa812O6vgh8t_16sqlrustgo_parsers_15test_parse_kill
FNDA:1,_RNvCsa812O6vgh8t_16sqlrustgo_parsers_15test_parse_like
FNDA:1,_RNvCsa812O6vgh8t_16sqlrustgo_parsers_16test_parse_alias
FNDA:1,_RNvCsa812O6vgh8t_16sqlrustgo_parsers_16test_parse_limit
FNDA:1,_RNvCsa812O6vgh8t_16sqlrustgo_parsers_16test_parse_merge
FNDA:1,_RNvCsa812O6vgh8t_16sqlrustgo_parsers_16test_parse_union
FNDA:1,_RNvCsa812O6vgh8t_16sqlrustgo_parsers_17test_parse_commit
FNDA:1,_RNvCsa812O6vgh8t_16sqlrustgo_parsers_17test_parse_delete
FNDA:1,_RNvCsa812O6vgh8t_16sqlrustgo_parsers_17test_parse_having
FNDA:1,_RNvCsa812O6vgh8t_16sqlrustgo_parsers_17test_parse_revoke
FNDA:1,_RNvCsa812O6vgh8t_16sqlrustgo_parsers_17test_parse_update
FNDA:1,_RNvCsa812O6vgh8t_16sqlrustgo_parsers_18test_parse_between
FNDA:1,_RNvCsa812O6vgh8t_16sqlrustgo_parsers_18test_parse_execute
FNDA:1,_RNvCsa812O6vgh8t_16sqlrustgo_parsers_18test_parse_explain
FNDA:1,_RNvCsa812O6vgh8t_16sqlrustgo_parsers_18test_parse_is_null
FNDA:1,_RNvCsa812O6vgh8t_16sqlrustgo_parsers_18test_parse_prepare
FNDA:1,_RNvCsa812O6vgh8t_16sqlrustgo_parsers_19test_parse_group_by
FNDA:1,_RNvCsa812O6vgh8t_16sqlrustgo_parsers_19test_parse_order_by
FNDA:1,_RNvCsa812O6vgh8t_16sqlrustgo_parsers_19test_parse_rollback
FNDA:1,_RNvCsa812O6vgh8t_16sqlrustgo_parsers_19test_parse_truncate
FNDA:1,_RNvCsa812O6vgh8t_16sqlrustgo_parsers_19test_sql92_features
FNDA:1,_RNvCsa812O6vgh8t_16sqlrustgo_parsers_20test_parse_delimiter
FNDA:1,_RNvCsa812O6vgh8t_16sqlrustgo_parsers_20test_parse_drop_user
FNDA:1,_RNvCsa812O6vgh8t_16sqlrustgo_parsers_20test_parse_left_join
FNDA:1,_RNvCsa812O6vgh8t_16sqlrustgo_parsers_20test_parse_union_all
FNDA:1,_RNvCsa812O6vgh8t_16sqlrustgo_parsers_21test_parse_cte_simple
FNDA:1,_RNvCsa812O6vgh8t_16sqlrustgo_parsers_21test_parse_deallocate
FNDA:1,_RNvCsa812O6vgh8t_16sqlrustgo_parsers_21test_parse_drop_table
FNDA:1,_RNvCsa812O6vgh8t_16sqlrustgo_parsers_21test_parse_inner_join
FNDA:1,_RNvCsa812O6vgh8t_16sqlrustgo_parsers_21test_parse_insert_set
FNDA:1,_RNvCsa812O6vgh8t_16sqlrustgo_parsers_22test_parse_create_user
FNDA:1,_RNvCsa812O6vgh8t_16sqlrustgo_parsers_22test_parse_is_not_null
FNDA:1,_RNvCsa812O6vgh8t_16sqlrustgo_parsers_22test_parse_show_status
FNDA:1,_RNvCsa812O6vgh8t_16sqlrustgo_parsers_23test_parse_limit_offset
FNDA:1,_RNvCsa812O6vgh8t_16sqlrustgo_parsers_24test_parse_insert_values
FNDA:1,_RNvCsa812O6vgh8t_16sqlrustgo_parsers_25test_parse_call_procedure
FNDA:1,_RNvCsa812O6vgh8t_16sqlrustgo_parsers_27test_parse_show_processlist
FNDA:1,_RNvCsa812O6vgh8t_16sqlrustgo_parsers_28test_parse_begin_transaction
FNDA:1,_RNvCsa812O6vgh8t_16sqlrustgo_parsers_28test_parse_window_frame_rows
FNDA:1,_RNvCsa812O6vgh8t_16sqlrustgo_parsers_29test_parse_window_frame_range
FNDA:1,_RNvCsa812O6vgh8t_16sqlrustgo_parsers_30test_parse_create_unique_index
FNDA:1,_RNvCsa812O6vgh8t_16sqlrustgo_parsers_30test_parse_lag_window_function
FNDA:1,_RNvCsa812O6vgh8t_16sqlrustgo_parsers_31test_parse_lead_window_function
FNDA:1,_RNvCsa812O6vgh8t_16sqlrustgo_parsers_31test_parse_rank_window_function
FNDA:1,_RNvCsa812O6vgh8t_16sqlrustgo_parsers_33test_parse_alter_table_add_column
FNDA:1,_RNvCsa812O6vgh8t_16sqlrustgo_parsers_34test_parse_alter_table_drop_column
FNDA:1,_RNvCsa812O6vgh8t_16sqlrustgo_parsers_35test_parse_complete_aggregate_query
FNDA:1,_RNvCsa812O6vgh8t_16sqlrustgo_parsers_35test_parse_order_by_desc_nulls_last
FNDA:1,_RNvCsa812O6vgh8t_16sqlrustgo_parsers_36test_parse_group_by_multiple_columns
FNDA:1,_RNvCsa812O6vgh8t_16sqlrustgo_parsers_36test_parse_order_by_multiple_columns
FNDA:1,_RNvCsa812O6vgh8t_16sqlrustgo_parsers_37test_parse_row_number_window_function
FNDA:1,_RNvNtCsa812O6vgh8t_16sqlrustgo_parser5testss_14test_parse_cte
FNDA:1,_RNvNtCsa812O6vgh8t_16sqlrustgo_parser5testss_16test_parse_union
FNDA:1,_RNvNtCsa812O6vgh8t_16sqlrustgo_parser5testss_19test_lexer_function
FNDA:1,_RNvNtCsa812O6vgh8t_16sqlrustgo_parser5testss_19test_module_exports
FNDA:1,_RNvNtCsa812O6vgh8t_16sqlrustgo_parser5testss_19test_parse_function
FNDA:1,_RNvNtCsa812O6vgh8t_16sqlrustgo_parser5testss_19test_parse_truncate
FNDA:1,_RNvNtCsa812O6vgh8t_16sqlrustgo_parser5testss_20test_parse_union_all
FNDA:1,_RNvNtCsa812O6vgh8t_16sqlrustgo_parser5testss_22test_parse_create_view
FNF:60
FNH:60
DA:43,1
DA:44,1
DA:45,1
DA:46,1
DA:47,1
DA:48,1
DA:49,1
DA:50,1
DA:51,1
DA:52,1
DA:53,1
DA:54,1
DA:55,1
DA:56,1
DA:57,1
DA:58,1
DA:59,1
DA:60,1
DA:61,1
DA:62,1
DA:63,1
DA:64,1
DA:67,1
DA:68,1
DA:69,1
DA:70,1
DA:73,1
DA:74,1
DA:75,1
DA:76,1
DA:79,1
DA:80,1
DA:81,1
DA:82,0
DA:83,1
DA:84,1
DA:85,1
DA:86,1
DA:87,0
DA:89,1
DA:92,1
DA:93,1
DA:94,1
DA:95,0
DA:96,1
DA:97,1
DA:98,1
DA:102,1
DA:103,0
DA:105,1
DA:108,1
DA:109,1
DA:110,1
DA:111,0
DA:112,1
DA:113,1
DA:114,1
DA:115,1
DA:116,1
DA:117,1
DA:118,1
DA:119,1
DA:120,1
DA:122,0
DA:124,1
DA:127,1
DA:128,1
DA:129,1
DA:130,0
DA:131,1
DA:132,1
DA:133,1
DA:134,1
DA:135,1
DA:137,0
DA:139,1
DA:142,1
DA:143,1
DA:144,1
DA:145,0
DA:146,1
DA:147,1
DA:148,1
DA:149,1
DA:150,1
DA:151,1
DA:153,0
DA:155,1
DA:159,1
DA:160,1
DA:161,1
DA:162,1
DA:163,1
DA:164,1
DA:165,1
DA:166,1
DA:167,1
DA:168,1
DA:169,1
DA:171,9
DA:172,9
DA:173,9
DA:174,9
DA:175,0
DA:177,1
DA:180,1
DA:181,1
DA:182,1
DA:183,1
DA:184,1
DA:185,1
DA:186,1
DA:187,1
DA:188,1
DA:190,0
DA:192,1
DA:195,1
DA:196,1
DA:197,1
DA:198,1
DA:199,1
DA:203,1
DA:204,1
DA:205,1
DA:206,1
DA:207,1
DA:208,0
DA:209,1
DA:212,1
DA:213,1
DA:214,1
DA:215,1
DA:216,1
DA:217,1
DA:218,1
DA:219,1
DA:221,0
DA:223,1
DA:226,1
DA:227,1
DA:228,1
DA:229,1
DA:230,1
DA:231,1
DA:232,1
DA:233,1
DA:234,1
DA:235,1
DA:236,1
DA:238,0
DA:240,1
DA:243,1
DA:244,1
DA:245,1
DA:246,1
DA:247,1
DA:251,1
DA:252,1
DA:253,1
DA:254,1
DA:255,1
DA:256,1
DA:257,1
DA:258,0
DA:259,1
DA:262,1
DA:263,1
DA:264,1
DA:265,1
DA:266,1
DA:270,1
DA:271,1
DA:272,1
DA:273,1
DA:274,1
DA:275,0
DA:276,1
DA:279,1
DA:280,1
DA:281,1
DA:282,1
DA:283,1
DA:287,1
DA:288,1
DA:289,1
DA:290,1
DA:291,1
DA:292,1
DA:293,1
DA:294,0
DA:295,1
DA:298,1
DA:299,1
DA:300,1
DA:301,1
DA:302,1
DA:303,1
DA:305,1
DA:307,0
DA:309,1
DA:312,1
DA:313,1
DA:314,1
DA:315,1
DA:316,1
DA:319,1
DA:320,1
DA:321,1
DA:322,1
DA:323,1
DA:326,1
DA:327,1
DA:328,1
DA:329,1
DA:330,1
DA:333,1
DA:335,1
DA:336,1
DA:337,1
DA:338,1
DA:341,1
DA:342,1
DA:343,1
DA:344,1
DA:345,1
DA:349,1
DA:352,1
DA:353,1
DA:354,1
DA:355,1
DA:356,1
DA:359,1
DA:360,1
DA:361,1
DA:362,1
DA:363,1
DA:366,1
DA:367,1
DA:368,1
DA:369,1
DA:370,1
DA:373,1
DA:374,1
DA:375,1
DA:376,1
DA:377,1
DA:380,1
DA:381,1
DA:382,1
DA:383,1
DA:384,1
DA:387,1
DA:388,1
DA:389,1
DA:390,1
DA:391,1
DA:394,1
DA:395,1
DA:396,1
DA:397,1
DA:398,1
DA:401,1
DA:402,1
DA:403,1
DA:404,1
DA:405,1
DA:408,1
DA:409,1
DA:410,1
DA:411,1
DA:412,1
DA:415,1
DA:416,1
DA:417,1
DA:418,1
DA:419,1
DA:423,1
DA:426,1
DA:427,1
DA:428,1
DA:429,1
DA:430,1
DA:434,1
DA:437,1
DA:438,1
DA:439,1
DA:440,1
DA:441,1
DA:445,1
DA:448,1
DA:449,1
DA:450,1
DA:451,1
DA:452,1
DA:455,1
DA:456,1
DA:457,1
DA:458,1
DA:459,1
DA:462,1
DA:463,1
DA:464,1
DA:465,1
DA:466,1
DA:469,1
DA:470,1
DA:471,1
DA:472,1
DA:473,1
DA:476,1
DA:477,1
DA:478,1
DA:479,1
DA:480,1
DA:484,1
DA:487,1
DA:488,1
DA:489,1
DA:490,1
DA:491,1
DA:494,1
DA:495,1
DA:496,1
DA:497,1
DA:498,1
DA:501,1
DA:502,1
DA:503,1
DA:504,1
DA:505,1
DA:508,1
DA:509,1
DA:510,1
DA:511,1
DA:512,1
DA:515,1
DA:516,1
DA:517,1
DA:518,1
DA:519,1
DA:522,1
DA:523,1
DA:524,1
DA:525,1
DA:526,1
DA:530,1
DA:533,1
DA:534,1
DA:535,1
DA:536,1
DA:537,1
DA:540,1
DA:541,1
DA:542,1
DA:543,1
DA:544,1
DA:547,1
DA:548,1
DA:549,1
DA:550,1
DA:551,1
DA:554,1
DA:555,1
DA:556,1
DA:557,1
DA:558,1
DA:561,1
DA:562,1
DA:563,1
DA:564,1
DA:565,1
DA:568,1
DA:569,1
DA:570,1
DA:571,1
DA:572,1
DA:575,1
DA:576,1
DA:577,1
DA:578,1
DA:579,1
DA:582,1
DA:583,1
DA:584,1
DA:585,1
DA:586,1
DA:589,1
DA:590,1
DA:591,1
DA:592,1
DA:593,1
DA:596,1
DA:597,1
DA:598,1
DA:599,1
DA:600,1
DA:603,1
DA:604,1
DA:605,1
DA:606,1
DA:607,1
DA:610,1
DA:611,1
DA:612,1
DA:613,1
DA:614,1
DA:617,1
DA:618,1
DA:619,1
DA:620,1
DA:621,1
DA:624,1
DA:625,1
DA:626,1
DA:627,1
DA:628,1
DA:631,1
DA:632,1
DA:633,1
DA:634,1
DA:635,1
BRF:0
BRH:0
LF:421
LH:402
end_of_record
SF:/home/openclaw/dev/yinglichina8848/sqlrustgo/crates/parser/src/parser.rs
FN:4559,_RNCNvMs0_NtCsfPVfeOGg4hx_16sqlrustgo_parser6parserNtB7_6Parser10parse_kill0B9_
FN:351,_RNvMNtCsfPVfeOGg4hx_16sqlrustgo_parser6parserNtB2_12UserIdentity3new
FN:4718,_RNvMs0_NtCsfPVfeOGg4hx_16sqlrustgo_parser6parserNtB5_6Parser10parse_call
FN:4653,_RNvMs0_NtCsfPVfeOGg4hx_16sqlrustgo_parser6parserNtB5_6Parser10parse_copy
FN:4538,_RNvMs0_NtCsfPVfeOGg4hx_16sqlrustgo_parser6parserNtB5_6Parser10parse_kill
FN:4521,_RNvMs0_NtCsfPVfeOGg4hx_16sqlrustgo_parser6parserNtB5_6Parser10parse_show
FN:798,_RNvMs0_NtCsfPVfeOGg4hx_16sqlrustgo_parser6parserNtB5_6Parser10parse_with
FN:2012,_RNvMs0_NtCsfPVfeOGg4hx_16sqlrustgo_parser6parserNtB5_6Parser11parse_alter
FN:4405,_RNvMs0_NtCsfPVfeOGg4hx_16sqlrustgo_parser6parserNtB5_6Parser11parse_grant
FN:890,_RNvMs0_NtCsfPVfeOGg4hx_16sqlrustgo_parser6parserNtB5_6Parser11parse_merge
FN:2997,_RNvMs0_NtCsfPVfeOGg4hx_16sqlrustgo_parser6parserNtB5_6Parser12parse_create
FN:2874,_RNvMs0_NtCsfPVfeOGg4hx_16sqlrustgo_parser6parserNtB5_6Parser12parse_delete
FN:1769,_RNvMs0_NtCsfPVfeOGg4hx_16sqlrustgo_parser6parserNtB5_6Parser12parse_insert
FN:4463,_RNvMs0_NtCsfPVfeOGg4hx_16sqlrustgo_parser6parserNtB5_6Parser12parse_revoke
FN:983,_RNvMs0_NtCsfPVfeOGg4hx_16sqlrustgo_parser6parserNtB5_6Parser12parse_select
FN:2077,_RNvMs0_NtCsfPVfeOGg4hx_16sqlrustgo_parser6parserNtB5_6Parser12parse_update
FN:4370,_RNvMs0_NtCsfPVfeOGg4hx_16sqlrustgo_parser6parserNtB5_6Parser13parse_analyze
FN:4600,_RNvMs0_NtCsfPVfeOGg4hx_16sqlrustgo_parser6parserNtB5_6Parser13parse_execute
FN:4386,_RNvMs0_NtCsfPVfeOGg4hx_16sqlrustgo_parser6parserNtB5_6Parser13parse_explain
FN:4571,_RNvMs0_NtCsfPVfeOGg4hx_16sqlrustgo_parser6parserNtB5_6Parser13parse_prepare
FN:970,_RNvMs0_NtCsfPVfeOGg4hx_16sqlrustgo_parser6parserNtB5_6Parser14parse_truncate
FN:4758,_RNvMs0_NtCsfPVfeOGg4hx_16sqlrustgo_parser6parserNtB5_6Parser15parse_delimiter
FN:3658,_RNvMs0_NtCsfPVfeOGg4hx_16sqlrustgo_parser6parserNtB5_6Parser15parse_drop_user
FN:3553,_RNvMs0_NtCsfPVfeOGg4hx_16sqlrustgo_parser6parserNtB5_6Parser15parse_fk_action
FN:762,_RNvMs0_NtCsfPVfeOGg4hx_16sqlrustgo_parser6parserNtB5_6Parser15parse_statement
FN:4633,_RNvMs0_NtCsfPVfeOGg4hx_16sqlrustgo_parser6parserNtB5_6Parser16parse_deallocate
FN:3577,_RNvMs0_NtCsfPVfeOGg4hx_16sqlrustgo_parser6parserNtB5_6Parser16parse_drop_table
FN:2139,_RNvMs0_NtCsfPVfeOGg4hx_16sqlrustgo_parser6parserNtB5_6Parser16parse_expression
FN:3612,_RNvMs0_NtCsfPVfeOGg4hx_16sqlrustgo_parser6parserNtB5_6Parser17parse_create_user
FN:4345,_RNvMs0_NtCsfPVfeOGg4hx_16sqlrustgo_parser6parserNtB5_6Parser17parse_create_view
FN:2770,_RNvMs0_NtCsfPVfeOGg4hx_16sqlrustgo_parser6parserNtB5_6Parser17parse_frame_bound
FN:4772,_RNvMs0_NtCsfPVfeOGg4hx_16sqlrustgo_parser6parserNtB5_6Parser17parse_transaction
FN:2896,_RNvMs0_NtCsfPVfeOGg4hx_16sqlrustgo_parser6parserNtB5_6Parser18parse_create_index
FN:3021,_RNvMs0_NtCsfPVfeOGg4hx_16sqlrustgo_parser6parserNtB5_6Parser18parse_create_table
FN:2708,_RNvMs0_NtCsfPVfeOGg4hx_16sqlrustgo_parser6parserNtB5_6Parser18parse_window_frame
FN:2144,_RNvMs0_NtCsfPVfeOGg4hx_16sqlrustgo_parser6parserNtB5_6Parser19parse_or_expression
FN:2832,_RNvMs0_NtCsfPVfeOGg4hx_16sqlrustgo_parser6parserNtB5_6Parser19parse_order_by_item
FN:4270,_RNvMs0_NtCsfPVfeOGg4hx_16sqlrustgo_parser6parserNtB5_6Parser20collect_until_end_if
FN:2157,_RNvMs0_NtCsfPVfeOGg4hx_16sqlrustgo_parser6parserNtB5_6Parser20parse_and_expression
FN:3692,_RNvMs0_NtCsfPVfeOGg4hx_16sqlrustgo_parser6parserNtB5_6Parser20parse_create_trigger
FN:2963,_RNvMs0_NtCsfPVfeOGg4hx_16sqlrustgo_parser6parserNtB5_6Parser21parse_create_or_index
FN:2631,_RNvMs0_NtCsfPVfeOGg4hx_16sqlrustgo_parser6parserNtB5_6Parser21parse_window_function
FN:4308,_RNvMs0_NtCsfPVfeOGg4hx_16sqlrustgo_parser6parserNtB5_6Parser22collect_until_end_loop
FN:3759,_RNvMs0_NtCsfPVfeOGg4hx_16sqlrustgo_parser6parserNtB5_6Parser22parse_create_procedure
FN:3350,_RNvMs0_NtCsfPVfeOGg4hx_16sqlrustgo_parser6parserNtB5_6Parser22parse_table_constraint
FN:4249,_RNvMs0_NtCsfPVfeOGg4hx_16sqlrustgo_parser6parserNtB5_6Parser23collect_until_semicolon
FN:2579,_RNvMs0_NtCsfPVfeOGg4hx_16sqlrustgo_parser6parserNtB5_6Parser24parse_extract_expression
FN:2409,_RNvMs0_NtCsfPVfeOGg4hx_16sqlrustgo_parser6parserNtB5_6Parser24parse_primary_expression
FN:2546,_RNvMs0_NtCsfPVfeOGg4hx_16sqlrustgo_parser6parserNtB5_6Parser26parse_case_when_expression
FN:2599,_RNvMs0_NtCsfPVfeOGg4hx_16sqlrustgo_parser6parserNtB5_6Parser26parse_substring_expression
FN:2339,_RNvMs0_NtCsfPVfeOGg4hx_16sqlrustgo_parser6parserNtB5_6Parser27parse_arithmetic_expression
FN:2170,_RNvMs0_NtCsfPVfeOGg4hx_16sqlrustgo_parser6parserNtB5_6Parser27parse_comparison_expression
FN:3531,_RNvMs0_NtCsfPVfeOGg4hx_16sqlrustgo_parser6parserNtB5_6Parser28parse_fk_referential_actions
FN:728,_RNvMs0_NtCsfPVfeOGg4hx_16sqlrustgo_parser6parserNtB5_6Parser3new
FN:747,_RNvMs0_NtCsfPVfeOGg4hx_16sqlrustgo_parser6parserNtB5_6Parser4next
FN:753,_RNvMs0_NtCsfPVfeOGg4hx_16sqlrustgo_parser6parserNtB5_6Parser6expect
FN:736,_RNvMs0_NtCsfPVfeOGg4hx_16sqlrustgo_parser6parserNtB5_6Parser7current
FN:390,_RNvMs_NtCsfPVfeOGg4hx_16sqlrustgo_parser6parserNtB4_9Privilege20can_view_processlist
FN:386,_RNvMs_NtCsfPVfeOGg4hx_16sqlrustgo_parser6parserNtB4_9Privilege8can_kill
FN:4847,_RNvNtCsfPVfeOGg4hx_16sqlrustgo_parser6parser5parse
FN:4879,_RNvNtNtCsa812O6vgh8t_16sqlrustgo_parser6parser5testss_14test_parse_q13
FN:4886,_RNvNtNtCsa812O6vgh8t_16sqlrustgo_parser6parser5testss_14test_parse_q22
FN:5045,_RNvNtNtCsa812O6vgh8t_16sqlrustgo_parser6parser5testss_15test_parse_drop
FN:5018,_RNvNtNtCsa812O6vgh8t_16sqlrustgo_parser6parser5testss_17test_parse_create
FN:4993,_RNvNtNtCsa812O6vgh8t_16sqlrustgo_parser6parser5testss_17test_parse_delete
FN:4906,_RNvNtNtCsa812O6vgh8t_16sqlrustgo_parser6parser5testss_17test_parse_insert
FN:4893,_RNvNtNtCsa812O6vgh8t_16sqlrustgo_parser6parser5testss_17test_parse_select
FN:4965,_RNvNtNtCsa812O6vgh8t_16sqlrustgo_parser6parser5testss_17test_parse_update
FN:5238,_RNvNtNtCsa812O6vgh8t_16sqlrustgo_parser6parser5testss_18test_parse_explain
FN:5138,_RNvNtNtCsa812O6vgh8t_16sqlrustgo_parser6parser5testss_18test_parser_expect
FN:5131,_RNvNtNtCsa812O6vgh8t_16sqlrustgo_parser6parser5testss_18test_parser_is_eof
FN:5556,_RNvNtNtCsa812O6vgh8t_16sqlrustgo_parser6parser5testss_19test_privilege_enum
FN:5689,_RNvNtNtCsa812O6vgh8t_16sqlrustgo_parser6parser5testss_20test_parse_drop_user
FN:5296,_RNvNtNtCsa812O6vgh8t_16sqlrustgo_parser6parser5testss_20test_parse_grant_all
FN:5268,_RNvNtNtCsa812O6vgh8t_16sqlrustgo_parser6parser5testss_21test_parse_grant_read
FN:6106,_RNvNtNtCsa812O6vgh8t_16sqlrustgo_parser6parser5testss_21test_parse_kill_query
FN:5440,_RNvNtNtCsa812O6vgh8t_16sqlrustgo_parser6parser5testss_21test_parse_revoke_all
FN:5166,_RNvNtNtCsa812O6vgh8t_16sqlrustgo_parser6parser5testss_21test_update_multi_set
FN:5643,_RNvNtNtCsa812O6vgh8t_16sqlrustgo_parser6parser5testss_22test_parse_create_user
FN:5852,_RNvNtNtCsa812O6vgh8t_16sqlrustgo_parser6parser5testss_22test_parse_create_view
FN:5107,_RNvNtNtCsa812O6vgh8t_16sqlrustgo_parser6parser5testss_22test_parse_error_empty
FN:5282,_RNvNtNtCsa812O6vgh8t_16sqlrustgo_parser6parser5testss_22test_parse_grant_write
FN:5412,_RNvNtNtCsa812O6vgh8t_16sqlrustgo_parser6parser5testss_22test_parse_revoke_read
FN:5057,_RNvNtNtCsa812O6vgh8t_16sqlrustgo_parser6parser5testss_22test_parse_select_star
FN:6056,_RNvNtNtCsa812O6vgh8t_16sqlrustgo_parser6parser5testss_22test_parse_show_status
FN:5763,_RNvNtNtCsa812O6vgh8t_16sqlrustgo_parser6parser5testss_23test_parse_batch_insert
FN:5352,_RNvNtNtCsa812O6vgh8t_16sqlrustgo_parser6parser5testss_23test_parse_grant_delete
FN:5324,_RNvNtNtCsa812O6vgh8t_16sqlrustgo_parser6parser5testss_23test_parse_grant_insert
FN:5310,_RNvNtNtCsa812O6vgh8t_16sqlrustgo_parser6parser5testss_23test_parse_grant_select
FN:5338,_RNvNtNtCsa812O6vgh8t_16sqlrustgo_parser6parser5testss_23test_parse_grant_update
FN:5426,_RNvNtNtCsa812O6vgh8t_16sqlrustgo_parser6parser5testss_23test_parse_revoke_write
FN:5496,_RNvNtNtCsa812O6vgh8t_16sqlrustgo_parser6parser5testss_24test_parse_revoke_delete
FN:5468,_RNvNtNtCsa812O6vgh8t_16sqlrustgo_parser6parser5testss_24test_parse_revoke_insert
FN:5454,_RNvNtNtCsa812O6vgh8t_16sqlrustgo_parser6parser5testss_24test_parse_revoke_select
FN:5482,_RNvNtNtCsa812O6vgh8t_16sqlrustgo_parser6parser5testss_24test_parse_revoke_update
FN:5719,_RNvNtNtCsa812O6vgh8t_16sqlrustgo_parser6parser5testss_24test_parse_upsert_single
FN:5146,_RNvNtNtCsa812O6vgh8t_16sqlrustgo_parser6parser5testss_24test_parser_expect_error
FN:5976,_RNvNtNtCsa812O6vgh8t_16sqlrustgo_parser6parser5testss_25test_parse_view_lowercase
FN:5934,_RNvNtNtCsa812O6vgh8t_16sqlrustgo_parser6parser5testss_26test_foreign_key_ref_clone
FN:5563,_RNvNtNtCsa812O6vgh8t_16sqlrustgo_parser6parser5testss_26test_grant_statement_clone
FN:5589,_RNvNtNtCsa812O6vgh8t_16sqlrustgo_parser6parser5testss_26test_grant_statement_debug
FN:5821,_RNvNtNtCsa812O6vgh8t_16sqlrustgo_parser6parser5testss_26test_parse_column_not_null
FN:6138,_RNvNtNtCsa812O6vgh8t_16sqlrustgo_parser6parser5testss_26test_parse_copy_to_parquet
FN:5256,_RNvNtNtCsa812O6vgh8t_16sqlrustgo_parser6parser5testss_26test_parse_explain_analyze
FN:5366,_RNvNtNtCsa812O6vgh8t_16sqlrustgo_parser6parser5testss_26test_parse_grant_lowercase
FN:6080,_RNvNtNtCsa812O6vgh8t_16sqlrustgo_parser6parser5testss_26test_parse_kill_connection
FN:4858,_RNvNtNtCsa812O6vgh8t_16sqlrustgo_parser6parser5testss_26test_parse_not_in_subquery
FN:5737,_RNvNtNtCsa812O6vgh8t_16sqlrustgo_parser6parser5testss_26test_parse_upsert_multiple
FN:5982,_RNvNtNtCsa812O6vgh8t_16sqlrustgo_parser6parser5testss_26test_parse_view_missing_as
FN:5400,_RNvNtNtCsa812O6vgh8t_16sqlrustgo_parser6parser5testss_27test_parse_grant_missing_on
FN:5406,_RNvNtNtCsa812O6vgh8t_16sqlrustgo_parser6parser5testss_27test_parse_grant_missing_to
FN:5380,_RNvNtNtCsa812O6vgh8t_16sqlrustgo_parser6parser5testss_27test_parse_grant_mixed_case
FN:4949,_RNvNtNtCsa812O6vgh8t_16sqlrustgo_parser6parser5testss_27test_parse_insert_multi_row
FN:5510,_RNvNtNtCsa812O6vgh8t_16sqlrustgo_parser6parser5testss_27test_parse_revoke_lowercase
FN:6066,_RNvNtNtCsa812O6vgh8t_16sqlrustgo_parser6parser5testss_27test_parse_show_processlist
FN:5576,_RNvNtNtCsa812O6vgh8t_16sqlrustgo_parser6parser5testss_27test_revoke_statement_clone
FN:5603,_RNvNtNtCsa812O6vgh8t_16sqlrustgo_parser6parser5testss_27test_revoke_statement_debug
FN:5879,_RNvNtNtCsa812O6vgh8t_16sqlrustgo_parser6parser5testss_28test_column_definition_clone
FN:5900,_RNvNtNtCsa812O6vgh8t_16sqlrustgo_parser6parser5testss_28test_column_definition_debug
FN:5947,_RNvNtNtCsa812O6vgh8t_16sqlrustgo_parser6parser5testss_28test_foreign_key_action_enum
FN:6123,_RNvNtNtCsa812O6vgh8t_16sqlrustgo_parser6parser5testss_28test_parse_copy_from_parquet
FN:5005,_RNvNtNtCsa812O6vgh8t_16sqlrustgo_parser6parser5testss_28test_parse_delete_with_where
FN:5544,_RNvNtNtCsa812O6vgh8t_16sqlrustgo_parser6parser5testss_28test_parse_revoke_missing_on
FN:5524,_RNvNtNtCsa812O6vgh8t_16sqlrustgo_parser6parser5testss_28test_parse_revoke_mixed_case
FN:5083,_RNvNtNtCsa812O6vgh8t_16sqlrustgo_parser6parser5testss_28test_parse_select_with_where
FN:5232,_RNvNtNtCsa812O6vgh8t_16sqlrustgo_parser6parser5testss_28test_parse_update_single_set
FN:4979,_RNvNtNtCsa812O6vgh8t_16sqlrustgo_parser6parser5testss_28test_parse_update_with_where
FN:5095,_RNvNtNtCsa812O6vgh8t_16sqlrustgo_parser6parser5testss_29test_parse_analyze_with_table
FN:5804,_RNvNtNtCsa812O6vgh8t_16sqlrustgo_parser6parser5testss_29test_parse_column_foreign_key
FN:5790,_RNvNtNtCsa812O6vgh8t_16sqlrustgo_parser6parser5testss_29test_parse_column_primary_key
FN:6196,_RNvNtNtCsa812O6vgh8t_16sqlrustgo_parser6parser5testss_29test_parse_copy_error_no_path
FN:5208,_RNvNtNtCsa812O6vgh8t_16sqlrustgo_parser6parser5testss_29test_parse_drop_error_no_name
FN:5703,_RNvNtNtCsa812O6vgh8t_16sqlrustgo_parser6parser5testss_29test_parse_drop_user_multiple
FN:4872,_RNvNtNtCsa812O6vgh8t_16sqlrustgo_parser6parser5testss_29test_parse_inline_view_simple
FN:4920,_RNvNtNtCsa812O6vgh8t_16sqlrustgo_parser6parser5testss_29test_parse_insert_with_values
FN:5184,_RNvNtNtCsa812O6vgh8t_16sqlrustgo_parser6parser5testss_29test_parse_select_all_columns
FN:5617,_RNvNtNtCsa812O6vgh8t_16sqlrustgo_parser6parser5testss_30test_multiple_grant_statements
FN:6184,_RNvNtNtCsa812O6vgh8t_16sqlrustgo_parser6parser5testss_30test_parse_copy_error_no_table
FN:5865,_RNvNtNtCsa812O6vgh8t_16sqlrustgo_parser6parser5testss_30test_parse_create_view_complex
FN:5030,_RNvNtNtCsa812O6vgh8t_16sqlrustgo_parser6parser5testss_30test_parse_create_with_columns
FN:5214,_RNvNtNtCsa812O6vgh8t_16sqlrustgo_parser6parser5testss_30test_parse_insert_single_value
FN:4934,_RNvNtNtCsa812O6vgh8t_16sqlrustgo_parser6parser5testss_30test_parse_insert_with_columns
FN:5550,_RNvNtNtCsa812O6vgh8t_16sqlrustgo_parser6parser5testss_30test_parse_revoke_missing_from
FN:5119,_RNvNtNtCsa812O6vgh8t_16sqlrustgo_parser6parser5testss_30test_parse_select_missing_from
FN:5196,_RNvNtNtCsa812O6vgh8t_16sqlrustgo_parser6parser5testss_30test_parse_update_error_no_set
FN:5988,_RNvNtNtCsa812O6vgh8t_16sqlrustgo_parser6parser5testss_30test_parse_upsert_empty_update
FN:5154,_RNvNtNtCsa812O6vgh8t_16sqlrustgo_parser6parser5testss_31test_create_table_with_not_null
FN:5630,_RNvNtNtCsa812O6vgh8t_16sqlrustgo_parser6parser5testss_31test_multiple_revoke_statements
FN:5658,_RNvNtNtCsa812O6vgh8t_16sqlrustgo_parser6parser5testss_31test_parse_create_user_multiple
FN:5125,_RNvNtNtCsa812O6vgh8t_16sqlrustgo_parser6parser5testss_31test_parse_insert_missing_table
FN:5954,_RNvNtNtCsa812O6vgh8t_16sqlrustgo_parser6parser5testss_32test_create_view_statement_clone
FN:5965,_RNvNtNtCsa812O6vgh8t_16sqlrustgo_parser6parser5testss_32test_create_view_statement_debug
FN:5776,_RNvNtNtCsa812O6vgh8t_16sqlrustgo_parser6parser5testss_32test_parse_column_auto_increment
FN:5190,_RNvNtNtCsa812O6vgh8t_16sqlrustgo_parser6parser5testss_32test_parse_delete_error_no_table
FN:4865,_RNvNtNtCsa812O6vgh8t_16sqlrustgo_parser6parser5testss_32test_parse_inline_view_with_join
FN:5172,_RNvNtNtCsa812O6vgh8t_16sqlrustgo_parser6parser5testss_32test_parse_insert_error_no_table
FN:6020,_RNvNtNtCsa812O6vgh8t_16sqlrustgo_parser6parser5testss_32test_parse_multiple_foreign_keys
FN:5835,_RNvNtNtCsa812O6vgh8t_16sqlrustgo_parser6parser5testss_33test_parse_column_all_constraints
FN:5202,_RNvNtNtCsa812O6vgh8t_16sqlrustgo_parser6parser5testss_33test_parse_create_without_columns
FN:5113,_RNvNtNtCsa812O6vgh8t_16sqlrustgo_parser6parser5testss_33test_parse_error_unexpected_token
FN:5178,_RNvNtNtCsa812O6vgh8t_16sqlrustgo_parser6parser5testss_33test_parse_insert_error_no_values
FN:5994,_RNvNtNtCsa812O6vgh8t_16sqlrustgo_parser6parser5testss_34test_parse_batch_insert_single_row
FN:6190,_RNvNtNtCsa812O6vgh8t_16sqlrustgo_parser6parser5testss_34test_parse_copy_error_no_direction
FN:5394,_RNvNtNtCsa812O6vgh8t_16sqlrustgo_parser6parser5testss_34test_parse_grant_invalid_privilege
FN:5220,_RNvNtNtCsa812O6vgh8t_16sqlrustgo_parser6parser5testss_34test_parse_insert_with_column_list
FN:5071,_RNvNtNtCsa812O6vgh8t_16sqlrustgo_parser6parser5testss_34test_parse_select_multiple_columns
FN:5675,_RNvNtNtCsa812O6vgh8t_16sqlrustgo_parser6parser5testss_35test_parse_create_user_default_host
FN:6093,_RNvNtNtCsa812O6vgh8t_16sqlrustgo_parser6parser5testss_35test_parse_kill_connection_explicit
FN:5538,_RNvNtNtCsa812O6vgh8t_16sqlrustgo_parser6parser5testss_35test_parse_revoke_invalid_privilege
FN:6000,_RNvNtNtCsa812O6vgh8t_16sqlrustgo_parser6parser5testss_36test_parse_batch_insert_empty_values
FN:5751,_RNvNtNtCsa812O6vgh8t_16sqlrustgo_parser6parser5testss_38test_parse_upsert_without_on_duplicate
FN:5160,_RNvNtNtCsa812O6vgh8t_16sqlrustgo_parser6parser5testss_39test_create_table_with_multiple_columns
FN:6006,_RNvNtNtCsa812O6vgh8t_16sqlrustgo_parser6parser5testss_39test_parse_column_foreign_key_no_column
FN:6050,_RNvNtNtCsa812O6vgh8t_16sqlrustgo_parser6parser5testss_41test_parse_column_auto_increment_synonyms
FN:6169,_RNvNtNtCsa812O6vgh8t_16sqlrustgo_parser6parser5testss_41test_parse_copy_to_parquet_without_format
FN:6153,_RNvNtNtCsa812O6vgh8t_16sqlrustgo_parser6parser5testss_43test_parse_copy_from_parquet_without_format
FN:5916,_RNvNtNtCsa812O6vgh8t_16sqlrustgo_parser6parser5testss_45test_insert_statement_with_on_duplicate_clone
FN:4559,_RNCNvMs0_NtCsa812O6vgh8t_16sqlrustgo_parser6parserNtB7_6Parser10parse_kill0B9_
FN:351,_RNvMNtCsa812O6vgh8t_16sqlrustgo_parser6parserNtB2_12UserIdentity3new
FN:4718,_RNvMs0_NtCsa812O6vgh8t_16sqlrustgo_parser6parserNtB5_6Parser10parse_call
FN:4653,_RNvMs0_NtCsa812O6vgh8t_16sqlrustgo_parser6parserNtB5_6Parser10parse_copy
FN:4538,_RNvMs0_NtCsa812O6vgh8t_16sqlrustgo_parser6parserNtB5_6Parser10parse_kill
FN:4521,_RNvMs0_NtCsa812O6vgh8t_16sqlrustgo_parser6parserNtB5_6Parser10parse_show
FN:798,_RNvMs0_NtCsa812O6vgh8t_16sqlrustgo_parser6parserNtB5_6Parser10parse_with
FN:2012,_RNvMs0_NtCsa812O6vgh8t_16sqlrustgo_parser6parserNtB5_6Parser11parse_alter
FN:4405,_RNvMs0_NtCsa812O6vgh8t_16sqlrustgo_parser6parserNtB5_6Parser11parse_grant
FN:890,_RNvMs0_NtCsa812O6vgh8t_16sqlrustgo_parser6parserNtB5_6Parser11parse_merge
FN:2997,_RNvMs0_NtCsa812O6vgh8t_16sqlrustgo_parser6parserNtB5_6Parser12parse_create
FN:2874,_RNvMs0_NtCsa812O6vgh8t_16sqlrustgo_parser6parserNtB5_6Parser12parse_delete
FN:1769,_RNvMs0_NtCsa812O6vgh8t_16sqlrustgo_parser6parserNtB5_6Parser12parse_insert
FN:4463,_RNvMs0_NtCsa812O6vgh8t_16sqlrustgo_parser6parserNtB5_6Parser12parse_revoke
FN:983,_RNvMs0_NtCsa812O6vgh8t_16sqlrustgo_parser6parserNtB5_6Parser12parse_select
FN:2077,_RNvMs0_NtCsa812O6vgh8t_16sqlrustgo_parser6parserNtB5_6Parser12parse_update
FN:4370,_RNvMs0_NtCsa812O6vgh8t_16sqlrustgo_parser6parserNtB5_6Parser13parse_analyze
FN:4600,_RNvMs0_NtCsa812O6vgh8t_16sqlrustgo_parser6parserNtB5_6Parser13parse_execute
FN:4386,_RNvMs0_NtCsa812O6vgh8t_16sqlrustgo_parser6parserNtB5_6Parser13parse_explain
FN:4571,_RNvMs0_NtCsa812O6vgh8t_16sqlrustgo_parser6parserNtB5_6Parser13parse_prepare
FN:970,_RNvMs0_NtCsa812O6vgh8t_16sqlrustgo_parser6parserNtB5_6Parser14parse_truncate
FN:4758,_RNvMs0_NtCsa812O6vgh8t_16sqlrustgo_parser6parserNtB5_6Parser15parse_delimiter
FN:3658,_RNvMs0_NtCsa812O6vgh8t_16sqlrustgo_parser6parserNtB5_6Parser15parse_drop_user
FN:3553,_RNvMs0_NtCsa812O6vgh8t_16sqlrustgo_parser6parserNtB5_6Parser15parse_fk_action
FN:762,_RNvMs0_NtCsa812O6vgh8t_16sqlrustgo_parser6parserNtB5_6Parser15parse_statement
FN:4633,_RNvMs0_NtCsa812O6vgh8t_16sqlrustgo_parser6parserNtB5_6Parser16parse_deallocate
FN:3577,_RNvMs0_NtCsa812O6vgh8t_16sqlrustgo_parser6parserNtB5_6Parser16parse_drop_table
FN:2139,_RNvMs0_NtCsa812O6vgh8t_16sqlrustgo_parser6parserNtB5_6Parser16parse_expression
FN:3612,_RNvMs0_NtCsa812O6vgh8t_16sqlrustgo_parser6parserNtB5_6Parser17parse_create_user
FN:4345,_RNvMs0_NtCsa812O6vgh8t_16sqlrustgo_parser6parserNtB5_6Parser17parse_create_view
FN:2770,_RNvMs0_NtCsa812O6vgh8t_16sqlrustgo_parser6parserNtB5_6Parser17parse_frame_bound
FN:4772,_RNvMs0_NtCsa812O6vgh8t_16sqlrustgo_parser6parserNtB5_6Parser17parse_transaction
FN:2896,_RNvMs0_NtCsa812O6vgh8t_16sqlrustgo_parser6parserNtB5_6Parser18parse_create_index
FN:3021,_RNvMs0_NtCsa812O6vgh8t_16sqlrustgo_parser6parserNtB5_6Parser18parse_create_table
FN:2708,_RNvMs0_NtCsa812O6vgh8t_16sqlrustgo_parser6parserNtB5_6Parser18parse_window_frame
FN:2144,_RNvMs0_NtCsa812O6vgh8t_16sqlrustgo_parser6parserNtB5_6Parser19parse_or_expression
FN:2832,_RNvMs0_NtCsa812O6vgh8t_16sqlrustgo_parser6parserNtB5_6Parser19parse_order_by_item
FN:4270,_RNvMs0_NtCsa812O6vgh8t_16sqlrustgo_parser6parserNtB5_6Parser20collect_until_end_if
FN:2157,_RNvMs0_NtCsa812O6vgh8t_16sqlrustgo_parser6parserNtB5_6Parser20parse_and_expression
FN:3692,_RNvMs0_NtCsa812O6vgh8t_16sqlrustgo_parser6parserNtB5_6Parser20parse_create_trigger
FN:2963,_RNvMs0_NtCsa812O6vgh8t_16sqlrustgo_parser6parserNtB5_6Parser21parse_create_or_index
FN:2631,_RNvMs0_NtCsa812O6vgh8t_16sqlrustgo_parser6parserNtB5_6Parser21parse_window_function
FN:4308,_RNvMs0_NtCsa812O6vgh8t_16sqlrustgo_parser6parserNtB5_6Parser22collect_until_end_loop
FN:3759,_RNvMs0_NtCsa812O6vgh8t_16sqlrustgo_parser6parserNtB5_6Parser22parse_create_procedure
FN:3350,_RNvMs0_NtCsa812O6vgh8t_16sqlrustgo_parser6parserNtB5_6Parser22parse_table_constraint
FN:4249,_RNvMs0_NtCsa812O6vgh8t_16sqlrustgo_parser6parserNtB5_6Parser23collect_until_semicolon
FN:2579,_RNvMs0_NtCsa812O6vgh8t_16sqlrustgo_parser6parserNtB5_6Parser24parse_extract_expression
FN:2409,_RNvMs0_NtCsa812O6vgh8t_16sqlrustgo_parser6parserNtB5_6Parser24parse_primary_expression
FN:2546,_RNvMs0_NtCsa812O6vgh8t_16sqlrustgo_parser6parserNtB5_6Parser26parse_case_when_expression
FN:2599,_RNvMs0_NtCsa812O6vgh8t_16sqlrustgo_parser6parserNtB5_6Parser26parse_substring_expression
FN:2339,_RNvMs0_NtCsa812O6vgh8t_16sqlrustgo_parser6parserNtB5_6Parser27parse_arithmetic_expression
FN:2170,_RNvMs0_NtCsa812O6vgh8t_16sqlrustgo_parser6parserNtB5_6Parser27parse_comparison_expression
FN:3531,_RNvMs0_NtCsa812O6vgh8t_16sqlrustgo_parser6parserNtB5_6Parser28parse_fk_referential_actions
FN:728,_RNvMs0_NtCsa812O6vgh8t_16sqlrustgo_parser6parserNtB5_6Parser3new
FN:747,_RNvMs0_NtCsa812O6vgh8t_16sqlrustgo_parser6parserNtB5_6Parser4next
FN:753,_RNvMs0_NtCsa812O6vgh8t_16sqlrustgo_parser6parserNtB5_6Parser6expect
FN:742,_RNvMs0_NtCsa812O6vgh8t_16sqlrustgo_parser6parserNtB5_6Parser6is_eof
FN:736,_RNvMs0_NtCsa812O6vgh8t_16sqlrustgo_parser6parserNtB5_6Parser7current
FN:4847,_RNvNtCsa812O6vgh8t_16sqlrustgo_parser6parser5parse
FN:6383,_RNvNtCsa812O6vgh8t_16sqlrustgo_parser6parsers_15test_parse_kill
FN:6484,_RNvNtCsa812O6vgh8t_16sqlrustgo_parser6parsers_16test_parse_union
FN:6419,_RNvNtCsa812O6vgh8t_16sqlrustgo_parser6parsers_19test_parse_truncate
FN:6496,_RNvNtCsa812O6vgh8t_16sqlrustgo_parser6parsers_20test_parse_union_all
FN:6407,_RNvNtCsa812O6vgh8t_16sqlrustgo_parser6parsers_21test_parse_kill_query
FN:6314,_RNvNtCsa812O6vgh8t_16sqlrustgo_parser6parsers_22test_parse_create_view
FN:6363,_RNvNtCsa812O6vgh8t_16sqlrustgo_parser6parsers_22test_parse_show_status
FN:6286,_RNvNtCsa812O6vgh8t_16sqlrustgo_parser6parsers_23test_parse_create_index
FN:6221,_RNvNtCsa812O6vgh8t_16sqlrustgo_parser6parsers_23test_parse_replace_into
FN:6207,_RNvNtCsa812O6vgh8t_16sqlrustgo_parser6parsers_24test_parse_insert_ignore
FN:6395,_RNvNtCsa812O6vgh8t_16sqlrustgo_parser6parsers_26test_parse_kill_connection
FN:6604,_RNvNtCsa812O6vgh8t_16sqlrustgo_parser6parsers_27test_parse_procedure_return
FN:6373,_RNvNtCsa812O6vgh8t_16sqlrustgo_parser6parsers_27test_parse_show_processlist
FN:6431,_RNvNtCsa812O6vgh8t_16sqlrustgo_parser6parsers_28test_parse_delete_with_limit
FN:6568,_RNvNtCsa812O6vgh8t_16sqlrustgo_parser6parsers_28test_parse_procedure_if_else
FN:6510,_RNvNtCsa812O6vgh8t_16sqlrustgo_parser6parsers_28test_parse_procedure_with_if
FN:6327,_RNvNtCsa812O6vgh8t_16sqlrustgo_parser6parsers_28test_parse_transaction_begin
FN:6470,_RNvNtCsa812O6vgh8t_16sqlrustgo_parser6parsers_29test_parse_select_with_having
FN:6339,_RNvNtCsa812O6vgh8t_16sqlrustgo_parser6parsers_29test_parse_transaction_commit
FN:6300,_RNvNtCsa812O6vgh8t_16sqlrustgo_parser6parsers_30test_parse_create_unique_index
FN:6530,_RNvNtCsa812O6vgh8t_16sqlrustgo_parser6parsers_31test_parse_procedure_with_while
FN:6457,_RNvNtCsa812O6vgh8t_16sqlrustgo_parser6parsers_31test_parse_select_with_group_by
FN:6444,_RNvNtCsa812O6vgh8t_16sqlrustgo_parser6parsers_31test_parse_select_with_order_by
FN:6351,_RNvNtCsa812O6vgh8t_16sqlrustgo_parser6parsers_31test_parse_transaction_rollback
FN:6262,_RNvNtCsa812O6vgh8t_16sqlrustgo_parser6parsers_33test_parse_alter_table_add_column
FN:6248,_RNvNtCsa812O6vgh8t_16sqlrustgo_parser6parsers_33test_parse_insert_with_set_ignore
FN:6588,_RNvNtCsa812O6vgh8t_16sqlrustgo_parser6parsers_33test_parse_procedure_with_declare
FN:6274,_RNvNtCsa812O6vgh8t_16sqlrustgo_parser6parsers_34test_parse_alter_table_drop_column
FN:6795,_RNvNtCsa812O6vgh8t_16sqlrustgo_parser6parsers_34test_parse_table_constraint_unique
FN:6549,_RNvNtCsa812O6vgh8t_16sqlrustgo_parser6parsers_36test_parse_procedure_with_loop_leave
FN:6817,_RNvNtCsa812O6vgh8t_16sqlrustgo_parser6parsers_36test_parse_table_constraint_multiple
FN:6235,_RNvNtCsa812O6vgh8t_16sqlrustgo_parser6parsers_37test_parse_insert_ignore_on_duplicate
FN:6620,_RNvNtCsa812O6vgh8t_16sqlrustgo_parser6parsers_39test_parse_table_constraint_foreign_key
FN:6773,_RNvNtCsa812O6vgh8t_16sqlrustgo_parser6parsers_39test_parse_table_constraint_primary_key
FN:6680,_RNvNtCsa812O6vgh8t_16sqlrustgo_parser6parsers_43test_parse_table_constraint_fk_with_cascade
FN:6652,_RNvNtCsa812O6vgh8t_16sqlrustgo_parser6parsers_43test_parse_table_constraint_multi_column_fk
FN:6737,_RNvNtCsa812O6vgh8t_16sqlrustgo_parser6parsers_44test_parse_table_constraint_fk_with_set_null
FN:6708,_RNvNtCsa812O6vgh8t_16sqlrustgo_parser6parsers_51test_parse_table_constraint_fk_with_constraint_name
FN:2947,_RNvMs0_NtCsa812O6vgh8t_16sqlrustgo_parser6parserNtB5_6Parser16parse_drop_index
FN:3602,_RNvMs0_NtCsa812O6vgh8t_16sqlrustgo_parser6parserNtB5_6Parser18parse_drop_trigger
FN:4026,_RNvMs0_NtCsa812O6vgh8t_16sqlrustgo_parser6parserNtB5_6Parser18parse_procedure_if
FN:4189,_RNvMs0_NtCsa812O6vgh8t_16sqlrustgo_parser6parserNtB5_6Parser19collect_until_token
FN:4171,_RNvMs0_NtCsa812O6vgh8t_16sqlrustgo_parser6parserNtB5_6Parser19parse_procedure_set
FN:3910,_RNvMs0_NtCsa812O6vgh8t_16sqlrustgo_parser6parserNtB5_6Parser20parse_procedure_body
FN:4123,_RNvMs0_NtCsa812O6vgh8t_16sqlrustgo_parser6parserNtB5_6Parser20parse_procedure_call
FN:4082,_RNvMs0_NtCsa812O6vgh8t_16sqlrustgo_parser6parserNtB5_6Parser20parse_procedure_loop
FN:3492,_RNvMs0_NtCsa812O6vgh8t_16sqlrustgo_parser6parserNtB5_6Parser21parse_identifier_list
FN:4094,_RNvMs0_NtCsa812O6vgh8t_16sqlrustgo_parser6parserNtB5_6Parser21parse_procedure_leave
FN:4067,_RNvMs0_NtCsa812O6vgh8t_16sqlrustgo_parser6parserNtB5_6Parser21parse_procedure_while
FN:3513,_RNvMs0_NtCsa812O6vgh8t_16sqlrustgo_parser6parserNtB5_6Parser22parse_fk_delete_action
FN:4116,_RNvMs0_NtCsa812O6vgh8t_16sqlrustgo_parser6parserNtB5_6Parser22parse_procedure_return
FN:3980,_RNvMs0_NtCsa812O6vgh8t_16sqlrustgo_parser6parserNtB5_6Parser23parse_procedure_declare
FN:4105,_RNvMs0_NtCsa812O6vgh8t_16sqlrustgo_parser6parserNtB5_6Parser23parse_procedure_iterate
FN:3942,_RNvMs0_NtCsa812O6vgh8t_16sqlrustgo_parser6parserNtB5_6Parser25parse_procedure_statement
FN:4220,_RNvMs0_NtCsa812O6vgh8t_16sqlrustgo_parser6parserNtB5_6Parser29expect_token_case_insensitive
FN:2959,_RNvMs0_NtCsa812O6vgh8t_16sqlrustgo_parser6parserNtB5_6Parser4peek
FN:390,_RNvMs_NtCsa812O6vgh8t_16sqlrustgo_parser6parserNtB4_9Privilege20can_view_processlist
FN:386,_RNvMs_NtCsa812O6vgh8t_16sqlrustgo_parser6parserNtB4_9Privilege8can_kill
FN:351,_RNvMNtCs3Y8Ciw6e7SB_16sqlrustgo_parser6parserNtB2_12UserIdentity3new
FN:4718,_RNvMs0_NtCs3Y8Ciw6e7SB_16sqlrustgo_parser6parserNtB5_6Parser10parse_call
FN:4653,_RNvMs0_NtCs3Y8Ciw6e7SB_16sqlrustgo_parser6parserNtB5_6Parser10parse_copy
FN:4538,_RNvMs0_NtCs3Y8Ciw6e7SB_16sqlrustgo_parser6parserNtB5_6Parser10parse_kill
FN:4521,_RNvMs0_NtCs3Y8Ciw6e7SB_16sqlrustgo_parser6parserNtB5_6Parser10parse_show
FN:798,_RNvMs0_NtCs3Y8Ciw6e7SB_16sqlrustgo_parser6parserNtB5_6Parser10parse_with
FN:2012,_RNvMs0_NtCs3Y8Ciw6e7SB_16sqlrustgo_parser6parserNtB5_6Parser11parse_alter
FN:4405,_RNvMs0_NtCs3Y8Ciw6e7SB_16sqlrustgo_parser6parserNtB5_6Parser11parse_grant
FN:890,_RNvMs0_NtCs3Y8Ciw6e7SB_16sqlrustgo_parser6parserNtB5_6Parser11parse_merge
FN:2997,_RNvMs0_NtCs3Y8Ciw6e7SB_16sqlrustgo_parser6parserNtB5_6Parser12parse_create
FN:2874,_RNvMs0_NtCs3Y8Ciw6e7SB_16sqlrustgo_parser6parserNtB5_6Parser12parse_delete
FN:1769,_RNvMs0_NtCs3Y8Ciw6e7SB_16sqlrustgo_parser6parserNtB5_6Parser12parse_insert
FN:4463,_RNvMs0_NtCs3Y8Ciw6e7SB_16sqlrustgo_parser6parserNtB5_6Parser12parse_revoke
FN:983,_RNvMs0_NtCs3Y8Ciw6e7SB_16sqlrustgo_parser6parserNtB5_6Parser12parse_select
FN:2077,_RNvMs0_NtCs3Y8Ciw6e7SB_16sqlrustgo_parser6parserNtB5_6Parser12parse_update
FN:4370,_RNvMs0_NtCs3Y8Ciw6e7SB_16sqlrustgo_parser6parserNtB5_6Parser13parse_analyze
FN:4600,_RNvMs0_NtCs3Y8Ciw6e7SB_16sqlrustgo_parser6parserNtB5_6Parser13parse_execute
FN:4386,_RNvMs0_NtCs3Y8Ciw6e7SB_16sqlrustgo_parser6parserNtB5_6Parser13parse_explain
FN:4571,_RNvMs0_NtCs3Y8Ciw6e7SB_16sqlrustgo_parser6parserNtB5_6Parser13parse_prepare
FN:970,_RNvMs0_NtCs3Y8Ciw6e7SB_16sqlrustgo_parser6parserNtB5_6Parser14parse_truncate
FN:4758,_RNvMs0_NtCs3Y8Ciw6e7SB_16sqlrustgo_parser6parserNtB5_6Parser15parse_delimiter
FN:3658,_RNvMs0_NtCs3Y8Ciw6e7SB_16sqlrustgo_parser6parserNtB5_6Parser15parse_drop_user
FN:3553,_RNvMs0_NtCs3Y8Ciw6e7SB_16sqlrustgo_parser6parserNtB5_6Parser15parse_fk_action
FN:762,_RNvMs0_NtCs3Y8Ciw6e7SB_16sqlrustgo_parser6parserNtB5_6Parser15parse_statement
FN:4633,_RNvMs0_NtCs3Y8Ciw6e7SB_16sqlrustgo_parser6parserNtB5_6Parser16parse_deallocate
FN:3577,_RNvMs0_NtCs3Y8Ciw6e7SB_16sqlrustgo_parser6parserNtB5_6Parser16parse_drop_table
FN:2139,_RNvMs0_NtCs3Y8Ciw6e7SB_16sqlrustgo_parser6parserNtB5_6Parser16parse_expression
FN:3612,_RNvMs0_NtCs3Y8Ciw6e7SB_16sqlrustgo_parser6parserNtB5_6Parser17parse_create_user
FN:4345,_RNvMs0_NtCs3Y8Ciw6e7SB_16sqlrustgo_parser6parserNtB5_6Parser17parse_create_view
FN:2770,_RNvMs0_NtCs3Y8Ciw6e7SB_16sqlrustgo_parser6parserNtB5_6Parser17parse_frame_bound
FN:4772,_RNvMs0_NtCs3Y8Ciw6e7SB_16sqlrustgo_parser6parserNtB5_6Parser17parse_transaction
FN:2896,_RNvMs0_NtCs3Y8Ciw6e7SB_16sqlrustgo_parser6parserNtB5_6Parser18parse_create_index
FN:3021,_RNvMs0_NtCs3Y8Ciw6e7SB_16sqlrustgo_parser6parserNtB5_6Parser18parse_create_table
FN:2708,_RNvMs0_NtCs3Y8Ciw6e7SB_16sqlrustgo_parser6parserNtB5_6Parser18parse_window_frame
FN:2144,_RNvMs0_NtCs3Y8Ciw6e7SB_16sqlrustgo_parser6parserNtB5_6Parser19parse_or_expression
FN:2832,_RNvMs0_NtCs3Y8Ciw6e7SB_16sqlrustgo_parser6parserNtB5_6Parser19parse_order_by_item
FN:4270,_RNvMs0_NtCs3Y8Ciw6e7SB_16sqlrustgo_parser6parserNtB5_6Parser20collect_until_end_if
FN:2157,_RNvMs0_NtCs3Y8Ciw6e7SB_16sqlrustgo_parser6parserNtB5_6Parser20parse_and_expression
FN:3692,_RNvMs0_NtCs3Y8Ciw6e7SB_16sqlrustgo_parser6parserNtB5_6Parser20parse_create_trigger
FN:2963,_RNvMs0_NtCs3Y8Ciw6e7SB_16sqlrustgo_parser6parserNtB5_6Parser21parse_create_or_index
FN:2631,_RNvMs0_NtCs3Y8Ciw6e7SB_16sqlrustgo_parser6parserNtB5_6Parser21parse_window_function
FN:4308,_RNvMs0_NtCs3Y8Ciw6e7SB_16sqlrustgo_parser6parserNtB5_6Parser22collect_until_end_loop
FN:3759,_RNvMs0_NtCs3Y8Ciw6e7SB_16sqlrustgo_parser6parserNtB5_6Parser22parse_create_procedure
FN:3350,_RNvMs0_NtCs3Y8Ciw6e7SB_16sqlrustgo_parser6parserNtB5_6Parser22parse_table_constraint
FN:4249,_RNvMs0_NtCs3Y8Ciw6e7SB_16sqlrustgo_parser6parserNtB5_6Parser23collect_until_semicolon
FN:2579,_RNvMs0_NtCs3Y8Ciw6e7SB_16sqlrustgo_parser6parserNtB5_6Parser24parse_extract_expression
FN:2409,_RNvMs0_NtCs3Y8Ciw6e7SB_16sqlrustgo_parser6parserNtB5_6Parser24parse_primary_expression
FN:2546,_RNvMs0_NtCs3Y8Ciw6e7SB_16sqlrustgo_parser6parserNtB5_6Parser26parse_case_when_expression
FN:2599,_RNvMs0_NtCs3Y8Ciw6e7SB_16sqlrustgo_parser6parserNtB5_6Parser26parse_substring_expression
FN:2339,_RNvMs0_NtCs3Y8Ciw6e7SB_16sqlrustgo_parser6parserNtB5_6Parser27parse_arithmetic_expression
FN:2170,_RNvMs0_NtCs3Y8Ciw6e7SB_16sqlrustgo_parser6parserNtB5_6Parser27parse_comparison_expression
FN:3531,_RNvMs0_NtCs3Y8Ciw6e7SB_16sqlrustgo_parser6parserNtB5_6Parser28parse_fk_referential_actions
FN:728,_RNvMs0_NtCs3Y8Ciw6e7SB_16sqlrustgo_parser6parserNtB5_6Parser3new
FN:747,_RNvMs0_NtCs3Y8Ciw6e7SB_16sqlrustgo_parser6parserNtB5_6Parser4next
FN:753,_RNvMs0_NtCs3Y8Ciw6e7SB_16sqlrustgo_parser6parserNtB5_6Parser6expect
FN:736,_RNvMs0_NtCs3Y8Ciw6e7SB_16sqlrustgo_parser6parserNtB5_6Parser7current
FN:390,_RNvMs_NtCs3Y8Ciw6e7SB_16sqlrustgo_parser6parserNtB4_9Privilege20can_view_processlist
FN:386,_RNvMs_NtCs3Y8Ciw6e7SB_16sqlrustgo_parser6parserNtB4_9Privilege8can_kill
FN:4847,_RNvNtCs3Y8Ciw6e7SB_16sqlrustgo_parser6parser5parse
FN:4559,_RNCNvMs0_NtCs3Y8Ciw6e7SB_16sqlrustgo_parser6parserNtB7_6Parser10parse_kill0B9_
FNDA:0,_RNCNvMs0_NtCsfPVfeOGg4hx_16sqlrustgo_parser6parserNtB7_6Parser10parse_kill0B9_
FNDA:0,_RNvMNtCsfPVfeOGg4hx_16sqlrustgo_parser6parserNtB2_12UserIdentity3new
FNDA:0,_RNvMs0_NtCsfPVfeOGg4hx_16sqlrustgo_parser6parserNtB5_6Parser10parse_call
FNDA:0,_RNvMs0_NtCsfPVfeOGg4hx_16sqlrustgo_parser6parserNtB5_6Parser10parse_copy
FNDA:0,_RNvMs0_NtCsfPVfeOGg4hx_16sqlrustgo_parser6parserNtB5_6Parser10parse_kill
FNDA:0,_RNvMs0_NtCsfPVfeOGg4hx_16sqlrustgo_parser6parserNtB5_6Parser10parse_show
FNDA:0,_RNvMs0_NtCsfPVfeOGg4hx_16sqlrustgo_parser6parserNtB5_6Parser10parse_with
FNDA:0,_RNvMs0_NtCsfPVfeOGg4hx_16sqlrustgo_parser6parserNtB5_6Parser11parse_alter
FNDA:0,_RNvMs0_NtCsfPVfeOGg4hx_16sqlrustgo_parser6parserNtB5_6Parser11parse_grant
FNDA:0,_RNvMs0_NtCsfPVfeOGg4hx_16sqlrustgo_parser6parserNtB5_6Parser11parse_merge
FNDA:0,_RNvMs0_NtCsfPVfeOGg4hx_16sqlrustgo_parser6parserNtB5_6Parser12parse_create
FNDA:0,_RNvMs0_NtCsfPVfeOGg4hx_16sqlrustgo_parser6parserNtB5_6Parser12parse_delete
FNDA:0,_RNvMs0_NtCsfPVfeOGg4hx_16sqlrustgo_parser6parserNtB5_6Parser12parse_insert
FNDA:0,_RNvMs0_NtCsfPVfeOGg4hx_16sqlrustgo_parser6parserNtB5_6Parser12parse_revoke
FNDA:0,_RNvMs0_NtCsfPVfeOGg4hx_16sqlrustgo_parser6parserNtB5_6Parser12parse_select
FNDA:0,_RNvMs0_NtCsfPVfeOGg4hx_16sqlrustgo_parser6parserNtB5_6Parser12parse_update
FNDA:0,_RNvMs0_NtCsfPVfeOGg4hx_16sqlrustgo_parser6parserNtB5_6Parser13parse_analyze
FNDA:0,_RNvMs0_NtCsfPVfeOGg4hx_16sqlrustgo_parser6parserNtB5_6Parser13parse_execute
FNDA:0,_RNvMs0_NtCsfPVfeOGg4hx_16sqlrustgo_parser6parserNtB5_6Parser13parse_explain
FNDA:0,_RNvMs0_NtCsfPVfeOGg4hx_16sqlrustgo_parser6parserNtB5_6Parser13parse_prepare
FNDA:0,_RNvMs0_NtCsfPVfeOGg4hx_16sqlrustgo_parser6parserNtB5_6Parser14parse_truncate
FNDA:0,_RNvMs0_NtCsfPVfeOGg4hx_16sqlrustgo_parser6parserNtB5_6Parser15parse_delimiter
FNDA:0,_RNvMs0_NtCsfPVfeOGg4hx_16sqlrustgo_parser6parserNtB5_6Parser15parse_drop_user
FNDA:0,_RNvMs0_NtCsfPVfeOGg4hx_16sqlrustgo_parser6parserNtB5_6Parser15parse_fk_action
FNDA:0,_RNvMs0_NtCsfPVfeOGg4hx_16sqlrustgo_parser6parserNtB5_6Parser15parse_statement
FNDA:0,_RNvMs0_NtCsfPVfeOGg4hx_16sqlrustgo_parser6parserNtB5_6Parser16parse_deallocate
FNDA:0,_RNvMs0_NtCsfPVfeOGg4hx_16sqlrustgo_parser6parserNtB5_6Parser16parse_drop_table
FNDA:0,_RNvMs0_NtCsfPVfeOGg4hx_16sqlrustgo_parser6parserNtB5_6Parser16parse_expression
FNDA:0,_RNvMs0_NtCsfPVfeOGg4hx_16sqlrustgo_parser6parserNtB5_6Parser17parse_create_user
FNDA:0,_RNvMs0_NtCsfPVfeOGg4hx_16sqlrustgo_parser6parserNtB5_6Parser17parse_create_view
FNDA:0,_RNvMs0_NtCsfPVfeOGg4hx_16sqlrustgo_parser6parserNtB5_6Parser17parse_frame_bound
FNDA:0,_RNvMs0_NtCsfPVfeOGg4hx_16sqlrustgo_parser6parserNtB5_6Parser17parse_transaction
FNDA:0,_RNvMs0_NtCsfPVfeOGg4hx_16sqlrustgo_parser6parserNtB5_6Parser18parse_create_index
FNDA:0,_RNvMs0_NtCsfPVfeOGg4hx_16sqlrustgo_parser6parserNtB5_6Parser18parse_create_table
[...]
DA:5216,1
DA:5217,1
DA:5220,1
DA:5221,1
DA:5222,1
DA:5223,1
DA:5224,1
DA:5225,1
DA:5227,0
DA:5229,1
DA:5232,1
DA:5233,1
DA:5234,1
DA:5235,1
DA:5238,1
DA:5239,1
DA:5240,1
DA:5241,1
DA:5242,1
DA:5243,1
DA:5244,1
DA:5245,1
DA:5246,1
DA:5248,0
DA:5251,0
DA:5253,1
DA:5256,1
DA:5257,1
DA:5258,1
DA:5259,1
DA:5260,1
DA:5261,1
DA:5263,0
DA:5265,1
DA:5268,1
DA:5269,1
DA:5270,1
DA:5271,1
DA:5272,1
DA:5273,1
DA:5274,1
DA:5275,1
DA:5277,0
DA:5279,1
DA:5282,1
DA:5283,1
DA:5284,1
DA:5285,1
DA:5286,1
DA:5287,1
DA:5288,1
DA:5289,1
DA:5291,0
DA:5293,1
DA:5296,1
DA:5297,1
DA:5298,1
DA:5299,1
DA:5300,1
DA:5301,1
DA:5302,1
DA:5303,1
DA:5305,0
DA:5307,1
DA:5310,1
DA:5311,1
DA:5312,1
DA:5313,1
DA:5314,1
DA:5315,1
DA:5316,1
DA:5317,1
DA:5319,0
DA:5321,1
DA:5324,1
DA:5325,1
DA:5326,1
DA:5327,1
DA:5328,1
DA:5329,1
DA:5330,1
DA:5331,1
DA:5333,0
DA:5335,1
DA:5338,1
DA:5339,1
DA:5340,1
DA:5341,1
DA:5342,1
DA:5343,1
DA:5344,1
DA:5345,1
DA:5347,0
DA:5349,1
DA:5352,1
DA:5353,1
DA:5354,1
DA:5355,1
DA:5356,1
DA:5357,1
DA:5358,1
DA:5359,1
DA:5361,0
DA:5363,1
DA:5366,1
DA:5367,1
DA:5368,1
DA:5369,1
DA:5370,1
DA:5371,1
DA:5372,1
DA:5373,1
DA:5375,0
DA:5377,1
DA:5380,1
DA:5381,1
DA:5382,1
DA:5383,1
DA:5384,1
DA:5385,1
DA:5386,1
DA:5387,1
DA:5389,0
DA:5391,1
DA:5394,1
DA:5395,1
DA:5396,1
DA:5397,1
DA:5400,1
DA:5401,1
DA:5402,1
DA:5403,1
DA:5406,1
DA:5407,1
DA:5408,1
DA:5409,1
DA:5412,1
DA:5413,1
DA:5414,1
DA:5415,1
DA:5416,1
DA:5417,1
DA:5418,1
DA:5419,1
DA:5421,0
DA:5423,1
DA:5426,1
DA:5427,1
DA:5428,1
DA:5429,1
DA:5430,1
DA:5431,1
DA:5432,1
DA:5433,1
DA:5435,0
DA:5437,1
DA:5440,1
DA:5441,1
DA:5442,1
DA:5443,1
DA:5444,1
DA:5445,1
DA:5446,1
DA:5447,1
DA:5449,0
DA:5451,1
DA:5454,1
DA:5455,1
DA:5456,1
DA:5457,1
DA:5458,1
DA:5459,1
DA:5460,1
DA:5461,1
DA:5463,0
DA:5465,1
DA:5468,1
DA:5469,1
DA:5470,1
DA:5471,1
DA:5472,1
DA:5473,1
DA:5474,1
DA:5475,1
DA:5477,0
DA:5479,1
DA:5482,1
DA:5483,1
DA:5484,1
DA:5485,1
DA:5486,1
DA:5487,1
DA:5488,1
DA:5489,1
DA:5491,0
DA:5493,1
DA:5496,1
DA:5497,1
DA:5498,1
DA:5499,1
DA:5500,1
DA:5501,1
DA:5502,1
DA:5503,1
DA:5505,0
DA:5507,1
DA:5510,1
DA:5511,1
DA:5512,1
DA:5513,1
DA:5514,1
DA:5515,1
DA:5516,1
DA:5517,1
DA:5519,0
DA:5521,1
DA:5524,1
DA:5525,1
DA:5526,1
DA:5527,1
DA:5528,1
DA:5529,1
DA:5530,1
DA:5531,1
DA:5533,0
DA:5535,1
DA:5538,1
DA:5539,1
DA:5540,1
DA:5541,1
DA:5544,1
DA:5545,1
DA:5546,1
DA:5547,1
DA:5550,1
DA:5551,1
DA:5552,1
DA:5553,1
DA:5556,1
DA:5557,1
DA:5558,1
DA:5559,1
DA:5560,1
DA:5563,1
DA:5564,1
DA:5565,1
DA:5566,1
DA:5567,1
DA:5568,1
DA:5569,1
DA:5570,1
DA:5571,1
DA:5572,1
DA:5573,1
DA:5576,1
DA:5577,1
DA:5578,1
DA:5579,1
DA:5580,1
DA:5581,1
DA:5582,1
DA:5583,1
DA:5584,1
DA:5585,1
DA:5586,1
DA:5589,1
DA:5590,1
DA:5591,1
DA:5592,1
DA:5593,1
DA:5594,1
DA:5595,1
DA:5596,1
DA:5597,1
DA:5598,1
DA:5599,1
DA:5600,1
DA:5603,1
DA:5604,1
DA:5605,1
DA:5606,1
DA:5607,1
DA:5608,1
DA:5609,1
DA:5610,1
DA:5611,1
DA:5612,1
DA:5613,1
DA:5614,1
DA:5617,1
DA:5618,1
DA:5620,1
DA:5621,1
DA:5623,3
DA:5624,3
DA:5625,3
DA:5627,1
DA:5630,1
DA:5631,1
DA:5633,1
DA:5634,1
DA:5636,3
DA:5637,3
DA:5638,3
DA:5640,1
DA:5643,1
DA:5644,1
DA:5645,1
DA:5646,1
DA:5647,1
DA:5648,1
DA:5649,1
DA:5650,1
DA:5651,1
DA:5653,0
DA:5655,1
DA:5658,1
DA:5659,1
DA:5660,1
DA:5661,1
DA:5662,1
DA:5663,1
DA:5664,1
DA:5665,1
DA:5666,1
DA:5667,1
DA:5668,1
DA:5670,0
DA:5672,1
DA:5675,1
DA:5676,1
DA:5677,1
DA:5678,1
DA:5679,1
DA:5680,1
DA:5681,1
DA:5682,1
DA:5684,0
DA:5686,1
DA:5689,1
DA:5690,1
DA:5691,1
DA:5692,1
DA:5693,1
DA:5694,1
DA:5695,1
DA:5696,1
DA:5698,0
DA:5700,1
DA:5703,1
DA:5704,1
DA:5705,1
DA:5706,1
DA:5707,1
DA:5708,1
DA:5709,1
DA:5710,1
DA:5711,1
DA:5712,1
DA:5714,0
DA:5716,1
DA:5719,1
DA:5720,1
DA:5721,1
DA:5723,1
DA:5724,1
DA:5725,1
DA:5726,1
DA:5727,1
DA:5728,1
DA:5729,1
DA:5730,1
DA:5732,0
DA:5734,1
DA:5737,1
DA:5738,1
DA:5739,1
DA:5740,1
DA:5741,1
DA:5742,1
DA:5743,1
DA:5744,1
DA:5746,0
DA:5748,1
DA:5751,1
DA:5752,1
DA:5753,1
DA:5754,1
DA:5755,1
DA:5756,1
DA:5758,0
DA:5760,1
DA:5763,1
DA:5764,1
DA:5765,1
DA:5766,1
DA:5767,1
DA:5768,1
DA:5769,1
DA:5771,0
DA:5773,1
DA:5776,1
DA:5777,1
DA:5778,1
DA:5779,1
DA:5780,1
DA:5781,1
DA:5782,1
DA:5783,1
DA:5785,0
DA:5787,1
DA:5790,1
DA:5791,1
DA:5792,1
DA:5793,1
DA:5794,1
DA:5795,1
DA:5796,1
DA:5797,1
DA:5799,0
DA:5801,1
DA:5804,1
DA:5805,1
DA:5806,1
DA:5807,1
DA:5808,1
DA:5809,1
DA:5810,1
DA:5811,1
DA:5812,1
DA:5813,1
DA:5814,1
DA:5816,0
DA:5818,1
DA:5821,1
DA:5822,1
DA:5823,1
DA:5824,1
DA:5825,1
DA:5826,1
DA:5827,1
DA:5828,1
DA:5830,0
DA:5832,1
DA:5835,1
DA:5836,1
DA:5837,1
DA:5838,1
DA:5839,1
DA:5840,1
DA:5841,1
DA:5842,1
DA:5843,1
DA:5844,1
DA:5845,1
DA:5847,0
DA:5849,1
DA:5852,1
DA:5853,1
DA:5854,1
DA:5855,1
DA:5856,1
DA:5857,1
DA:5858,1
DA:5860,0
DA:5862,1
DA:5865,1
DA:5866,1
DA:5867,1
DA:5868,1
DA:5869,1
DA:5870,1
DA:5871,1
DA:5872,1
DA:5874,0
DA:5876,1
DA:5879,1
DA:5880,1
DA:5881,1
DA:5882,1
DA:5883,1
DA:5884,1
DA:5885,1
DA:5886,1
DA:5887,1
DA:5888,1
DA:5889,1
DA:5890,1
DA:5891,1
DA:5892,1
DA:5893,1
DA:5894,1
DA:5895,1
DA:5896,1
DA:5897,1
DA:5900,1
DA:5901,1
DA:5902,1
DA:5903,1
DA:5904,1
DA:5905,1
DA:5906,1
DA:5907,1
DA:5908,1
DA:5909,1
DA:5910,1
DA:5911,1
DA:5912,1
DA:5913,1
DA:5916,1
DA:5917,1
DA:5918,1
DA:5919,1
DA:5920,1
DA:5921,1
DA:5922,1
DA:5923,1
DA:5924,1
DA:5925,1
DA:5926,1
DA:5927,1
DA:5928,1
DA:5929,1
DA:5930,1
DA:5931,1
DA:5934,1
DA:5935,1
DA:5936,1
DA:5937,1
DA:5938,1
DA:5939,1
DA:5940,1
DA:5941,1
DA:5942,1
DA:5943,1
DA:5944,1
DA:5947,1
DA:5948,1
DA:5949,1
DA:5950,1
DA:5951,1
DA:5954,1
DA:5955,1
DA:5956,1
DA:5957,1
DA:5958,1
DA:5959,1
DA:5960,1
DA:5961,1
DA:5962,1
DA:5965,1
DA:5966,1
DA:5967,1
DA:5968,1
DA:5969,1
DA:5970,1
DA:5971,1
DA:5972,1
DA:5973,1
DA:5976,1
DA:5977,1
DA:5978,1
DA:5979,1
DA:5982,1
DA:5983,1
DA:5984,1
DA:5985,1
DA:5988,1
DA:5989,1
DA:5990,1
DA:5991,1
DA:5994,1
DA:5995,1
DA:5996,1
DA:5997,1
DA:6000,1
DA:6001,1
DA:6002,1
DA:6003,1
DA:6006,1
DA:6007,1
DA:6008,1
DA:6009,1
DA:6010,1
DA:6011,1
DA:6012,1
DA:6013,1
DA:6015,0
DA:6017,1
DA:6020,1
DA:6022,1
DA:6023,1
DA:6025,1
DA:6026,1
DA:6027,1
DA:6028,1
DA:6030,1
DA:6031,1
DA:6033,1
DA:6034,1
DA:6035,1
DA:6036,1
DA:6037,1
DA:6039,1
DA:6040,1
DA:6041,1
DA:6042,1
DA:6043,1
DA:6045,0
DA:6047,1
DA:6050,1
DA:6051,1
DA:6052,1
DA:6053,1
DA:6056,1
DA:6057,1
DA:6058,1
DA:6059,1
DA:6060,1
DA:6061,0
DA:6063,1
DA:6066,1
DA:6067,1
DA:6068,1
DA:6069,1
DA:6070,1
DA:6071,0
DA:6073,1
DA:6080,1
DA:6081,1
DA:6082,1
DA:6083,1
DA:6084,1
DA:6085,1
DA:6086,1
DA:6088,0
DA:6090,1
DA:6093,1
DA:6094,1
DA:6095,1
DA:6096,1
DA:6097,1
DA:6098,1
DA:6099,1
DA:6101,0
DA:6103,1
DA:6106,1
DA:6107,1
DA:6108,1
DA:6109,1
DA:6110,1
DA:6111,1
DA:6112,1
DA:6114,0
DA:6116,1
DA:6123,1
DA:6124,1
DA:6125,1
DA:6126,1
DA:6127,1
DA:6128,1
DA:6129,1
DA:6130,1
DA:6131,1
DA:6133,0
DA:6135,1
DA:6138,1
DA:6139,1
DA:6140,1
DA:6141,1
DA:6142,1
DA:6143,1
DA:6144,1
DA:6145,1
DA:6146,1
DA:6148,0
DA:6150,1
DA:6153,1
DA:6155,1
DA:6156,1
DA:6157,1
DA:6158,1
DA:6159,1
DA:6160,1
DA:6161,1
DA:6162,1
DA:6164,0
DA:6166,1
DA:6169,1
DA:6170,1
DA:6171,1
DA:6172,1
DA:6173,1
DA:6174,1
DA:6175,1
DA:6176,1
DA:6177,1
DA:6179,0
DA:6181,1
DA:6184,1
DA:6185,1
DA:6186,1
DA:6187,1
DA:6190,1
DA:6191,1
DA:6192,1
DA:6193,1
DA:6196,1
DA:6197,1
DA:6198,1
DA:6199,1
DA:6207,1
DA:6208,1
DA:6209,1
DA:6210,1
DA:6211,1
DA:6212,1
DA:6213,1
DA:6214,1
DA:6216,0
DA:6218,1
DA:6221,1
DA:6222,1
DA:6223,1
DA:6224,1
DA:6225,1
DA:6226,1
DA:6227,1
DA:6228,1
DA:6230,0
DA:6232,1
DA:6235,1
DA:6236,1
DA:6237,1
DA:6238,1
DA:6239,1
DA:6240,1
DA:6241,1
DA:6243,0
DA:6245,1
DA:6248,1
DA:6249,1
DA:6250,1
DA:6251,1
DA:6252,1
DA:6253,1
DA:6254,1
DA:6255,1
DA:6257,0
DA:6259,1
DA:6262,1
DA:6263,1
DA:6264,1
DA:6265,1
DA:6266,1
DA:6267,1
DA:6269,0
DA:6271,1
DA:6274,1
DA:6275,1
DA:6276,1
DA:6277,1
DA:6278,1
DA:6279,1
DA:6281,0
DA:6283,1
DA:6286,1
DA:6287,1
DA:6288,1
DA:6289,1
DA:6290,1
DA:6291,1
DA:6292,1
DA:6293,1
DA:6295,0
DA:6297,1
DA:6300,1
DA:6301,1
DA:6302,1
DA:6303,1
DA:6304,1
DA:6305,1
DA:6306,1
DA:6307,1
DA:6309,0
DA:6311,1
DA:6314,1
DA:6315,1
DA:6316,1
DA:6317,1
DA:6318,1
DA:6319,1
DA:6320,1
DA:6322,0
DA:6324,1
DA:6327,1
DA:6328,1
DA:6329,1
DA:6330,1
DA:6331,1
DA:6332,1
DA:6334,0
DA:6336,1
DA:6339,1
DA:6340,1
DA:6341,1
DA:6342,1
DA:6343,1
DA:6344,1
DA:6346,0
DA:6348,1
DA:6351,1
DA:6352,1
DA:6353,1
DA:6354,1
DA:6355,1
DA:6356,1
DA:6358,0
DA:6360,1
DA:6363,1
DA:6364,1
DA:6365,1
DA:6366,1
DA:6367,1
DA:6368,0
DA:6370,1
DA:6373,1
DA:6374,1
DA:6375,1
DA:6376,1
DA:6377,1
DA:6378,0
DA:6380,1
DA:6383,1
DA:6384,1
DA:6385,1
DA:6386,1
DA:6387,1
DA:6388,1
DA:6390,0
DA:6392,1
DA:6395,1
DA:6396,1
DA:6397,1
DA:6398,1
DA:6399,1
DA:6400,1
DA:6402,0
DA:6404,1
DA:6407,1
DA:6408,1
DA:6409,1
DA:6410,1
DA:6411,1
DA:6412,1
DA:6414,0
DA:6416,1
DA:6419,1
DA:6420,1
DA:6421,1
DA:6422,1
DA:6423,1
DA:6424,1
DA:6426,0
DA:6428,1
DA:6431,1
DA:6432,1
DA:6433,1
DA:6434,1
DA:6435,1
DA:6436,1
DA:6437,1
DA:6439,0
DA:6441,1
DA:6444,1
DA:6445,1
DA:6446,1
DA:6447,1
DA:6448,1
DA:6449,1
DA:6450,1
DA:6452,0
DA:6454,1
DA:6457,1
DA:6458,1
DA:6459,1
DA:6460,1
DA:6461,1
DA:6462,1
DA:6463,1
DA:6465,0
DA:6467,1
DA:6470,1
DA:6471,1
DA:6472,1
DA:6473,1
DA:6474,1
DA:6475,1
DA:6476,1
DA:6477,1
DA:6479,0
DA:6481,1
DA:6484,1
DA:6485,1
DA:6486,1
DA:6487,1
DA:6488,1
DA:6489,1
DA:6491,0
DA:6493,1
DA:6496,1
DA:6497,1
DA:6498,1
DA:6499,1
DA:6500,1
DA:6501,1
DA:6503,0
DA:6505,1
DA:6510,1
DA:6511,1
DA:6512,1
DA:6513,1
DA:6514,1
DA:6515,1
DA:6516,1
DA:6517,1
DA:6518,1
DA:6519,1
DA:6520,1
DA:6522,0
DA:6525,0
DA:6527,1
DA:6530,1
DA:6531,1
DA:6532,1
DA:6533,1
DA:6534,1
DA:6535,1
DA:6536,1
DA:6537,1
DA:6538,1
DA:6539,1
DA:6541,0
DA:6544,0
DA:6546,1
DA:6549,1
DA:6550,1
DA:6551,1
DA:6552,1
DA:6553,1
DA:6554,1
DA:6555,1
DA:6556,1
DA:6557,1
DA:6558,1
DA:6560,0
DA:6563,0
DA:6565,1
DA:6568,1
DA:6569,1
DA:6570,1
DA:6571,1
DA:6572,1
DA:6573,1
DA:6574,1
DA:6575,1
DA:6576,1
DA:6577,1
DA:6578,1
DA:6580,0
DA:6583,0
DA:6585,1
DA:6588,1
DA:6589,1
DA:6590,1
DA:6591,1
DA:6592,1
DA:6593,1
DA:6594,1
DA:6595,1
DA:6597,0
DA:6599,0
DA:6601,1
DA:6604,1
DA:6605,1
DA:6606,1
DA:6607,1
DA:6608,1
DA:6609,1
DA:6610,1
DA:6611,1
DA:6613,0
DA:6615,0
DA:6617,1
DA:6620,1
DA:6621,1
DA:6622,1
DA:6623,1
DA:6624,1
DA:6625,1
DA:6626,1
DA:6627,1
DA:6628,1
DA:6629,1
DA:6633,1
DA:6634,1
DA:6635,1
DA:6640,1
DA:6641,1
DA:6642,1
DA:6644,0
DA:6647,0
DA:6649,1
DA:6652,1
DA:6653,1
DA:6654,1
DA:6655,1
DA:6656,1
DA:6657,1
DA:6658,1
DA:6659,1
DA:6663,1
DA:6664,1
DA:6669,1
DA:6670,1
DA:6672,0
DA:6675,0
DA:6677,1
DA:6680,1
DA:6681,1
DA:6682,1
DA:6683,1
DA:6684,1
DA:6685,1
DA:6686,1
DA:6687,1
DA:6691,1
DA:6692,1
DA:6697,1
DA:6698,1
DA:6700,0
DA:6703,0
DA:6705,1
DA:6708,1
DA:6709,1
DA:6710,1
DA:6711,1
DA:6712,1
DA:6713,1
DA:6714,1
DA:6715,1
DA:6717,1
DA:6720,1
DA:6721,1
DA:6725,1
DA:6726,1
DA:6727,1
DA:6729,0
DA:6732,0
DA:6734,1
DA:6737,1
DA:6738,1
DA:6739,1
DA:6740,1
DA:6741,1
DA:6742,1
DA:6743,1
DA:6744,1
DA:6748,1
DA:6749,1
DA:6754,1
DA:6755,1
DA:6759,1
DA:6760,1
DA:6765,0
DA:6768,0
DA:6770,1
DA:6773,1
DA:6774,1
DA:6775,1
DA:6776,1
DA:6777,1
DA:6778,1
DA:6779,1
DA:6780,1
DA:6782,1
DA:6785,1
DA:6787,0
DA:6790,0
DA:6792,1
DA:6795,1
DA:6796,1
DA:6797,1
DA:6798,1
DA:6799,1
DA:6800,1
DA:6801,1
DA:6802,1
DA:6804,1
DA:6807,1
DA:6809,0
DA:6812,0
DA:6814,1
DA:6817,1
DA:6818,1
DA:6819,1
DA:6820,1
DA:6821,1
DA:6822,1
DA:6823,1
DA:6824,1
DA:6826,1
DA:6829,1
DA:6831,0
DA:6833,1
DA:6837,1
DA:6838,1
DA:6843,1
DA:6844,1
DA:6846,0
DA:6849,0
DA:6851,1
BRF:0
BRH:0
LF:4136
LH:2876
end_of_record
SF:/home/openclaw/dev/yinglichina8848/sqlrustgo/crates/parser/src/token.rs
FN:459,_RNvNtCsfPVfeOGg4hx_16sqlrustgo_parser5token10is_keyword
FN:540,_RNvNtCsfPVfeOGg4hx_16sqlrustgo_parser5token12from_keyword
FN:242,_RNvXNtCsfPVfeOGg4hx_16sqlrustgo_parser5tokenNtB2_5TokenNtNtCs8nPosuWgJFh_4core3fmt7Display3fmt
FN:742,_RNvNtNtCsa812O6vgh8t_16sqlrustgo_parser5token5testss_15test_is_keyword
FN:735,_RNvNtNtCsa812O6vgh8t_16sqlrustgo_parser5token5testss_16test_token_clone
FN:833,_RNvNtNtCsa812O6vgh8t_16sqlrustgo_parser5token5testss_16test_token_debug
FN:642,_RNvNtNtCsa812O6vgh8t_16sqlrustgo_parser5token5testss_18test_token_display
FN:751,_RNvNtNtCsa812O6vgh8t_16sqlrustgo_parser5token5testss_23test_is_keyword_various
FN:775,_RNvNtNtCsa812O6vgh8t_16sqlrustgo_parser5token5testss_23test_token_from_keyword
FN:784,_RNvNtNtCsa812O6vgh8t_16sqlrustgo_parser5token5testss_25test_from_keyword_various
FN:675,_RNvNtNtCsa812O6vgh8t_16sqlrustgo_parser5token5testss_25test_token_display_syntax
FN:729,_RNvNtNtCsa812O6vgh8t_16sqlrustgo_parser5token5testss_26test_token_boolean_literal
FN:688,_RNvNtNtCsa812O6vgh8t_16sqlrustgo_parser5token5testss_27test_token_display_keywords
FN:657,_RNvNtNtCsa812O6vgh8t_16sqlrustgo_parser5token5testss_28test_token_display_operators
FN:705,_RNvNtNtCsa812O6vgh8t_16sqlrustgo_parser5token5testss_29test_token_display_data_types
FN:713,_RNvNtNtCsa812O6vgh8t_16sqlrustgo_parser5token5testss_30test_token_display_transaction
FN:722,_RNvNtNtCsa812O6vgh8t_16sqlrustgo_parser5token5testss_33test_token_display_other_keywords
FN:459,_RNvNtCsa812O6vgh8t_16sqlrustgo_parser5token10is_keyword
FN:540,_RNvNtCsa812O6vgh8t_16sqlrustgo_parser5token12from_keyword
FN:242,_RNvXNtCsa812O6vgh8t_16sqlrustgo_parser5tokenNtB2_5TokenNtNtCs8nPosuWgJFh_4core3fmt7Display3fmt
FN:459,_RNvNtCs3Y8Ciw6e7SB_16sqlrustgo_parser5token10is_keyword
FN:540,_RNvNtCs3Y8Ciw6e7SB_16sqlrustgo_parser5token12from_keyword
FN:242,_RNvXNtCs3Y8Ciw6e7SB_16sqlrustgo_parser5tokenNtB2_5TokenNtNtCs8nPosuWgJFh_4core3fmt7Display3fmt
FNDA:0,_RNvNtCsfPVfeOGg4hx_16sqlrustgo_parser5token10is_keyword
FNDA:0,_RNvNtCsfPVfeOGg4hx_16sqlrustgo_parser5token12from_keyword
FNDA:0,_RNvXNtCsfPVfeOGg4hx_16sqlrustgo_parser5tokenNtB2_5TokenNtNtCs8nPosuWgJFh_4core3fmt7Display3fmt
FNDA:1,_RNvNtNtCsa812O6vgh8t_16sqlrustgo_parser5token5testss_15test_is_keyword
FNDA:1,_RNvNtNtCsa812O6vgh8t_16sqlrustgo_parser5token5testss_16test_token_clone
FNDA:1,_RNvNtNtCsa812O6vgh8t_16sqlrustgo_parser5token5testss_16test_token_debug
FNDA:1,_RNvNtNtCsa812O6vgh8t_16sqlrustgo_parser5token5testss_18test_token_display
FNDA:1,_RNvNtNtCsa812O6vgh8t_16sqlrustgo_parser5token5testss_23test_is_keyword_various
FNDA:1,_RNvNtNtCsa812O6vgh8t_16sqlrustgo_parser5token5testss_23test_token_from_keyword
FNDA:1,_RNvNtNtCsa812O6vgh8t_16sqlrustgo_parser5token5testss_25test_from_keyword_various
FNDA:1,_RNvNtNtCsa812O6vgh8t_16sqlrustgo_parser5token5testss_25test_token_display_syntax
FNDA:1,_RNvNtNtCsa812O6vgh8t_16sqlrustgo_parser5token5testss_26test_token_boolean_literal
FNDA:1,_RNvNtNtCsa812O6vgh8t_16sqlrustgo_parser5token5testss_27test_token_display_keywords
FNDA:1,_RNvNtNtCsa812O6vgh8t_16sqlrustgo_parser5token5testss_28test_token_display_operators
FNDA:1,_RNvNtNtCsa812O6vgh8t_16sqlrustgo_parser5token5testss_29test_token_display_data_types
FNDA:1,_RNvNtNtCsa812O6vgh8t_16sqlrustgo_parser5token5testss_30test_token_display_transaction
FNDA:1,_RNvNtNtCsa812O6vgh8t_16sqlrustgo_parser5token5testss_33test_token_display_other_keywords
FNDA:18,_RNvNtCsa812O6vgh8t_16sqlrustgo_parser5token10is_keyword
FNDA:35,_RNvNtCsa812O6vgh8t_16sqlrustgo_parser5token12from_keyword
FNDA:147,_RNvXNtCsa812O6vgh8t_16sqlrustgo_parser5tokenNtB2_5TokenNtNtCs8nPosuWgJFh_4core3fmt7Display3fmt
FNDA:0,_RNvNtCs3Y8Ciw6e7SB_16sqlrustgo_parser5token10is_keyword
FNDA:0,_RNvNtCs3Y8Ciw6e7SB_16sqlrustgo_parser5token12from_keyword
FNDA:0,_RNvXNtCs3Y8Ciw6e7SB_16sqlrustgo_parser5tokenNtB2_5TokenNtNtCs8nPosuWgJFh_4core3fmt7Display3fmt
FNF:17
FNH:17
DA:242,147
DA:243,147
DA:244,17
DA:245,1
DA:246,13
DA:247,4
DA:248,0
DA:249,0
DA:251,0
DA:252,0
DA:253,0
DA:254,11
DA:255,6
DA:256,3
DA:257,1
DA:258,1
DA:259,1
DA:260,1
DA:261,2
DA:262,1
DA:263,1
DA:264,1
DA:265,1
DA:266,1
DA:267,0
DA:268,0
DA:269,1
DA:270,1
DA:271,0
DA:272,1
DA:273,1
DA:274,0
DA:275,0
DA:276,0
DA:277,0
DA:278,0
DA:279,1
DA:280,1
DA:281,1
DA:282,0
DA:283,0
DA:284,1
DA:285,1
DA:286,0
DA:287,0
DA:288,0
DA:289,0
DA:290,0
DA:291,0
DA:292,1
DA:293,0
DA:294,0
DA:296,0
DA:297,0
DA:298,0
DA:299,0
DA:300,0
DA:301,0
DA:302,0
DA:303,0
DA:304,1
DA:305,0
DA:306,2
DA:307,1
DA:308,0
DA:309,0
DA:310,2
DA:311,0
DA:312,0
DA:313,0
DA:314,0
DA:315,0
DA:316,1
DA:317,0
DA:318,0
DA:319,0
DA:320,0
DA:321,0
DA:322,0
DA:324,0
DA:325,0
DA:326,0
DA:327,0
DA:328,0
DA:329,0
DA:330,0
DA:331,0
DA:332,0
DA:333,0
DA:334,0
DA:336,0
DA:337,0
DA:338,0
DA:339,0
DA:340,0
DA:341,0
DA:342,0
DA:343,0
DA:344,0
DA:345,0
DA:346,0
DA:347,0
DA:348,0
DA:349,0
DA:350,0
DA:351,0
DA:352,0
DA:353,0
DA:354,0
DA:355,0
DA:356,0
DA:357,0
DA:358,0
DA:359,0
DA:360,0
DA:361,0
DA:362,10
DA:363,0
DA:364,0
DA:365,0
DA:366,0
DA:367,0
DA:368,0
DA:369,2
DA:370,1
DA:371,1
DA:372,0
DA:373,0
DA:374,1
DA:375,1
DA:376,0
DA:377,0
DA:378,0
DA:379,0
DA:380,0
DA:381,0
DA:382,0
DA:383,0
DA:384,0
DA:386,0
DA:387,0
DA:388,0
DA:389,0
DA:390,0
DA:391,0
DA:392,0
DA:393,0
DA:394,0
DA:395,0
DA:396,0
DA:397,0
DA:398,0
DA:399,0
DA:400,0
DA:401,0
DA:402,0
DA:404,5
DA:405,1
DA:406,3
DA:407,1
DA:408,1
DA:409,1
DA:410,1
DA:411,1
DA:412,1
DA:413,1
DA:414,1
DA:415,1
DA:416,1
DA:417,1
DA:419,0
DA:420,0
DA:422,0
DA:423,0
DA:424,0
DA:426,1
DA:427,1
DA:428,3
DA:429,1
DA:430,10
DA:431,1
DA:432,0
DA:433,1
DA:434,0
DA:435,4
DA:436,6
DA:438,0
DA:439,0
DA:440,0
DA:442,0
DA:443,0
DA:444,0
DA:446,0
DA:447,0
DA:448,0
DA:450,0
DA:451,0
DA:452,0
DA:453,0
DA:455,147
DA:459,18
DA:460,14
DA:461,18
DA:462,18
DA:463,16
DA:464,16
DA:465,16
DA:466,16
DA:467,16
DA:468,16
DA:469,16
DA:470,16
DA:471,16
DA:472,16
DA:473,16
DA:474,16
DA:475,16
DA:476,16
DA:477,16
DA:478,16
DA:479,16
DA:480,16
DA:481,16
DA:482,16
DA:483,16
DA:484,16
DA:485,16
DA:486,16
DA:487,16
DA:488,15
DA:489,14
DA:490,13
DA:491,12
DA:492,11
DA:493,10
DA:494,10
DA:495,10
DA:496,10
DA:497,10
DA:498,10
DA:499,8
DA:500,7
DA:501,6
DA:502,5
DA:503,4
DA:504,4
DA:505,4
DA:506,4
DA:507,4
DA:508,4
DA:509,4
DA:510,4
DA:511,4
DA:512,4
DA:513,4
DA:514,4
DA:515,4
DA:516,4
DA:517,4
DA:518,4
DA:519,4
DA:520,4
DA:521,4
DA:522,4
DA:523,4
DA:524,4
DA:525,4
DA:526,4
DA:527,4
DA:528,4
DA:529,4
DA:530,4
DA:531,4
DA:532,4
DA:533,4
DA:534,4
DA:535,4
DA:537,18
DA:540,35
DA:541,35
DA:542,35
DA:543,32
DA:544,30
DA:545,29
DA:546,28
DA:547,28
DA:548,28
DA:549,27
DA:550,26
DA:551,25
DA:552,24
DA:553,23
DA:554,22
DA:555,21
DA:556,20
DA:557,20
DA:558,20
DA:559,20
DA:560,20
DA:561,20
DA:562,20
DA:563,20
DA:564,20
DA:565,20
DA:566,19
DA:567,18
DA:568,17
DA:569,17
DA:570,17
DA:571,17
DA:572,17
DA:573,17
DA:574,17
DA:575,16
DA:576,15
DA:577,14
DA:578,13
DA:579,12
DA:580,10
DA:581,8
DA:582,8
DA:583,8
DA:584,8
DA:585,8
DA:586,8
DA:587,7
DA:588,6
DA:589,5
DA:590,4
DA:591,3
DA:592,3
DA:593,3
DA:594,3
DA:595,3
DA:596,3
DA:597,3
DA:598,3
DA:599,3
DA:600,3
DA:601,3
DA:602,3
DA:603,3
DA:604,3
DA:605,3
DA:606,3
DA:607,3
DA:608,3
DA:609,3
DA:610,3
DA:611,3
DA:612,3
DA:613,3
DA:614,3
DA:615,3
DA:616,3
DA:617,3
DA:618,3
DA:619,3
DA:620,3
DA:621,3
DA:622,3
DA:623,3
DA:624,3
DA:625,3
DA:626,3
DA:627,3
DA:628,3
DA:629,3
DA:630,3
DA:631,3
DA:632,3
DA:633,3
DA:635,35
DA:642,1
DA:643,1
DA:644,1
DA:645,1
DA:646,1
DA:649,1
DA:650,1
DA:653,1
DA:654,1
DA:657,1
DA:658,1
DA:659,1
DA:660,1
DA:661,1
DA:662,1
DA:663,1
DA:664,1
DA:665,1
DA:666,1
DA:667,1
DA:668,1
DA:669,1
DA:670,1
DA:671,1
DA:672,1
DA:675,1
DA:676,1
DA:677,1
DA:678,1
DA:679,1
DA:680,1
DA:681,1
DA:682,1
DA:683,1
DA:684,1
DA:685,1
DA:688,1
DA:689,1
DA:690,1
DA:691,1
DA:692,1
DA:693,1
DA:694,1
DA:695,1
DA:696,1
DA:697,1
DA:698,1
DA:699,1
DA:700,1
DA:701,1
DA:702,1
DA:705,1
DA:706,1
DA:707,1
DA:708,1
DA:709,1
DA:710,1
DA:713,1
DA:714,1
DA:715,1
DA:716,1
DA:717,1
DA:718,1
DA:719,1
DA:722,1
DA:723,1
DA:724,1
DA:725,1
DA:726,1
DA:729,1
DA:730,1
DA:731,1
DA:732,1
DA:735,1
DA:736,1
DA:737,1
DA:738,1
DA:739,1
DA:742,1
DA:743,1
DA:744,1
DA:745,1
DA:746,1
DA:747,1
DA:748,1
DA:751,1
DA:753,1
DA:754,1
DA:755,1
DA:756,1
DA:757,1
DA:760,1
DA:761,1
DA:764,1
DA:765,1
DA:766,1
DA:769,1
DA:770,1
DA:771,1
DA:772,1
DA:775,1
DA:776,1
DA:777,1
DA:778,1
DA:779,1
DA:780,1
DA:781,1
DA:784,1
DA:786,1
DA:787,1
DA:788,1
DA:789,1
DA:790,1
DA:793,1
DA:794,1
DA:795,1
DA:796,1
DA:797,1
DA:800,1
DA:801,1
DA:802,1
DA:805,1
DA:806,1
DA:807,1
DA:808,1
DA:809,1
DA:810,1
DA:811,1
DA:814,1
DA:817,1
DA:818,1
DA:819,1
DA:822,1
DA:823,1
DA:824,1
DA:825,1
DA:828,1
DA:829,1
DA:830,1
DA:833,1
DA:834,1
DA:835,1
DA:836,1
DA:837,1
BRF:0
BRH:0
LF:517
LH:381
end_of_record